#
# There is insufficient memory for the Java Runtime Environment to continue.
# Native memory allocation (malloc) failed to allocate 2016976 bytes for Chunk::new
# Possible reasons:
#   The system is out of physical RAM or swap space
#   The process is running with CompressedOops enabled, and the Java Heap may be blocking the growth of the native heap
# Possible solutions:
#   Reduce memory load on the system
#   Increase physical memory or swap space
#   Check if swap backing store is full
#   Decrease Java heap size (-Xmx/-Xms)
#   Decrease number of Java threads
#   Decrease Java thread stack sizes (-Xss)
#   Set larger code cache with -XX:ReservedCodeCacheSize=
#   JVM is running with Unscaled Compressed Oops mode in which the Java heap is
#     placed in the first 4GB address space. The Java Heap base address is the
#     maximum limit for the native heap growth. Please use -XX:HeapBaseMinAddress
#     to set the Java Heap base and to place the Java Heap above 4GB virtual address.
# This output file may be truncated or incomplete.
#
#  Out of Memory Error (./src/hotspot/share/memory/arena.cpp:197), pid=12256, tid=10320
#
# JRE version: OpenJDK Runtime Environment Temurin-11.0.14.1+1 (11.0.14.1+1) (build 11.0.14.1+1)
# Java VM: OpenJDK 64-Bit Server VM Temurin-11.0.14.1+1 (11.0.14.1+1, mixed mode, tiered, compressed oops, g1 gc, windows-amd64)
# No core dump will be written. Minidumps are not enabled by default on client versions of Windows
#

---------------  S U M M A R Y ------------

Command Line: --add-opens=java.base/java.util=ALL-UNNAMED --add-opens=java.base/java.lang=ALL-UNNAMED --add-opens=java.base/java.lang.invoke=ALL-UNNAMED --add-opens=java.base/java.util=ALL-UNNAMED --add-opens=java.prefs/java.util.prefs=ALL-UNNAMED --add-opens=java.prefs/java.util.prefs=ALL-UNNAMED --add-opens=java.base/java.nio.charset=ALL-UNNAMED --add-opens=java.base/java.net=ALL-UNNAMED --add-opens=java.base/java.util.concurrent.atomic=ALL-UNNAMED -Xmx2048m -Dfile.encoding=UTF-8 -Duser.country=ID -Duser.language=en -Duser.variant org.gradle.launcher.daemon.bootstrap.GradleDaemon 7.2

Host: Intel(R) Core(TM) i3-5010U CPU @ 2.10GHz, 4 cores, 9G,  Windows 10 , 64 bit Build 19041 (10.0.19041.1503)
Time: Tue Mar  8 10:49:39 2022 SE Asia Standard Time elapsed time: 9.293061 seconds (0d 0h 0m 9s)

---------------  T H R E A D  ---------------

Current thread (0x0000029df322c000):  JavaThread "C2 CompilerThread1" daemon [_thread_in_native, id=10320, stack(0x000000d0dcb00000,0x000000d0dcc00000)]


Current CompileTask:
C2:   9293 3038       4       java.net.URLClassLoader$1::run (5 bytes)

Stack: [0x000000d0dcb00000,0x000000d0dcc00000]
Native frames: (J=compiled Java code, j=interpreted, Vv=VM code, C=native code)
V  [jvm.dll+0x61e59a]
V  [jvm.dll+0x7aaca9]
V  [jvm.dll+0x7ac398]
V  [jvm.dll+0x7aca73]
V  [jvm.dll+0x24f9b8]
V  [jvm.dll+0xc260c]
V  [jvm.dll+0xc2bcc]
V  [jvm.dll+0x359a07]
V  [jvm.dll+0x325b93]
V  [jvm.dll+0x324eca]
V  [jvm.dll+0x208c05]
V  [jvm.dll+0x207ded]
V  [jvm.dll+0x18a2c1]
V  [jvm.dll+0x217734]
V  [jvm.dll+0x21597b]
V  [jvm.dll+0x76d7c0]
V  [jvm.dll+0x766724]
V  [jvm.dll+0x61d3f6]
C  [ucrtbase.dll+0x21bb2]
C  [KERNEL32.DLL+0x17034]
C  [ntdll.dll+0x52651]


---------------  P R O C E S S  ---------------

Threads class SMR info:
_java_thread_list=0x0000029df58738e0, length=31, elements={
0x0000029dd2c4d000, 0x0000029df149c800, 0x0000029df14a6800, 0x0000029df1497800,
0x0000029df1498800, 0x0000029df14ab000, 0x0000029df14b4000, 0x0000029df14b5800,
0x0000029df14b7800, 0x0000029df1f63000, 0x0000029df385e000, 0x0000029df57ac800,
0x0000029df457b000, 0x0000029df4995800, 0x0000029df3422000, 0x0000029df5835800,
0x0000029df357b800, 0x0000029df3cc0000, 0x0000029df33d0800, 0x0000029df43b8000,
0x0000029df438e000, 0x0000029df438c000, 0x0000029df438c800, 0x0000029df4390000,
0x0000029df438f000, 0x0000029df438a000, 0x0000029df4390800, 0x0000029df438b000,
0x0000029df438d800, 0x0000029df4ae5800, 0x0000029df322c000
}

Java Threads: ( => current thread )
  0x0000029dd2c4d000 JavaThread "main" [_thread_blocked, id=2584, stack(0x000000d0dae00000,0x000000d0daf00000)]
  0x0000029df149c800 JavaThread "Reference Handler" daemon [_thread_blocked, id=12504, stack(0x000000d0db500000,0x000000d0db600000)]
  0x0000029df14a6800 JavaThread "Finalizer" daemon [_thread_blocked, id=5904, stack(0x000000d0db600000,0x000000d0db700000)]
  0x0000029df1497800 JavaThread "Signal Dispatcher" daemon [_thread_blocked, id=3056, stack(0x000000d0db700000,0x000000d0db800000)]
  0x0000029df1498800 JavaThread "Attach Listener" daemon [_thread_blocked, id=8480, stack(0x000000d0db800000,0x000000d0db900000)]
  0x0000029df14ab000 JavaThread "Service Thread" daemon [_thread_blocked, id=12560, stack(0x000000d0db900000,0x000000d0dba00000)]
  0x0000029df14b4000 JavaThread "C2 CompilerThread0" daemon [_thread_in_native, id=1356, stack(0x000000d0dba00000,0x000000d0dbb00000)]
  0x0000029df14b5800 JavaThread "C1 CompilerThread0" daemon [_thread_blocked, id=13108, stack(0x000000d0dbb00000,0x000000d0dbc00000)]
  0x0000029df14b7800 JavaThread "Sweeper thread" daemon [_thread_blocked, id=8616, stack(0x000000d0dbc00000,0x000000d0dbd00000)]
  0x0000029df1f63000 JavaThread "Common-Cleaner" daemon [_thread_blocked, id=9888, stack(0x000000d0dbd00000,0x000000d0dbe00000)]
  0x0000029df385e000 JavaThread "Daemon health stats" [_thread_blocked, id=4552, stack(0x000000d0dc200000,0x000000d0dc300000)]
  0x0000029df57ac800 JavaThread "Incoming local TCP Connector on port 52618" [_thread_in_native, id=8780, stack(0x000000d0dbf00000,0x000000d0dc000000)]
  0x0000029df457b000 JavaThread "Daemon periodic checks" [_thread_blocked, id=6492, stack(0x000000d0dc300000,0x000000d0dc400000)]
  0x0000029df4995800 JavaThread "Daemon" [_thread_blocked, id=8072, stack(0x000000d0dc400000,0x000000d0dc500000)]
  0x0000029df3422000 JavaThread "Handler for socket connection from /127.0.0.1:52618 to /127.0.0.1:52619" [_thread_in_native, id=7364, stack(0x000000d0dc500000,0x000000d0dc600000)]
  0x0000029df5835800 JavaThread "Cancel handler" [_thread_blocked, id=4884, stack(0x000000d0dc600000,0x000000d0dc700000)]
  0x0000029df357b800 JavaThread "Daemon worker" [_thread_in_native, id=2968, stack(0x000000d0dc700000,0x000000d0dc800000)]
  0x0000029df3cc0000 JavaThread "Asynchronous log dispatcher for DefaultDaemonConnection: socket connection from /127.0.0.1:52618 to /127.0.0.1:52619" [_thread_blocked, id=8484, stack(0x000000d0dc800000,0x000000d0dc900000)]
  0x0000029df33d0800 JavaThread "Stdin handler" [_thread_blocked, id=3460, stack(0x000000d0dc900000,0x000000d0dca00000)]
  0x0000029df43b8000 JavaThread "Daemon client event forwarder" [_thread_blocked, id=6868, stack(0x000000d0dca00000,0x000000d0dcb00000)]
  0x0000029df438e000 JavaThread "Cache worker for journal cache (C:\Users\muham\.gradle\caches\journal-1)" [_thread_blocked, id=10784, stack(0x000000d0dcd00000,0x000000d0dce00000)]
  0x0000029df438c000 JavaThread "File lock request listener" [_thread_in_native, id=7020, stack(0x000000d0dce00000,0x000000d0dcf00000)]
  0x0000029df438c800 JavaThread "Cache worker for file hash cache (C:\Users\muham\.gradle\caches\7.2\fileHashes)" [_thread_blocked, id=13020, stack(0x000000d0dcf00000,0x000000d0dd000000)]
  0x0000029df4390000 JavaThread "Cache worker for file hash cache (D:\Data Kuliah\Semester 12\App\.gradle\7.2\fileHashes)" [_thread_blocked, id=12088, stack(0x000000d0dd000000,0x000000d0dd100000)]
  0x0000029df438f000 JavaThread "File watcher server" daemon [_thread_in_native, id=13756, stack(0x000000d0dd100000,0x000000d0dd200000)]
  0x0000029df438a000 JavaThread "File watcher consumer" daemon [_thread_blocked, id=8100, stack(0x000000d0dd200000,0x000000d0dd300000)]
  0x0000029df4390800 JavaThread "Cache worker for checksums cache (D:\Data Kuliah\Semester 12\App\.gradle\checksums)" [_thread_blocked, id=12108, stack(0x000000d0dd300000,0x000000d0dd400000)]
  0x0000029df438b000 JavaThread "Cache worker for cache directory md-supplier (C:\Users\muham\.gradle\caches\7.2\md-supplier)" [_thread_blocked, id=12556, stack(0x000000d0dd400000,0x000000d0dd500000)]
  0x0000029df438d800 JavaThread "Cache worker for cache directory md-rule (C:\Users\muham\.gradle\caches\7.2\md-rule)" [_thread_blocked, id=5320, stack(0x000000d0dd500000,0x000000d0dd600000)]
  0x0000029df4ae5800 JavaThread "Cache worker for execution history cache (C:\Users\muham\.gradle\caches\7.2\executionHistory)" [_thread_blocked, id=13348, stack(0x000000d0dd600000,0x000000d0dd700000)]
=>0x0000029df322c000 JavaThread "C2 CompilerThread1" daemon [_thread_in_native, id=10320, stack(0x000000d0dcb00000,0x000000d0dcc00000)]

Other Threads:
  0x0000029df1484000 VMThread "VM Thread" [stack: 0x000000d0db400000,0x000000d0db500000] [id=10256]
  0x0000029df1f6d000 WatcherThread [stack: 0x000000d0dbe00000,0x000000d0dbf00000] [id=3308]
  0x0000029dd2c67000 GCTaskThread "GC Thread#0" [stack: 0x000000d0daf00000,0x000000d0db000000] [id=13672]
  0x0000029df28d2000 GCTaskThread "GC Thread#1" [stack: 0x000000d0dc000000,0x000000d0dc100000] [id=10852]
  0x0000029df280d000 GCTaskThread "GC Thread#2" [stack: 0x000000d0dc100000,0x000000d0dc200000] [id=6148]
  0x0000029df4542000 GCTaskThread "GC Thread#3" [stack: 0x000000d0dcc00000,0x000000d0dcd00000] [id=8892]
  0x0000029dd2c98800 ConcurrentGCThread "G1 Main Marker" [stack: 0x000000d0db000000,0x000000d0db100000] [id=11628]
  0x0000029dd2c9a000 ConcurrentGCThread "G1 Conc#0" [stack: 0x000000d0db100000,0x000000d0db200000] [id=11656]
  0x0000029df12d6800 ConcurrentGCThread "G1 Refine#0" [stack: 0x000000d0db200000,0x000000d0db300000] [id=8148]
  0x0000029df12d7800 ConcurrentGCThread "G1 Young RemSet Sampling" [stack: 0x000000d0db300000,0x000000d0db400000] [id=13320]

Threads with active compile tasks:
C2 CompilerThread0   9612 3039   !   4       java.net.URLClassLoader$1::run (81 bytes)
C2 CompilerThread1   9612 3038       4       java.net.URLClassLoader$1::run (5 bytes)

VM state:not at safepoint (normal execution)

VM Mutex/Monitor currently owned by a thread: None

Heap address: 0x0000000080000000, size: 2048 MB, Compressed Oops mode: 32-bit
Narrow klass base: 0x0000000000000000, Narrow klass shift: 3
Compressed class space size: 1073741824 Address: 0x0000000100000000

Heap:
 garbage-first heap   total 196608K, used 46243K [0x0000000080000000, 0x0000000100000000)
  region size 1024K, 32 young (32768K), 7 survivors (7168K)
 Metaspace       used 36660K, capacity 37487K, committed 37712K, reserved 1081344K
  class space    used 4647K, capacity 4953K, committed 5024K, reserved 1048576K
Heap Regions: E=young(eden), S=young(survivor), O=old, HS=humongous(starts), HC=humongous(continues), CS=collection set, F=free, A=archive, TAMS=top-at-mark-start (previous, next)
|   0|0x0000000080000000, 0x0000000080100000, 0x0000000080100000|100%| O|  |TAMS 0x0000000080100000, 0x0000000080000000| Untracked 
|   1|0x0000000080100000, 0x0000000080200000, 0x0000000080200000|100%| O|  |TAMS 0x0000000080200000, 0x0000000080100000| Untracked 
|   2|0x0000000080200000, 0x0000000080300000, 0x0000000080300000|100%| O|  |TAMS 0x0000000080300000, 0x0000000080200000| Untracked 
|   3|0x0000000080300000, 0x0000000080400000, 0x0000000080400000|100%|HS|  |TAMS 0x0000000080400000, 0x0000000080300000| Complete 
|   4|0x0000000080400000, 0x0000000080500000, 0x0000000080500000|100%|HC|  |TAMS 0x0000000080500000, 0x0000000080400000| Complete 
|   5|0x0000000080500000, 0x0000000080600000, 0x0000000080600000|100%|HC|  |TAMS 0x0000000080600000, 0x0000000080500000| Complete 
|   6|0x0000000080600000, 0x0000000080700000, 0x0000000080700000|100%| O|  |TAMS 0x0000000080700000, 0x0000000080600000| Untracked 
|   7|0x0000000080700000, 0x0000000080800000, 0x0000000080800000|100%| O|  |TAMS 0x0000000080800000, 0x0000000080700000| Untracked 
|   8|0x0000000080800000, 0x0000000080900000, 0x0000000080900000|100%| O|  |TAMS 0x0000000080900000, 0x0000000080800000| Untracked 
|   9|0x0000000080900000, 0x0000000080a00000, 0x0000000080a00000|100%| O|  |TAMS 0x0000000080a00000, 0x0000000080900000| Untracked 
|  10|0x0000000080a00000, 0x0000000080b00000, 0x0000000080b00000|100%| O|  |TAMS 0x0000000080b00000, 0x0000000080a00000| Untracked 
|  11|0x0000000080b00000, 0x0000000080c00000, 0x0000000080c00000|100%| O|  |TAMS 0x0000000080c00000, 0x0000000080b00000| Untracked 
|  12|0x0000000080c00000, 0x0000000080d00000, 0x0000000080d00000|100%| O|  |TAMS 0x0000000080d00000, 0x0000000080c00000| Untracked 
|  13|0x0000000080d00000, 0x0000000080e00000, 0x0000000080e00000|100%| O|  |TAMS 0x0000000080e00000, 0x0000000080d00000| Untracked 
|  14|0x0000000080e00000, 0x0000000080f00000, 0x0000000080f00000|100%| O|  |TAMS 0x0000000080f00000, 0x0000000080e00000| Untracked 
|  15|0x0000000080f00000, 0x0000000080fc0800, 0x0000000081000000| 75%| O|  |TAMS 0x0000000080fc0800, 0x0000000080f00000| Untracked 
|  16|0x0000000081000000, 0x0000000081000000, 0x0000000081100000|  0%| F|  |TAMS 0x0000000081000000, 0x0000000081000000| Untracked 
|  17|0x0000000081100000, 0x0000000081100000, 0x0000000081200000|  0%| F|  |TAMS 0x0000000081100000, 0x0000000081100000| Untracked 
|  18|0x0000000081200000, 0x0000000081200000, 0x0000000081300000|  0%| F|  |TAMS 0x0000000081200000, 0x0000000081200000| Untracked 
|  19|0x0000000081300000, 0x0000000081300000, 0x0000000081400000|  0%| F|  |TAMS 0x0000000081300000, 0x0000000081300000| Untracked 
|  20|0x0000000081400000, 0x0000000081400000, 0x0000000081500000|  0%| F|  |TAMS 0x0000000081400000, 0x0000000081400000| Untracked 
|  21|0x0000000081500000, 0x0000000081500000, 0x0000000081600000|  0%| F|  |TAMS 0x0000000081500000, 0x0000000081500000| Untracked 
|  22|0x0000000081600000, 0x0000000081600000, 0x0000000081700000|  0%| F|  |TAMS 0x0000000081600000, 0x0000000081600000| Untracked 
|  23|0x0000000081700000, 0x0000000081700000, 0x0000000081800000|  0%| F|  |TAMS 0x0000000081700000, 0x0000000081700000| Untracked 
|  24|0x0000000081800000, 0x0000000081800000, 0x0000000081900000|  0%| F|  |TAMS 0x0000000081800000, 0x0000000081800000| Untracked 
|  25|0x0000000081900000, 0x0000000081900000, 0x0000000081a00000|  0%| F|  |TAMS 0x0000000081900000, 0x0000000081900000| Untracked 
|  26|0x0000000081a00000, 0x0000000081a00000, 0x0000000081b00000|  0%| F|  |TAMS 0x0000000081a00000, 0x0000000081a00000| Untracked 
|  27|0x0000000081b00000, 0x0000000081b00000, 0x0000000081c00000|  0%| F|  |TAMS 0x0000000081b00000, 0x0000000081b00000| Untracked 
|  28|0x0000000081c00000, 0x0000000081c00000, 0x0000000081d00000|  0%| F|  |TAMS 0x0000000081c00000, 0x0000000081c00000| Untracked 
|  29|0x0000000081d00000, 0x0000000081d00000, 0x0000000081e00000|  0%| F|  |TAMS 0x0000000081d00000, 0x0000000081d00000| Untracked 
|  30|0x0000000081e00000, 0x0000000081e00000, 0x0000000081f00000|  0%| F|  |TAMS 0x0000000081e00000, 0x0000000081e00000| Untracked 
|  31|0x0000000081f00000, 0x0000000081f00000, 0x0000000082000000|  0%| F|  |TAMS 0x0000000081f00000, 0x0000000081f00000| Untracked 
|  32|0x0000000082000000, 0x0000000082000000, 0x0000000082100000|  0%| F|  |TAMS 0x0000000082000000, 0x0000000082000000| Untracked 
|  33|0x0000000082100000, 0x0000000082100000, 0x0000000082200000|  0%| F|  |TAMS 0x0000000082100000, 0x0000000082100000| Untracked 
|  34|0x0000000082200000, 0x0000000082200000, 0x0000000082300000|  0%| F|  |TAMS 0x0000000082200000, 0x0000000082200000| Untracked 
|  35|0x0000000082300000, 0x0000000082300000, 0x0000000082400000|  0%| F|  |TAMS 0x0000000082300000, 0x0000000082300000| Untracked 
|  36|0x0000000082400000, 0x0000000082400000, 0x0000000082500000|  0%| F|  |TAMS 0x0000000082400000, 0x0000000082400000| Untracked 
|  37|0x0000000082500000, 0x0000000082500000, 0x0000000082600000|  0%| F|  |TAMS 0x0000000082500000, 0x0000000082500000| Untracked 
|  38|0x0000000082600000, 0x0000000082600000, 0x0000000082700000|  0%| F|  |TAMS 0x0000000082600000, 0x0000000082600000| Untracked 
|  39|0x0000000082700000, 0x0000000082700000, 0x0000000082800000|  0%| F|  |TAMS 0x0000000082700000, 0x0000000082700000| Untracked 
|  40|0x0000000082800000, 0x0000000082800000, 0x0000000082900000|  0%| F|  |TAMS 0x0000000082800000, 0x0000000082800000| Untracked 
|  41|0x0000000082900000, 0x0000000082900000, 0x0000000082a00000|  0%| F|  |TAMS 0x0000000082900000, 0x0000000082900000| Untracked 
|  42|0x0000000082a00000, 0x0000000082a00000, 0x0000000082b00000|  0%| F|  |TAMS 0x0000000082a00000, 0x0000000082a00000| Untracked 
|  43|0x0000000082b00000, 0x0000000082b00000, 0x0000000082c00000|  0%| F|  |TAMS 0x0000000082b00000, 0x0000000082b00000| Untracked 
|  44|0x0000000082c00000, 0x0000000082c00000, 0x0000000082d00000|  0%| F|  |TAMS 0x0000000082c00000, 0x0000000082c00000| Untracked 
|  45|0x0000000082d00000, 0x0000000082d00000, 0x0000000082e00000|  0%| F|  |TAMS 0x0000000082d00000, 0x0000000082d00000| Untracked 
|  46|0x0000000082e00000, 0x0000000082e00000, 0x0000000082f00000|  0%| F|  |TAMS 0x0000000082e00000, 0x0000000082e00000| Untracked 
|  47|0x0000000082f00000, 0x0000000082f00000, 0x0000000083000000|  0%| F|  |TAMS 0x0000000082f00000, 0x0000000082f00000| Untracked 
|  48|0x0000000083000000, 0x0000000083000000, 0x0000000083100000|  0%| F|  |TAMS 0x0000000083000000, 0x0000000083000000| Untracked 
|  49|0x0000000083100000, 0x0000000083100000, 0x0000000083200000|  0%| F|  |TAMS 0x0000000083100000, 0x0000000083100000| Untracked 
|  50|0x0000000083200000, 0x0000000083200000, 0x0000000083300000|  0%| F|  |TAMS 0x0000000083200000, 0x0000000083200000| Untracked 
|  51|0x0000000083300000, 0x0000000083300000, 0x0000000083400000|  0%| F|  |TAMS 0x0000000083300000, 0x0000000083300000| Untracked 
|  52|0x0000000083400000, 0x0000000083400000, 0x0000000083500000|  0%| F|  |TAMS 0x0000000083400000, 0x0000000083400000| Untracked 
|  53|0x0000000083500000, 0x0000000083500000, 0x0000000083600000|  0%| F|  |TAMS 0x0000000083500000, 0x0000000083500000| Untracked 
|  54|0x0000000083600000, 0x0000000083600000, 0x0000000083700000|  0%| F|  |TAMS 0x0000000083600000, 0x0000000083600000| Untracked 
|  55|0x0000000083700000, 0x0000000083700000, 0x0000000083800000|  0%| F|  |TAMS 0x0000000083700000, 0x0000000083700000| Untracked 
|  56|0x0000000083800000, 0x0000000083800000, 0x0000000083900000|  0%| F|  |TAMS 0x0000000083800000, 0x0000000083800000| Untracked 
|  57|0x0000000083900000, 0x0000000083900000, 0x0000000083a00000|  0%| F|  |TAMS 0x0000000083900000, 0x0000000083900000| Untracked 
|  58|0x0000000083a00000, 0x0000000083a00000, 0x0000000083b00000|  0%| F|  |TAMS 0x0000000083a00000, 0x0000000083a00000| Untracked 
|  59|0x0000000083b00000, 0x0000000083b00000, 0x0000000083c00000|  0%| F|  |TAMS 0x0000000083b00000, 0x0000000083b00000| Untracked 
|  60|0x0000000083c00000, 0x0000000083c00000, 0x0000000083d00000|  0%| F|  |TAMS 0x0000000083c00000, 0x0000000083c00000| Untracked 
|  61|0x0000000083d00000, 0x0000000083d00000, 0x0000000083e00000|  0%| F|  |TAMS 0x0000000083d00000, 0x0000000083d00000| Untracked 
|  62|0x0000000083e00000, 0x0000000083e00000, 0x0000000083f00000|  0%| F|  |TAMS 0x0000000083e00000, 0x0000000083e00000| Untracked 
|  63|0x0000000083f00000, 0x0000000083f00000, 0x0000000084000000|  0%| F|  |TAMS 0x0000000083f00000, 0x0000000083f00000| Untracked 
|  64|0x0000000084000000, 0x0000000084000000, 0x0000000084100000|  0%| F|  |TAMS 0x0000000084000000, 0x0000000084000000| Untracked 
|  65|0x0000000084100000, 0x0000000084100000, 0x0000000084200000|  0%| F|  |TAMS 0x0000000084100000, 0x0000000084100000| Untracked 
|  66|0x0000000084200000, 0x0000000084200000, 0x0000000084300000|  0%| F|  |TAMS 0x0000000084200000, 0x0000000084200000| Untracked 
|  67|0x0000000084300000, 0x0000000084300000, 0x0000000084400000|  0%| F|  |TAMS 0x0000000084300000, 0x0000000084300000| Untracked 
|  68|0x0000000084400000, 0x0000000084400000, 0x0000000084500000|  0%| F|  |TAMS 0x0000000084400000, 0x0000000084400000| Untracked 
|  69|0x0000000084500000, 0x0000000084500000, 0x0000000084600000|  0%| F|  |TAMS 0x0000000084500000, 0x0000000084500000| Untracked 
|  70|0x0000000084600000, 0x0000000084600000, 0x0000000084700000|  0%| F|  |TAMS 0x0000000084600000, 0x0000000084600000| Untracked 
|  71|0x0000000084700000, 0x0000000084700000, 0x0000000084800000|  0%| F|  |TAMS 0x0000000084700000, 0x0000000084700000| Untracked 
|  72|0x0000000084800000, 0x0000000084800000, 0x0000000084900000|  0%| F|  |TAMS 0x0000000084800000, 0x0000000084800000| Untracked 
|  73|0x0000000084900000, 0x0000000084900000, 0x0000000084a00000|  0%| F|  |TAMS 0x0000000084900000, 0x0000000084900000| Untracked 
|  74|0x0000000084a00000, 0x0000000084a00000, 0x0000000084b00000|  0%| F|  |TAMS 0x0000000084a00000, 0x0000000084a00000| Untracked 
|  75|0x0000000084b00000, 0x0000000084b00000, 0x0000000084c00000|  0%| F|  |TAMS 0x0000000084b00000, 0x0000000084b00000| Untracked 
|  76|0x0000000084c00000, 0x0000000084c00000, 0x0000000084d00000|  0%| F|  |TAMS 0x0000000084c00000, 0x0000000084c00000| Untracked 
|  77|0x0000000084d00000, 0x0000000084d00000, 0x0000000084e00000|  0%| F|  |TAMS 0x0000000084d00000, 0x0000000084d00000| Untracked 
|  78|0x0000000084e00000, 0x0000000084e00000, 0x0000000084f00000|  0%| F|  |TAMS 0x0000000084e00000, 0x0000000084e00000| Untracked 
|  79|0x0000000084f00000, 0x0000000084f00000, 0x0000000085000000|  0%| F|  |TAMS 0x0000000084f00000, 0x0000000084f00000| Untracked 
|  80|0x0000000085000000, 0x0000000085000000, 0x0000000085100000|  0%| F|  |TAMS 0x0000000085000000, 0x0000000085000000| Untracked 
|  81|0x0000000085100000, 0x0000000085100000, 0x0000000085200000|  0%| F|  |TAMS 0x0000000085100000, 0x0000000085100000| Untracked 
|  82|0x0000000085200000, 0x0000000085200000, 0x0000000085300000|  0%| F|  |TAMS 0x0000000085200000, 0x0000000085200000| Untracked 
|  83|0x0000000085300000, 0x0000000085300000, 0x0000000085400000|  0%| F|  |TAMS 0x0000000085300000, 0x0000000085300000| Untracked 
|  84|0x0000000085400000, 0x0000000085400000, 0x0000000085500000|  0%| F|  |TAMS 0x0000000085400000, 0x0000000085400000| Untracked 
|  85|0x0000000085500000, 0x0000000085500000, 0x0000000085600000|  0%| F|  |TAMS 0x0000000085500000, 0x0000000085500000| Untracked 
|  86|0x0000000085600000, 0x0000000085600000, 0x0000000085700000|  0%| F|  |TAMS 0x0000000085600000, 0x0000000085600000| Untracked 
|  87|0x0000000085700000, 0x0000000085700000, 0x0000000085800000|  0%| F|  |TAMS 0x0000000085700000, 0x0000000085700000| Untracked 
|  88|0x0000000085800000, 0x0000000085800000, 0x0000000085900000|  0%| F|  |TAMS 0x0000000085800000, 0x0000000085800000| Untracked 
|  89|0x0000000085900000, 0x0000000085968700, 0x0000000085a00000| 40%| S|CS|TAMS 0x0000000085900000, 0x0000000085900000| Complete 
|  90|0x0000000085a00000, 0x0000000085b00000, 0x0000000085b00000|100%| S|CS|TAMS 0x0000000085a00000, 0x0000000085a00000| Complete 
|  91|0x0000000085b00000, 0x0000000085c00000, 0x0000000085c00000|100%| S|CS|TAMS 0x0000000085b00000, 0x0000000085b00000| Complete 
|  92|0x0000000085c00000, 0x0000000085d00000, 0x0000000085d00000|100%| S|CS|TAMS 0x0000000085c00000, 0x0000000085c00000| Complete 
|  93|0x0000000085d00000, 0x0000000085e00000, 0x0000000085e00000|100%| S|CS|TAMS 0x0000000085d00000, 0x0000000085d00000| Complete 
|  94|0x0000000085e00000, 0x0000000085f00000, 0x0000000085f00000|100%| S|CS|TAMS 0x0000000085e00000, 0x0000000085e00000| Complete 
|  95|0x0000000085f00000, 0x0000000086000000, 0x0000000086000000|100%| S|CS|TAMS 0x0000000085f00000, 0x0000000085f00000| Complete 
|  96|0x0000000086000000, 0x0000000086000000, 0x0000000086100000|  0%| F|  |TAMS 0x0000000086000000, 0x0000000086000000| Untracked 
|  97|0x0000000086100000, 0x0000000086100000, 0x0000000086200000|  0%| F|  |TAMS 0x0000000086100000, 0x0000000086100000| Untracked 
|  98|0x0000000086200000, 0x0000000086200000, 0x0000000086300000|  0%| F|  |TAMS 0x0000000086200000, 0x0000000086200000| Untracked 
|  99|0x0000000086300000, 0x0000000086300000, 0x0000000086400000|  0%| F|  |TAMS 0x0000000086300000, 0x0000000086300000| Untracked 
| 100|0x0000000086400000, 0x0000000086400000, 0x0000000086500000|  0%| F|  |TAMS 0x0000000086400000, 0x0000000086400000| Untracked 
| 101|0x0000000086500000, 0x0000000086500000, 0x0000000086600000|  0%| F|  |TAMS 0x0000000086500000, 0x0000000086500000| Untracked 
| 102|0x0000000086600000, 0x0000000086600000, 0x0000000086700000|  0%| F|  |TAMS 0x0000000086600000, 0x0000000086600000| Untracked 
| 103|0x0000000086700000, 0x0000000086700000, 0x0000000086800000|  0%| F|  |TAMS 0x0000000086700000, 0x0000000086700000| Untracked 
| 104|0x0000000086800000, 0x0000000086800000, 0x0000000086900000|  0%| F|  |TAMS 0x0000000086800000, 0x0000000086800000| Untracked 
| 105|0x0000000086900000, 0x0000000086900000, 0x0000000086a00000|  0%| F|  |TAMS 0x0000000086900000, 0x0000000086900000| Untracked 
| 106|0x0000000086a00000, 0x0000000086a00000, 0x0000000086b00000|  0%| F|  |TAMS 0x0000000086a00000, 0x0000000086a00000| Untracked 
| 107|0x0000000086b00000, 0x0000000086b00000, 0x0000000086c00000|  0%| F|  |TAMS 0x0000000086b00000, 0x0000000086b00000| Untracked 
| 108|0x0000000086c00000, 0x0000000086c00000, 0x0000000086d00000|  0%| F|  |TAMS 0x0000000086c00000, 0x0000000086c00000| Untracked 
| 109|0x0000000086d00000, 0x0000000086d00000, 0x0000000086e00000|  0%| F|  |TAMS 0x0000000086d00000, 0x0000000086d00000| Untracked 
| 110|0x0000000086e00000, 0x0000000086e00000, 0x0000000086f00000|  0%| F|  |TAMS 0x0000000086e00000, 0x0000000086e00000| Untracked 
| 111|0x0000000086f00000, 0x0000000086f00000, 0x0000000087000000|  0%| F|  |TAMS 0x0000000086f00000, 0x0000000086f00000| Untracked 
| 112|0x0000000087000000, 0x0000000087000000, 0x0000000087100000|  0%| F|  |TAMS 0x0000000087000000, 0x0000000087000000| Untracked 
| 113|0x0000000087100000, 0x0000000087100000, 0x0000000087200000|  0%| F|  |TAMS 0x0000000087100000, 0x0000000087100000| Untracked 
| 114|0x0000000087200000, 0x0000000087200000, 0x0000000087300000|  0%| F|  |TAMS 0x0000000087200000, 0x0000000087200000| Untracked 
| 115|0x0000000087300000, 0x0000000087300000, 0x0000000087400000|  0%| F|  |TAMS 0x0000000087300000, 0x0000000087300000| Untracked 
| 116|0x0000000087400000, 0x0000000087400000, 0x0000000087500000|  0%| F|  |TAMS 0x0000000087400000, 0x0000000087400000| Untracked 
| 117|0x0000000087500000, 0x0000000087500000, 0x0000000087600000|  0%| F|  |TAMS 0x0000000087500000, 0x0000000087500000| Untracked 
| 118|0x0000000087600000, 0x0000000087600000, 0x0000000087700000|  0%| F|  |TAMS 0x0000000087600000, 0x0000000087600000| Untracked 
| 119|0x0000000087700000, 0x0000000087700000, 0x0000000087800000|  0%| F|  |TAMS 0x0000000087700000, 0x0000000087700000| Untracked 
| 120|0x0000000087800000, 0x0000000087800000, 0x0000000087900000|  0%| F|  |TAMS 0x0000000087800000, 0x0000000087800000| Untracked 
| 121|0x0000000087900000, 0x0000000087900000, 0x0000000087a00000|  0%| F|  |TAMS 0x0000000087900000, 0x0000000087900000| Untracked 
| 122|0x0000000087a00000, 0x0000000087a00000, 0x0000000087b00000|  0%| F|  |TAMS 0x0000000087a00000, 0x0000000087a00000| Untracked 
| 123|0x0000000087b00000, 0x0000000087b00000, 0x0000000087c00000|  0%| F|  |TAMS 0x0000000087b00000, 0x0000000087b00000| Untracked 
| 124|0x0000000087c00000, 0x0000000087c00000, 0x0000000087d00000|  0%| F|  |TAMS 0x0000000087c00000, 0x0000000087c00000| Untracked 
| 125|0x0000000087d00000, 0x0000000087d00000, 0x0000000087e00000|  0%| F|  |TAMS 0x0000000087d00000, 0x0000000087d00000| Untracked 
| 126|0x0000000087e00000, 0x0000000087e00000, 0x0000000087f00000|  0%| F|  |TAMS 0x0000000087e00000, 0x0000000087e00000| Untracked 
| 127|0x0000000087f00000, 0x0000000087f00000, 0x0000000088000000|  0%| F|  |TAMS 0x0000000087f00000, 0x0000000087f00000| Untracked 
| 128|0x0000000088000000, 0x0000000088000000, 0x0000000088100000|  0%| F|  |TAMS 0x0000000088000000, 0x0000000088000000| Untracked 
| 129|0x0000000088100000, 0x0000000088100000, 0x0000000088200000|  0%| F|  |TAMS 0x0000000088100000, 0x0000000088100000| Untracked 
| 130|0x0000000088200000, 0x0000000088200000, 0x0000000088300000|  0%| F|  |TAMS 0x0000000088200000, 0x0000000088200000| Untracked 
| 131|0x0000000088300000, 0x0000000088300000, 0x0000000088400000|  0%| F|  |TAMS 0x0000000088300000, 0x0000000088300000| Untracked 
| 132|0x0000000088400000, 0x0000000088400000, 0x0000000088500000|  0%| F|  |TAMS 0x0000000088400000, 0x0000000088400000| Untracked 
| 133|0x0000000088500000, 0x0000000088500000, 0x0000000088600000|  0%| F|  |TAMS 0x0000000088500000, 0x0000000088500000| Untracked 
| 134|0x0000000088600000, 0x0000000088600000, 0x0000000088700000|  0%| F|  |TAMS 0x0000000088600000, 0x0000000088600000| Untracked 
| 135|0x0000000088700000, 0x0000000088700000, 0x0000000088800000|  0%| F|  |TAMS 0x0000000088700000, 0x0000000088700000| Untracked 
| 136|0x0000000088800000, 0x0000000088800000, 0x0000000088900000|  0%| F|  |TAMS 0x0000000088800000, 0x0000000088800000| Untracked 
| 137|0x0000000088900000, 0x0000000088900000, 0x0000000088a00000|  0%| F|  |TAMS 0x0000000088900000, 0x0000000088900000| Untracked 
| 138|0x0000000088a00000, 0x0000000088a00000, 0x0000000088b00000|  0%| F|  |TAMS 0x0000000088a00000, 0x0000000088a00000| Untracked 
| 139|0x0000000088b00000, 0x0000000088b00000, 0x0000000088c00000|  0%| F|  |TAMS 0x0000000088b00000, 0x0000000088b00000| Untracked 
| 140|0x0000000088c00000, 0x0000000088c00000, 0x0000000088d00000|  0%| F|  |TAMS 0x0000000088c00000, 0x0000000088c00000| Untracked 
| 141|0x0000000088d00000, 0x0000000088d00000, 0x0000000088e00000|  0%| F|  |TAMS 0x0000000088d00000, 0x0000000088d00000| Untracked 
| 142|0x0000000088e00000, 0x0000000088e00000, 0x0000000088f00000|  0%| F|  |TAMS 0x0000000088e00000, 0x0000000088e00000| Untracked 
| 143|0x0000000088f00000, 0x0000000088f00000, 0x0000000089000000|  0%| F|  |TAMS 0x0000000088f00000, 0x0000000088f00000| Untracked 
| 144|0x0000000089000000, 0x0000000089000000, 0x0000000089100000|  0%| F|  |TAMS 0x0000000089000000, 0x0000000089000000| Untracked 
| 145|0x0000000089100000, 0x0000000089100000, 0x0000000089200000|  0%| F|  |TAMS 0x0000000089100000, 0x0000000089100000| Untracked 
| 146|0x0000000089200000, 0x0000000089200000, 0x0000000089300000|  0%| F|  |TAMS 0x0000000089200000, 0x0000000089200000| Untracked 
| 147|0x0000000089300000, 0x0000000089300000, 0x0000000089400000|  0%| F|  |TAMS 0x0000000089300000, 0x0000000089300000| Untracked 
| 148|0x0000000089400000, 0x0000000089400000, 0x0000000089500000|  0%| F|  |TAMS 0x0000000089400000, 0x0000000089400000| Untracked 
| 149|0x0000000089500000, 0x0000000089500000, 0x0000000089600000|  0%| F|  |TAMS 0x0000000089500000, 0x0000000089500000| Untracked 
| 150|0x0000000089600000, 0x0000000089600000, 0x0000000089700000|  0%| F|  |TAMS 0x0000000089600000, 0x0000000089600000| Untracked 
| 151|0x0000000089700000, 0x0000000089700000, 0x0000000089800000|  0%| F|  |TAMS 0x0000000089700000, 0x0000000089700000| Untracked 
| 152|0x0000000089800000, 0x0000000089800000, 0x0000000089900000|  0%| F|  |TAMS 0x0000000089800000, 0x0000000089800000| Untracked 
| 153|0x0000000089900000, 0x0000000089900000, 0x0000000089a00000|  0%| F|  |TAMS 0x0000000089900000, 0x0000000089900000| Untracked 
| 154|0x0000000089a00000, 0x0000000089a00000, 0x0000000089b00000|  0%| F|  |TAMS 0x0000000089a00000, 0x0000000089a00000| Untracked 
| 155|0x0000000089b00000, 0x0000000089b00000, 0x0000000089c00000|  0%| F|  |TAMS 0x0000000089b00000, 0x0000000089b00000| Untracked 
| 156|0x0000000089c00000, 0x0000000089c00000, 0x0000000089d00000|  0%| F|  |TAMS 0x0000000089c00000, 0x0000000089c00000| Untracked 
| 157|0x0000000089d00000, 0x0000000089d00000, 0x0000000089e00000|  0%| F|  |TAMS 0x0000000089d00000, 0x0000000089d00000| Untracked 
| 158|0x0000000089e00000, 0x0000000089e00000, 0x0000000089f00000|  0%| F|  |TAMS 0x0000000089e00000, 0x0000000089e00000| Untracked 
| 159|0x0000000089f00000, 0x0000000089f00000, 0x000000008a000000|  0%| F|  |TAMS 0x0000000089f00000, 0x0000000089f00000| Untracked 
| 160|0x000000008a000000, 0x000000008a000000, 0x000000008a100000|  0%| F|  |TAMS 0x000000008a000000, 0x000000008a000000| Untracked 
| 161|0x000000008a100000, 0x000000008a100000, 0x000000008a200000|  0%| F|  |TAMS 0x000000008a100000, 0x000000008a100000| Untracked 
| 162|0x000000008a200000, 0x000000008a200000, 0x000000008a300000|  0%| F|  |TAMS 0x000000008a200000, 0x000000008a200000| Untracked 
| 163|0x000000008a300000, 0x000000008a300000, 0x000000008a400000|  0%| F|  |TAMS 0x000000008a300000, 0x000000008a300000| Untracked 
| 164|0x000000008a400000, 0x000000008a400000, 0x000000008a500000|  0%| F|  |TAMS 0x000000008a400000, 0x000000008a400000| Untracked 
| 165|0x000000008a500000, 0x000000008a500000, 0x000000008a600000|  0%| F|  |TAMS 0x000000008a500000, 0x000000008a500000| Untracked 
| 166|0x000000008a600000, 0x000000008a600000, 0x000000008a700000|  0%| F|  |TAMS 0x000000008a600000, 0x000000008a600000| Untracked 
| 167|0x000000008a700000, 0x000000008a780800, 0x000000008a800000| 50%| E|  |TAMS 0x000000008a700000, 0x000000008a700000| Complete 
| 168|0x000000008a800000, 0x000000008a900000, 0x000000008a900000|100%| E|CS|TAMS 0x000000008a800000, 0x000000008a800000| Complete 
| 169|0x000000008a900000, 0x000000008aa00000, 0x000000008aa00000|100%| E|CS|TAMS 0x000000008a900000, 0x000000008a900000| Complete 
| 170|0x000000008aa00000, 0x000000008ab00000, 0x000000008ab00000|100%| E|CS|TAMS 0x000000008aa00000, 0x000000008aa00000| Complete 
| 171|0x000000008ab00000, 0x000000008ac00000, 0x000000008ac00000|100%| E|CS|TAMS 0x000000008ab00000, 0x000000008ab00000| Complete 
| 172|0x000000008ac00000, 0x000000008ad00000, 0x000000008ad00000|100%| E|CS|TAMS 0x000000008ac00000, 0x000000008ac00000| Complete 
| 173|0x000000008ad00000, 0x000000008ae00000, 0x000000008ae00000|100%| E|CS|TAMS 0x000000008ad00000, 0x000000008ad00000| Complete 
| 174|0x000000008ae00000, 0x000000008af00000, 0x000000008af00000|100%| E|CS|TAMS 0x000000008ae00000, 0x000000008ae00000| Complete 
| 175|0x000000008af00000, 0x000000008b000000, 0x000000008b000000|100%| E|CS|TAMS 0x000000008af00000, 0x000000008af00000| Complete 
| 176|0x000000008b000000, 0x000000008b100000, 0x000000008b100000|100%| E|CS|TAMS 0x000000008b000000, 0x000000008b000000| Complete 
| 177|0x000000008b100000, 0x000000008b200000, 0x000000008b200000|100%| E|CS|TAMS 0x000000008b100000, 0x000000008b100000| Complete 
| 178|0x000000008b200000, 0x000000008b300000, 0x000000008b300000|100%| E|CS|TAMS 0x000000008b200000, 0x000000008b200000| Complete 
| 179|0x000000008b300000, 0x000000008b400000, 0x000000008b400000|100%| E|CS|TAMS 0x000000008b300000, 0x000000008b300000| Complete 
| 180|0x000000008b400000, 0x000000008b500000, 0x000000008b500000|100%| E|CS|TAMS 0x000000008b400000, 0x000000008b400000| Complete 
| 181|0x000000008b500000, 0x000000008b600000, 0x000000008b600000|100%| E|CS|TAMS 0x000000008b500000, 0x000000008b500000| Complete 
| 182|0x000000008b600000, 0x000000008b700000, 0x000000008b700000|100%| E|CS|TAMS 0x000000008b600000, 0x000000008b600000| Complete 
| 183|0x000000008b700000, 0x000000008b800000, 0x000000008b800000|100%| E|CS|TAMS 0x000000008b700000, 0x000000008b700000| Complete 
| 184|0x000000008b800000, 0x000000008b900000, 0x000000008b900000|100%| E|CS|TAMS 0x000000008b800000, 0x000000008b800000| Complete 
| 185|0x000000008b900000, 0x000000008ba00000, 0x000000008ba00000|100%| E|CS|TAMS 0x000000008b900000, 0x000000008b900000| Complete 
| 186|0x000000008ba00000, 0x000000008bb00000, 0x000000008bb00000|100%| E|CS|TAMS 0x000000008ba00000, 0x000000008ba00000| Complete 
| 187|0x000000008bb00000, 0x000000008bc00000, 0x000000008bc00000|100%| E|CS|TAMS 0x000000008bb00000, 0x000000008bb00000| Complete 
| 188|0x000000008bc00000, 0x000000008bd00000, 0x000000008bd00000|100%| E|CS|TAMS 0x000000008bc00000, 0x000000008bc00000| Complete 
| 189|0x000000008bd00000, 0x000000008be00000, 0x000000008be00000|100%| E|CS|TAMS 0x000000008bd00000, 0x000000008bd00000| Complete 
| 190|0x000000008be00000, 0x000000008bf00000, 0x000000008bf00000|100%| E|  |TAMS 0x000000008be00000, 0x000000008be00000| Complete 
| 191|0x000000008bf00000, 0x000000008c000000, 0x000000008c000000|100%| E|CS|TAMS 0x000000008bf00000, 0x000000008bf00000| Complete 

Card table byte_map: [0x0000029dea790000,0x0000029deab90000] _byte_map_base: 0x0000029dea390000

Marking Bits (Prev, Next): (CMBitMap*) 0x0000029dd2c8fc28, (CMBitMap*) 0x0000029dd2c8fc60
 Prev Bits: [0x0000029deaf90000, 0x0000029decf90000)
 Next Bits: [0x0000029decf90000, 0x0000029deef90000)

Polling page: 0x0000029dd0b70000

Metaspace:

Usage:
  Non-class:     31.77 MB capacity,    31.26 MB ( 98%) used,   441.09 KB (  1%) free+waste,    79.44 KB ( <1%) overhead. 
      Class:      4.84 MB capacity,     4.54 MB ( 94%) used,   267.80 KB (  5%) free+waste,    38.06 KB ( <1%) overhead. 
       Both:     36.61 MB capacity,    35.80 MB ( 98%) used,   708.90 KB (  2%) free+waste,   117.50 KB ( <1%) overhead. 

Virtual space:
  Non-class space:       32.00 MB reserved,      31.92 MB (>99%) committed 
      Class space:        1.00 GB reserved,       4.91 MB ( <1%) committed 
             Both:        1.03 GB reserved,      36.83 MB (  3%) committed 

Chunk freelists:
   Non-Class:  26.00 KB
       Class:  7.00 KB
        Both:  33.00 KB

MaxMetaspaceSize: 17179869184.00 GB
CompressedClassSpaceSize: 1.00 GB
Initial GC threshold: 20.80 MB
Current GC threshold: 59.09 MB
CDS: off

CodeHeap 'non-profiled nmethods': size=120064Kb used=1702Kb max_used=1702Kb free=118361Kb
 bounds [0x0000029de2e50000, 0x0000029de30c0000, 0x0000029dea390000]
CodeHeap 'profiled nmethods': size=120000Kb used=6706Kb max_used=6706Kb free=113293Kb
 bounds [0x0000029ddb920000, 0x0000029ddbfb0000, 0x0000029de2e50000]
CodeHeap 'non-nmethods': size=5696Kb used=1580Kb max_used=1618Kb free=4115Kb
 bounds [0x0000029ddb390000, 0x0000029ddb600000, 0x0000029ddb920000]
 total_blobs=3802 nmethods=3186 adapters=528
 compilation: enabled
              stopped_count=0, restarted_count=0
 full_count=0

Compilation events (20 events):
Event: 9.233 Thread 0x0000029df14b5800 3197       2       groovy.lang.MetaClassImpl::checkIfGroovyObjectMethod (57 bytes)
Event: 9.234 Thread 0x0000029df14b5800 nmethod 3197 0x0000029ddbfa8110 code [0x0000029ddbfa8340, 0x0000029ddbfa87f8]
Event: 9.234 Thread 0x0000029df14b5800 3201       2       jdk.internal.loader.URLClassPath::getResource (74 bytes)
Event: 9.235 Thread 0x0000029df14b5800 nmethod 3201 0x0000029ddbfa8a10 code [0x0000029ddbfa8be0, 0x0000029ddbfa8dd8]
Event: 9.235 Thread 0x0000029df14b5800 3198       2       groovy.lang.MetaClassImpl::isGenericGetMethod (44 bytes)
Event: 9.235 Thread 0x0000029df14b5800 nmethod 3198 0x0000029ddbfa8f10 code [0x0000029ddbfa90e0, 0x0000029ddbfa92c8]
Event: 9.235 Thread 0x0000029df14b5800 3199       2       org.codehaus.groovy.runtime.MetaClassHelper::isGenericSetMethod (28 bytes)
Event: 9.236 Thread 0x0000029df14b5800 nmethod 3199 0x0000029ddbfa9410 code [0x0000029ddbfa95e0, 0x0000029ddbfa9788]
Event: 9.240 Thread 0x0000029df14b5800 3202   !   2       com.sun.beans.TypeResolver::resolve (261 bytes)
Event: 9.242 Thread 0x0000029df14b5800 nmethod 3202 0x0000029ddbfa9890 code [0x0000029ddbfa9bc0, 0x0000029ddbfaa918]
Event: 9.242 Thread 0x0000029df14b5800 3203       1       org.codehaus.groovy.util.ComplexKeyHashMap$Entry::getValue (5 bytes)
Event: 9.242 Thread 0x0000029df14b5800 nmethod 3203 0x0000029de2fee210 code [0x0000029de2fee3c0, 0x0000029de2fee478]
Event: 9.251 Thread 0x0000029df14b5800 3204       2       java.lang.invoke.InfoFromMemberName::getDeclaringClass (8 bytes)
Event: 9.252 Thread 0x0000029df14b5800 nmethod 3204 0x0000029ddbfaaf10 code [0x0000029ddbfab0c0, 0x0000029ddbfab1b8]
Event: 9.252 Thread 0x0000029df14b5800 3205   !   2       jdk.internal.loader.URLClassPath$JarLoader::checkResource (78 bytes)
Event: 9.253 Thread 0x0000029df14b5800 nmethod 3205 0x0000029ddbfab290 code [0x0000029ddbfab4a0, 0x0000029ddbfaba28]
Event: 9.253 Thread 0x0000029df14b5800 3206       2       jdk.internal.loader.Resource::<init> (5 bytes)
Event: 9.254 Thread 0x0000029df14b5800 nmethod 3206 0x0000029ddbfabd90 code [0x0000029ddbfabf40, 0x0000029ddbfac038]
Event: 9.254 Thread 0x0000029df14b5800 3207       2       jdk.internal.loader.URLClassPath$JarLoader$2::<init> (31 bytes)
Event: 9.254 Thread 0x0000029df14b5800 nmethod 3207 0x0000029ddbfac110 code [0x0000029ddbfac2c0, 0x0000029ddbfac558]

GC Heap History (14 events):
Event: 0.738 GC heap before
{Heap before GC invocations=0 (full 0):
 garbage-first heap   total 163840K, used 19456K [0x0000000080000000, 0x0000000100000000)
  region size 1024K, 14 young (14336K), 0 survivors (0K)
 Metaspace       used 6734K, capacity 6933K, committed 7168K, reserved 1056768K
  class space    used 570K, capacity 650K, committed 768K, reserved 1048576K
}
Event: 0.744 GC heap after
{Heap after GC invocations=1 (full 0):
 garbage-first heap   total 163840K, used 7865K [0x0000000080000000, 0x0000000100000000)
  region size 1024K, 2 young (2048K), 2 survivors (2048K)
 Metaspace       used 6734K, capacity 6933K, committed 7168K, reserved 1056768K
  class space    used 570K, capacity 650K, committed 768K, reserved 1048576K
}
Event: 1.217 GC heap before
{Heap before GC invocations=1 (full 0):
 garbage-first heap   total 163840K, used 19129K [0x0000000080000000, 0x0000000100000000)
  region size 1024K, 13 young (13312K), 2 survivors (2048K)
 Metaspace       used 10190K, capacity 10433K, committed 10624K, reserved 1058816K
  class space    used 1042K, capacity 1139K, committed 1152K, reserved 1048576K
}
Event: 1.228 GC heap after
{Heap after GC invocations=2 (full 0):
 garbage-first heap   total 163840K, used 9341K [0x0000000080000000, 0x0000000100000000)
  region size 1024K, 2 young (2048K), 2 survivors (2048K)
 Metaspace       used 10190K, capacity 10433K, committed 10624K, reserved 1058816K
  class space    used 1042K, capacity 1139K, committed 1152K, reserved 1048576K
}
Event: 2.129 GC heap before
{Heap before GC invocations=2 (full 0):
 garbage-first heap   total 163840K, used 35965K [0x0000000080000000, 0x0000000100000000)
  region size 1024K, 28 young (28672K), 2 survivors (2048K)
 Metaspace       used 11196K, capacity 11452K, committed 11520K, reserved 1058816K
  class space    used 1141K, capacity 1244K, committed 1280K, reserved 1048576K
}
Event: 2.136 GC heap after
{Heap after GC invocations=3 (full 0):
 garbage-first heap   total 163840K, used 12450K [0x0000000080000000, 0x0000000100000000)
  region size 1024K, 4 young (4096K), 4 survivors (4096K)
 Metaspace       used 11196K, capacity 11452K, committed 11520K, reserved 1058816K
  class space    used 1141K, capacity 1244K, committed 1280K, reserved 1048576K
}
Event: 4.130 GC heap before
{Heap before GC invocations=3 (full 0):
 garbage-first heap   total 163840K, used 51362K [0x0000000080000000, 0x0000000100000000)
  region size 1024K, 42 young (43008K), 4 survivors (4096K)
 Metaspace       used 17559K, capacity 17966K, committed 18176K, reserved 1064960K
  class space    used 2043K, capacity 2185K, committed 2304K, reserved 1048576K
}
Event: 4.141 GC heap after
{Heap after GC invocations=4 (full 0):
 garbage-first heap   total 163840K, used 16467K [0x0000000080000000, 0x0000000100000000)
  region size 1024K, 6 young (6144K), 6 survivors (6144K)
 Metaspace       used 17559K, capacity 17966K, committed 18176K, reserved 1064960K
  class space    used 2043K, capacity 2185K, committed 2304K, reserved 1048576K
}
Event: 4.559 GC heap before
{Heap before GC invocations=4 (full 0):
 garbage-first heap   total 163840K, used 41043K [0x0000000080000000, 0x0000000100000000)
  region size 1024K, 31 young (31744K), 6 survivors (6144K)
 Metaspace       used 20761K, capacity 21195K, committed 21296K, reserved 1069056K
  class space    used 2503K, capacity 2669K, committed 2688K, reserved 1048576K
}
Event: 4.568 GC heap after
{Heap after GC invocations=5 (full 0):
 garbage-first heap   total 163840K, used 17143K [0x0000000080000000, 0x0000000100000000)
  region size 1024K, 4 young (4096K), 4 survivors (4096K)
 Metaspace       used 20761K, capacity 21195K, committed 21296K, reserved 1069056K
  class space    used 2503K, capacity 2669K, committed 2688K, reserved 1048576K
}
Event: 5.578 GC heap before
{Heap before GC invocations=6 (full 0):
 garbage-first heap   total 163840K, used 67319K [0x0000000080000000, 0x0000000100000000)
  region size 1024K, 53 young (54272K), 4 survivors (4096K)
 Metaspace       used 25860K, capacity 26450K, committed 26620K, reserved 1073152K
  class space    used 3330K, capacity 3551K, committed 3660K, reserved 1048576K
}
Event: 5.592 GC heap after
{Heap after GC invocations=7 (full 0):
 garbage-first heap   total 163840K, used 19100K [0x0000000080000000, 0x0000000100000000)
  region size 1024K, 3 young (3072K), 3 survivors (3072K)
 Metaspace       used 25860K, capacity 26450K, committed 26620K, reserved 1073152K
  class space    used 3330K, capacity 3551K, committed 3660K, reserved 1048576K
}
Event: 8.580 GC heap before
{Heap before GC invocations=7 (full 0):
 garbage-first heap   total 163840K, used 80540K [0x0000000080000000, 0x0000000100000000)
  region size 1024K, 64 young (65536K), 3 survivors (3072K)
 Metaspace       used 35186K, capacity 35990K, committed 36048K, reserved 1081344K
  class space    used 4506K, capacity 4863K, committed 4896K, reserved 1048576K
}
Event: 8.600 GC heap after
{Heap after GC invocations=8 (full 0):
 garbage-first heap   total 196608K, used 22691K [0x0000000080000000, 0x0000000100000000)
  region size 1024K, 7 young (7168K), 7 survivors (7168K)
 Metaspace       used 35186K, capacity 35990K, committed 36048K, reserved 1081344K
  class space    used 4506K, capacity 4863K, committed 4896K, reserved 1048576K
}

Deoptimization events (20 events):
Event: 8.708 Thread 0x0000029df357b800 Uncommon trap: trap_request=0xffffff4d fr.pc=0x0000029de2e69e5c relative=0x000000000000003c
Event: 8.708 Thread 0x0000029df357b800 Uncommon trap: reason=unstable_if action=reinterpret pc=0x0000029de2e69e5c method=sun.nio.fs.WindowsPathParser.isSlash(C)Z @ 9 c2
Event: 8.708 Thread 0x0000029df357b800 DEOPT PACKING pc=0x0000029de2e69e5c sp=0x000000d0dc7f90a0
Event: 8.708 Thread 0x0000029df357b800 DEOPT UNPACKING pc=0x0000029ddb3da1af sp=0x000000d0dc7f9028 mode 2
Event: 8.708 Thread 0x0000029df357b800 Uncommon trap: trap_request=0xffffff4d fr.pc=0x0000029de2ecec84 relative=0x0000000000001404
Event: 8.708 Thread 0x0000029df357b800 Uncommon trap: reason=unstable_if action=reinterpret pc=0x0000029de2ecec84 method=sun.nio.fs.WindowsPathParser.isSlash(C)Z @ 9 c2
Event: 8.708 Thread 0x0000029df357b800 DEOPT PACKING pc=0x0000029de2ecec84 sp=0x000000d0dc7f90a0
Event: 8.708 Thread 0x0000029df357b800 DEOPT UNPACKING pc=0x0000029ddb3da1af sp=0x000000d0dc7f9030 mode 2
Event: 8.760 Thread 0x0000029df357b800 Uncommon trap: trap_request=0xffffff4d fr.pc=0x0000029de2fcc524 relative=0x00000000000003e4
Event: 8.760 Thread 0x0000029df357b800 Uncommon trap: reason=unstable_if action=reinterpret pc=0x0000029de2fcc524 method=java.lang.String.equalsIgnoreCase(Ljava/lang/String;)Z @ 36 c2
Event: 8.760 Thread 0x0000029df357b800 DEOPT PACKING pc=0x0000029de2fcc524 sp=0x000000d0dc7f77a0
Event: 8.760 Thread 0x0000029df357b800 DEOPT UNPACKING pc=0x0000029ddb3da1af sp=0x000000d0dc7f7760 mode 2
Event: 8.782 Thread 0x0000029df357b800 Uncommon trap: trap_request=0xffffffc6 fr.pc=0x0000029de2fc6970 relative=0x0000000000005610
Event: 8.782 Thread 0x0000029df357b800 Uncommon trap: reason=bimorphic_or_optimized_type_check action=maybe_recompile pc=0x0000029de2fc6970 method=java.net.URL.<init>(Ljava/net/URL;Ljava/lang/String;Ljava/net/URLStreamHandler;)V @ 504 c2
Event: 8.782 Thread 0x0000029df357b800 DEOPT PACKING pc=0x0000029de2fc6970 sp=0x000000d0dc7f7200
Event: 8.782 Thread 0x0000029df357b800 DEOPT UNPACKING pc=0x0000029ddb3da1af sp=0x000000d0dc7f71a0 mode 2
Event: 9.241 Thread 0x0000029df357b800 Uncommon trap: trap_request=0xffffffbe fr.pc=0x0000029de2fd470c relative=0x0000000000003c6c
Event: 9.241 Thread 0x0000029df357b800 Uncommon trap: reason=profile_predicate action=maybe_recompile pc=0x0000029de2fd470c method=java.util.AbstractCollection.addAll(Ljava/util/Collection;)Z @ 15 c2
Event: 9.241 Thread 0x0000029df357b800 DEOPT PACKING pc=0x0000029de2fd470c sp=0x000000d0dc7fa730
Event: 9.241 Thread 0x0000029df357b800 DEOPT UNPACKING pc=0x0000029ddb3da1af sp=0x000000d0dc7fa748 mode 2

Classes redefined (0 events):
No events

Internal exceptions (20 events):
Event: 6.392 Thread 0x0000029df357b800 Exception <a 'java/lang/IncompatibleClassChangeError'{0x00000000882fc4f8}: Found class java.lang.Object, but interface was expected> (0x00000000882fc4f8) thrown at [./src/hotspot/share/interpreter/linkResolver.cpp, line 839]
Event: 6.478 Thread 0x0000029df357b800 Exception <a 'java/lang/NoSuchMethodError'{0x0000000087ed2f70}: 'int java.lang.invoke.DirectMethodHandle$Holder.invokeVirtual(java.lang.Object, java.lang.Object)'> (0x0000000087ed2f70) thrown at [./src/hotspot/share/interpreter/linkResolver.cpp, line 773]
Event: 7.129 Thread 0x0000029df357b800 Exception <a 'java/lang/NoSuchMethodError'{0x0000000086efb090}: 'void java.lang.invoke.DirectMethodHandle$Holder.invokeStaticInit(java.lang.Object, java.lang.Object, java.lang.Object)'> (0x0000000086efb090) thrown at [./src/hotspot/share/interpreter/linkResolver.cpp, line 773]
Event: 7.130 Thread 0x0000029df357b800 Exception <a 'java/lang/NoSuchMethodError'{0x0000000086d02388}: 'void java.lang.invoke.DirectMethodHandle$Holder.invokeStaticInit(java.lang.Object, java.lang.Object, java.lang.Object, java.lang.Object)'> (0x0000000086d02388) thrown at [./src/hotspot/share/interpreter/linkResolver.cpp, line 773]
Event: 7.137 Thread 0x0000029df357b800 Exception <a 'java/lang/NoSuchMethodError'{0x0000000086d24bf0}: 'void java.lang.invoke.DirectMethodHandle$Holder.invokeStaticInit(java.lang.Object, java.lang.Object, java.lang.Object, java.lang.Object, java.lang.Object)'> (0x0000000086d24bf0) thrown at [./src/hotspot/share/interpreter/linkResolver.cpp, line 773]
Event: 7.200 Thread 0x0000029df357b800 Exception <a 'java/lang/NoSuchMethodError'{0x0000000086d89af0}: 'int java.lang.invoke.DirectMethodHandle$Holder.invokeStaticInit(java.lang.Object, java.lang.Object, java.lang.Object, java.lang.Object)'> (0x0000000086d89af0) thrown at [./src/hotspot/share/interpreter/linkResolver.cpp, line 773]
Event: 8.281 Thread 0x0000029df357b800 Exception <a 'java/lang/NoSuchMethodError'{0x00000000863c4008}: 'java.lang.Object java.lang.invoke.DirectMethodHandle$Holder.invokeStatic(java.lang.Object, java.lang.Object, java.lang.Object, java.lang.Object, java.lang.Object, java.lang.Object, java.lang.Object, java.lang.Object, java.lang.Object, java.lang.Object, java.lang.Object, int)'> (0x00000000863c4008) thrown at [./src/hotspot/share/interpreter/linkResolver.cpp, line 773]
Event: 8.284 Thread 0x0000029df357b800 Exception <a 'java/lang/NoSuchMethodError'{0x00000000863e29a8}: 'java.lang.Object java.lang.invoke.DirectMethodHandle$Holder.invokeStatic(java.lang.Object, java.lang.Object, java.lang.Object, java.lang.Object, java.lang.Object, java.lang.Object, java.lang.Object, java.lang.Object, java.lang.Object, java.lang.Object, java.lang.Object, int, int)'> (0x00000000863e29a8) thrown at [./src/hotspot/share/interpreter/linkResolver.cpp, line 773]
Event: 8.288 Thread 0x0000029df357b800 Exception <a 'java/lang/NoSuchMethodError'{0x00000000862026b0}: 'java.lang.Object java.lang.invoke.DirectMethodHandle$Holder.invokeStatic(java.lang.Object, java.lang.Object, java.lang.Object, java.lang.Object, java.lang.Object, java.lang.Object, java.lang.Object, java.lang.Object, java.lang.Object, java.lang.Object, java.lang.Object, int, int, java.lang.Object)'> (0x00000000862026b0) thrown at [./src/hotspot/share/interpreter/linkResolver.cpp, line 773]
Event: 8.291 Thread 0x0000029df357b800 Exception <a 'java/lang/NoSuchMethodError'{0x00000000862237a8}: 'java.lang.Object java.lang.invoke.DirectMethodHandle$Holder.invokeStatic(java.lang.Object, java.lang.Object, java.lang.Object, java.lang.Object, java.lang.Object, java.lang.Object, java.lang.Object, java.lang.Object, java.lang.Object, java.lang.Object, java.lang.Object, int, int, java.lang.Object, java.lang.Object)'> (0x00000000862237a8) thrown at [./src/hotspot/share/interpreter/linkResolver.cpp, line 773]
Event: 8.417 Thread 0x0000029df357b800 Exception <a 'java/lang/ClassNotFoundException'{0x00000000862537a0}: groovy/lang/ExpandoMetaClassBeanInfo> (0x00000000862537a0) thrown at [./src/hotspot/share/classfile/systemDictionary.cpp, line 230]
Event: 8.419 Thread 0x0000029df357b800 Exception <a 'java/lang/ClassNotFoundException'{0x0000000086273af8}: groovy/lang/MetaClassImplBeanInfo> (0x0000000086273af8) thrown at [./src/hotspot/share/classfile/systemDictionary.cpp, line 230]
Event: 8.419 Thread 0x0000029df357b800 Exception <a 'java/lang/ClassNotFoundException'{0x000000008627d468}: java/lang/ObjectBeanInfo> (0x000000008627d468) thrown at [./src/hotspot/share/classfile/systemDictionary.cpp, line 230]
Event: 8.425 Thread 0x0000029df357b800 Exception <a 'java/lang/ClassNotFoundException'{0x0000000086288e98}: java/lang/ObjectCustomizer> (0x0000000086288e98) thrown at [./src/hotspot/share/classfile/systemDictionary.cpp, line 230]
Event: 8.444 Thread 0x0000029df357b800 Exception <a 'java/lang/ClassNotFoundException'{0x00000000862afef8}: groovy/lang/MetaClassImplCustomizer> (0x00000000862afef8) thrown at [./src/hotspot/share/classfile/systemDictionary.cpp, line 230]
Event: 8.460 Thread 0x0000029df357b800 Exception <a 'java/lang/ClassNotFoundException'{0x00000000862efb58}: groovy/lang/ExpandoMetaClassCustomizer> (0x00000000862efb58) thrown at [./src/hotspot/share/classfile/systemDictionary.cpp, line 230]
Event: 9.234 Thread 0x0000029df357b800 Exception <a 'java/lang/ClassNotFoundException'{0x000000008a9a0bf0}: org/gradle/internal/extensibility/DefaultExtraPropertiesExtensionBeanInfo> (0x000000008a9a0bf0) thrown at [./src/hotspot/share/classfile/systemDictionary.cpp, line 230]
Event: 9.236 Thread 0x0000029df357b800 Exception <a 'java/lang/ClassNotFoundException'{0x000000008a9c20d0}: groovy/lang/GroovyObjectSupportBeanInfo> (0x000000008a9c20d0) thrown at [./src/hotspot/share/classfile/systemDictionary.cpp, line 230]
Event: 9.237 Thread 0x0000029df357b800 Exception <a 'java/lang/ClassNotFoundException'{0x000000008a9e35f8}: groovy/lang/GroovyObjectSupportCustomizer> (0x000000008a9e35f8) thrown at [./src/hotspot/share/classfile/systemDictionary.cpp, line 230]
Event: 9.240 Thread 0x0000029df357b800 Exception <a 'java/lang/ClassNotFoundException'{0x000000008a80b8e8}: org/gradle/internal/extensibility/DefaultExtraPropertiesExtensionCustomizer> (0x000000008a80b8e8) thrown at [./src/hotspot/share/classfile/systemDictionary.cpp, line 230]

Events (20 events):
Event: 9.260 loading class java/util/regex/Pattern$Pos
Event: 9.260 loading class java/util/regex/Pattern$Pos done
Event: 9.260 loading class org/gradle/util/internal/TextUtil$1
Event: 9.260 loading class org/gradle/util/internal/TextUtil$1 done
Event: 9.260 loading class org/gradle/configuration/ApplyScriptPluginBuildOperationType$Details
Event: 9.260 loading class org/gradle/configuration/ApplyScriptPluginBuildOperationType$Details done
Event: 9.260 loading class org/gradle/tooling/internal/protocol/events/InternalPluginIdentifier
Event: 9.260 loading class org/gradle/tooling/internal/protocol/events/InternalPluginIdentifier done
Event: 9.260 loading class org/gradle/tooling/internal/provider/runner/PluginApplicationTracker
Event: 9.260 loading class org/gradle/tooling/internal/provider/runner/PluginApplicationTracker done
Event: 9.261 loading class org/gradle/configuration/InitialPassSettingScriptTarget
Event: 9.261 loading class org/gradle/configuration/InitialPassSettingScriptTarget done
Event: 9.261 loading class org/gradle/configuration/SettingScriptTarget
Event: 9.261 loading class org/gradle/configuration/SettingScriptTarget done
Event: 9.262 loading class org/gradle/configuration/DefaultScriptTarget
Event: 9.262 loading class org/gradle/configuration/DefaultScriptTarget done
Event: 9.262 loading class org/gradle/groovy/scripts/DefaultScriptCompilerFactory$ScriptCompilerImpl
Event: 9.262 loading class org/gradle/groovy/scripts/DefaultScriptCompilerFactory$ScriptCompilerImpl done
Event: 9.263 loading class org/gradle/groovy/scripts/CachingScriptSource
Event: 9.263 loading class org/gradle/groovy/scripts/CachingScriptSource done


Dynamic libraries:
0x00007ff79a430000 - 0x00007ff79a43d000 	C:\Users\muham\.jdks\temurin-11.0.14.1\bin\java.exe
0x00007ffba8430000 - 0x00007ffba8625000 	C:\WINDOWS\SYSTEM32\ntdll.dll
0x00007ffba8330000 - 0x00007ffba83ee000 	C:\WINDOWS\System32\KERNEL32.DLL
0x00007ffba5e00000 - 0x00007ffba60c8000 	C:\WINDOWS\System32\KERNELBASE.dll
0x00007ffba6380000 - 0x00007ffba6480000 	C:\WINDOWS\System32\ucrtbase.dll
0x00007ffb94b10000 - 0x00007ffb94b27000 	C:\Users\muham\.jdks\temurin-11.0.14.1\bin\jli.dll
0x00007ffb80430000 - 0x00007ffb80445000 	C:\Users\muham\.jdks\temurin-11.0.14.1\bin\VCRUNTIME140.dll
0x00007ffba6c20000 - 0x00007ffba6dc0000 	C:\WINDOWS\System32\USER32.dll
0x00007ffb94870000 - 0x00007ffb94b0a000 	C:\WINDOWS\WinSxS\amd64_microsoft.windows.common-controls_6595b64144ccf1df_6.0.19041.1110_none_60b5254171f9507e\COMCTL32.dll
0x00007ffba6120000 - 0x00007ffba6142000 	C:\WINDOWS\System32\win32u.dll
0x00007ffba7a20000 - 0x00007ffba7abe000 	C:\WINDOWS\System32\msvcrt.dll
0x00007ffba7ac0000 - 0x00007ffba7aeb000 	C:\WINDOWS\System32\GDI32.dll
0x00007ffba5bb0000 - 0x00007ffba5cbd000 	C:\WINDOWS\System32\gdi32full.dll
0x00007ffba6150000 - 0x00007ffba61ed000 	C:\WINDOWS\System32\msvcp_win.dll
0x00007ffba7c30000 - 0x00007ffba7c60000 	C:\WINDOWS\System32\IMM32.DLL
0x00007ffb65ab0000 - 0x00007ffb65b4b000 	C:\Users\muham\.jdks\temurin-11.0.14.1\bin\msvcp140.dll
0x00007ffb60e60000 - 0x00007ffb619e1000 	C:\Users\muham\.jdks\temurin-11.0.14.1\bin\server\jvm.dll
0x00007ffba6530000 - 0x00007ffba65de000 	C:\WINDOWS\System32\ADVAPI32.dll
0x00007ffba6b20000 - 0x00007ffba6bbc000 	C:\WINDOWS\System32\sechost.dll
0x00007ffba71a0000 - 0x00007ffba72c5000 	C:\WINDOWS\System32\RPCRT4.dll
0x00007ffba7af0000 - 0x00007ffba7af8000 	C:\WINDOWS\System32\PSAPI.DLL
0x00007ffba3b00000 - 0x00007ffba3b09000 	C:\WINDOWS\SYSTEM32\WSOCK32.dll
0x00007ffba70c0000 - 0x00007ffba712b000 	C:\WINDOWS\System32\WS2_32.dll
0x00007ffb98ba0000 - 0x00007ffb98bc7000 	C:\WINDOWS\SYSTEM32\WINMM.dll
0x00007ffb9d620000 - 0x00007ffb9d62a000 	C:\WINDOWS\SYSTEM32\VERSION.dll
0x00007ffba3c10000 - 0x00007ffba3c22000 	C:\WINDOWS\SYSTEM32\kernel.appcore.dll
0x00007ffb984f0000 - 0x00007ffb98500000 	C:\Users\muham\.jdks\temurin-11.0.14.1\bin\verify.dll
0x00007ffba38f0000 - 0x00007ffba3ad4000 	C:\WINDOWS\SYSTEM32\DBGHELP.DLL
0x00007ffb88110000 - 0x00007ffb8813c000 	C:\WINDOWS\SYSTEM32\dbgcore.DLL
0x00007ffba5d70000 - 0x00007ffba5df2000 	C:\WINDOWS\System32\bcryptPrimitives.dll
0x00007ffb79990000 - 0x00007ffb799b8000 	C:\Users\muham\.jdks\temurin-11.0.14.1\bin\java.dll
0x00007ffb98390000 - 0x00007ffb9839a000 	C:\Users\muham\.jdks\temurin-11.0.14.1\bin\jimage.dll
0x00007ffb7c150000 - 0x00007ffb7c168000 	C:\Users\muham\.jdks\temurin-11.0.14.1\bin\zip.dll
0x00007ffba72d0000 - 0x00007ffba7a14000 	C:\WINDOWS\System32\SHELL32.dll
0x00007ffba3c30000 - 0x00007ffba43c4000 	C:\WINDOWS\SYSTEM32\windows.storage.dll
0x00007ffba6740000 - 0x00007ffba6a95000 	C:\WINDOWS\System32\combase.dll
0x00007ffba5590000 - 0x00007ffba55be000 	C:\WINDOWS\SYSTEM32\Wldp.dll
0x00007ffba6480000 - 0x00007ffba652d000 	C:\WINDOWS\System32\SHCORE.dll
0x00007ffba80e0000 - 0x00007ffba8135000 	C:\WINDOWS\System32\shlwapi.dll
0x00007ffba5a80000 - 0x00007ffba5a9f000 	C:\WINDOWS\SYSTEM32\profapi.dll
0x00007ffb78f40000 - 0x00007ffb78f59000 	C:\Users\muham\.jdks\temurin-11.0.14.1\bin\net.dll
0x00007ffb981c0000 - 0x00007ffb982cc000 	C:\WINDOWS\SYSTEM32\WINHTTP.dll
0x00007ffba52f0000 - 0x00007ffba535a000 	C:\WINDOWS\system32\mswsock.dll
0x00007ffb78f20000 - 0x00007ffb78f33000 	C:\Users\muham\.jdks\temurin-11.0.14.1\bin\nio.dll
0x00007ffb799c0000 - 0x00007ffb799e7000 	C:\Users\muham\.gradle\native\e1d6ef7f7dcc3fd88c89a11ec53ec762bb8ba0a96d01ffa2cd45eb1d1d8dd5c5\windows-amd64\native-platform.dll
0x00007ffb65960000 - 0x00007ffb65aa4000 	C:\Users\muham\.gradle\native\5664cfc778a61ccfe75a443a1ab52a65af34e5dc3c78e0209fed803814484fcb\windows-amd64\native-platform-file-events.dll
0x00007ffb97340000 - 0x00007ffb97349000 	C:\Users\muham\.jdks\temurin-11.0.14.1\bin\management.dll
0x00007ffb972a0000 - 0x00007ffb972ab000 	C:\Users\muham\.jdks\temurin-11.0.14.1\bin\management_ext.dll
0x00007ffba54e0000 - 0x00007ffba54f8000 	C:\WINDOWS\SYSTEM32\CRYPTSP.dll
0x00007ffba4c00000 - 0x00007ffba4c34000 	C:\WINDOWS\system32\rsaenh.dll
0x00007ffba6350000 - 0x00007ffba6377000 	C:\WINDOWS\System32\bcrypt.dll
0x00007ffba5a00000 - 0x00007ffba5a2e000 	C:\WINDOWS\SYSTEM32\USERENV.dll
0x00007ffba5500000 - 0x00007ffba550c000 	C:\WINDOWS\SYSTEM32\CRYPTBASE.dll
0x00007ffba4f90000 - 0x00007ffba4fcb000 	C:\WINDOWS\SYSTEM32\IPHLPAPI.DLL
0x00007ffba7190000 - 0x00007ffba7198000 	C:\WINDOWS\System32\NSI.dll
0x00007ffb9a910000 - 0x00007ffb9a927000 	C:\WINDOWS\SYSTEM32\dhcpcsvc6.DLL
0x00007ffb9aa20000 - 0x00007ffb9aa3d000 	C:\WINDOWS\SYSTEM32\dhcpcsvc.DLL
0x00007ffba4fe0000 - 0x00007ffba50ab000 	C:\WINDOWS\SYSTEM32\DNSAPI.dll

dbghelp: loaded successfully - version: 4.0.5 - missing functions: none
symbol engine: initialized successfully - sym options: 0x614 - pdb path: .;C:\Users\muham\.jdks\temurin-11.0.14.1\bin;C:\WINDOWS\SYSTEM32;C:\WINDOWS\WinSxS\amd64_microsoft.windows.common-controls_6595b64144ccf1df_6.0.19041.1110_none_60b5254171f9507e;C:\Users\muham\.jdks\temurin-11.0.14.1\bin\server;C:\Users\muham\.gradle\native\e1d6ef7f7dcc3fd88c89a11ec53ec762bb8ba0a96d01ffa2cd45eb1d1d8dd5c5\windows-amd64;C:\Users\muham\.gradle\native\5664cfc778a61ccfe75a443a1ab52a65af34e5dc3c78e0209fed803814484fcb\windows-amd64

VM Arguments:
jvm_args: --add-opens=java.base/java.util=ALL-UNNAMED --add-opens=java.base/java.lang=ALL-UNNAMED --add-opens=java.base/java.lang.invoke=ALL-UNNAMED --add-opens=java.base/java.util=ALL-UNNAMED --add-opens=java.prefs/java.util.prefs=ALL-UNNAMED --add-opens=java.prefs/java.util.prefs=ALL-UNNAMED --add-opens=java.base/java.nio.charset=ALL-UNNAMED --add-opens=java.base/java.net=ALL-UNNAMED --add-opens=java.base/java.util.concurrent.atomic=ALL-UNNAMED -Xmx2048m -Dfile.encoding=UTF-8 -Duser.country=ID -Duser.language=en -Duser.variant 
java_command: org.gradle.launcher.daemon.bootstrap.GradleDaemon 7.2
java_class_path (initial): C:\Users\muham\.gradle\wrapper\dists\gradle-7.2-bin\2dnblmf4td7x66yl1d74lt32g\gradle-7.2\lib\gradle-launcher-7.2.jar
Launcher Type: SUN_STANDARD

[Global flags]
     intx CICompilerCount                          = 3                                         {product} {ergonomic}
     uint ConcGCThreads                            = 1                                         {product} {ergonomic}
     uint G1ConcRefinementThreads                  = 4                                         {product} {ergonomic}
   size_t G1HeapRegionSize                         = 1048576                                   {product} {ergonomic}
    uintx GCDrainStackTargetSize                   = 64                                        {product} {ergonomic}
   size_t InitialHeapSize                          = 167772160                                 {product} {ergonomic}
   size_t MarkStackSize                            = 4194304                                   {product} {ergonomic}
   size_t MaxHeapSize                              = 2147483648                                {product} {command line}
   size_t MaxNewSize                               = 1287651328                                {product} {ergonomic}
   size_t MinHeapDeltaBytes                        = 1048576                                   {product} {ergonomic}
    uintx NonNMethodCodeHeapSize                   = 5830732                                {pd product} {ergonomic}
    uintx NonProfiledCodeHeapSize                  = 122913754                              {pd product} {ergonomic}
    uintx ProfiledCodeHeapSize                     = 122913754                              {pd product} {ergonomic}
    uintx ReservedCodeCacheSize                    = 251658240                              {pd product} {ergonomic}
     bool SegmentedCodeCache                       = true                                      {product} {ergonomic}
     bool UseCompressedClassPointers               = true                                 {lp64_product} {ergonomic}
     bool UseCompressedOops                        = true                                 {lp64_product} {ergonomic}
     bool UseG1GC                                  = true                                      {product} {ergonomic}
     bool UseLargePagesIndividualAllocation        = false                                  {pd product} {ergonomic}

Logging:
Log output configuration:
 #0: stdout all=warning uptime,level,tags
 #1: stderr all=off uptime,level,tags

Environment Variables:
JAVA_HOME=C:\Program Files\Java\jdk1.8.0_111
PATH=C:\ProgramData\Oracle\Java\javapath;C:\Windows\system32;C:\Windows;C:\Windows\System32\Wbem;C:\Windows\System32\WindowsPowerShell\v1.0\;C:\Windows\System32\OpenSSH\;C:\Program Files (x86)\NVIDIA Corporation\PhysX\Common;C:\Program Files\NVIDIA Corporation\NVIDIA NvDLISR;C:\Program Files\Java\jdk1.8.0_111;C:\Program Files\Java\jdk1.8.0_111\bin;C:\WINDOWS\system32;C:\WINDOWS;C:\WINDOWS\System32\Wbem;C:\WINDOWS\System32\WindowsPowerShell\v1.0\;C:\WINDOWS\System32\OpenSSH\;C:\Program Files\nodejs\;C:\xampp\php\;C:\Program Files\Git\cmd;C:\Users\muham\AppData\Local\Microsoft\WindowsApps;C:\Users\muham\AppData\Local\Programs\Microsoft VS Code\bin;flutter\bin;C:\Users\muham\AppData\Roaming\npm;
USERNAME=muham
OS=Windows_NT
PROCESSOR_IDENTIFIER=Intel64 Family 6 Model 61 Stepping 4, GenuineIntel



---------------  S Y S T E M  ---------------

OS: Windows 10 , 64 bit Build 19041 (10.0.19041.1503)
OS uptime: 2 days 23:24 hours

CPU:total 4 (initial active 4) (2 cores per cpu, 2 threads per core) family 6 model 61 stepping 4 microcode 0x2d, cmov, cx8, fxsr, mmx, sse, sse2, sse3, ssse3, sse4.1, sse4.2, popcnt, avx, avx2, aes, clmul, erms, 3dnowpref, lzcnt, ht, tsc, tscinvbit, bmi1, bmi2, adx, fma

Memory: 4k page, system-wide physical 10139M (3345M free)
TotalPageFile size 11163M (AvailPageFile size 5M)
current process WorkingSet (physical memory assigned to process): 262M, peak: 262M
current process commit charge ("private bytes"): 382M, peak: 383M

vm_info: OpenJDK 64-Bit Server VM (11.0.14.1+1) for windows-amd64 JRE (11.0.14.1+1), built on Feb  9 2022 01:48:27 by "" with unknown MS VC++:1916

END.
