#
# There is insufficient memory for the Java Runtime Environment to continue.
# Native memory allocation (malloc) failed to allocate 997216 bytes for Chunk::new
# Possible reasons:
#   The system is out of physical RAM or swap space
#   The process is running with CompressedOops enabled, and the Java Heap may be blocking the growth of the native heap
# Possible solutions:
#   Reduce memory load on the system
#   Increase physical memory or swap space
#   Check if swap backing store is full
#   Decrease Java heap size (-Xmx/-Xms)
#   Decrease number of Java threads
#   Decrease Java thread stack sizes (-Xss)
#   Set larger code cache with -XX:ReservedCodeCacheSize=
#   JVM is running with Unscaled Compressed Oops mode in which the Java heap is
#     placed in the first 4GB address space. The Java Heap base address is the
#     maximum limit for the native heap growth. Please use -XX:HeapBaseMinAddress
#     to set the Java Heap base and to place the Java Heap above 4GB virtual address.
# This output file may be truncated or incomplete.
#
#  Out of Memory Error (./src/hotspot/share/memory/arena.cpp:197), pid=5604, tid=120
#
# JRE version: OpenJDK Runtime Environment (11.0.12+7) (build 11.0.12+7-b1504.28-7817840)
# Java VM: OpenJDK 64-Bit Server VM (11.0.12+7-b1504.28-7817840, mixed mode, tiered, compressed oops, g1 gc, windows-amd64)
# No core dump will be written. Minidumps are not enabled by default on client versions of Windows
#

---------------  S U M M A R Y ------------

Command Line: --add-opens=java.base/java.util=ALL-UNNAMED --add-opens=java.base/java.lang=ALL-UNNAMED --add-opens=java.base/java.lang.invoke=ALL-UNNAMED --add-opens=java.base/java.util=ALL-UNNAMED --add-opens=java.prefs/java.util.prefs=ALL-UNNAMED --add-opens=java.prefs/java.util.prefs=ALL-UNNAMED --add-opens=java.base/java.nio.charset=ALL-UNNAMED --add-opens=java.base/java.net=ALL-UNNAMED --add-opens=java.base/java.util.concurrent.atomic=ALL-UNNAMED -Xmx2048m -Dfile.encoding=UTF-8 -Duser.country=ID -Duser.language=en -Duser.variant org.gradle.launcher.daemon.bootstrap.GradleDaemon 7.5.1

Host: Intel(R) Core(TM) i3-5010U CPU @ 2.10GHz, 4 cores, 9G,  Windows 10 , 64 bit Build 19041 (10.0.19041.1806)
Time: Wed Sep 28 08:30:47 2022 SE Asia Standard Time elapsed time: 37.357930 seconds (0d 0h 0m 37s)

---------------  T H R E A D  ---------------

Current thread (0x00000285596db800):  JavaThread "C2 CompilerThread1" daemon [_thread_in_native, id=120, stack(0x000000c19e300000,0x000000c19e400000)]


Current CompileTask:
C2:  37358 12017   !   4       java.lang.reflect.Executable::sharedToGenericString (321 bytes)

Stack: [0x000000c19e300000,0x000000c19e400000]
Native frames: (J=compiled Java code, j=interpreted, Vv=VM code, C=native code)
V  [jvm.dll+0x5fbcea]
V  [jvm.dll+0x731905]
V  [jvm.dll+0x732f1d]
V  [jvm.dll+0x7335d3]
V  [jvm.dll+0x247bf8]
V  [jvm.dll+0xc018c]
V  [jvm.dll+0xc06cc]
V  [jvm.dll+0x2bcc04]
V  [jvm.dll+0x5113a8]
V  [jvm.dll+0x201d61]
V  [jvm.dll+0x1ff71f]
V  [jvm.dll+0x18868c]
V  [jvm.dll+0x20e0d7]
V  [jvm.dll+0x20c901]
V  [jvm.dll+0x6f9b7f]
V  [jvm.dll+0x6f26a5]
V  [jvm.dll+0x5fabf6]
C  [ucrtbase.dll+0x21bb2]
C  [KERNEL32.DLL+0x17034]
C  [ntdll.dll+0x52651]


---------------  P R O C E S S  ---------------

Threads class SMR info:
_java_thread_list=0x0000028557347b90, length=85, elements={
0x000002853544c800, 0x000002854f05d800, 0x000002854f067000, 0x000002854f9d5800,
0x000002854f9d7800, 0x000002854f9da800, 0x000002854f9e1000, 0x000002854f07b000,
0x000002854f07d000, 0x000002854fb4a000, 0x0000028551533000, 0x00000285520ea000,
0x0000028550798000, 0x0000028551dc3000, 0x00000285520e6800, 0x0000028552809800,
0x00000285523ab000, 0x00000285521da800, 0x0000028552676800, 0x000002854ff33800,
0x000002854ff32800, 0x000002854ff30000, 0x000002854ff34000, 0x000002854ff35000,
0x000002854ff2f000, 0x000002854ff31000, 0x000002854ff35800, 0x000002854ff31800,
0x0000028550243800, 0x000002855023f800, 0x000002855023e800, 0x000002855023d800,
0x0000028550242000, 0x0000028550240000, 0x0000028550245000, 0x0000028550249000,
0x0000028550246000, 0x000002855024c800, 0x000002855024a000, 0x000002855024b000,
0x000002855024b800, 0x000002855509f000, 0x00000285550a3000, 0x00000285550a1800,
0x00000285550a0800, 0x00000285550a4800, 0x00000285550a4000, 0x00000285550a2000,
0x00000285550a5800, 0x000002855509f800, 0x00000285550ab000, 0x00000285550a8800,
0x00000285550a8000, 0x00000285550ac000, 0x00000285550a6800, 0x00000285550ad000,
0x00000285550a9800, 0x00000285550a7000, 0x00000285550ad800, 0x00000285550aa800,
0x0000028555604000, 0x0000028555604800, 0x0000028555602000, 0x0000028555600800,
0x00000285555ff000, 0x0000028555605800, 0x0000028555603000, 0x0000028555601800,
0x00000285555ff800, 0x0000028555606800, 0x0000028555609800, 0x0000028555608800,
0x0000028555608000, 0x0000028555607000, 0x000002855560a800, 0x000002855560b000,
0x000002855560c000, 0x000002855560d800, 0x0000028550241000, 0x00000285596e0800,
0x00000285596e0000, 0x00000285596dd800, 0x00000285596e1800, 0x00000285596dc800,
0x00000285596db800
}

Java Threads: ( => current thread )
  0x000002853544c800 JavaThread "main" [_thread_blocked, id=8240, stack(0x000000c19b500000,0x000000c19b600000)]
  0x000002854f05d800 JavaThread "Reference Handler" daemon [_thread_blocked, id=15172, stack(0x000000c19bd00000,0x000000c19be00000)]
  0x000002854f067000 JavaThread "Finalizer" daemon [_thread_blocked, id=11292, stack(0x000000c19be00000,0x000000c19bf00000)]
  0x000002854f9d5800 JavaThread "Signal Dispatcher" daemon [_thread_blocked, id=13948, stack(0x000000c19bf00000,0x000000c19c000000)]
  0x000002854f9d7800 JavaThread "Attach Listener" daemon [_thread_blocked, id=8552, stack(0x000000c19c000000,0x000000c19c100000)]
  0x000002854f9da800 JavaThread "Service Thread" daemon [_thread_blocked, id=10620, stack(0x000000c19c100000,0x000000c19c200000)]
  0x000002854f9e1000 JavaThread "C2 CompilerThread0" daemon [_thread_in_native, id=6296, stack(0x000000c19c200000,0x000000c19c300000)]
  0x000002854f07b000 JavaThread "C1 CompilerThread0" daemon [_thread_blocked, id=9584, stack(0x000000c19c300000,0x000000c19c400000)]
  0x000002854f07d000 JavaThread "Sweeper thread" daemon [_thread_blocked, id=10140, stack(0x000000c19c400000,0x000000c19c500000)]
  0x000002854fb4a000 JavaThread "Common-Cleaner" daemon [_thread_blocked, id=7540, stack(0x000000c19c500000,0x000000c19c600000)]
  0x0000028551533000 JavaThread "Daemon health stats" [_thread_blocked, id=15104, stack(0x000000c19ca00000,0x000000c19cb00000)]
  0x00000285520ea000 JavaThread "Incoming local TCP Connector on port 52415" [_thread_in_native, id=4796, stack(0x000000c19c700000,0x000000c19c800000)]
  0x0000028550798000 JavaThread "Daemon periodic checks" [_thread_blocked, id=11544, stack(0x000000c19cb00000,0x000000c19cc00000)]
  0x0000028551dc3000 JavaThread "Daemon" [_thread_blocked, id=8384, stack(0x000000c19cc00000,0x000000c19cd00000)]
  0x00000285520e6800 JavaThread "Handler for socket connection from /127.0.0.1:52415 to /127.0.0.1:52416" [_thread_in_native, id=12468, stack(0x000000c19cd00000,0x000000c19ce00000)]
  0x0000028552809800 JavaThread "Cancel handler" [_thread_blocked, id=9340, stack(0x000000c19cf00000,0x000000c19d000000)]
  0x00000285523ab000 JavaThread "Daemon worker" [_thread_blocked, id=10708, stack(0x000000c19d000000,0x000000c19d100000)]
  0x00000285521da800 JavaThread "Asynchronous log dispatcher for DefaultDaemonConnection: socket connection from /127.0.0.1:52415 to /127.0.0.1:52416" [_thread_blocked, id=11960, stack(0x000000c19d100000,0x000000c19d200000)]
  0x0000028552676800 JavaThread "Stdin handler" [_thread_blocked, id=6316, stack(0x000000c19d200000,0x000000c19d300000)]
  0x000002854ff33800 JavaThread "Daemon client event forwarder" [_thread_blocked, id=11396, stack(0x000000c19d300000,0x000000c19d400000)]
  0x000002854ff32800 JavaThread "Cache worker for journal cache (C:\Users\muham\.gradle\caches\journal-1)" [_thread_blocked, id=12760, stack(0x000000c19d500000,0x000000c19d600000)]
  0x000002854ff30000 JavaThread "File lock request listener" [_thread_in_native, id=13740, stack(0x000000c19d600000,0x000000c19d700000)]
  0x000002854ff34000 JavaThread "Cache worker for file hash cache (C:\Users\muham\.gradle\caches\7.5.1\fileHashes)" [_thread_blocked, id=8472, stack(0x000000c19ce00000,0x000000c19cf00000)]
  0x000002854ff35000 JavaThread "File watcher server" daemon [_thread_in_native, id=14372, stack(0x000000c19d700000,0x000000c19d800000)]
  0x000002854ff2f000 JavaThread "File watcher consumer" daemon [_thread_blocked, id=6752, stack(0x000000c19d800000,0x000000c19d900000)]
  0x000002854ff31000 JavaThread "jar transforms" [_thread_blocked, id=3068, stack(0x000000c19d900000,0x000000c19da00000)]
  0x000002854ff35800 JavaThread "jar transforms Thread 2" [_thread_blocked, id=11120, stack(0x000000c19da00000,0x000000c19db00000)]
  0x000002854ff31800 JavaThread "jar transforms Thread 3" [_thread_blocked, id=14204, stack(0x000000c19db00000,0x000000c19dc00000)]
  0x0000028550243800 JavaThread "jar transforms Thread 4" [_thread_blocked, id=15120, stack(0x000000c19dc00000,0x000000c19dd00000)]
  0x000002855023f800 JavaThread "Cache worker for checksums cache (D:\Data Kuliah\Semester 12\App\.gradle\7.5.1\checksums)" [_thread_blocked, id=7980, stack(0x000000c19dd00000,0x000000c19de00000)]
  0x000002855023e800 JavaThread "Cache worker for cache directory md-rule (C:\Users\muham\.gradle\caches\7.5.1\md-rule)" [_thread_blocked, id=12296, stack(0x000000c19de00000,0x000000c19df00000)]
  0x000002855023d800 JavaThread "Cache worker for file content cache (C:\Users\muham\.gradle\caches\7.5.1\fileContent)" [_thread_blocked, id=7536, stack(0x000000c19df00000,0x000000c19e000000)]
  0x0000028550242000 JavaThread "Cache worker for file hash cache (D:\Data Kuliah\Semester 12\App\.gradle\7.5.1\fileHashes)" [_thread_blocked, id=6128, stack(0x000000c19e000000,0x000000c19e100000)]
  0x0000028550240000 JavaThread "Cache worker for cache directory md-supplier (C:\Users\muham\.gradle\caches\7.5.1\md-supplier)" [_thread_blocked, id=11164, stack(0x000000c19e100000,0x000000c19e200000)]
  0x0000028550245000 JavaThread "Cache worker for execution history cache (C:\Users\muham\.gradle\caches\7.5.1\executionHistory)" [_thread_blocked, id=7400, stack(0x000000c19e200000,0x000000c19e300000)]
  0x0000028550249000 JavaThread "Cache worker for dependencies-accessors (D:\Data Kuliah\Semester 12\App\.gradle\7.5.1\dependencies-accessors)" [_thread_blocked, id=13104, stack(0x000000c19e400000,0x000000c19e500000)]
  0x0000028550246000 JavaThread "Cache worker for Build Output Cleanup Cache (D:\Data Kuliah\Semester 12\App\.gradle\buildOutputCleanup)" [_thread_blocked, id=8852, stack(0x000000c19e500000,0x000000c19e600000)]
  0x000002855024c800 JavaThread "Unconstrained build operations" [_thread_blocked, id=12580, stack(0x000000c19e600000,0x000000c19e700000)]
  0x000002855024a000 JavaThread "Unconstrained build operations Thread 2" [_thread_blocked, id=2104, stack(0x000000c19e700000,0x000000c19e800000)]
  0x000002855024b000 JavaThread "Unconstrained build operations Thread 3" [_thread_blocked, id=14708, stack(0x000000c19e800000,0x000000c19e900000)]
  0x000002855024b800 JavaThread "Unconstrained build operations Thread 4" [_thread_blocked, id=14572, stack(0x000000c19e900000,0x000000c19ea00000)]
  0x000002855509f000 JavaThread "Unconstrained build operations Thread 5" [_thread_blocked, id=8676, stack(0x000000c19ea00000,0x000000c19eb00000)]
  0x00000285550a3000 JavaThread "Unconstrained build operations Thread 6" [_thread_blocked, id=14328, stack(0x000000c19eb00000,0x000000c19ec00000)]
  0x00000285550a1800 JavaThread "Unconstrained build operations Thread 7" [_thread_blocked, id=11272, stack(0x000000c19ec00000,0x000000c19ed00000)]
  0x00000285550a0800 JavaThread "Unconstrained build operations Thread 8" [_thread_blocked, id=10052, stack(0x000000c19ed00000,0x000000c19ee00000)]
  0x00000285550a4800 JavaThread "Unconstrained build operations Thread 9" [_thread_blocked, id=8560, stack(0x000000c19ee00000,0x000000c19ef00000)]
  0x00000285550a4000 JavaThread "Unconstrained build operations Thread 10" [_thread_blocked, id=1760, stack(0x000000c19ef00000,0x000000c19f000000)]
  0x00000285550a2000 JavaThread "Unconstrained build operations Thread 11" [_thread_blocked, id=14556, stack(0x000000c19f000000,0x000000c19f100000)]
  0x00000285550a5800 JavaThread "Unconstrained build operations Thread 12" [_thread_blocked, id=13980, stack(0x000000c19f100000,0x000000c19f200000)]
  0x000002855509f800 JavaThread "Unconstrained build operations Thread 13" [_thread_blocked, id=11296, stack(0x000000c19f200000,0x000000c19f300000)]
  0x00000285550ab000 JavaThread "Unconstrained build operations Thread 14" [_thread_blocked, id=11800, stack(0x000000c19f300000,0x000000c19f400000)]
  0x00000285550a8800 JavaThread "Unconstrained build operations Thread 15" [_thread_blocked, id=15320, stack(0x000000c19f400000,0x000000c19f500000)]
  0x00000285550a8000 JavaThread "Unconstrained build operations Thread 16" [_thread_blocked, id=5988, stack(0x000000c19f500000,0x000000c19f600000)]
  0x00000285550ac000 JavaThread "Unconstrained build operations Thread 17" [_thread_blocked, id=11964, stack(0x000000c19f600000,0x000000c19f700000)]
  0x00000285550a6800 JavaThread "Unconstrained build operations Thread 18" [_thread_blocked, id=13940, stack(0x000000c19f700000,0x000000c19f800000)]
  0x00000285550ad000 JavaThread "Unconstrained build operations Thread 19" [_thread_blocked, id=11756, stack(0x000000c19f800000,0x000000c19f900000)]
  0x00000285550a9800 JavaThread "Unconstrained build operations Thread 20" [_thread_blocked, id=14468, stack(0x000000c19f900000,0x000000c19fa00000)]
  0x00000285550a7000 JavaThread "Unconstrained build operations Thread 21" [_thread_blocked, id=6176, stack(0x000000c19fa00000,0x000000c19fb00000)]
  0x00000285550ad800 JavaThread "Unconstrained build operations Thread 22" [_thread_blocked, id=12996, stack(0x000000c19fb00000,0x000000c19fc00000)]
  0x00000285550aa800 JavaThread "Unconstrained build operations Thread 23" [_thread_blocked, id=11260, stack(0x000000c19fc00000,0x000000c19fd00000)]
  0x0000028555604000 JavaThread "Unconstrained build operations Thread 24" [_thread_blocked, id=14384, stack(0x000000c19fd00000,0x000000c19fe00000)]
  0x0000028555604800 JavaThread "Unconstrained build operations Thread 25" [_thread_blocked, id=12604, stack(0x000000c19fe00000,0x000000c19ff00000)]
  0x0000028555602000 JavaThread "Unconstrained build operations Thread 26" [_thread_blocked, id=4584, stack(0x000000c19ff00000,0x000000c1a0000000)]
  0x0000028555600800 JavaThread "Unconstrained build operations Thread 27" [_thread_blocked, id=14604, stack(0x000000c1a0000000,0x000000c1a0100000)]
  0x00000285555ff000 JavaThread "Unconstrained build operations Thread 28" [_thread_blocked, id=10256, stack(0x000000c1a0100000,0x000000c1a0200000)]
  0x0000028555605800 JavaThread "Unconstrained build operations Thread 29" [_thread_blocked, id=10588, stack(0x000000c1a0200000,0x000000c1a0300000)]
  0x0000028555603000 JavaThread "Unconstrained build operations Thread 30" [_thread_blocked, id=6372, stack(0x000000c1a0300000,0x000000c1a0400000)]
  0x0000028555601800 JavaThread "Unconstrained build operations Thread 31" [_thread_blocked, id=8856, stack(0x000000c1a0400000,0x000000c1a0500000)]
  0x00000285555ff800 JavaThread "Unconstrained build operations Thread 32" [_thread_blocked, id=12596, stack(0x000000c1a0500000,0x000000c1a0600000)]
  0x0000028555606800 JavaThread "Unconstrained build operations Thread 33" [_thread_blocked, id=10648, stack(0x000000c1a0600000,0x000000c1a0700000)]
  0x0000028555609800 JavaThread "Unconstrained build operations Thread 34" [_thread_blocked, id=7356, stack(0x000000c1a0700000,0x000000c1a0800000)]
  0x0000028555608800 JavaThread "Unconstrained build operations Thread 35" [_thread_blocked, id=7264, stack(0x000000c1a0800000,0x000000c1a0900000)]
  0x0000028555608000 JavaThread "Unconstrained build operations Thread 36" [_thread_blocked, id=2596, stack(0x000000c1a0900000,0x000000c1a0a00000)]
  0x0000028555607000 JavaThread "Unconstrained build operations Thread 37" [_thread_blocked, id=1652, stack(0x000000c1a0a00000,0x000000c1a0b00000)]
  0x000002855560a800 JavaThread "Unconstrained build operations Thread 38" [_thread_blocked, id=8136, stack(0x000000c1a0b00000,0x000000c1a0c00000)]
  0x000002855560b000 JavaThread "Unconstrained build operations Thread 39" [_thread_blocked, id=6820, stack(0x000000c1a0c00000,0x000000c1a0d00000)]
  0x000002855560c000 JavaThread "Unconstrained build operations Thread 40" [_thread_blocked, id=3092, stack(0x000000c1a0d00000,0x000000c1a0e00000)]
  0x000002855560d800 JavaThread "Memory manager" [_thread_blocked, id=10224, stack(0x000000c1a0e00000,0x000000c1a0f00000)]
  0x0000028550241000 JavaThread "pool-3-thread-1" [_thread_blocked, id=2668, stack(0x000000c1a0f00000,0x000000c1a1000000)]
  0x00000285596e0800 JavaThread "included builds" [_thread_blocked, id=2372, stack(0x000000c1a1000000,0x000000c1a1100000)]
  0x00000285596e0000 JavaThread "Execution worker" [_thread_blocked, id=14992, stack(0x000000c1a1100000,0x000000c1a1200000)]
  0x00000285596dd800 JavaThread "Execution worker Thread 2" [_thread_blocked, id=15056, stack(0x000000c1a1200000,0x000000c1a1300000)]
  0x00000285596e1800 JavaThread "Execution worker Thread 3" [_thread_blocked, id=6156, stack(0x000000c1a1300000,0x000000c1a1400000)]
  0x00000285596dc800 JavaThread "Cache worker for execution history cache (D:\Data Kuliah\Semester 12\App\.gradle\7.5.1\executionHistory)" [_thread_blocked, id=14176, stack(0x000000c1a1400000,0x000000c1a1500000)]
=>0x00000285596db800 JavaThread "C2 CompilerThread1" daemon [_thread_in_native, id=120, stack(0x000000c19e300000,0x000000c19e400000)]

Other Threads:
  0x000002854f059800 VMThread "VM Thread" [stack: 0x000000c19bc00000,0x000000c19bd00000] [id=12536]
  0x000002854fb5c000 WatcherThread [stack: 0x000000c19c600000,0x000000c19c700000] [id=5644]
  0x0000028535466000 GCTaskThread "GC Thread#0" [stack: 0x000000c19b700000,0x000000c19b800000] [id=13600]
  0x000002854ff69800 GCTaskThread "GC Thread#1" [stack: 0x000000c19c800000,0x000000c19c900000] [id=7280]
  0x000002854ff6a800 GCTaskThread "GC Thread#2" [stack: 0x000000c19c900000,0x000000c19ca00000] [id=11076]
  0x000002854ffd0000 GCTaskThread "GC Thread#3" [stack: 0x000000c19d400000,0x000000c19d500000] [id=9444]
  0x0000028535496800 ConcurrentGCThread "G1 Main Marker" [stack: 0x000000c19b800000,0x000000c19b900000] [id=1432]
  0x0000028535498800 ConcurrentGCThread "G1 Conc#0" [stack: 0x000000c19b900000,0x000000c19ba00000] [id=2444]
  0x000002854eea2800 ConcurrentGCThread "G1 Refine#0" [stack: 0x000000c19ba00000,0x000000c19bb00000] [id=6608]
  0x000002854eea3000 ConcurrentGCThread "G1 Young RemSet Sampling" [stack: 0x000000c19bb00000,0x000000c19bc00000] [id=15168]

Threads with active compile tasks:
C2 CompilerThread0  37427 11823       4       org.gradle.tooling.internal.adapter.ProtocolToModelAdapter$InvocationHandlerImpl::invoke (176 bytes)
C1 CompilerThread0  37427 12128       3       java.io.SerialCallbackContext::getObj (9 bytes)
C2 CompilerThread1  37427 12017   !   4       java.lang.reflect.Executable::sharedToGenericString (321 bytes)

VM state:at safepoint (normal execution)

VM Mutex/Monitor currently owned by a thread:  ([mutex/lock_event])
[0x00000285354488e0] Threads_lock - owner thread: 0x000002854f059800
[0x0000028535449540] Heap_lock - owner thread: 0x000002854f07b000
[0x000002853544baf0] MethodData_lock - owner thread: 0x000002854f07b000

Heap address: 0x0000000080000000, size: 2048 MB, Compressed Oops mode: 32-bit
Narrow klass base: 0x0000000000000000, Narrow klass shift: 3
Compressed class space size: 1073741824 Address: 0x0000000100000000

Heap:
 garbage-first heap   total 236544K, used 128125K [0x0000000080000000, 0x0000000100000000)
  region size 1024K, 6 young (6144K), 6 survivors (6144K)
 Metaspace       used 99175K, capacity 101926K, committed 102016K, reserved 1146880K
  class space    used 12642K, capacity 13648K, committed 13696K, reserved 1048576K
Heap Regions: E=young(eden), S=young(survivor), O=old, HS=humongous(starts), HC=humongous(continues), CS=collection set, F=free, A=archive, TAMS=top-at-mark-start (previous, next)
|   0|0x0000000080000000, 0x0000000080100000, 0x0000000080100000|100%|HS|  |TAMS 0x0000000080100000, 0x0000000080100000| Complete 
|   1|0x0000000080100000, 0x0000000080200000, 0x0000000080200000|100%|HC|  |TAMS 0x0000000080200000, 0x0000000080200000| Complete 
|   2|0x0000000080200000, 0x0000000080300000, 0x0000000080300000|100%|HC|  |TAMS 0x0000000080300000, 0x0000000080300000| Complete 
|   3|0x0000000080300000, 0x0000000080400000, 0x0000000080400000|100%| O|  |TAMS 0x0000000080400000, 0x0000000080400000| Untracked 
|   4|0x0000000080400000, 0x0000000080500000, 0x0000000080500000|100%| O|  |TAMS 0x0000000080500000, 0x0000000080500000| Untracked 
|   5|0x0000000080500000, 0x0000000080600000, 0x0000000080600000|100%| O|  |TAMS 0x0000000080600000, 0x0000000080600000| Untracked 
|   6|0x0000000080600000, 0x0000000080700000, 0x0000000080700000|100%| O|  |TAMS 0x0000000080700000, 0x0000000080700000| Untracked 
|   7|0x0000000080700000, 0x0000000080800000, 0x0000000080800000|100%| O|  |TAMS 0x0000000080800000, 0x0000000080800000| Untracked 
|   8|0x0000000080800000, 0x0000000080900000, 0x0000000080900000|100%| O|  |TAMS 0x0000000080900000, 0x0000000080900000| Untracked 
|   9|0x0000000080900000, 0x0000000080a00000, 0x0000000080a00000|100%| O|  |TAMS 0x0000000080a00000, 0x0000000080a00000| Untracked 
|  10|0x0000000080a00000, 0x0000000080b00000, 0x0000000080b00000|100%| O|  |TAMS 0x0000000080b00000, 0x0000000080b00000| Untracked 
|  11|0x0000000080b00000, 0x0000000080c00000, 0x0000000080c00000|100%| O|  |TAMS 0x0000000080c00000, 0x0000000080c00000| Untracked 
|  12|0x0000000080c00000, 0x0000000080d00000, 0x0000000080d00000|100%| O|  |TAMS 0x0000000080d00000, 0x0000000080d00000| Untracked 
|  13|0x0000000080d00000, 0x0000000080e00000, 0x0000000080e00000|100%| O|  |TAMS 0x0000000080e00000, 0x0000000080e00000| Untracked 
|  14|0x0000000080e00000, 0x0000000080f00000, 0x0000000080f00000|100%| O|  |TAMS 0x0000000080f00000, 0x0000000080f00000| Untracked 
|  15|0x0000000080f00000, 0x0000000081000000, 0x0000000081000000|100%| O|  |TAMS 0x0000000081000000, 0x0000000081000000| Untracked 
|  16|0x0000000081000000, 0x0000000081100000, 0x0000000081100000|100%|HS|  |TAMS 0x0000000081100000, 0x0000000081100000| Complete 
|  17|0x0000000081100000, 0x0000000081200000, 0x0000000081200000|100%|HC|  |TAMS 0x0000000081200000, 0x0000000081200000| Complete 
|  18|0x0000000081200000, 0x0000000081300000, 0x0000000081300000|100%|HS|  |TAMS 0x0000000081300000, 0x0000000081300000| Complete 
|  19|0x0000000081300000, 0x0000000081400000, 0x0000000081400000|100%|HC|  |TAMS 0x0000000081400000, 0x0000000081400000| Complete 
|  20|0x0000000081400000, 0x0000000081500000, 0x0000000081500000|100%|HC|  |TAMS 0x0000000081500000, 0x0000000081500000| Complete 
|  21|0x0000000081500000, 0x0000000081600000, 0x0000000081600000|100%|HS|  |TAMS 0x0000000081600000, 0x0000000081600000| Complete 
|  22|0x0000000081600000, 0x0000000081700000, 0x0000000081700000|100%|HS|  |TAMS 0x0000000081700000, 0x0000000081700000| Complete 
|  23|0x0000000081700000, 0x0000000081800000, 0x0000000081800000|100%|HC|  |TAMS 0x0000000081800000, 0x0000000081800000| Complete 
|  24|0x0000000081800000, 0x0000000081900000, 0x0000000081900000|100%|HC|  |TAMS 0x0000000081900000, 0x0000000081900000| Complete 
|  25|0x0000000081900000, 0x0000000081a00000, 0x0000000081a00000|100%|HC|  |TAMS 0x0000000081a00000, 0x0000000081a00000| Complete 
|  26|0x0000000081a00000, 0x0000000081b00000, 0x0000000081b00000|100%| O|  |TAMS 0x0000000081b00000, 0x0000000081b00000| Untracked 
|  27|0x0000000081b00000, 0x0000000081c00000, 0x0000000081c00000|100%| O|  |TAMS 0x0000000081c00000, 0x0000000081c00000| Untracked 
|  28|0x0000000081c00000, 0x0000000081d00000, 0x0000000081d00000|100%| O|  |TAMS 0x0000000081d00000, 0x0000000081d00000| Untracked 
|  29|0x0000000081d00000, 0x0000000081e00000, 0x0000000081e00000|100%|HS|  |TAMS 0x0000000081e00000, 0x0000000081e00000| Complete 
|  30|0x0000000081e00000, 0x0000000081f00000, 0x0000000081f00000|100%|HS|  |TAMS 0x0000000081f00000, 0x0000000081f00000| Complete 
|  31|0x0000000081f00000, 0x0000000082000000, 0x0000000082000000|100%| O|  |TAMS 0x0000000082000000, 0x0000000082000000| Untracked 
|  32|0x0000000082000000, 0x0000000082100000, 0x0000000082100000|100%| O|  |TAMS 0x0000000082100000, 0x0000000082100000| Untracked 
|  33|0x0000000082100000, 0x0000000082200000, 0x0000000082200000|100%| O|  |TAMS 0x0000000082200000, 0x0000000082200000| Untracked 
|  34|0x0000000082200000, 0x0000000082300000, 0x0000000082300000|100%| O|  |TAMS 0x0000000082300000, 0x0000000082300000| Untracked 
|  35|0x0000000082300000, 0x0000000082400000, 0x0000000082400000|100%| O|  |TAMS 0x0000000082400000, 0x0000000082400000| Untracked 
|  36|0x0000000082400000, 0x0000000082500000, 0x0000000082500000|100%| O|  |TAMS 0x0000000082500000, 0x0000000082500000| Untracked 
|  37|0x0000000082500000, 0x0000000082600000, 0x0000000082600000|100%|HS|  |TAMS 0x0000000082600000, 0x0000000082600000| Complete 
|  38|0x0000000082600000, 0x0000000082700000, 0x0000000082700000|100%|HC|  |TAMS 0x0000000082700000, 0x0000000082700000| Complete 
|  39|0x0000000082700000, 0x0000000082800000, 0x0000000082800000|100%|HC|  |TAMS 0x0000000082800000, 0x0000000082800000| Complete 
|  40|0x0000000082800000, 0x0000000082900000, 0x0000000082900000|100%| O|  |TAMS 0x0000000082900000, 0x0000000082900000| Untracked 
|  41|0x0000000082900000, 0x0000000082a00000, 0x0000000082a00000|100%| O|  |TAMS 0x0000000082a00000, 0x0000000082a00000| Untracked 
|  42|0x0000000082a00000, 0x0000000082b00000, 0x0000000082b00000|100%| O|  |TAMS 0x0000000082b00000, 0x0000000082b00000| Untracked 
|  43|0x0000000082b00000, 0x0000000082c00000, 0x0000000082c00000|100%| O|  |TAMS 0x0000000082c00000, 0x0000000082c00000| Untracked 
|  44|0x0000000082c00000, 0x0000000082d00000, 0x0000000082d00000|100%| O|  |TAMS 0x0000000082d00000, 0x0000000082d00000| Untracked 
|  45|0x0000000082d00000, 0x0000000082e00000, 0x0000000082e00000|100%| O|  |TAMS 0x0000000082e00000, 0x0000000082e00000| Untracked 
|  46|0x0000000082e00000, 0x0000000082f00000, 0x0000000082f00000|100%|HS|  |TAMS 0x0000000082f00000, 0x0000000082f00000| Complete 
|  47|0x0000000082f00000, 0x0000000083000000, 0x0000000083000000|100%|HC|  |TAMS 0x0000000083000000, 0x0000000083000000| Complete 
|  48|0x0000000083000000, 0x0000000083100000, 0x0000000083100000|100%|HC|  |TAMS 0x0000000083100000, 0x0000000083100000| Complete 
|  49|0x0000000083100000, 0x0000000083200000, 0x0000000083200000|100%|HC|  |TAMS 0x0000000083200000, 0x0000000083200000| Complete 
|  50|0x0000000083200000, 0x0000000083300000, 0x0000000083300000|100%|HS|  |TAMS 0x0000000083300000, 0x0000000083300000| Complete 
|  51|0x0000000083300000, 0x0000000083400000, 0x0000000083400000|100%|HS|  |TAMS 0x0000000083400000, 0x0000000083400000| Complete 
|  52|0x0000000083400000, 0x0000000083500000, 0x0000000083500000|100%|HC|  |TAMS 0x0000000083500000, 0x0000000083500000| Complete 
|  53|0x0000000083500000, 0x0000000083600000, 0x0000000083600000|100%| O|  |TAMS 0x0000000083600000, 0x0000000083600000| Untracked 
|  54|0x0000000083600000, 0x0000000083700000, 0x0000000083700000|100%| O|  |TAMS 0x0000000083700000, 0x0000000083700000| Untracked 
|  55|0x0000000083700000, 0x0000000083800000, 0x0000000083800000|100%| O|  |TAMS 0x0000000083800000, 0x0000000083800000| Untracked 
|  56|0x0000000083800000, 0x0000000083900000, 0x0000000083900000|100%| O|  |TAMS 0x0000000083900000, 0x0000000083900000| Untracked 
|  57|0x0000000083900000, 0x0000000083a00000, 0x0000000083a00000|100%| O|  |TAMS 0x0000000083a00000, 0x0000000083a00000| Untracked 
|  58|0x0000000083a00000, 0x0000000083b00000, 0x0000000083b00000|100%| O|  |TAMS 0x0000000083b00000, 0x0000000083b00000| Untracked 
|  59|0x0000000083b00000, 0x0000000083c00000, 0x0000000083c00000|100%| O|  |TAMS 0x0000000083c00000, 0x0000000083c00000| Untracked 
|  60|0x0000000083c00000, 0x0000000083d00000, 0x0000000083d00000|100%| O|  |TAMS 0x0000000083d00000, 0x0000000083d00000| Untracked 
|  61|0x0000000083d00000, 0x0000000083e00000, 0x0000000083e00000|100%| O|  |TAMS 0x0000000083e00000, 0x0000000083e00000| Untracked 
|  62|0x0000000083e00000, 0x0000000083f00000, 0x0000000083f00000|100%| O|  |TAMS 0x0000000083f00000, 0x0000000083f00000| Untracked 
|  63|0x0000000083f00000, 0x0000000084000000, 0x0000000084000000|100%| O|  |TAMS 0x0000000084000000, 0x0000000084000000| Untracked 
|  64|0x0000000084000000, 0x0000000084100000, 0x0000000084100000|100%| O|  |TAMS 0x0000000084100000, 0x0000000084100000| Untracked 
|  65|0x0000000084100000, 0x0000000084200000, 0x0000000084200000|100%| O|  |TAMS 0x0000000084200000, 0x0000000084200000| Untracked 
|  66|0x0000000084200000, 0x0000000084300000, 0x0000000084300000|100%| O|  |TAMS 0x0000000084300000, 0x0000000084300000| Untracked 
|  67|0x0000000084300000, 0x0000000084400000, 0x0000000084400000|100%| O|  |TAMS 0x0000000084400000, 0x0000000084400000| Untracked 
|  68|0x0000000084400000, 0x0000000084500000, 0x0000000084500000|100%| O|  |TAMS 0x0000000084500000, 0x0000000084500000| Untracked 
|  69|0x0000000084500000, 0x0000000084600000, 0x0000000084600000|100%| O|  |TAMS 0x0000000084600000, 0x0000000084600000| Untracked 
|  70|0x0000000084600000, 0x0000000084700000, 0x0000000084700000|100%| O|  |TAMS 0x0000000084700000, 0x0000000084700000| Untracked 
|  71|0x0000000084700000, 0x0000000084800000, 0x0000000084800000|100%| O|  |TAMS 0x0000000084800000, 0x0000000084800000| Untracked 
|  72|0x0000000084800000, 0x0000000084900000, 0x0000000084900000|100%| O|  |TAMS 0x0000000084900000, 0x0000000084900000| Untracked 
|  73|0x0000000084900000, 0x0000000084a00000, 0x0000000084a00000|100%| O|  |TAMS 0x0000000084a00000, 0x0000000084a00000| Untracked 
|  74|0x0000000084a00000, 0x0000000084b00000, 0x0000000084b00000|100%|HS|  |TAMS 0x0000000084b00000, 0x0000000084b00000| Complete 
|  75|0x0000000084b00000, 0x0000000084c00000, 0x0000000084c00000|100%|HC|  |TAMS 0x0000000084c00000, 0x0000000084c00000| Complete 
|  76|0x0000000084c00000, 0x0000000084d00000, 0x0000000084d00000|100%| O|  |TAMS 0x0000000084d00000, 0x0000000084d00000| Untracked 
|  77|0x0000000084d00000, 0x0000000084e00000, 0x0000000084e00000|100%| O|  |TAMS 0x0000000084e00000, 0x0000000084e00000| Untracked 
|  78|0x0000000084e00000, 0x0000000084f00000, 0x0000000084f00000|100%| O|  |TAMS 0x0000000084f00000, 0x0000000084f00000| Untracked 
|  79|0x0000000084f00000, 0x0000000085000000, 0x0000000085000000|100%| O|  |TAMS 0x0000000085000000, 0x0000000085000000| Untracked 
|  80|0x0000000085000000, 0x0000000085100000, 0x0000000085100000|100%| O|  |TAMS 0x0000000085100000, 0x0000000085100000| Untracked 
|  81|0x0000000085100000, 0x0000000085200000, 0x0000000085200000|100%|HS|  |TAMS 0x0000000085200000, 0x0000000085200000| Complete 
|  82|0x0000000085200000, 0x0000000085300000, 0x0000000085300000|100%|HC|  |TAMS 0x0000000085300000, 0x0000000085300000| Complete 
|  83|0x0000000085300000, 0x0000000085400000, 0x0000000085400000|100%|HC|  |TAMS 0x0000000085400000, 0x0000000085400000| Complete 
|  84|0x0000000085400000, 0x0000000085500000, 0x0000000085500000|100%|HS|  |TAMS 0x0000000085500000, 0x0000000085500000| Complete 
|  85|0x0000000085500000, 0x0000000085600000, 0x0000000085600000|100%| O|  |TAMS 0x0000000085600000, 0x0000000085600000| Untracked 
|  86|0x0000000085600000, 0x0000000085700000, 0x0000000085700000|100%| O|  |TAMS 0x0000000085700000, 0x0000000085700000| Untracked 
|  87|0x0000000085700000, 0x0000000085800000, 0x0000000085800000|100%| O|  |TAMS 0x0000000085800000, 0x0000000085800000| Untracked 
|  88|0x0000000085800000, 0x0000000085900000, 0x0000000085900000|100%| O|  |TAMS 0x0000000085900000, 0x0000000085900000| Untracked 
|  89|0x0000000085900000, 0x0000000085a00000, 0x0000000085a00000|100%| O|  |TAMS 0x0000000085a00000, 0x0000000085a00000| Untracked 
|  90|0x0000000085a00000, 0x0000000085b00000, 0x0000000085b00000|100%| O|  |TAMS 0x0000000085b00000, 0x0000000085b00000| Untracked 
|  91|0x0000000085b00000, 0x0000000085c00000, 0x0000000085c00000|100%| O|  |TAMS 0x0000000085c00000, 0x0000000085c00000| Untracked 
|  92|0x0000000085c00000, 0x0000000085d00000, 0x0000000085d00000|100%| O|  |TAMS 0x0000000085d00000, 0x0000000085d00000| Untracked 
|  93|0x0000000085d00000, 0x0000000085e00000, 0x0000000085e00000|100%| O|  |TAMS 0x0000000085e00000, 0x0000000085e00000| Untracked 
|  94|0x0000000085e00000, 0x0000000085f00000, 0x0000000085f00000|100%|HS|  |TAMS 0x0000000085f00000, 0x0000000085f00000| Complete 
|  95|0x0000000085f00000, 0x0000000086000000, 0x0000000086000000|100%|HC|  |TAMS 0x0000000086000000, 0x0000000086000000| Complete 
|  96|0x0000000086000000, 0x0000000086100000, 0x0000000086100000|100%|HC|  |TAMS 0x0000000086100000, 0x0000000086100000| Complete 
|  97|0x0000000086100000, 0x0000000086200000, 0x0000000086200000|100%|HC|  |TAMS 0x0000000086200000, 0x0000000086200000| Complete 
|  98|0x0000000086200000, 0x0000000086300000, 0x0000000086300000|100%| O|  |TAMS 0x0000000086300000, 0x0000000086300000| Untracked 
|  99|0x0000000086300000, 0x0000000086400000, 0x0000000086400000|100%| O|  |TAMS 0x0000000086400000, 0x0000000086400000| Untracked 
| 100|0x0000000086400000, 0x0000000086500000, 0x0000000086500000|100%| O|  |TAMS 0x0000000086500000, 0x0000000086500000| Untracked 
| 101|0x0000000086500000, 0x0000000086600000, 0x0000000086600000|100%| O|  |TAMS 0x0000000086600000, 0x0000000086600000| Untracked 
| 102|0x0000000086600000, 0x0000000086700000, 0x0000000086700000|100%| O|  |TAMS 0x0000000086700000, 0x0000000086700000| Untracked 
| 103|0x0000000086700000, 0x0000000086800000, 0x0000000086800000|100%| O|  |TAMS 0x0000000086800000, 0x0000000086800000| Untracked 
| 104|0x0000000086800000, 0x0000000086900000, 0x0000000086900000|100%| O|  |TAMS 0x0000000086900000, 0x0000000086900000| Untracked 
| 105|0x0000000086900000, 0x0000000086a00000, 0x0000000086a00000|100%| O|  |TAMS 0x0000000086a00000, 0x0000000086a00000| Untracked 
| 106|0x0000000086a00000, 0x0000000086b00000, 0x0000000086b00000|100%| O|  |TAMS 0x0000000086b00000, 0x0000000086b00000| Untracked 
| 107|0x0000000086b00000, 0x0000000086c00000, 0x0000000086c00000|100%| O|  |TAMS 0x0000000086c00000, 0x0000000086c00000| Untracked 
| 108|0x0000000086c00000, 0x0000000086d00000, 0x0000000086d00000|100%| O|  |TAMS 0x0000000086d00000, 0x0000000086d00000| Untracked 
| 109|0x0000000086d00000, 0x0000000086e00000, 0x0000000086e00000|100%| O|  |TAMS 0x0000000086e00000, 0x0000000086e00000| Untracked 
| 110|0x0000000086e00000, 0x0000000086f00000, 0x0000000086f00000|100%| O|  |TAMS 0x0000000086f00000, 0x0000000086f00000| Untracked 
| 111|0x0000000086f00000, 0x0000000087000000, 0x0000000087000000|100%| O|  |TAMS 0x0000000087000000, 0x0000000087000000| Untracked 
| 112|0x0000000087000000, 0x0000000087100000, 0x0000000087100000|100%| O|  |TAMS 0x0000000087100000, 0x0000000087100000| Untracked 
| 113|0x0000000087100000, 0x0000000087200000, 0x0000000087200000|100%| O|  |TAMS 0x0000000087200000, 0x0000000087200000| Untracked 
| 114|0x0000000087200000, 0x0000000087300000, 0x0000000087300000|100%| O|  |TAMS 0x0000000087300000, 0x0000000087300000| Untracked 
| 115|0x0000000087300000, 0x0000000087400000, 0x0000000087400000|100%| O|  |TAMS 0x0000000087400000, 0x0000000087400000| Untracked 
| 116|0x0000000087400000, 0x0000000087500000, 0x0000000087500000|100%| O|  |TAMS 0x0000000087400000, 0x0000000087500000| Untracked 
| 117|0x0000000087500000, 0x0000000087600000, 0x0000000087600000|100%| O|  |TAMS 0x0000000087500000, 0x0000000087600000| Untracked 
| 118|0x0000000087600000, 0x0000000087700000, 0x0000000087700000|100%| O|  |TAMS 0x0000000087600000, 0x0000000087700000| Untracked 
| 119|0x0000000087700000, 0x000000008771f400, 0x0000000087800000| 12%| O|  |TAMS 0x0000000087700000, 0x000000008771f400| Untracked 
| 120|0x0000000087800000, 0x0000000087800000, 0x0000000087900000|  0%| F|  |TAMS 0x0000000087800000, 0x0000000087800000| Untracked 
| 121|0x0000000087900000, 0x0000000087900000, 0x0000000087a00000|  0%| F|  |TAMS 0x0000000087900000, 0x0000000087900000| Untracked 
| 122|0x0000000087a00000, 0x0000000087a00000, 0x0000000087b00000|  0%| F|  |TAMS 0x0000000087a00000, 0x0000000087a00000| Untracked 
| 123|0x0000000087b00000, 0x0000000087b00000, 0x0000000087c00000|  0%| F|  |TAMS 0x0000000087b00000, 0x0000000087b00000| Untracked 
| 124|0x0000000087c00000, 0x0000000087c00000, 0x0000000087d00000|  0%| F|  |TAMS 0x0000000087c00000, 0x0000000087c00000| Untracked 
| 125|0x0000000087d00000, 0x0000000087d00000, 0x0000000087e00000|  0%| F|  |TAMS 0x0000000087d00000, 0x0000000087d00000| Untracked 
| 126|0x0000000087e00000, 0x0000000087e00000, 0x0000000087f00000|  0%| F|  |TAMS 0x0000000087e00000, 0x0000000087e00000| Untracked 
| 127|0x0000000087f00000, 0x0000000087f00000, 0x0000000088000000|  0%| F|  |TAMS 0x0000000087f00000, 0x0000000087f00000| Untracked 
| 128|0x0000000088000000, 0x0000000088000000, 0x0000000088100000|  0%| F|  |TAMS 0x0000000088000000, 0x0000000088000000| Untracked 
| 129|0x0000000088100000, 0x0000000088100000, 0x0000000088200000|  0%| F|  |TAMS 0x0000000088100000, 0x0000000088100000| Untracked 
| 130|0x0000000088200000, 0x0000000088200000, 0x0000000088300000|  0%| F|  |TAMS 0x0000000088200000, 0x0000000088200000| Untracked 
| 131|0x0000000088300000, 0x0000000088300000, 0x0000000088400000|  0%| F|  |TAMS 0x0000000088300000, 0x0000000088300000| Untracked 
| 132|0x0000000088400000, 0x0000000088400000, 0x0000000088500000|  0%| F|  |TAMS 0x0000000088400000, 0x0000000088400000| Untracked 
| 133|0x0000000088500000, 0x0000000088500000, 0x0000000088600000|  0%| F|  |TAMS 0x0000000088500000, 0x0000000088500000| Untracked 
| 134|0x0000000088600000, 0x0000000088600000, 0x0000000088700000|  0%| F|  |TAMS 0x0000000088600000, 0x0000000088600000| Untracked 
| 135|0x0000000088700000, 0x0000000088700000, 0x0000000088800000|  0%| F|  |TAMS 0x0000000088700000, 0x0000000088700000| Untracked 
| 136|0x0000000088800000, 0x0000000088800000, 0x0000000088900000|  0%| F|  |TAMS 0x0000000088800000, 0x0000000088800000| Untracked 
| 137|0x0000000088900000, 0x0000000088900000, 0x0000000088a00000|  0%| F|  |TAMS 0x0000000088900000, 0x0000000088900000| Untracked 
| 138|0x0000000088a00000, 0x0000000088a00000, 0x0000000088b00000|  0%| F|  |TAMS 0x0000000088a00000, 0x0000000088a00000| Untracked 
| 139|0x0000000088b00000, 0x0000000088b00000, 0x0000000088c00000|  0%| F|  |TAMS 0x0000000088b00000, 0x0000000088b00000| Untracked 
| 140|0x0000000088c00000, 0x0000000088c00000, 0x0000000088d00000|  0%| F|  |TAMS 0x0000000088c00000, 0x0000000088c00000| Untracked 
| 141|0x0000000088d00000, 0x0000000088d00000, 0x0000000088e00000|  0%| F|  |TAMS 0x0000000088d00000, 0x0000000088d00000| Untracked 
| 142|0x0000000088e00000, 0x0000000088e00000, 0x0000000088f00000|  0%| F|  |TAMS 0x0000000088e00000, 0x0000000088e00000| Untracked 
| 143|0x0000000088f00000, 0x0000000088f00000, 0x0000000089000000|  0%| F|  |TAMS 0x0000000088f00000, 0x0000000088f00000| Untracked 
| 144|0x0000000089000000, 0x0000000089000000, 0x0000000089100000|  0%| F|  |TAMS 0x0000000089000000, 0x0000000089000000| Untracked 
| 145|0x0000000089100000, 0x0000000089100000, 0x0000000089200000|  0%| F|  |TAMS 0x0000000089100000, 0x0000000089100000| Untracked 
| 146|0x0000000089200000, 0x0000000089200000, 0x0000000089300000|  0%| F|  |TAMS 0x0000000089200000, 0x0000000089200000| Untracked 
| 147|0x0000000089300000, 0x0000000089300000, 0x0000000089400000|  0%| F|  |TAMS 0x0000000089300000, 0x0000000089300000| Untracked 
| 148|0x0000000089400000, 0x0000000089400000, 0x0000000089500000|  0%| F|  |TAMS 0x0000000089400000, 0x0000000089400000| Untracked 
| 149|0x0000000089500000, 0x0000000089500000, 0x0000000089600000|  0%| F|  |TAMS 0x0000000089500000, 0x0000000089500000| Untracked 
| 150|0x0000000089600000, 0x0000000089600000, 0x0000000089700000|  0%| F|  |TAMS 0x0000000089600000, 0x0000000089600000| Untracked 
| 151|0x0000000089700000, 0x0000000089700000, 0x0000000089800000|  0%| F|  |TAMS 0x0000000089700000, 0x0000000089700000| Untracked 
| 152|0x0000000089800000, 0x0000000089800000, 0x0000000089900000|  0%| F|  |TAMS 0x0000000089800000, 0x0000000089800000| Untracked 
| 153|0x0000000089900000, 0x0000000089900000, 0x0000000089a00000|  0%| F|  |TAMS 0x0000000089900000, 0x0000000089900000| Untracked 
| 154|0x0000000089a00000, 0x0000000089a00000, 0x0000000089b00000|  0%| F|  |TAMS 0x0000000089a00000, 0x0000000089a00000| Untracked 
| 155|0x0000000089b00000, 0x0000000089b00000, 0x0000000089c00000|  0%| F|  |TAMS 0x0000000089b00000, 0x0000000089b00000| Untracked 
| 156|0x0000000089c00000, 0x0000000089c00000, 0x0000000089d00000|  0%| F|  |TAMS 0x0000000089c00000, 0x0000000089c00000| Untracked 
| 157|0x0000000089d00000, 0x0000000089d00000, 0x0000000089e00000|  0%| F|  |TAMS 0x0000000089d00000, 0x0000000089d00000| Untracked 
| 158|0x0000000089e00000, 0x0000000089e00000, 0x0000000089f00000|  0%| F|  |TAMS 0x0000000089e00000, 0x0000000089e00000| Untracked 
| 159|0x0000000089f00000, 0x0000000089f00000, 0x000000008a000000|  0%| F|  |TAMS 0x0000000089f00000, 0x0000000089f00000| Untracked 
| 160|0x000000008a000000, 0x000000008a000000, 0x000000008a100000|  0%| F|  |TAMS 0x000000008a000000, 0x000000008a000000| Untracked 
| 161|0x000000008a100000, 0x000000008a100000, 0x000000008a200000|  0%| F|  |TAMS 0x000000008a100000, 0x000000008a100000| Untracked 
| 162|0x000000008a200000, 0x000000008a200000, 0x000000008a300000|  0%| F|  |TAMS 0x000000008a200000, 0x000000008a200000| Untracked 
| 163|0x000000008a300000, 0x000000008a300000, 0x000000008a400000|  0%| F|  |TAMS 0x000000008a300000, 0x000000008a300000| Untracked 
| 164|0x000000008a400000, 0x000000008a400000, 0x000000008a500000|  0%| F|  |TAMS 0x000000008a400000, 0x000000008a400000| Untracked 
| 165|0x000000008a500000, 0x000000008a500000, 0x000000008a600000|  0%| F|  |TAMS 0x000000008a500000, 0x000000008a500000| Untracked 
| 166|0x000000008a600000, 0x000000008a600000, 0x000000008a700000|  0%| F|  |TAMS 0x000000008a600000, 0x000000008a600000| Untracked 
| 167|0x000000008a700000, 0x000000008a700000, 0x000000008a800000|  0%| F|  |TAMS 0x000000008a700000, 0x000000008a700000| Untracked 
| 168|0x000000008a800000, 0x000000008a800000, 0x000000008a900000|  0%| F|  |TAMS 0x000000008a800000, 0x000000008a800000| Untracked 
| 169|0x000000008a900000, 0x000000008a900000, 0x000000008aa00000|  0%| F|  |TAMS 0x000000008a900000, 0x000000008a900000| Untracked 
| 170|0x000000008aa00000, 0x000000008aa00000, 0x000000008ab00000|  0%| F|  |TAMS 0x000000008aa00000, 0x000000008aa00000| Untracked 
| 171|0x000000008ab00000, 0x000000008ab00000, 0x000000008ac00000|  0%| F|  |TAMS 0x000000008ab00000, 0x000000008ab00000| Untracked 
| 172|0x000000008ac00000, 0x000000008ac00000, 0x000000008ad00000|  0%| F|  |TAMS 0x000000008ac00000, 0x000000008ac00000| Untracked 
| 173|0x000000008ad00000, 0x000000008ad00000, 0x000000008ae00000|  0%| F|  |TAMS 0x000000008ad00000, 0x000000008ad00000| Untracked 
| 174|0x000000008ae00000, 0x000000008ae00000, 0x000000008af00000|  0%| F|  |TAMS 0x000000008ae00000, 0x000000008ae00000| Untracked 
| 175|0x000000008af00000, 0x000000008af00000, 0x000000008b000000|  0%| F|  |TAMS 0x000000008af00000, 0x000000008af00000| Untracked 
| 176|0x000000008b000000, 0x000000008b000000, 0x000000008b100000|  0%| F|  |TAMS 0x000000008b000000, 0x000000008b000000| Untracked 
| 177|0x000000008b100000, 0x000000008b100000, 0x000000008b200000|  0%| F|  |TAMS 0x000000008b100000, 0x000000008b100000| Untracked 
| 178|0x000000008b200000, 0x000000008b200000, 0x000000008b300000|  0%| F|  |TAMS 0x000000008b200000, 0x000000008b200000| Untracked 
| 179|0x000000008b300000, 0x000000008b300000, 0x000000008b400000|  0%| F|  |TAMS 0x000000008b300000, 0x000000008b300000| Untracked 
| 180|0x000000008b400000, 0x000000008b400000, 0x000000008b500000|  0%| F|  |TAMS 0x000000008b400000, 0x000000008b400000| Untracked 
| 181|0x000000008b500000, 0x000000008b500000, 0x000000008b600000|  0%| F|  |TAMS 0x000000008b500000, 0x000000008b500000| Untracked 
| 182|0x000000008b600000, 0x000000008b600000, 0x000000008b700000|  0%| F|  |TAMS 0x000000008b600000, 0x000000008b600000| Untracked 
| 183|0x000000008b700000, 0x000000008b700000, 0x000000008b800000|  0%| F|  |TAMS 0x000000008b700000, 0x000000008b700000| Untracked 
| 184|0x000000008b800000, 0x000000008b800000, 0x000000008b900000|  0%| F|  |TAMS 0x000000008b800000, 0x000000008b800000| Untracked 
| 185|0x000000008b900000, 0x000000008b900000, 0x000000008ba00000|  0%| F|  |TAMS 0x000000008b900000, 0x000000008b900000| Untracked 
| 186|0x000000008ba00000, 0x000000008ba00000, 0x000000008bb00000|  0%| F|  |TAMS 0x000000008ba00000, 0x000000008ba00000| Untracked 
| 187|0x000000008bb00000, 0x000000008bb00000, 0x000000008bc00000|  0%| F|  |TAMS 0x000000008bb00000, 0x000000008bb00000| Untracked 
| 188|0x000000008bc00000, 0x000000008bc00000, 0x000000008bd00000|  0%| F|  |TAMS 0x000000008bc00000, 0x000000008bc00000| Untracked 
| 189|0x000000008bd00000, 0x000000008bd00000, 0x000000008be00000|  0%| F|  |TAMS 0x000000008bd00000, 0x000000008bd00000| Untracked 
| 190|0x000000008be00000, 0x000000008be00000, 0x000000008bf00000|  0%| F|  |TAMS 0x000000008be00000, 0x000000008be00000| Untracked 
| 191|0x000000008bf00000, 0x000000008bf00000, 0x000000008c000000|  0%| F|  |TAMS 0x000000008bf00000, 0x000000008bf00000| Untracked 
| 192|0x000000008c000000, 0x000000008c000000, 0x000000008c100000|  0%| F|  |TAMS 0x000000008c000000, 0x000000008c000000| Untracked 
| 193|0x000000008c100000, 0x000000008c100000, 0x000000008c200000|  0%| F|  |TAMS 0x000000008c100000, 0x000000008c100000| Untracked 
| 194|0x000000008c200000, 0x000000008c200000, 0x000000008c300000|  0%| F|  |TAMS 0x000000008c200000, 0x000000008c200000| Untracked 
| 195|0x000000008c300000, 0x000000008c300000, 0x000000008c400000|  0%| F|  |TAMS 0x000000008c300000, 0x000000008c300000| Untracked 
| 196|0x000000008c400000, 0x000000008c400000, 0x000000008c500000|  0%| F|  |TAMS 0x000000008c400000, 0x000000008c400000| Untracked 
| 197|0x000000008c500000, 0x000000008c500000, 0x000000008c600000|  0%| F|  |TAMS 0x000000008c500000, 0x000000008c500000| Untracked 
| 198|0x000000008c600000, 0x000000008c700000, 0x000000008c700000|100%| S|CS|TAMS 0x000000008c600000, 0x000000008c600000| Complete 
| 199|0x000000008c700000, 0x000000008c800000, 0x000000008c800000|100%| S|CS|TAMS 0x000000008c700000, 0x000000008c700000| Complete 
| 200|0x000000008c800000, 0x000000008c900000, 0x000000008c900000|100%| S|CS|TAMS 0x000000008c800000, 0x000000008c800000| Complete 
| 201|0x000000008c900000, 0x000000008ca00000, 0x000000008ca00000|100%| S|CS|TAMS 0x000000008c900000, 0x000000008c900000| Complete 
| 202|0x000000008ca00000, 0x000000008cb00000, 0x000000008cb00000|100%| S|CS|TAMS 0x000000008ca00000, 0x000000008ca00000| Complete 
| 203|0x000000008cb00000, 0x000000008cc00000, 0x000000008cc00000|100%| S|CS|TAMS 0x000000008cb00000, 0x000000008cb00000| Complete 
| 204|0x000000008cc00000, 0x000000008cc00000, 0x000000008cd00000|  0%| F|  |TAMS 0x000000008cc00000, 0x000000008cc00000| Untracked 
| 205|0x000000008cd00000, 0x000000008cd00000, 0x000000008ce00000|  0%| F|  |TAMS 0x000000008cd00000, 0x000000008cd00000| Untracked 
| 206|0x000000008ce00000, 0x000000008ce00000, 0x000000008cf00000|  0%| F|  |TAMS 0x000000008ce00000, 0x000000008ce00000| Untracked 
| 207|0x000000008cf00000, 0x000000008cf00000, 0x000000008d000000|  0%| F|  |TAMS 0x000000008cf00000, 0x000000008cf00000| Untracked 
| 208|0x000000008d000000, 0x000000008d000000, 0x000000008d100000|  0%| F|  |TAMS 0x000000008d000000, 0x000000008d000000| Untracked 
| 209|0x000000008d100000, 0x000000008d100000, 0x000000008d200000|  0%| F|  |TAMS 0x000000008d100000, 0x000000008d100000| Untracked 
| 210|0x000000008d200000, 0x000000008d200000, 0x000000008d300000|  0%| F|  |TAMS 0x000000008d200000, 0x000000008d200000| Untracked 
| 211|0x000000008d300000, 0x000000008d300000, 0x000000008d400000|  0%| F|  |TAMS 0x000000008d300000, 0x000000008d300000| Untracked 
| 212|0x000000008d400000, 0x000000008d400000, 0x000000008d500000|  0%| F|  |TAMS 0x000000008d400000, 0x000000008d400000| Untracked 
| 213|0x000000008d500000, 0x000000008d500000, 0x000000008d600000|  0%| F|  |TAMS 0x000000008d500000, 0x000000008d500000| Untracked 
| 214|0x000000008d600000, 0x000000008d600000, 0x000000008d700000|  0%| F|  |TAMS 0x000000008d600000, 0x000000008d600000| Untracked 
| 215|0x000000008d700000, 0x000000008d700000, 0x000000008d800000|  0%| F|  |TAMS 0x000000008d700000, 0x000000008d700000| Untracked 
| 216|0x000000008d800000, 0x000000008d800000, 0x000000008d900000|  0%| F|  |TAMS 0x000000008d800000, 0x000000008d800000| Untracked 
| 217|0x000000008d900000, 0x000000008d900000, 0x000000008da00000|  0%| F|  |TAMS 0x000000008d900000, 0x000000008d900000| Untracked 
| 218|0x000000008da00000, 0x000000008da00000, 0x000000008db00000|  0%| F|  |TAMS 0x000000008da00000, 0x000000008da00000| Untracked 
| 219|0x000000008db00000, 0x000000008db00000, 0x000000008dc00000|  0%| F|  |TAMS 0x000000008db00000, 0x000000008db00000| Untracked 
| 220|0x000000008dc00000, 0x000000008dc00000, 0x000000008dd00000|  0%| F|  |TAMS 0x000000008dc00000, 0x000000008dc00000| Untracked 
| 221|0x000000008dd00000, 0x000000008dd00000, 0x000000008de00000|  0%| F|  |TAMS 0x000000008dd00000, 0x000000008dd00000| Untracked 
| 222|0x000000008de00000, 0x000000008de00000, 0x000000008df00000|  0%| F|  |TAMS 0x000000008de00000, 0x000000008de00000| Untracked 
| 223|0x000000008df00000, 0x000000008df00000, 0x000000008e000000|  0%| F|  |TAMS 0x000000008df00000, 0x000000008df00000| Untracked 
| 224|0x000000008e000000, 0x000000008e000000, 0x000000008e100000|  0%| F|  |TAMS 0x000000008e000000, 0x000000008e000000| Untracked 
| 225|0x000000008e100000, 0x000000008e100000, 0x000000008e200000|  0%| F|  |TAMS 0x000000008e100000, 0x000000008e100000| Untracked 
| 226|0x000000008e200000, 0x000000008e200000, 0x000000008e300000|  0%| F|  |TAMS 0x000000008e200000, 0x000000008e200000| Untracked 
| 227|0x000000008e300000, 0x000000008e300000, 0x000000008e400000|  0%| F|  |TAMS 0x000000008e300000, 0x000000008e300000| Untracked 
| 228|0x000000008e400000, 0x000000008e400000, 0x000000008e500000|  0%| F|  |TAMS 0x000000008e400000, 0x000000008e400000| Untracked 
| 229|0x000000008e500000, 0x000000008e500000, 0x000000008e600000|  0%| F|  |TAMS 0x000000008e500000, 0x000000008e500000| Untracked 
| 230|0x000000008e600000, 0x000000008e600000, 0x000000008e700000|  0%| F|  |TAMS 0x000000008e600000, 0x000000008e600000| Untracked 

Card table byte_map: [0x0000028548360000,0x0000028548760000] _byte_map_base: 0x0000028547f60000

Marking Bits (Prev, Next): (CMBitMap*) 0x000002853548d770, (CMBitMap*) 0x000002853548d738
 Prev Bits: [0x000002854ab60000, 0x000002854cb60000)
 Next Bits: [0x0000028548b60000, 0x000002854ab60000)

Polling page: 0x00000285333f0000

Metaspace:

Usage:
  Non-class:     86.21 MB capacity,    84.50 MB ( 98%) used,     1.42 MB (  2%) free+waste,   295.69 KB ( <1%) overhead. 
      Class:     13.33 MB capacity,    12.35 MB ( 93%) used,   872.68 KB (  6%) free+waste,   133.31 KB ( <1%) overhead. 
       Both:     99.54 MB capacity,    96.85 MB ( 97%) used,     2.27 MB (  2%) free+waste,   429.00 KB ( <1%) overhead. 

Virtual space:
  Non-class space:       96.00 MB reserved,      86.25 MB ( 90%) committed 
      Class space:        1.00 GB reserved,      13.38 MB (  1%) committed 
             Both:        1.09 GB reserved,      99.63 MB (  9%) committed 

Chunk freelists:
   Non-Class:  42.00 KB
       Class:  0 bytes
        Both:  42.00 KB

MaxMetaspaceSize: 17179869184.00 GB
CompressedClassSpaceSize: 1.00 GB
Initial GC threshold: 20.80 MB
Current GC threshold: 163.45 MB
CDS: off

CodeHeap 'non-profiled nmethods': size=120064Kb used=7023Kb max_used=7023Kb free=113040Kb
 bounds [0x0000028540a20000, 0x0000028541100000, 0x0000028547f60000]
CodeHeap 'profiled nmethods': size=120000Kb used=26961Kb max_used=26961Kb free=93038Kb
 bounds [0x00000285394f0000, 0x000002853af50000, 0x0000028540a20000]
CodeHeap 'non-nmethods': size=5696Kb used=2413Kb max_used=2457Kb free=3282Kb
 bounds [0x0000028538f60000, 0x00000285391d0000, 0x00000285394f0000]
 total_blobs=12956 nmethods=12020 adapters=845
 compilation: enabled
              stopped_count=0, restarted_count=0
 full_count=0

Compilation events (20 events):
Event: 37.335 Thread 0x000002854f07b000 12111   !   3       java.io.ObjectStreamClass::getInheritableMethod (121 bytes)
Event: 37.337 Thread 0x000002854f07b000 nmethod 12111 0x000002853af3b110 code [0x000002853af3b420, 0x000002853af3c3f8]
Event: 37.337 Thread 0x000002854f07b000 12112   !   3       org.gradle.internal.serialize.ExceptionReplacingObjectOutputStream$1::transform (15 bytes)
Event: 37.338 Thread 0x000002854f07b000 nmethod 12112 0x000002853af3ca90 code [0x000002853af3cca0, 0x000002853af3d328]
Event: 37.338 Thread 0x000002854f07b000 12113       3       org.gradle.internal.serialize.ExceptionReplacingObjectOutputStream::doReplaceObject (25 bytes)
Event: 37.338 Thread 0x000002854f07b000 nmethod 12113 0x000002853af3d690 code [0x000002853af3d880, 0x000002853af3dd58]
Event: 37.341 Thread 0x000002854f07b000 12115       3       java.io.ObjectStreamClass$FieldReflector::getPrimFieldValues (317 bytes)
Event: 37.343 Thread 0x000002854f07b000 nmethod 12115 0x000002853af3df10 code [0x000002853af3e1c0, 0x000002853af3f0f8]
Event: 37.343 Thread 0x000002854f07b000 12116       3       java.io.ObjectOutputStream$BlockDataOutputStream::write (152 bytes)
Event: 37.344 Thread 0x000002854f07b000 nmethod 12116 0x000002853af3f710 code [0x000002853af3f940, 0x000002853af40158]
Event: 37.344 Thread 0x000002854f07b000 12118   !   3       java.io.ObjectOutputStream::writeSerialData (221 bytes)
Event: 37.346 Thread 0x000002854f07b000 nmethod 12118 0x000002853af40390 code [0x000002853af40660, 0x000002853af41668]
Event: 37.346 Thread 0x000002854f07b000 12117       3       java.io.SerialCallbackContext::<init> (22 bytes)
Event: 37.347 Thread 0x000002854f07b000 nmethod 12117 0x000002853af41d90 code [0x000002853af41f60, 0x000002853af421f8]
Event: 37.348 Thread 0x000002854f07b000 12119       1       java.lang.reflect.Constructor::getSlot (5 bytes)
Event: 37.348 Thread 0x000002854f07b000 nmethod 12119 0x00000285410fb390 code [0x00000285410fb540, 0x00000285410fb5f8]
Event: 37.348 Thread 0x000002854f07b000 12120       1       java.lang.reflect.Constructor::getRawAnnotations (5 bytes)
Event: 37.348 Thread 0x000002854f07b000 nmethod 12120 0x00000285410fb690 code [0x00000285410fb840, 0x00000285410fb8f8]
Event: 37.348 Thread 0x000002854f07b000 12121       1       java.lang.reflect.Constructor::getRawParameterAnnotations (5 bytes)
Event: 37.349 Thread 0x000002854f07b000 nmethod 12121 0x00000285410fb990 code [0x00000285410fbb40, 0x00000285410fbbf8]

GC Heap History (20 events):
Event: 26.210 GC heap before
{Heap before GC invocations=20 (full 0):
 garbage-first heap   total 196608K, used 143591K [0x0000000080000000, 0x0000000100000000)
  region size 1024K, 66 young (67584K), 8 survivors (8192K)
 Metaspace       used 78802K, capacity 80948K, committed 81152K, reserved 1120256K
  class space    used 10199K, capacity 10996K, committed 11008K, reserved 1048576K
}
Event: 26.251 GC heap after
{Heap after GC invocations=21 (full 0):
 garbage-first heap   total 196608K, used 91575K [0x0000000080000000, 0x0000000100000000)
  region size 1024K, 9 young (9216K), 9 survivors (9216K)
 Metaspace       used 78802K, capacity 80948K, committed 81152K, reserved 1120256K
  class space    used 10199K, capacity 10996K, committed 11008K, reserved 1048576K
}
Event: 26.276 GC heap before
{Heap before GC invocations=21 (full 0):
 garbage-first heap   total 196608K, used 96695K [0x0000000080000000, 0x0000000100000000)
  region size 1024K, 11 young (11264K), 9 survivors (9216K)
 Metaspace       used 78802K, capacity 80948K, committed 81152K, reserved 1120256K
  class space    used 10199K, capacity 10996K, committed 11008K, reserved 1048576K
}
Event: 26.295 GC heap after
{Heap after GC invocations=22 (full 0):
 garbage-first heap   total 196608K, used 98871K [0x0000000080000000, 0x0000000100000000)
  region size 1024K, 3 young (3072K), 3 survivors (3072K)
 Metaspace       used 78802K, capacity 80948K, committed 81152K, reserved 1120256K
  class space    used 10199K, capacity 10996K, committed 11008K, reserved 1048576K
}
Event: 27.402 GC heap before
{Heap before GC invocations=23 (full 0):
 garbage-first heap   total 196608K, used 136759K [0x0000000080000000, 0x0000000100000000)
  region size 1024K, 36 young (36864K), 3 survivors (3072K)
 Metaspace       used 80934K, capacity 83258K, committed 83328K, reserved 1122304K
  class space    used 10507K, capacity 11349K, committed 11392K, reserved 1048576K
}
Event: 27.414 GC heap after
{Heap after GC invocations=24 (full 0):
 garbage-first heap   total 196608K, used 105472K [0x0000000080000000, 0x0000000100000000)
  region size 1024K, 5 young (5120K), 5 survivors (5120K)
 Metaspace       used 80934K, capacity 83258K, committed 83328K, reserved 1122304K
  class space    used 10507K, capacity 11349K, committed 11392K, reserved 1048576K
}
Event: 27.856 GC heap before
{Heap before GC invocations=24 (full 0):
 garbage-first heap   total 196608K, used 126976K [0x0000000080000000, 0x0000000100000000)
  region size 1024K, 27 young (27648K), 5 survivors (5120K)
 Metaspace       used 82660K, capacity 84997K, committed 85248K, reserved 1122304K
  class space    used 10705K, capacity 11517K, committed 11520K, reserved 1048576K
}
Event: 27.865 GC heap after
{Heap after GC invocations=25 (full 0):
 garbage-first heap   total 196608K, used 106922K [0x0000000080000000, 0x0000000100000000)
  region size 1024K, 2 young (2048K), 2 survivors (2048K)
 Metaspace       used 82660K, capacity 84997K, committed 85248K, reserved 1122304K
  class space    used 10705K, capacity 11517K, committed 11520K, reserved 1048576K
}
Event: 28.761 GC heap before
{Heap before GC invocations=26 (full 0):
 garbage-first heap   total 196608K, used 140714K [0x0000000080000000, 0x0000000100000000)
  region size 1024K, 34 young (34816K), 2 survivors (2048K)
 Metaspace       used 86736K, capacity 89130K, committed 89216K, reserved 1126400K
  class space    used 11226K, capacity 12103K, committed 12160K, reserved 1048576K
}
Event: 28.771 GC heap after
{Heap after GC invocations=27 (full 0):
 garbage-first heap   total 196608K, used 107018K [0x0000000080000000, 0x0000000100000000)
  region size 1024K, 2 young (2048K), 2 survivors (2048K)
 Metaspace       used 86736K, capacity 89130K, committed 89216K, reserved 1126400K
  class space    used 11226K, capacity 12103K, committed 12160K, reserved 1048576K
}
Event: 30.109 GC heap before
{Heap before GC invocations=27 (full 0):
 garbage-first heap   total 196608K, used 143882K [0x0000000080000000, 0x0000000100000000)
  region size 1024K, 38 young (38912K), 2 survivors (2048K)
 Metaspace       used 90835K, capacity 93320K, committed 93568K, reserved 1130496K
  class space    used 11743K, capacity 12626K, committed 12672K, reserved 1048576K
}
Event: 30.130 GC heap after
{Heap after GC invocations=28 (full 0):
 garbage-first heap   total 196608K, used 109730K [0x0000000080000000, 0x0000000100000000)
  region size 1024K, 5 young (5120K), 5 survivors (5120K)
 Metaspace       used 90835K, capacity 93320K, committed 93568K, reserved 1130496K
  class space    used 11743K, capacity 12626K, committed 12672K, reserved 1048576K
}
Event: 31.730 GC heap before
{Heap before GC invocations=29 (full 0):
 garbage-first heap   total 196608K, used 147618K [0x0000000080000000, 0x0000000100000000)
  region size 1024K, 42 young (43008K), 5 survivors (5120K)
 Metaspace       used 94416K, capacity 96990K, committed 97152K, reserved 1132544K
  class space    used 12181K, capacity 13088K, committed 13184K, reserved 1048576K
}
Event: 31.754 GC heap after
{Heap after GC invocations=30 (full 0):
 garbage-first heap   total 196608K, used 113256K [0x0000000080000000, 0x0000000100000000)
  region size 1024K, 6 young (6144K), 6 survivors (6144K)
 Metaspace       used 94416K, capacity 96990K, committed 97152K, reserved 1132544K
  class space    used 12181K, capacity 13088K, committed 13184K, reserved 1048576K
}
Event: 32.765 GC heap before
{Heap before GC invocations=30 (full 0):
 garbage-first heap   total 196608K, used 151144K [0x0000000080000000, 0x0000000100000000)
  region size 1024K, 44 young (45056K), 6 survivors (6144K)
 Metaspace       used 95103K, capacity 97709K, committed 97920K, reserved 1134592K
  class space    used 12206K, capacity 13140K, committed 13184K, reserved 1048576K
}
Event: 32.796 GC heap after
{Heap after GC invocations=31 (full 0):
 garbage-first heap   total 236544K, used 118355K [0x0000000080000000, 0x0000000100000000)
  region size 1024K, 5 young (5120K), 5 survivors (5120K)
 Metaspace       used 95103K, capacity 97709K, committed 97920K, reserved 1134592K
  class space    used 12206K, capacity 13140K, committed 13184K, reserved 1048576K
}
Event: 34.547 GC heap before
{Heap before GC invocations=32 (full 0):
 garbage-first heap   total 236544K, used 169555K [0x0000000080000000, 0x0000000100000000)
  region size 1024K, 56 young (57344K), 5 survivors (5120K)
 Metaspace       used 95748K, capacity 98371K, committed 98432K, reserved 1134592K
  class space    used 12240K, capacity 13172K, committed 13184K, reserved 1048576K
}
Event: 34.567 GC heap after
{Heap after GC invocations=33 (full 0):
 garbage-first heap   total 236544K, used 122003K [0x0000000080000000, 0x0000000100000000)
  region size 1024K, 4 young (4096K), 4 survivors (4096K)
 Metaspace       used 95748K, capacity 98371K, committed 98432K, reserved 1134592K
  class space    used 12240K, capacity 13172K, committed 13184K, reserved 1048576K
}
Event: 36.255 GC heap before
{Heap before GC invocations=33 (full 0):
 garbage-first heap   total 236544K, used 175251K [0x0000000080000000, 0x0000000100000000)
  region size 1024K, 56 young (57344K), 4 survivors (4096K)
 Metaspace       used 96884K, capacity 99568K, committed 99712K, reserved 1136640K
  class space    used 12346K, capacity 13341K, committed 13440K, reserved 1048576K
}
Event: 36.274 GC heap after
{Heap after GC invocations=34 (full 0):
 garbage-first heap   total 236544K, used 125952K [0x0000000080000000, 0x0000000100000000)
  region size 1024K, 7 young (7168K), 7 survivors (7168K)
 Metaspace       used 96884K, capacity 99568K, committed 99712K, reserved 1136640K
  class space    used 12346K, capacity 13341K, committed 13440K, reserved 1048576K
}

Deoptimization events (20 events):
Event: 36.389 Thread 0x00000285523ab000 DEOPT PACKING pc=0x0000028539a6e411 sp=0x000000c19d0f9fe0
Event: 36.389 Thread 0x00000285523ab000 DEOPT UNPACKING pc=0x0000028538faa95e sp=0x000000c19d0f94b8 mode 0
Event: 36.394 Thread 0x00000285523ab000 DEOPT PACKING pc=0x0000028539b93996 sp=0x000000c19d0f9fb0
Event: 36.394 Thread 0x00000285523ab000 DEOPT UNPACKING pc=0x0000028538faa95e sp=0x000000c19d0f94c8 mode 0
Event: 36.396 Thread 0x00000285523ab000 Uncommon trap: trap_request=0xffffff4d fr.pc=0x0000028540ad5384 relative=0x00000000000005c4
Event: 36.396 Thread 0x00000285523ab000 Uncommon trap: reason=unstable_if action=reinterpret pc=0x0000028540ad5384 method=java.lang.String.replace(CC)Ljava/lang/String; @ 2 c2
Event: 36.396 Thread 0x00000285523ab000 DEOPT PACKING pc=0x0000028540ad5384 sp=0x000000c19d0fa0e0
Event: 36.396 Thread 0x00000285523ab000 DEOPT UNPACKING pc=0x0000028538faa1af sp=0x000000c19d0fa090 mode 2
Event: 37.003 Thread 0x00000285523ab000 Uncommon trap: trap_request=0xffffff4d fr.pc=0x0000028540f7a8e4 relative=0x00000000000003a4
Event: 37.003 Thread 0x00000285523ab000 Uncommon trap: reason=unstable_if action=reinterpret pc=0x0000028540f7a8e4 method=org.gradle.api.internal.collections.FilteredCollection$FilteringIterator.findNext()Ljava/lang/Object; @ 32 c2
Event: 37.003 Thread 0x00000285523ab000 DEOPT PACKING pc=0x0000028540f7a8e4 sp=0x000000c19d0fb040
Event: 37.003 Thread 0x00000285523ab000 DEOPT UNPACKING pc=0x0000028538faa1af sp=0x000000c19d0fb000 mode 2
Event: 37.112 Thread 0x00000285523ab000 Uncommon trap: trap_request=0xffffffde fr.pc=0x0000028540ebf278 relative=0x0000000000000558
Event: 37.112 Thread 0x00000285523ab000 Uncommon trap: reason=class_check action=maybe_recompile pc=0x0000028540ebf278 method=java.util.regex.Matcher.search(I)Z @ 121 c2
Event: 37.112 Thread 0x00000285523ab000 DEOPT PACKING pc=0x0000028540ebf278 sp=0x000000c19d0fb330
Event: 37.112 Thread 0x00000285523ab000 DEOPT UNPACKING pc=0x0000028538faa1af sp=0x000000c19d0fb2e0 mode 2
Event: 37.219 Thread 0x00000285523ab000 Uncommon trap: trap_request=0xffffff4d fr.pc=0x00000285410cb010 relative=0x0000000000000070
Event: 37.219 Thread 0x00000285523ab000 Uncommon trap: reason=unstable_if action=reinterpret pc=0x00000285410cb010 method=java.lang.reflect.Method.equals(Ljava/lang/Object;)Z @ 24 c2
Event: 37.219 Thread 0x00000285523ab000 DEOPT PACKING pc=0x00000285410cb010 sp=0x000000c19d0fb7b0
Event: 37.219 Thread 0x00000285523ab000 DEOPT UNPACKING pc=0x0000028538faa1af sp=0x000000c19d0fb740 mode 2

Classes redefined (0 events):
No events

Internal exceptions (20 events):
Event: 37.027 Thread 0x00000285523ab000 Exception <a 'java/lang/ClassNotFoundException'{0x000000008ddb8a08}: org/gradle/api/internal/tasks/DefaultTaskContainerBeanInfo> (0x000000008ddb8a08) thrown at [./src/hotspot/share/classfile/systemDictionary.cpp, line 231]
Event: 37.028 Thread 0x00000285523ab000 Exception <a 'java/lang/ClassNotFoundException'{0x000000008ddd16d0}: org/gradle/api/internal/tasks/DefaultTaskCollectionBeanInfo> (0x000000008ddd16d0) thrown at [./src/hotspot/share/classfile/systemDictionary.cpp, line 231]
Event: 37.029 Thread 0x00000285523ab000 Exception <a 'java/lang/ClassNotFoundException'{0x000000008ddea690}: org/gradle/api/internal/tasks/DefaultTaskCollectionCustomizer> (0x000000008ddea690) thrown at [./src/hotspot/share/classfile/systemDictionary.cpp, line 231]
Event: 37.031 Thread 0x00000285523ab000 Exception <a 'java/lang/ClassNotFoundException'{0x000000008dc2c0d0}: org/gradle/api/internal/tasks/DefaultTaskContainerCustomizer> (0x000000008dc2c0d0) thrown at [./src/hotspot/share/classfile/systemDictionary.cpp, line 231]
Event: 37.034 Thread 0x00000285523ab000 Exception <a 'java/lang/ClassNotFoundException'{0x000000008dc8f118}: org/gradle/api/internal/tasks/DefaultTaskContainer_DecoratedCustomizer> (0x000000008dc8f118) thrown at [./src/hotspot/share/classfile/systemDictionary.cpp, line 231]
Event: 37.043 Thread 0x00000285523ab000 Exception <a 'java/lang/ClassNotFoundException'{0x000000008da169f8}: java/util/ArrayListBeanInfo> (0x000000008da169f8) thrown at [./src/hotspot/share/classfile/systemDictionary.cpp, line 231]
Event: 37.043 Thread 0x00000285523ab000 Exception <a 'java/lang/ClassNotFoundException'{0x000000008da20798}: java/util/AbstractListBeanInfo> (0x000000008da20798) thrown at [./src/hotspot/share/classfile/systemDictionary.cpp, line 231]
Event: 37.044 Thread 0x00000285523ab000 Exception <a 'java/lang/ClassNotFoundException'{0x000000008da2a548}: java/util/AbstractListCustomizer> (0x000000008da2a548) thrown at [./src/hotspot/share/classfile/systemDictionary.cpp, line 231]
Event: 37.045 Thread 0x00000285523ab000 Exception <a 'java/lang/ClassNotFoundException'{0x000000008da3ed10}: java/util/ArrayListCustomizer> (0x000000008da3ed10) thrown at [./src/hotspot/share/classfile/systemDictionary.cpp, line 231]
Event: 37.054 Thread 0x00000285523ab000 Exception <a 'java/lang/ClassNotFoundException'{0x000000008dada148}: java/util/CollectionBeanInfo> (0x000000008dada148) thrown at [./src/hotspot/share/classfile/systemDictionary.cpp, line 231]
Event: 37.054 Thread 0x00000285523ab000 Exception <a 'java/lang/ClassNotFoundException'{0x000000008dae3eb8}: java/util/CollectionCustomizer> (0x000000008dae3eb8) thrown at [./src/hotspot/share/classfile/systemDictionary.cpp, line 231]
Event: 37.069 Thread 0x00000285523ab000 Exception <a 'java/lang/ClassNotFoundException'{0x000000008d974320}: org/gradle/api/tasks/SourceSetBeanInfo> (0x000000008d974320) thrown at [./src/hotspot/share/classfile/systemDictionary.cpp, line 231]
Event: 37.070 Thread 0x00000285523ab000 Exception <a 'java/lang/ClassNotFoundException'{0x000000008d993f98}: org/gradle/api/tasks/SourceSetCustomizer> (0x000000008d993f98) thrown at [./src/hotspot/share/classfile/systemDictionary.cpp, line 231]
Event: 37.076 Thread 0x00000285523ab000 Exception <a 'java/lang/ClassNotFoundException'{0x000000008d80fb60}: java/util/LinkedHashMapBeanInfo> (0x000000008d80fb60) thrown at [./src/hotspot/share/classfile/systemDictionary.cpp, line 231]
Event: 37.077 Thread 0x00000285523ab000 Exception <a 'java/lang/ClassNotFoundException'{0x000000008d818fc0}: java/util/HashMapBeanInfo> (0x000000008d818fc0) thrown at [./src/hotspot/share/classfile/systemDictionary.cpp, line 231]
Event: 37.077 Thread 0x00000285523ab000 Exception <a 'java/lang/ClassNotFoundException'{0x000000008d823208}: java/util/AbstractMapBeanInfo> (0x000000008d823208) thrown at [./src/hotspot/share/classfile/systemDictionary.cpp, line 231]
Event: 37.078 Thread 0x00000285523ab000 Exception <a 'java/lang/ClassNotFoundException'{0x000000008d82cfb8}: java/util/AbstractMapCustomizer> (0x000000008d82cfb8) thrown at [./src/hotspot/share/classfile/systemDictionary.cpp, line 231]
Event: 37.079 Thread 0x00000285523ab000 Exception <a 'java/lang/ClassNotFoundException'{0x000000008d8408a8}: java/util/HashMapCustomizer> (0x000000008d8408a8) thrown at [./src/hotspot/share/classfile/systemDictionary.cpp, line 231]
Event: 37.081 Thread 0x00000285523ab000 Exception <a 'java/lang/ClassNotFoundException'{0x000000008d862360}: java/util/LinkedHashMapCustomizer> (0x000000008d862360) thrown at [./src/hotspot/share/classfile/systemDictionary.cpp, line 231]
Event: 37.277 Thread 0x00000285523ab000 Exception <a 'java/lang/NoSuchMethodError'{0x000000008cff9c78}: <clinit>> (0x000000008cff9c78) thrown at [./src/hotspot/share/prims/jni.cpp, line 1365]

Events (20 events):
Event: 37.309 loading class com/google/common/collect/ImmutableSetMultimap
Event: 37.309 loading class com/google/common/collect/ImmutableSetMultimap done
Event: 37.310 loading class com/google/common/collect/SetMultimap
Event: 37.310 loading class com/google/common/collect/SetMultimap done
Event: 37.311 loading class com/google/common/collect/Multimap
Event: 37.311 loading class com/google/common/collect/Multimap done
Event: 37.312 loading class com/google/common/collect/ImmutableMultimap
Event: 37.312 loading class com/google/common/collect/ImmutableMultimap done
Event: 37.314 loading class com/google/common/collect/BaseImmutableMultimap
Event: 37.314 loading class com/google/common/collect/BaseImmutableMultimap done
Event: 37.314 loading class com/google/common/collect/AbstractMultimap
Event: 37.314 loading class com/google/common/collect/AbstractMultimap done
Event: 37.316 loading class com/google/common/collect/ImmutableMap$Builder
Event: 37.316 loading class com/google/common/collect/ImmutableMap$Builder done
Event: 37.318 loading class com/google/common/collect/ImmutableMap$SerializedForm
Event: 37.318 loading class com/google/common/collect/ImmutableMap$SerializedForm done
Event: 37.351 loading class com/android/tools/idea/gradle/model/CodeShrinker
Event: 37.351 loading class com/android/tools/idea/gradle/model/CodeShrinker done
Event: 37.354 loading class com/google/common/collect/ImmutableSet$Builder
Event: 37.354 loading class com/google/common/collect/ImmutableSet$Builder done


Dynamic libraries:
0x00007ff7a5370000 - 0x00007ff7a537a000 	C:\Program Files\Android\Android Studio\jre\bin\java.exe
0x00007fff8b310000 - 0x00007fff8b508000 	C:\WINDOWS\SYSTEM32\ntdll.dll
0x00007fff8a240000 - 0x00007fff8a2fd000 	C:\WINDOWS\System32\KERNEL32.DLL
0x00007fff88f90000 - 0x00007fff8925e000 	C:\WINDOWS\System32\KERNELBASE.dll
0x00007fff88a30000 - 0x00007fff88b30000 	C:\WINDOWS\System32\ucrtbase.dll
0x00007fff51290000 - 0x00007fff512a9000 	C:\Program Files\Android\Android Studio\jre\bin\jli.dll
0x00007fff8a300000 - 0x00007fff8a4a0000 	C:\WINDOWS\System32\USER32.dll
0x00007fff88c40000 - 0x00007fff88c62000 	C:\WINDOWS\System32\win32u.dll
0x00007fff8b0f0000 - 0x00007fff8b11a000 	C:\WINDOWS\System32\GDI32.dll
0x00007fff88b30000 - 0x00007fff88c3b000 	C:\WINDOWS\System32\gdi32full.dll
0x00007fff892d0000 - 0x00007fff8936d000 	C:\WINDOWS\System32\msvcp_win.dll
0x00007fff51270000 - 0x00007fff51287000 	C:\Program Files\Android\Android Studio\jre\bin\VCRUNTIME140.dll
0x00007fff78d30000 - 0x00007fff78fca000 	C:\WINDOWS\WinSxS\amd64_microsoft.windows.common-controls_6595b64144ccf1df_6.0.19041.1110_none_60b5254171f9507e\COMCTL32.dll
0x00007fff8b120000 - 0x00007fff8b1be000 	C:\WINDOWS\System32\msvcrt.dll
0x00007fff89470000 - 0x00007fff894a0000 	C:\WINDOWS\System32\IMM32.DLL
0x00007fff4da90000 - 0x00007fff4db2d000 	C:\Program Files\Android\Android Studio\jre\bin\msvcp140.dll
0x00007fff18930000 - 0x00007fff19415000 	C:\Program Files\Android\Android Studio\jre\bin\server\jvm.dll
0x00007fff8b1c0000 - 0x00007fff8b26e000 	C:\WINDOWS\System32\ADVAPI32.dll
0x00007fff89fb0000 - 0x00007fff8a04c000 	C:\WINDOWS\System32\sechost.dll
0x00007fff89570000 - 0x00007fff89695000 	C:\WINDOWS\System32\RPCRT4.dll
0x00007fff89e70000 - 0x00007fff89e78000 	C:\WINDOWS\System32\PSAPI.DLL
0x00007fff86a00000 - 0x00007fff86a09000 	C:\WINDOWS\SYSTEM32\WSOCK32.dll
0x00007fff8a1d0000 - 0x00007fff8a23b000 	C:\WINDOWS\System32\WS2_32.dll
0x00007fff7bfc0000 - 0x00007fff7bfe7000 	C:\WINDOWS\SYSTEM32\WINMM.dll
0x00007fff7f790000 - 0x00007fff7f79a000 	C:\WINDOWS\SYSTEM32\VERSION.dll
0x00007fff86b10000 - 0x00007fff86b22000 	C:\WINDOWS\SYSTEM32\kernel.appcore.dll
0x00007fff6a330000 - 0x00007fff6a341000 	C:\Program Files\Android\Android Studio\jre\bin\verify.dll
0x00007fff867f0000 - 0x00007fff869d4000 	C:\WINDOWS\SYSTEM32\DBGHELP.DLL
0x00007fff6a3c0000 - 0x00007fff6a3ec000 	C:\WINDOWS\SYSTEM32\dbgcore.DLL
0x00007fff88da0000 - 0x00007fff88e22000 	C:\WINDOWS\System32\bcryptPrimitives.dll
0x00007fff540b0000 - 0x00007fff540d9000 	C:\Program Files\Android\Android Studio\jre\bin\java.dll
0x00007fff7a920000 - 0x00007fff7a92b000 	C:\Program Files\Android\Android Studio\jre\bin\jimage.dll
0x00007fff52830000 - 0x00007fff52848000 	C:\Program Files\Android\Android Studio\jre\bin\zip.dll
0x00007fff8a610000 - 0x00007fff8ad54000 	C:\WINDOWS\System32\SHELL32.dll
0x00007fff86b30000 - 0x00007fff872c4000 	C:\WINDOWS\SYSTEM32\windows.storage.dll
0x00007fff89b10000 - 0x00007fff89e64000 	C:\WINDOWS\System32\combase.dll
0x00007fff88490000 - 0x00007fff884c0000 	C:\WINDOWS\SYSTEM32\Wldp.dll
0x00007fff89f00000 - 0x00007fff89fad000 	C:\WINDOWS\System32\SHCORE.dll
0x00007fff8b270000 - 0x00007fff8b2c5000 	C:\WINDOWS\System32\shlwapi.dll
0x00007fff88970000 - 0x00007fff8898f000 	C:\WINDOWS\SYSTEM32\profapi.dll
0x00007fff52810000 - 0x00007fff5282a000 	C:\Program Files\Android\Android Studio\jre\bin\net.dll
0x00007fff7ad50000 - 0x00007fff7ae5a000 	C:\WINDOWS\SYSTEM32\WINHTTP.dll
0x00007fff881f0000 - 0x00007fff8825a000 	C:\WINDOWS\system32\mswsock.dll
0x00007fff52400000 - 0x00007fff52414000 	C:\Program Files\Android\Android Studio\jre\bin\nio.dll
0x00007fff512b0000 - 0x00007fff512d7000 	C:\Users\muham\.gradle\native\e1d6ef7f7dcc3fd88c89a11ec53ec762bb8ba0a96d01ffa2cd45eb1d1d8dd5c5\windows-amd64\native-platform.dll
0x00007fff46ad0000 - 0x00007fff46c14000 	C:\Users\muham\.gradle\native\0d407fdbe67a94daf76414ababcb853783967236a71b16ec16e742cd7a986fd3\windows-amd64\native-platform-file-events.dll
0x00007fff6a3b0000 - 0x00007fff6a3ba000 	C:\Program Files\Android\Android Studio\jre\bin\management.dll
0x00007fff657b0000 - 0x00007fff657bd000 	C:\Program Files\Android\Android Studio\jre\bin\management_ext.dll
0x00007fff883e0000 - 0x00007fff883f8000 	C:\WINDOWS\SYSTEM32\CRYPTSP.dll
0x00007fff87b00000 - 0x00007fff87b34000 	C:\WINDOWS\system32\rsaenh.dll
0x00007fff88d20000 - 0x00007fff88d47000 	C:\WINDOWS\System32\bcrypt.dll
0x00007fff888f0000 - 0x00007fff8891e000 	C:\WINDOWS\SYSTEM32\USERENV.dll
0x00007fff88400000 - 0x00007fff8840c000 	C:\WINDOWS\SYSTEM32\CRYPTBASE.dll
0x00007fff87e90000 - 0x00007fff87ecb000 	C:\WINDOWS\SYSTEM32\IPHLPAPI.DLL
0x00007fff8a510000 - 0x00007fff8a518000 	C:\WINDOWS\System32\NSI.dll
0x00007fff7d720000 - 0x00007fff7d737000 	C:\WINDOWS\SYSTEM32\dhcpcsvc6.DLL
0x00007fff7daf0000 - 0x00007fff7db0d000 	C:\WINDOWS\SYSTEM32\dhcpcsvc.DLL
0x00007fff87ed0000 - 0x00007fff87f9b000 	C:\WINDOWS\SYSTEM32\DNSAPI.dll

dbghelp: loaded successfully - version: 4.0.5 - missing functions: none
symbol engine: initialized successfully - sym options: 0x614 - pdb path: .;C:\Program Files\Android\Android Studio\jre\bin;C:\WINDOWS\SYSTEM32;C:\WINDOWS\WinSxS\amd64_microsoft.windows.common-controls_6595b64144ccf1df_6.0.19041.1110_none_60b5254171f9507e;C:\Program Files\Android\Android Studio\jre\bin\server;C:\Users\muham\.gradle\native\e1d6ef7f7dcc3fd88c89a11ec53ec762bb8ba0a96d01ffa2cd45eb1d1d8dd5c5\windows-amd64;C:\Users\muham\.gradle\native\0d407fdbe67a94daf76414ababcb853783967236a71b16ec16e742cd7a986fd3\windows-amd64

VM Arguments:
jvm_args: --add-opens=java.base/java.util=ALL-UNNAMED --add-opens=java.base/java.lang=ALL-UNNAMED --add-opens=java.base/java.lang.invoke=ALL-UNNAMED --add-opens=java.base/java.util=ALL-UNNAMED --add-opens=java.prefs/java.util.prefs=ALL-UNNAMED --add-opens=java.prefs/java.util.prefs=ALL-UNNAMED --add-opens=java.base/java.nio.charset=ALL-UNNAMED --add-opens=java.base/java.net=ALL-UNNAMED --add-opens=java.base/java.util.concurrent.atomic=ALL-UNNAMED -Xmx2048m -Dfile.encoding=UTF-8 -Duser.country=ID -Duser.language=en -Duser.variant 
java_command: org.gradle.launcher.daemon.bootstrap.GradleDaemon 7.5.1
java_class_path (initial): C:\Users\muham\.gradle\wrapper\dists\gradle-7.5.1-bin\7jzzequgds1hbszbhq3npc5ng\gradle-7.5.1\lib\gradle-launcher-7.5.1.jar
Launcher Type: SUN_STANDARD

[Global flags]
     intx CICompilerCount                          = 3                                         {product} {ergonomic}
     uint ConcGCThreads                            = 1                                         {product} {ergonomic}
     uint G1ConcRefinementThreads                  = 4                                         {product} {ergonomic}
   size_t G1HeapRegionSize                         = 1048576                                   {product} {ergonomic}
    uintx GCDrainStackTargetSize                   = 64                                        {product} {ergonomic}
   size_t InitialHeapSize                          = 167772160                                 {product} {ergonomic}
   size_t MarkStackSize                            = 4194304                                   {product} {ergonomic}
   size_t MaxHeapSize                              = 2147483648                                {product} {command line}
   size_t MaxNewSize                               = 1287651328                                {product} {ergonomic}
   size_t MinHeapDeltaBytes                        = 1048576                                   {product} {ergonomic}
    uintx NonNMethodCodeHeapSize                   = 5830732                                {pd product} {ergonomic}
    uintx NonProfiledCodeHeapSize                  = 122913754                              {pd product} {ergonomic}
    uintx ProfiledCodeHeapSize                     = 122913754                              {pd product} {ergonomic}
    uintx ReservedCodeCacheSize                    = 251658240                              {pd product} {ergonomic}
     bool SegmentedCodeCache                       = true                                      {product} {ergonomic}
     bool UseCompressedClassPointers               = true                                 {lp64_product} {ergonomic}
     bool UseCompressedOops                        = true                                 {lp64_product} {ergonomic}
     bool UseG1GC                                  = true                                      {product} {ergonomic}
     bool UseLargePagesIndividualAllocation        = false                                  {pd product} {ergonomic}

Logging:
Log output configuration:
 #0: stdout all=warning uptime,level,tags
 #1: stderr all=off uptime,level,tags

Environment Variables:
JAVA_HOME=C:\Program Files\Java\jdk1.8.0_111
PATH=C:\ProgramData\Oracle\Java\javapath;C:\Windows\system32;C:\Windows;C:\Windows\System32\Wbem;C:\Windows\System32\WindowsPowerShell\v1.0\;C:\Windows\System32\OpenSSH\;C:\Program Files (x86)\NVIDIA Corporation\PhysX\Common;C:\Program Files\NVIDIA Corporation\NVIDIA NvDLISR;C:\Program Files\Java\jdk1.8.0_111;C:\Program Files\Java\jdk1.8.0_111\bin;C:\WINDOWS\system32;C:\WINDOWS;C:\WINDOWS\System32\Wbem;C:\WINDOWS\System32\WindowsPowerShell\v1.0\;C:\WINDOWS\System32\OpenSSH\;C:\Program Files\nodejs\;C:\xampp\php\;C:\composer;C:\Program Files\Git\cmd;C:\Users\muham\AppData\Local\Microsoft\WindowsApps;C:\Users\muham\AppData\Local\Programs\Microsoft VS Code\bin;flutter\bin;C:\Users\muham\AppData\Roaming\npm;C:\Users\muham\AppData\Roaming\Composer\vendor\bin;C:\Program Files\heroku\bin
USERNAME=muham
OS=Windows_NT
PROCESSOR_IDENTIFIER=Intel64 Family 6 Model 61 Stepping 4, GenuineIntel



---------------  S Y S T E M  ---------------

OS: Windows 10 , 64 bit Build 19041 (10.0.19041.1806)
OS uptime: 0 days 15:22 hours

CPU:total 4 (initial active 4) (2 cores per cpu, 2 threads per core) family 6 model 61 stepping 4 microcode 0x2d, cmov, cx8, fxsr, mmx, sse, sse2, sse3, ssse3, sse4.1, sse4.2, popcnt, avx, avx2, aes, clmul, erms, 3dnowpref, lzcnt, ht, tsc, tscinvbit, bmi1, bmi2, adx, fma

Memory: 4k page, system-wide physical 10139M (1950M free)
TotalPageFile size 11163M (AvailPageFile size 4M)
current process WorkingSet (physical memory assigned to process): 530M, peak: 530M
current process commit charge ("private bytes"): 563M, peak: 564M

vm_info: OpenJDK 64-Bit Server VM (11.0.12+7-b1504.28-7817840) for windows-amd64 JRE (11.0.12+7-b1504.28-7817840), built on Oct 13 2021 22:12:33 by "builder" with MS VC++ 14.0 (VS2015)

END.
