#
# There is insufficient memory for the Java Runtime Environment to continue.
# Native memory allocation (malloc) failed to allocate 1630736 bytes for Chunk::new
# Possible reasons:
#   The system is out of physical RAM or swap space
#   The process is running with CompressedOops enabled, and the Java Heap may be blocking the growth of the native heap
# Possible solutions:
#   Reduce memory load on the system
#   Increase physical memory or swap space
#   Check if swap backing store is full
#   Decrease Java heap size (-Xmx/-Xms)
#   Decrease number of Java threads
#   Decrease Java thread stack sizes (-Xss)
#   Set larger code cache with -XX:ReservedCodeCacheSize=
#   JVM is running with Unscaled Compressed Oops mode in which the Java heap is
#     placed in the first 4GB address space. The Java Heap base address is the
#     maximum limit for the native heap growth. Please use -XX:HeapBaseMinAddress
#     to set the Java Heap base and to place the Java Heap above 4GB virtual address.
# This output file may be truncated or incomplete.
#
#  Out of Memory Error (./src/hotspot/share/memory/arena.cpp:197), pid=13372, tid=6844
#
# JRE version: OpenJDK Runtime Environment (11.0.12+7) (build 11.0.12+7-b1504.28-7817840)
# Java VM: OpenJDK 64-Bit Server VM (11.0.12+7-b1504.28-7817840, mixed mode, tiered, compressed oops, g1 gc, windows-amd64)
# No core dump will be written. Minidumps are not enabled by default on client versions of Windows
#

---------------  S U M M A R Y ------------

Command Line: --add-opens=java.base/java.util=ALL-UNNAMED --add-opens=java.base/java.lang=ALL-UNNAMED --add-opens=java.base/java.lang.invoke=ALL-UNNAMED --add-opens=java.base/java.util=ALL-UNNAMED --add-opens=java.prefs/java.util.prefs=ALL-UNNAMED --add-opens=java.prefs/java.util.prefs=ALL-UNNAMED --add-opens=java.base/java.nio.charset=ALL-UNNAMED --add-opens=java.base/java.net=ALL-UNNAMED --add-opens=java.base/java.util.concurrent.atomic=ALL-UNNAMED -Xmx2048m -Dfile.encoding=UTF-8 -Duser.country=ID -Duser.language=en -Duser.variant org.gradle.launcher.daemon.bootstrap.GradleDaemon 7.5.1

Host: Intel(R) Core(TM) i3-5010U CPU @ 2.10GHz, 4 cores, 9G,  Windows 10 , 64 bit Build 19041 (10.0.19041.1806)
Time: Wed Sep 28 07:51:02 2022 SE Asia Standard Time elapsed time: 11.860738 seconds (0d 0h 0m 11s)

---------------  T H R E A D  ---------------

Current thread (0x000001db3e9ff000):  JavaThread "C2 CompilerThread0" daemon [_thread_in_native, id=6844, stack(0x00000030d7f00000,0x00000030d8000000)]


Current CompileTask:
C2:  11860 4351       4       groovyjarjarantlr4.v4.runtime.atn.PredictionContext::join (569 bytes)

Stack: [0x00000030d7f00000,0x00000030d8000000]
Native frames: (J=compiled Java code, j=interpreted, Vv=VM code, C=native code)
V  [jvm.dll+0x5fbcea]
V  [jvm.dll+0x731905]
V  [jvm.dll+0x732f1d]
V  [jvm.dll+0x7335d3]
V  [jvm.dll+0x247bf8]
V  [jvm.dll+0xc018c]
V  [jvm.dll+0xc06cc]
V  [jvm.dll+0x35b2db]
V  [jvm.dll+0x328803]
V  [jvm.dll+0x327cfa]
V  [jvm.dll+0x200602]
V  [jvm.dll+0x1ff794]
V  [jvm.dll+0x18868c]
V  [jvm.dll+0x20e0d7]
V  [jvm.dll+0x20c901]
V  [jvm.dll+0x6f9b7f]
V  [jvm.dll+0x6f26a5]
V  [jvm.dll+0x5fabf6]
C  [ucrtbase.dll+0x21bb2]
C  [KERNEL32.DLL+0x17034]
C  [ntdll.dll+0x52651]


---------------  P R O C E S S  ---------------

Threads class SMR info:
_java_thread_list=0x000001db41f3f840, length=36, elements={
0x000001db2250d800, 0x000001db3e078000, 0x000001db3e082800, 0x000001db3e9f5800,
0x000001db3e9f9000, 0x000001db3e9fb800, 0x000001db3e9ff000, 0x000001db3e092000,
0x000001db3e097000, 0x000001db3eb56800, 0x000001db40858800, 0x000001db40b08000,
0x000001db40dfe800, 0x000001db402df800, 0x000001db4021c000, 0x000001db3f980000,
0x000001db401be000, 0x000001db40f87800, 0x000001db40f88800, 0x000001db40aeb800,
0x000001db40aec000, 0x000001db40aea800, 0x000001db40aed000, 0x000001db40ae8000,
0x000001db40ae7000, 0x000001db40aed800, 0x000001db40ae9000, 0x000001db40ae9800,
0x000001db41c68000, 0x000001db41c68800, 0x000001db41c65800, 0x000001db41c67000,
0x000001db41c69800, 0x000001db41c66800, 0x000001db41c6a800, 0x000001db41449000
}

Java Threads: ( => current thread )
  0x000001db2250d800 JavaThread "main" [_thread_blocked, id=15048, stack(0x00000030d7300000,0x00000030d7400000)]
  0x000001db3e078000 JavaThread "Reference Handler" daemon [_thread_blocked, id=5068, stack(0x00000030d7a00000,0x00000030d7b00000)]
  0x000001db3e082800 JavaThread "Finalizer" daemon [_thread_blocked, id=6100, stack(0x00000030d7b00000,0x00000030d7c00000)]
  0x000001db3e9f5800 JavaThread "Signal Dispatcher" daemon [_thread_blocked, id=11892, stack(0x00000030d7c00000,0x00000030d7d00000)]
  0x000001db3e9f9000 JavaThread "Attach Listener" daemon [_thread_blocked, id=15236, stack(0x00000030d7d00000,0x00000030d7e00000)]
  0x000001db3e9fb800 JavaThread "Service Thread" daemon [_thread_blocked, id=3108, stack(0x00000030d7e00000,0x00000030d7f00000)]
=>0x000001db3e9ff000 JavaThread "C2 CompilerThread0" daemon [_thread_in_native, id=6844, stack(0x00000030d7f00000,0x00000030d8000000)]
  0x000001db3e092000 JavaThread "C1 CompilerThread0" daemon [_thread_blocked, id=11600, stack(0x00000030d8000000,0x00000030d8100000)]
  0x000001db3e097000 JavaThread "Sweeper thread" daemon [_thread_blocked, id=14512, stack(0x00000030d8100000,0x00000030d8200000)]
  0x000001db3eb56800 JavaThread "Common-Cleaner" daemon [_thread_blocked, id=8980, stack(0x00000030d8200000,0x00000030d8300000)]
  0x000001db40858800 JavaThread "Daemon health stats" [_thread_blocked, id=7192, stack(0x00000030d8700000,0x00000030d8800000)]
  0x000001db40b08000 JavaThread "Incoming local TCP Connector on port 49820" [_thread_in_native, id=14116, stack(0x00000030d8400000,0x00000030d8500000)]
  0x000001db40dfe800 JavaThread "Daemon periodic checks" [_thread_blocked, id=4676, stack(0x00000030d8800000,0x00000030d8900000)]
  0x000001db402df800 JavaThread "Daemon" [_thread_blocked, id=14776, stack(0x00000030d8900000,0x00000030d8a00000)]
  0x000001db4021c000 JavaThread "Handler for socket connection from /127.0.0.1:49820 to /127.0.0.1:49821" [_thread_in_native, id=8960, stack(0x00000030d8a00000,0x00000030d8b00000)]
  0x000001db3f980000 JavaThread "Cancel handler" [_thread_blocked, id=2744, stack(0x00000030d8b00000,0x00000030d8c00000)]
  0x000001db401be000 JavaThread "Daemon worker" [_thread_in_Java, id=8492, stack(0x00000030d8c00000,0x00000030d8d00000)]
  0x000001db40f87800 JavaThread "Asynchronous log dispatcher for DefaultDaemonConnection: socket connection from /127.0.0.1:49820 to /127.0.0.1:49821" [_thread_blocked, id=11724, stack(0x00000030d8d00000,0x00000030d8e00000)]
  0x000001db40f88800 JavaThread "Stdin handler" [_thread_blocked, id=14816, stack(0x00000030d8e00000,0x00000030d8f00000)]
  0x000001db40aeb800 JavaThread "Daemon client event forwarder" [_thread_blocked, id=2260, stack(0x00000030d8f00000,0x00000030d9000000)]
  0x000001db40aec000 JavaThread "Cache worker for journal cache (C:\Users\muham\.gradle\caches\journal-1)" [_thread_blocked, id=13628, stack(0x00000030d9100000,0x00000030d9200000)]
  0x000001db40aea800 JavaThread "File lock request listener" [_thread_in_native, id=6868, stack(0x00000030d9200000,0x00000030d9300000)]
  0x000001db40aed000 JavaThread "Cache worker for file hash cache (C:\Users\muham\.gradle\caches\7.5.1\fileHashes)" [_thread_blocked, id=4596, stack(0x00000030d9400000,0x00000030d9500000)]
  0x000001db40ae8000 JavaThread "File watcher server" daemon [_thread_in_native, id=13940, stack(0x00000030d9500000,0x00000030d9600000)]
  0x000001db40ae7000 JavaThread "File watcher consumer" daemon [_thread_blocked, id=14908, stack(0x00000030d9600000,0x00000030d9700000)]
  0x000001db40aed800 JavaThread "jar transforms" [_thread_blocked, id=9296, stack(0x00000030d9000000,0x00000030d9100000)]
  0x000001db40ae9000 JavaThread "jar transforms Thread 2" [_thread_blocked, id=14132, stack(0x00000030d9700000,0x00000030d9800000)]
  0x000001db40ae9800 JavaThread "jar transforms Thread 3" [_thread_blocked, id=14352, stack(0x00000030d9800000,0x00000030d9900000)]
  0x000001db41c68000 JavaThread "jar transforms Thread 4" [_thread_blocked, id=10704, stack(0x00000030d9900000,0x00000030d9a00000)]
  0x000001db41c68800 JavaThread "Cache worker for checksums cache (D:\Data Kuliah\Semester 12\App\.gradle\7.5.1\checksums)" [_thread_blocked, id=15284, stack(0x00000030d9b00000,0x00000030d9c00000)]
  0x000001db41c65800 JavaThread "Cache worker for cache directory md-rule (C:\Users\muham\.gradle\caches\7.5.1\md-rule)" [_thread_blocked, id=12740, stack(0x00000030d9c00000,0x00000030d9d00000)]
  0x000001db41c67000 JavaThread "Cache worker for file content cache (C:\Users\muham\.gradle\caches\7.5.1\fileContent)" [_thread_blocked, id=552, stack(0x00000030d9d00000,0x00000030d9e00000)]
  0x000001db41c69800 JavaThread "Cache worker for file hash cache (D:\Data Kuliah\Semester 12\App\.gradle\7.5.1\fileHashes)" [_thread_blocked, id=10768, stack(0x00000030d9a00000,0x00000030d9b00000)]
  0x000001db41c66800 JavaThread "Cache worker for cache directory md-supplier (C:\Users\muham\.gradle\caches\7.5.1\md-supplier)" [_thread_blocked, id=2660, stack(0x00000030d9e00000,0x00000030d9f00000)]
  0x000001db41c6a800 JavaThread "Cache worker for execution history cache (C:\Users\muham\.gradle\caches\7.5.1\executionHistory)" [_thread_blocked, id=11100, stack(0x00000030d9f00000,0x00000030da000000)]
  0x000001db41449000 JavaThread "C2 CompilerThread1" daemon [_thread_in_vm, id=10936, stack(0x00000030da000000,0x00000030da100000)]

Other Threads:
  0x000001db3e072800 VMThread "VM Thread" [stack: 0x00000030d7900000,0x00000030d7a00000] [id=12760]
  0x000001db3eb5b800 WatcherThread [stack: 0x00000030d8300000,0x00000030d8400000] [id=3392]
  0x000001db22526800 GCTaskThread "GC Thread#0" [stack: 0x00000030d7400000,0x00000030d7500000] [id=11612]
  0x000001db3ec2b800 GCTaskThread "GC Thread#1" [stack: 0x00000030d8500000,0x00000030d8600000] [id=8396]
  0x000001db3ee3c000 GCTaskThread "GC Thread#2" [stack: 0x00000030d8600000,0x00000030d8700000] [id=11272]
  0x000001db401bf000 GCTaskThread "GC Thread#3" [stack: 0x00000030d9300000,0x00000030d9400000] [id=13912]
  0x000001db22559000 ConcurrentGCThread "G1 Main Marker" [stack: 0x00000030d7500000,0x00000030d7600000] [id=6320]
  0x000001db2255a000 ConcurrentGCThread "G1 Conc#0" [stack: 0x00000030d7600000,0x00000030d7700000] [id=3228]
  0x000001db225ed000 ConcurrentGCThread "G1 Refine#0" [stack: 0x00000030d7700000,0x00000030d7800000] [id=14256]
  0x000001db225ee800 ConcurrentGCThread "G1 Young RemSet Sampling" [stack: 0x00000030d7800000,0x00000030d7900000] [id=15056]

Threads with active compile tasks:
C2 CompilerThread0  11986 4351       4       groovyjarjarantlr4.v4.runtime.atn.PredictionContext::join (569 bytes)
C2 CompilerThread1  11986 4589       4       org.codehaus.groovy.runtime.metaclass.MetaMethodIndex::addMethodToList (131 bytes)

VM state:not at safepoint (normal execution)

VM Mutex/Monitor currently owned by a thread: None

Heap address: 0x0000000080000000, size: 2048 MB, Compressed Oops mode: 32-bit
Narrow klass base: 0x0000000000000000, Narrow klass shift: 3
Compressed class space size: 1073741824 Address: 0x0000000100000000

Heap:
 garbage-first heap   total 163840K, used 64502K [0x0000000080000000, 0x0000000100000000)
  region size 1024K, 33 young (33792K), 10 survivors (10240K)
 Metaspace       used 47307K, capacity 48573K, committed 48896K, reserved 1091584K
  class space    used 6123K, capacity 6585K, committed 6656K, reserved 1048576K
Heap Regions: E=young(eden), S=young(survivor), O=old, HS=humongous(starts), HC=humongous(continues), CS=collection set, F=free, A=archive, TAMS=top-at-mark-start (previous, next)
|   0|0x0000000080000000, 0x0000000080100000, 0x0000000080100000|100%|HS|  |TAMS 0x0000000080100000, 0x0000000080000000| Complete 
|   1|0x0000000080100000, 0x0000000080200000, 0x0000000080200000|100%|HC|  |TAMS 0x0000000080200000, 0x0000000080100000| Complete 
|   2|0x0000000080200000, 0x0000000080300000, 0x0000000080300000|100%|HC|  |TAMS 0x0000000080300000, 0x0000000080200000| Complete 
|   3|0x0000000080300000, 0x0000000080400000, 0x0000000080400000|100%| O|  |TAMS 0x0000000080400000, 0x0000000080300000| Untracked 
|   4|0x0000000080400000, 0x0000000080500000, 0x0000000080500000|100%| O|  |TAMS 0x0000000080500000, 0x0000000080400000| Untracked 
|   5|0x0000000080500000, 0x0000000080600000, 0x0000000080600000|100%| O|  |TAMS 0x0000000080600000, 0x0000000080500000| Untracked 
|   6|0x0000000080600000, 0x0000000080700000, 0x0000000080700000|100%| O|  |TAMS 0x0000000080700000, 0x0000000080600000| Untracked 
|   7|0x0000000080700000, 0x0000000080800000, 0x0000000080800000|100%| O|  |TAMS 0x0000000080800000, 0x0000000080700000| Untracked 
|   8|0x0000000080800000, 0x0000000080900000, 0x0000000080900000|100%| O|  |TAMS 0x0000000080900000, 0x0000000080800000| Untracked 
|   9|0x0000000080900000, 0x0000000080a00000, 0x0000000080a00000|100%| O|  |TAMS 0x0000000080a00000, 0x0000000080900000| Untracked 
|  10|0x0000000080a00000, 0x0000000080b00000, 0x0000000080b00000|100%| O|  |TAMS 0x0000000080b00000, 0x0000000080a00000| Untracked 
|  11|0x0000000080b00000, 0x0000000080c00000, 0x0000000080c00000|100%| O|  |TAMS 0x0000000080c00000, 0x0000000080b00000| Untracked 
|  12|0x0000000080c00000, 0x0000000080d00000, 0x0000000080d00000|100%| O|  |TAMS 0x0000000080d00000, 0x0000000080c00000| Untracked 
|  13|0x0000000080d00000, 0x0000000080e00000, 0x0000000080e00000|100%| O|  |TAMS 0x0000000080e00000, 0x0000000080d00000| Untracked 
|  14|0x0000000080e00000, 0x0000000080f00000, 0x0000000080f00000|100%| O|  |TAMS 0x0000000080f00000, 0x0000000080e00000| Untracked 
|  15|0x0000000080f00000, 0x0000000081000000, 0x0000000081000000|100%| O|  |TAMS 0x0000000081000000, 0x0000000080f00000| Untracked 
|  16|0x0000000081000000, 0x0000000081100000, 0x0000000081100000|100%| O|  |TAMS 0x0000000081100000, 0x0000000081000000| Untracked 
|  17|0x0000000081100000, 0x0000000081200000, 0x0000000081200000|100%|HS|  |TAMS 0x0000000081200000, 0x0000000081100000| Complete 
|  18|0x0000000081200000, 0x0000000081300000, 0x0000000081300000|100%|HC|  |TAMS 0x0000000081300000, 0x0000000081200000| Complete 
|  19|0x0000000081300000, 0x0000000081400000, 0x0000000081400000|100%|HS|  |TAMS 0x0000000081400000, 0x0000000081300000| Complete 
|  20|0x0000000081400000, 0x0000000081500000, 0x0000000081500000|100%|HC|  |TAMS 0x0000000081500000, 0x0000000081400000| Complete 
|  21|0x0000000081500000, 0x0000000081600000, 0x0000000081600000|100%|HC|  |TAMS 0x0000000081600000, 0x0000000081500000| Complete 
|  22|0x0000000081600000, 0x0000000081700000, 0x0000000081700000|100%|HS|  |TAMS 0x0000000081700000, 0x0000000081600000| Complete 
|  23|0x0000000081700000, 0x0000000081800000, 0x0000000081800000|100%|HS|  |TAMS 0x0000000081800000, 0x0000000081700000| Complete 
|  24|0x0000000081800000, 0x0000000081900000, 0x0000000081900000|100%|HC|  |TAMS 0x0000000081900000, 0x0000000081800000| Complete 
|  25|0x0000000081900000, 0x0000000081a00000, 0x0000000081a00000|100%|HC|  |TAMS 0x0000000081a00000, 0x0000000081900000| Complete 
|  26|0x0000000081a00000, 0x0000000081b00000, 0x0000000081b00000|100%|HC|  |TAMS 0x0000000081b00000, 0x0000000081a00000| Complete 
|  27|0x0000000081b00000, 0x0000000081b00000, 0x0000000081c00000|  0%| F|  |TAMS 0x0000000081b00000, 0x0000000081b00000| Untracked 
|  28|0x0000000081c00000, 0x0000000081c00000, 0x0000000081d00000|  0%| F|  |TAMS 0x0000000081c00000, 0x0000000081c00000| Untracked 
|  29|0x0000000081d00000, 0x0000000081d00000, 0x0000000081e00000|  0%| F|  |TAMS 0x0000000081d00000, 0x0000000081d00000| Untracked 
|  30|0x0000000081e00000, 0x0000000081f00000, 0x0000000081f00000|100%| O|  |TAMS 0x0000000081f00000, 0x0000000081e00000| Untracked 
|  31|0x0000000081f00000, 0x0000000082000000, 0x0000000082000000|100%| O|  |TAMS 0x0000000082000000, 0x0000000081f00000| Untracked 
|  32|0x0000000082000000, 0x0000000082100000, 0x0000000082100000|100%| O|  |TAMS 0x0000000082100000, 0x0000000082000000| Untracked 
|  33|0x0000000082100000, 0x0000000082200000, 0x0000000082200000|100%| O|  |TAMS 0x0000000082200000, 0x0000000082100000| Untracked 
|  34|0x0000000082200000, 0x000000008221ae00, 0x0000000082300000| 10%| O|  |TAMS 0x000000008221ae00, 0x0000000082200000| Untracked 
|  35|0x0000000082300000, 0x0000000082300000, 0x0000000082400000|  0%| F|  |TAMS 0x0000000082300000, 0x0000000082300000| Untracked 
|  36|0x0000000082400000, 0x0000000082400000, 0x0000000082500000|  0%| F|  |TAMS 0x0000000082400000, 0x0000000082400000| Untracked 
|  37|0x0000000082500000, 0x0000000082500000, 0x0000000082600000|  0%| F|  |TAMS 0x0000000082500000, 0x0000000082500000| Untracked 
|  38|0x0000000082600000, 0x0000000082600000, 0x0000000082700000|  0%| F|  |TAMS 0x0000000082600000, 0x0000000082600000| Untracked 
|  39|0x0000000082700000, 0x0000000082700000, 0x0000000082800000|  0%| F|  |TAMS 0x0000000082700000, 0x0000000082700000| Untracked 
|  40|0x0000000082800000, 0x0000000082800000, 0x0000000082900000|  0%| F|  |TAMS 0x0000000082800000, 0x0000000082800000| Untracked 
|  41|0x0000000082900000, 0x0000000082900000, 0x0000000082a00000|  0%| F|  |TAMS 0x0000000082900000, 0x0000000082900000| Untracked 
|  42|0x0000000082a00000, 0x0000000082a00000, 0x0000000082b00000|  0%| F|  |TAMS 0x0000000082a00000, 0x0000000082a00000| Untracked 
|  43|0x0000000082b00000, 0x0000000082b00000, 0x0000000082c00000|  0%| F|  |TAMS 0x0000000082b00000, 0x0000000082b00000| Untracked 
|  44|0x0000000082c00000, 0x0000000082c00000, 0x0000000082d00000|  0%| F|  |TAMS 0x0000000082c00000, 0x0000000082c00000| Untracked 
|  45|0x0000000082d00000, 0x0000000082d00000, 0x0000000082e00000|  0%| F|  |TAMS 0x0000000082d00000, 0x0000000082d00000| Untracked 
|  46|0x0000000082e00000, 0x0000000082e00000, 0x0000000082f00000|  0%| F|  |TAMS 0x0000000082e00000, 0x0000000082e00000| Untracked 
|  47|0x0000000082f00000, 0x0000000082f00000, 0x0000000083000000|  0%| F|  |TAMS 0x0000000082f00000, 0x0000000082f00000| Untracked 
|  48|0x0000000083000000, 0x0000000083000000, 0x0000000083100000|  0%| F|  |TAMS 0x0000000083000000, 0x0000000083000000| Untracked 
|  49|0x0000000083100000, 0x0000000083100000, 0x0000000083200000|  0%| F|  |TAMS 0x0000000083100000, 0x0000000083100000| Untracked 
|  50|0x0000000083200000, 0x0000000083200000, 0x0000000083300000|  0%| F|  |TAMS 0x0000000083200000, 0x0000000083200000| Untracked 
|  51|0x0000000083300000, 0x0000000083300000, 0x0000000083400000|  0%| F|  |TAMS 0x0000000083300000, 0x0000000083300000| Untracked 
|  52|0x0000000083400000, 0x0000000083400000, 0x0000000083500000|  0%| F|  |TAMS 0x0000000083400000, 0x0000000083400000| Untracked 
|  53|0x0000000083500000, 0x0000000083500000, 0x0000000083600000|  0%| F|  |TAMS 0x0000000083500000, 0x0000000083500000| Untracked 
|  54|0x0000000083600000, 0x0000000083600000, 0x0000000083700000|  0%| F|  |TAMS 0x0000000083600000, 0x0000000083600000| Untracked 
|  55|0x0000000083700000, 0x0000000083700000, 0x0000000083800000|  0%| F|  |TAMS 0x0000000083700000, 0x0000000083700000| Untracked 
|  56|0x0000000083800000, 0x0000000083800000, 0x0000000083900000|  0%| F|  |TAMS 0x0000000083800000, 0x0000000083800000| Untracked 
|  57|0x0000000083900000, 0x0000000083900000, 0x0000000083a00000|  0%| F|  |TAMS 0x0000000083900000, 0x0000000083900000| Untracked 
|  58|0x0000000083a00000, 0x0000000083ae2cb8, 0x0000000083b00000| 88%| S|CS|TAMS 0x0000000083a00000, 0x0000000083a00000| Complete 
|  59|0x0000000083b00000, 0x0000000083c00000, 0x0000000083c00000|100%| S|CS|TAMS 0x0000000083b00000, 0x0000000083b00000| Complete 
|  60|0x0000000083c00000, 0x0000000083d00000, 0x0000000083d00000|100%| S|CS|TAMS 0x0000000083c00000, 0x0000000083c00000| Complete 
|  61|0x0000000083d00000, 0x0000000083e00000, 0x0000000083e00000|100%| S|CS|TAMS 0x0000000083d00000, 0x0000000083d00000| Complete 
|  62|0x0000000083e00000, 0x0000000083f00000, 0x0000000083f00000|100%| S|CS|TAMS 0x0000000083e00000, 0x0000000083e00000| Complete 
|  63|0x0000000083f00000, 0x0000000084000000, 0x0000000084000000|100%| S|CS|TAMS 0x0000000083f00000, 0x0000000083f00000| Complete 
|  64|0x0000000084000000, 0x0000000084100000, 0x0000000084100000|100%| S|CS|TAMS 0x0000000084000000, 0x0000000084000000| Complete 
|  65|0x0000000084100000, 0x0000000084200000, 0x0000000084200000|100%| S|CS|TAMS 0x0000000084100000, 0x0000000084100000| Complete 
|  66|0x0000000084200000, 0x0000000084300000, 0x0000000084300000|100%| S|CS|TAMS 0x0000000084200000, 0x0000000084200000| Complete 
|  67|0x0000000084300000, 0x0000000084400000, 0x0000000084400000|100%| S|CS|TAMS 0x0000000084300000, 0x0000000084300000| Complete 
|  68|0x0000000084400000, 0x0000000084400000, 0x0000000084500000|  0%| F|  |TAMS 0x0000000084400000, 0x0000000084400000| Untracked 
|  69|0x0000000084500000, 0x0000000084500000, 0x0000000084600000|  0%| F|  |TAMS 0x0000000084500000, 0x0000000084500000| Untracked 
|  70|0x0000000084600000, 0x0000000084600000, 0x0000000084700000|  0%| F|  |TAMS 0x0000000084600000, 0x0000000084600000| Untracked 
|  71|0x0000000084700000, 0x0000000084700000, 0x0000000084800000|  0%| F|  |TAMS 0x0000000084700000, 0x0000000084700000| Untracked 
|  72|0x0000000084800000, 0x0000000084800000, 0x0000000084900000|  0%| F|  |TAMS 0x0000000084800000, 0x0000000084800000| Untracked 
|  73|0x0000000084900000, 0x0000000084900000, 0x0000000084a00000|  0%| F|  |TAMS 0x0000000084900000, 0x0000000084900000| Untracked 
|  74|0x0000000084a00000, 0x0000000084a00000, 0x0000000084b00000|  0%| F|  |TAMS 0x0000000084a00000, 0x0000000084a00000| Untracked 
|  75|0x0000000084b00000, 0x0000000084b00000, 0x0000000084c00000|  0%| F|  |TAMS 0x0000000084b00000, 0x0000000084b00000| Untracked 
|  76|0x0000000084c00000, 0x0000000084c00000, 0x0000000084d00000|  0%| F|  |TAMS 0x0000000084c00000, 0x0000000084c00000| Untracked 
|  77|0x0000000084d00000, 0x0000000084d00000, 0x0000000084e00000|  0%| F|  |TAMS 0x0000000084d00000, 0x0000000084d00000| Untracked 
|  78|0x0000000084e00000, 0x0000000084e00000, 0x0000000084f00000|  0%| F|  |TAMS 0x0000000084e00000, 0x0000000084e00000| Untracked 
|  79|0x0000000084f00000, 0x0000000084f00000, 0x0000000085000000|  0%| F|  |TAMS 0x0000000084f00000, 0x0000000084f00000| Untracked 
|  80|0x0000000085000000, 0x0000000085000000, 0x0000000085100000|  0%| F|  |TAMS 0x0000000085000000, 0x0000000085000000| Untracked 
|  81|0x0000000085100000, 0x0000000085100000, 0x0000000085200000|  0%| F|  |TAMS 0x0000000085100000, 0x0000000085100000| Untracked 
|  82|0x0000000085200000, 0x0000000085200000, 0x0000000085300000|  0%| F|  |TAMS 0x0000000085200000, 0x0000000085200000| Untracked 
|  83|0x0000000085300000, 0x0000000085300000, 0x0000000085400000|  0%| F|  |TAMS 0x0000000085300000, 0x0000000085300000| Untracked 
|  84|0x0000000085400000, 0x0000000085400000, 0x0000000085500000|  0%| F|  |TAMS 0x0000000085400000, 0x0000000085400000| Untracked 
|  85|0x0000000085500000, 0x0000000085500000, 0x0000000085600000|  0%| F|  |TAMS 0x0000000085500000, 0x0000000085500000| Untracked 
|  86|0x0000000085600000, 0x0000000085600000, 0x0000000085700000|  0%| F|  |TAMS 0x0000000085600000, 0x0000000085600000| Untracked 
|  87|0x0000000085700000, 0x0000000085700000, 0x0000000085800000|  0%| F|  |TAMS 0x0000000085700000, 0x0000000085700000| Untracked 
|  88|0x0000000085800000, 0x0000000085800000, 0x0000000085900000|  0%| F|  |TAMS 0x0000000085800000, 0x0000000085800000| Untracked 
|  89|0x0000000085900000, 0x0000000085900000, 0x0000000085a00000|  0%| F|  |TAMS 0x0000000085900000, 0x0000000085900000| Untracked 
|  90|0x0000000085a00000, 0x0000000085a00000, 0x0000000085b00000|  0%| F|  |TAMS 0x0000000085a00000, 0x0000000085a00000| Untracked 
|  91|0x0000000085b00000, 0x0000000085b00000, 0x0000000085c00000|  0%| F|  |TAMS 0x0000000085b00000, 0x0000000085b00000| Untracked 
|  92|0x0000000085c00000, 0x0000000085c00000, 0x0000000085d00000|  0%| F|  |TAMS 0x0000000085c00000, 0x0000000085c00000| Untracked 
|  93|0x0000000085d00000, 0x0000000085d00000, 0x0000000085e00000|  0%| F|  |TAMS 0x0000000085d00000, 0x0000000085d00000| Untracked 
|  94|0x0000000085e00000, 0x0000000085e00000, 0x0000000085f00000|  0%| F|  |TAMS 0x0000000085e00000, 0x0000000085e00000| Untracked 
|  95|0x0000000085f00000, 0x0000000085f00000, 0x0000000086000000|  0%| F|  |TAMS 0x0000000085f00000, 0x0000000085f00000| Untracked 
|  96|0x0000000086000000, 0x0000000086000000, 0x0000000086100000|  0%| F|  |TAMS 0x0000000086000000, 0x0000000086000000| Untracked 
|  97|0x0000000086100000, 0x0000000086100000, 0x0000000086200000|  0%| F|  |TAMS 0x0000000086100000, 0x0000000086100000| Untracked 
|  98|0x0000000086200000, 0x0000000086200000, 0x0000000086300000|  0%| F|  |TAMS 0x0000000086200000, 0x0000000086200000| Untracked 
|  99|0x0000000086300000, 0x0000000086300000, 0x0000000086400000|  0%| F|  |TAMS 0x0000000086300000, 0x0000000086300000| Untracked 
| 100|0x0000000086400000, 0x0000000086400000, 0x0000000086500000|  0%| F|  |TAMS 0x0000000086400000, 0x0000000086400000| Untracked 
| 101|0x0000000086500000, 0x0000000086500000, 0x0000000086600000|  0%| F|  |TAMS 0x0000000086500000, 0x0000000086500000| Untracked 
| 102|0x0000000086600000, 0x0000000086600000, 0x0000000086700000|  0%| F|  |TAMS 0x0000000086600000, 0x0000000086600000| Untracked 
| 103|0x0000000086700000, 0x0000000086700000, 0x0000000086800000|  0%| F|  |TAMS 0x0000000086700000, 0x0000000086700000| Untracked 
| 104|0x0000000086800000, 0x0000000086800000, 0x0000000086900000|  0%| F|  |TAMS 0x0000000086800000, 0x0000000086800000| Untracked 
| 105|0x0000000086900000, 0x0000000086900000, 0x0000000086a00000|  0%| F|  |TAMS 0x0000000086900000, 0x0000000086900000| Untracked 
| 106|0x0000000086a00000, 0x0000000086a00000, 0x0000000086b00000|  0%| F|  |TAMS 0x0000000086a00000, 0x0000000086a00000| Untracked 
| 107|0x0000000086b00000, 0x0000000086b00000, 0x0000000086c00000|  0%| F|  |TAMS 0x0000000086b00000, 0x0000000086b00000| Untracked 
| 108|0x0000000086c00000, 0x0000000086c00000, 0x0000000086d00000|  0%| F|  |TAMS 0x0000000086c00000, 0x0000000086c00000| Untracked 
| 109|0x0000000086d00000, 0x0000000086d00000, 0x0000000086e00000|  0%| F|  |TAMS 0x0000000086d00000, 0x0000000086d00000| Untracked 
| 110|0x0000000086e00000, 0x0000000086e00000, 0x0000000086f00000|  0%| F|  |TAMS 0x0000000086e00000, 0x0000000086e00000| Untracked 
| 111|0x0000000086f00000, 0x0000000086f00000, 0x0000000087000000|  0%| F|  |TAMS 0x0000000086f00000, 0x0000000086f00000| Untracked 
| 112|0x0000000087000000, 0x0000000087000000, 0x0000000087100000|  0%| F|  |TAMS 0x0000000087000000, 0x0000000087000000| Untracked 
| 113|0x0000000087100000, 0x0000000087100000, 0x0000000087200000|  0%| F|  |TAMS 0x0000000087100000, 0x0000000087100000| Untracked 
| 114|0x0000000087200000, 0x0000000087200000, 0x0000000087300000|  0%| F|  |TAMS 0x0000000087200000, 0x0000000087200000| Untracked 
| 115|0x0000000087300000, 0x0000000087300000, 0x0000000087400000|  0%| F|  |TAMS 0x0000000087300000, 0x0000000087300000| Untracked 
| 116|0x0000000087400000, 0x0000000087400000, 0x0000000087500000|  0%| F|  |TAMS 0x0000000087400000, 0x0000000087400000| Untracked 
| 117|0x0000000087500000, 0x0000000087500000, 0x0000000087600000|  0%| F|  |TAMS 0x0000000087500000, 0x0000000087500000| Untracked 
| 118|0x0000000087600000, 0x0000000087600000, 0x0000000087700000|  0%| F|  |TAMS 0x0000000087600000, 0x0000000087600000| Untracked 
| 119|0x0000000087700000, 0x0000000087700000, 0x0000000087800000|  0%| F|  |TAMS 0x0000000087700000, 0x0000000087700000| Untracked 
| 120|0x0000000087800000, 0x0000000087800000, 0x0000000087900000|  0%| F|  |TAMS 0x0000000087800000, 0x0000000087800000| Untracked 
| 121|0x0000000087900000, 0x0000000087900000, 0x0000000087a00000|  0%| F|  |TAMS 0x0000000087900000, 0x0000000087900000| Untracked 
| 122|0x0000000087a00000, 0x0000000087a00000, 0x0000000087b00000|  0%| F|  |TAMS 0x0000000087a00000, 0x0000000087a00000| Untracked 
| 123|0x0000000087b00000, 0x0000000087b00000, 0x0000000087c00000|  0%| F|  |TAMS 0x0000000087b00000, 0x0000000087b00000| Untracked 
| 124|0x0000000087c00000, 0x0000000087c00000, 0x0000000087d00000|  0%| F|  |TAMS 0x0000000087c00000, 0x0000000087c00000| Untracked 
| 125|0x0000000087d00000, 0x0000000087d00000, 0x0000000087e00000|  0%| F|  |TAMS 0x0000000087d00000, 0x0000000087d00000| Untracked 
| 126|0x0000000087e00000, 0x0000000087e00000, 0x0000000087f00000|  0%| F|  |TAMS 0x0000000087e00000, 0x0000000087e00000| Untracked 
| 127|0x0000000087f00000, 0x0000000087f00000, 0x0000000088000000|  0%| F|  |TAMS 0x0000000087f00000, 0x0000000087f00000| Untracked 
| 128|0x0000000088000000, 0x0000000088000000, 0x0000000088100000|  0%| F|  |TAMS 0x0000000088000000, 0x0000000088000000| Untracked 
| 129|0x0000000088100000, 0x0000000088100000, 0x0000000088200000|  0%| F|  |TAMS 0x0000000088100000, 0x0000000088100000| Untracked 
| 130|0x0000000088200000, 0x0000000088200000, 0x0000000088300000|  0%| F|  |TAMS 0x0000000088200000, 0x0000000088200000| Untracked 
| 131|0x0000000088300000, 0x0000000088300000, 0x0000000088400000|  0%| F|  |TAMS 0x0000000088300000, 0x0000000088300000| Untracked 
| 132|0x0000000088400000, 0x0000000088400000, 0x0000000088500000|  0%| F|  |TAMS 0x0000000088400000, 0x0000000088400000| Untracked 
| 133|0x0000000088500000, 0x0000000088500000, 0x0000000088600000|  0%| F|  |TAMS 0x0000000088500000, 0x0000000088500000| Untracked 
| 134|0x0000000088600000, 0x0000000088600000, 0x0000000088700000|  0%| F|  |TAMS 0x0000000088600000, 0x0000000088600000| Untracked 
| 135|0x0000000088700000, 0x0000000088700000, 0x0000000088800000|  0%| F|  |TAMS 0x0000000088700000, 0x0000000088700000| Untracked 
| 136|0x0000000088800000, 0x0000000088800000, 0x0000000088900000|  0%| F|  |TAMS 0x0000000088800000, 0x0000000088800000| Untracked 
| 137|0x0000000088900000, 0x0000000088998f10, 0x0000000088a00000| 59%| E|  |TAMS 0x0000000088900000, 0x0000000088900000| Complete 
| 138|0x0000000088a00000, 0x0000000088b00000, 0x0000000088b00000|100%| E|CS|TAMS 0x0000000088a00000, 0x0000000088a00000| Complete 
| 139|0x0000000088b00000, 0x0000000088c00000, 0x0000000088c00000|100%| E|CS|TAMS 0x0000000088b00000, 0x0000000088b00000| Complete 
| 140|0x0000000088c00000, 0x0000000088d00000, 0x0000000088d00000|100%| E|CS|TAMS 0x0000000088c00000, 0x0000000088c00000| Complete 
| 141|0x0000000088d00000, 0x0000000088e00000, 0x0000000088e00000|100%| E|CS|TAMS 0x0000000088d00000, 0x0000000088d00000| Complete 
| 142|0x0000000088e00000, 0x0000000088f00000, 0x0000000088f00000|100%| E|CS|TAMS 0x0000000088e00000, 0x0000000088e00000| Complete 
| 143|0x0000000088f00000, 0x0000000089000000, 0x0000000089000000|100%| E|CS|TAMS 0x0000000088f00000, 0x0000000088f00000| Complete 
| 144|0x0000000089000000, 0x0000000089100000, 0x0000000089100000|100%| E|CS|TAMS 0x0000000089000000, 0x0000000089000000| Complete 
| 145|0x0000000089100000, 0x0000000089200000, 0x0000000089200000|100%| E|CS|TAMS 0x0000000089100000, 0x0000000089100000| Complete 
| 146|0x0000000089200000, 0x0000000089300000, 0x0000000089300000|100%| E|CS|TAMS 0x0000000089200000, 0x0000000089200000| Complete 
| 147|0x0000000089300000, 0x0000000089400000, 0x0000000089400000|100%| E|CS|TAMS 0x0000000089300000, 0x0000000089300000| Complete 
| 148|0x0000000089400000, 0x0000000089500000, 0x0000000089500000|100%| E|CS|TAMS 0x0000000089400000, 0x0000000089400000| Complete 
| 149|0x0000000089500000, 0x0000000089600000, 0x0000000089600000|100%| E|CS|TAMS 0x0000000089500000, 0x0000000089500000| Complete 
| 150|0x0000000089600000, 0x0000000089700000, 0x0000000089700000|100%| E|CS|TAMS 0x0000000089600000, 0x0000000089600000| Complete 
| 151|0x0000000089700000, 0x0000000089800000, 0x0000000089800000|100%| E|CS|TAMS 0x0000000089700000, 0x0000000089700000| Complete 
| 152|0x0000000089800000, 0x0000000089900000, 0x0000000089900000|100%| E|CS|TAMS 0x0000000089800000, 0x0000000089800000| Complete 
| 153|0x0000000089900000, 0x0000000089a00000, 0x0000000089a00000|100%| E|CS|TAMS 0x0000000089900000, 0x0000000089900000| Complete 
| 154|0x0000000089a00000, 0x0000000089b00000, 0x0000000089b00000|100%| E|CS|TAMS 0x0000000089a00000, 0x0000000089a00000| Complete 
| 155|0x0000000089b00000, 0x0000000089c00000, 0x0000000089c00000|100%| E|CS|TAMS 0x0000000089b00000, 0x0000000089b00000| Complete 
| 156|0x0000000089c00000, 0x0000000089d00000, 0x0000000089d00000|100%| E|CS|TAMS 0x0000000089c00000, 0x0000000089c00000| Complete 
| 157|0x0000000089d00000, 0x0000000089e00000, 0x0000000089e00000|100%| E|CS|TAMS 0x0000000089d00000, 0x0000000089d00000| Complete 
| 158|0x0000000089e00000, 0x0000000089f00000, 0x0000000089f00000|100%| E|CS|TAMS 0x0000000089e00000, 0x0000000089e00000| Complete 
| 159|0x0000000089f00000, 0x000000008a000000, 0x000000008a000000|100%| E|CS|TAMS 0x0000000089f00000, 0x0000000089f00000| Complete 

Card table byte_map: [0x000001db37270000,0x000001db37670000] _byte_map_base: 0x000001db36e70000

Marking Bits (Prev, Next): (CMBitMap*) 0x000001db22550080, (CMBitMap*) 0x000001db22550048
 Prev Bits: [0x000001db39a70000, 0x000001db3ba70000)
 Next Bits: [0x000001db37a70000, 0x000001db39a70000)

Polling page: 0x000001db22300000

Metaspace:

Usage:
  Non-class:     41.01 MB capacity,    40.23 MB ( 98%) used,   673.00 KB (  2%) free+waste,   124.25 KB ( <1%) overhead. 
      Class:      6.43 MB capacity,     5.98 MB ( 93%) used,   401.43 KB (  6%) free+waste,    59.94 KB ( <1%) overhead. 
       Both:     47.45 MB capacity,    46.22 MB ( 97%) used,     1.05 MB (  2%) free+waste,   184.19 KB ( <1%) overhead. 

Virtual space:
  Non-class space:       42.00 MB reserved,      41.25 MB ( 98%) committed 
      Class space:        1.00 GB reserved,       6.50 MB ( <1%) committed 
             Both:        1.04 GB reserved,      47.75 MB (  4%) committed 

Chunk freelists:
   Non-Class:  0 bytes
       Class:  3.00 KB
        Both:  3.00 KB

MaxMetaspaceSize: 17179869184.00 GB
CompressedClassSpaceSize: 1.00 GB
Initial GC threshold: 20.80 MB
Current GC threshold: 79.17 MB
CDS: off

CodeHeap 'non-profiled nmethods': size=120064Kb used=2416Kb max_used=2416Kb free=117647Kb
 bounds [0x000001db2f310000, 0x000001db2f580000, 0x000001db36850000]
CodeHeap 'profiled nmethods': size=120000Kb used=9727Kb max_used=9727Kb free=110272Kb
 bounds [0x000001db27de0000, 0x000001db28760000, 0x000001db2f310000]
CodeHeap 'non-nmethods': size=5696Kb used=2302Kb max_used=2343Kb free=3394Kb
 bounds [0x000001db27850000, 0x000001db27ac0000, 0x000001db27de0000]
 total_blobs=5363 nmethods=4569 adapters=706
 compilation: enabled
              stopped_count=0, restarted_count=0
 full_count=0

Compilation events (20 events):
Event: 11.819 Thread 0x000001db3e092000 4447       3       groovyjarjarantlr4.v4.runtime.Parser::enterOuterAlt (50 bytes)
Event: 11.821 Thread 0x000001db3e092000 nmethod 4447 0x000001db2872ab90 code [0x000001db2872ada0, 0x000001db2872b5c8]
Event: 11.821 Thread 0x000001db3e092000 4448       3       groovyjarjarantlr4.v4.runtime.RuleContext::setAltNumber (1 bytes)
Event: 11.821 Thread 0x000001db3e092000 nmethod 4448 0x000001db2872b810 code [0x000001db2872b9c0, 0x000001db2872bab8]
Event: 11.821 Thread 0x000001db3e092000 4449       3       groovyjarjarantlr4.v4.runtime.atn.ATNConfigSet::<init> (159 bytes)
Event: 11.822 Thread 0x000001db3e092000 nmethod 4449 0x000001db2872bb90 code [0x000001db2872bea0, 0x000001db2872d168]
Event: 11.822 Thread 0x000001db3e092000 4445       3       java.util.ArrayList::sort (45 bytes)
Event: 11.823 Thread 0x000001db3e092000 nmethod 4445 0x000001db2872d710 code [0x000001db2872d8e0, 0x000001db2872db38]
Event: 11.823 Thread 0x000001db3e092000 4446       3       java.util.BitSet::ensureCapacity (39 bytes)
Event: 11.823 Thread 0x000001db3e092000 nmethod 4446 0x000001db2872dc90 code [0x000001db2872de80, 0x000001db2872e328]
Event: 11.829 Thread 0x000001db3e092000 4452       3       java.util.Spliterators$ArraySpliterator::forEachRemaining (68 bytes)
Event: 11.830 Thread 0x000001db3e092000 nmethod 4452 0x000001db2872e490 code [0x000001db2872e680, 0x000001db2872eaf8]
Event: 11.830 Thread 0x000001db3e092000 4453       3       org.codehaus.groovy.reflection.CachedClass::addSubclassExpandos (138 bytes)
Event: 11.831 Thread 0x000001db3e092000 nmethod 4453 0x000001db2872ec90 code [0x000001db2872ef40, 0x000001db2872fe78]
Event: 11.832 Thread 0x000001db41449000 nmethod 4432 0x000001db2f55d610 code [0x000001db2f55d800, 0x000001db2f55e5a8]
Event: 11.832 Thread 0x000001db41449000 4450       4       groovyjarjarantlr4.v4.runtime.atn.ParserATNSimulator::closure (784 bytes)
Event: 11.845 Thread 0x000001db3e092000 4455       3       org.codehaus.groovy.reflection.CachedClass::getMethods (11 bytes)
Event: 11.845 Thread 0x000001db3e092000 nmethod 4455 0x000001db28730290 code [0x000001db28730460, 0x000001db28730708]
Event: 11.845 Thread 0x000001db3e092000 4456       3       java.util.regex.Pattern$GroupTail::match (111 bytes)
Event: 11.846 Thread 0x000001db3e092000 nmethod 4456 0x000001db28730810 code [0x000001db287309e0, 0x000001db28730d68]

GC Heap History (12 events):
Event: 0.844 GC heap before
{Heap before GC invocations=0 (full 0):
 garbage-first heap   total 163840K, used 16384K [0x0000000080000000, 0x0000000100000000)
  region size 1024K, 14 young (14336K), 0 survivors (0K)
 Metaspace       used 6731K, capacity 6925K, committed 7168K, reserved 1056768K
  class space    used 583K, capacity 650K, committed 768K, reserved 1048576K
}
Event: 0.850 GC heap after
{Heap after GC invocations=1 (full 0):
 garbage-first heap   total 163840K, used 4110K [0x0000000080000000, 0x0000000100000000)
  region size 1024K, 2 young (2048K), 2 survivors (2048K)
 Metaspace       used 6731K, capacity 6925K, committed 7168K, reserved 1056768K
  class space    used 583K, capacity 650K, committed 768K, reserved 1048576K
}
Event: 4.218 GC heap before
{Heap before GC invocations=1 (full 0):
 garbage-first heap   total 163840K, used 103438K [0x0000000080000000, 0x0000000100000000)
  region size 1024K, 96 young (98304K), 2 survivors (2048K)
 Metaspace       used 18884K, capacity 19327K, committed 19584K, reserved 1067008K
  class space    used 2251K, capacity 2397K, committed 2432K, reserved 1048576K
}
Event: 4.234 GC heap after
{Heap after GC invocations=2 (full 0):
 garbage-first heap   total 163840K, used 16641K [0x0000000080000000, 0x0000000100000000)
  region size 1024K, 12 young (12288K), 12 survivors (12288K)
 Metaspace       used 18884K, capacity 19327K, committed 19584K, reserved 1067008K
  class space    used 2251K, capacity 2397K, committed 2432K, reserved 1048576K
}
Event: 4.479 GC heap before
{Heap before GC invocations=2 (full 0):
 garbage-first heap   total 163840K, used 32001K [0x0000000080000000, 0x0000000100000000)
  region size 1024K, 28 young (28672K), 12 survivors (12288K)
 Metaspace       used 20707K, capacity 21125K, committed 21248K, reserved 1067008K
  class space    used 2525K, capacity 2698K, committed 2816K, reserved 1048576K
}
Event: 4.495 GC heap after
{Heap after GC invocations=3 (full 0):
 garbage-first heap   total 163840K, used 17808K [0x0000000080000000, 0x0000000100000000)
  region size 1024K, 1 young (1024K), 1 survivors (1024K)
 Metaspace       used 20707K, capacity 21125K, committed 21248K, reserved 1067008K
  class space    used 2525K, capacity 2698K, committed 2816K, reserved 1048576K
}
Event: 8.489 GC heap before
{Heap before GC invocations=4 (full 0):
 garbage-first heap   total 163840K, used 115088K [0x0000000080000000, 0x0000000100000000)
  region size 1024K, 86 young (88064K), 1 survivors (1024K)
 Metaspace       used 29098K, capacity 29914K, committed 30080K, reserved 1075200K
  class space    used 3868K, capacity 4165K, committed 4224K, reserved 1048576K
}
Event: 8.499 GC heap after
{Heap after GC invocations=5 (full 0):
 garbage-first heap   total 163840K, used 32540K [0x0000000080000000, 0x0000000100000000)
  region size 1024K, 6 young (6144K), 6 survivors (6144K)
 Metaspace       used 29098K, capacity 29914K, committed 30080K, reserved 1075200K
  class space    used 3868K, capacity 4165K, committed 4224K, reserved 1048576K
}
Event: 9.370 GC heap before
{Heap before GC invocations=5 (full 0):
 garbage-first heap   total 163840K, used 84764K [0x0000000080000000, 0x0000000100000000)
  region size 1024K, 58 young (59392K), 6 survivors (6144K)
 Metaspace       used 34815K, capacity 35746K, committed 35840K, reserved 1079296K
  class space    used 4700K, capacity 5066K, committed 5120K, reserved 1048576K
}
Event: 9.384 GC heap after
{Heap after GC invocations=6 (full 0):
 garbage-first heap   total 163840K, used 34492K [0x0000000080000000, 0x0000000100000000)
  region size 1024K, 8 young (8192K), 8 survivors (8192K)
 Metaspace       used 34815K, capacity 35746K, committed 35840K, reserved 1079296K
  class space    used 4700K, capacity 5066K, committed 5120K, reserved 1048576K
}
Event: 11.572 GC heap before
{Heap before GC invocations=7 (full 0):
 garbage-first heap   total 163840K, used 122556K [0x0000000080000000, 0x0000000100000000)
  region size 1024K, 92 young (94208K), 8 survivors (8192K)
 Metaspace       used 47067K, capacity 48294K, committed 48640K, reserved 1091584K
  class space    used 6093K, capacity 6537K, committed 6656K, reserved 1048576K
}
Event: 11.605 GC heap after
{Heap after GC invocations=8 (full 0):
 garbage-first heap   total 163840K, used 41974K [0x0000000080000000, 0x0000000100000000)
  region size 1024K, 10 young (10240K), 10 survivors (10240K)
 Metaspace       used 47067K, capacity 48294K, committed 48640K, reserved 1091584K
  class space    used 6093K, capacity 6537K, committed 6656K, reserved 1048576K
}

Deoptimization events (20 events):
Event: 11.731 Thread 0x000001db401be000 Uncommon trap: trap_request=0xffffffc6 fr.pc=0x000001db2f49cc14 relative=0x0000000000001834
Event: 11.731 Thread 0x000001db401be000 Uncommon trap: reason=bimorphic_or_optimized_type_check action=maybe_recompile pc=0x000001db2f49cc14 method=java.util.concurrent.ConcurrentHashMap.putVal(Ljava/lang/Object;Ljava/lang/Object;Z)Ljava/lang/Object; @ 159 c2
Event: 11.731 Thread 0x000001db401be000 DEOPT PACKING pc=0x000001db2f49cc14 sp=0x00000030d8cf6c10
Event: 11.731 Thread 0x000001db401be000 DEOPT UNPACKING pc=0x000001db2789a1af sp=0x00000030d8cf6bb0 mode 2
Event: 11.736 Thread 0x000001db401be000 DEOPT PACKING pc=0x000001db28536a56 sp=0x00000030d8cf63b0
Event: 11.736 Thread 0x000001db401be000 DEOPT UNPACKING pc=0x000001db2789a95e sp=0x00000030d8cf5840 mode 0
Event: 11.754 Thread 0x000001db401be000 Uncommon trap: trap_request=0xffffffc6 fr.pc=0x000001db2f49cc14 relative=0x0000000000001834
Event: 11.754 Thread 0x000001db401be000 Uncommon trap: reason=bimorphic_or_optimized_type_check action=maybe_recompile pc=0x000001db2f49cc14 method=java.util.concurrent.ConcurrentHashMap.putVal(Ljava/lang/Object;Ljava/lang/Object;Z)Ljava/lang/Object; @ 159 c2
Event: 11.754 Thread 0x000001db401be000 DEOPT PACKING pc=0x000001db2f49cc14 sp=0x00000030d8cf7930
Event: 11.754 Thread 0x000001db401be000 DEOPT UNPACKING pc=0x000001db2789a1af sp=0x00000030d8cf78d0 mode 2
Event: 11.777 Thread 0x000001db401be000 DEOPT PACKING pc=0x000001db286dc9e2 sp=0x00000030d8cf7440
Event: 11.777 Thread 0x000001db401be000 DEOPT UNPACKING pc=0x000001db2789a95e sp=0x00000030d8cf6a00 mode 0
Event: 11.799 Thread 0x000001db401be000 DEOPT PACKING pc=0x000001db2852f94d sp=0x00000030d8cf6a30
Event: 11.799 Thread 0x000001db401be000 DEOPT UNPACKING pc=0x000001db2789a95e sp=0x00000030d8cf5ed8 mode 0
Event: 11.802 Thread 0x000001db401be000 Uncommon trap: trap_request=0xffffff4d fr.pc=0x000001db2f55779c relative=0x00000000000017bc
Event: 11.802 Thread 0x000001db401be000 Uncommon trap: reason=unstable_if action=reinterpret pc=0x000001db2f55779c method=groovyjarjarantlr4.v4.runtime.atn.ParserATNSimulator.closure(Lgroovyjarjarantlr4/v4/runtime/atn/ATNConfig;Lgroovyjarjarantlr4/v4/runtime/atn/ATNConfigSet;Lgroovyjarjarantlr4
Event: 11.802 Thread 0x000001db401be000 DEOPT PACKING pc=0x000001db2f55779c sp=0x00000030d8cf7330
Event: 11.802 Thread 0x000001db401be000 DEOPT UNPACKING pc=0x000001db2789a1af sp=0x00000030d8cf72b8 mode 2
Event: 11.806 Thread 0x000001db401be000 DEOPT PACKING pc=0x000001db28526763 sp=0x00000030d8cf7410
Event: 11.806 Thread 0x000001db401be000 DEOPT UNPACKING pc=0x000001db2789a95e sp=0x00000030d8cf68b0 mode 0

Classes redefined (0 events):
No events

Internal exceptions (20 events):
Event: 11.329 Thread 0x000001db401be000 Exception <a 'java/lang/ClassNotFoundException'{0x0000000084d5ef20}: groovy/lang/ScriptCustomizer> (0x0000000084d5ef20) thrown at [./src/hotspot/share/classfile/systemDictionary.cpp, line 231]
Event: 11.330 Thread 0x000001db401be000 Exception <a 'java/lang/ClassNotFoundException'{0x0000000084d7c5d8}: org/gradle/groovy/scripts/ScriptCustomizer> (0x0000000084d7c5d8) thrown at [./src/hotspot/share/classfile/systemDictionary.cpp, line 231]
Event: 11.332 Thread 0x000001db401be000 Exception <a 'java/lang/ClassNotFoundException'{0x0000000084d99b90}: org/gradle/groovy/scripts/BasicScriptCustomizer> (0x0000000084d99b90) thrown at [./src/hotspot/share/classfile/systemDictionary.cpp, line 231]
Event: 11.334 Thread 0x000001db401be000 Exception <a 'java/lang/ClassNotFoundException'{0x0000000084dbca68}: org/gradle/groovy/scripts/DefaultScriptCustomizer> (0x0000000084dbca68) thrown at [./src/hotspot/share/classfile/systemDictionary.cpp, line 231]
Event: 11.337 Thread 0x000001db401be000 Exception <a 'java/lang/ClassNotFoundException'{0x0000000084ded268}: org/gradle/initialization/InitScriptCustomizer> (0x0000000084ded268) thrown at [./src/hotspot/share/classfile/systemDictionary.cpp, line 231]
Event: 11.339 Thread 0x000001db401be000 Exception <a 'java/lang/ClassNotFoundException'{0x0000000084c02350}: ijmapper_dojukekh8rbma1tw571hn9fclCustomizer> (0x0000000084c02350) thrown at [./src/hotspot/share/classfile/systemDictionary.cpp, line 231]
Event: 11.355 Thread 0x000001db401be000 Exception <a 'java/lang/ClassNotFoundException'{0x0000000084cf3218}: org/gradle/internal/extensibility/DefaultExtraPropertiesExtensionBeanInfo> (0x0000000084cf3218) thrown at [./src/hotspot/share/classfile/systemDictionary.cpp, line 231]
Event: 11.355 Thread 0x000001db401be000 Exception <a 'java/lang/ClassNotFoundException'{0x0000000084b0ed38}: org/gradle/internal/extensibility/DefaultExtraPropertiesExtensionCustomizer> (0x0000000084b0ed38) thrown at [./src/hotspot/share/classfile/systemDictionary.cpp, line 231]
Event: 11.393 Thread 0x000001db401be000 Exception <a 'java/lang/ClassNotFoundException'{0x0000000084afe1f0}: org/gradle/invocation/DefaultGradle_DecoratedBeanInfo> (0x0000000084afe1f0) thrown at [./src/hotspot/share/classfile/systemDictionary.cpp, line 231]
Event: 11.394 Thread 0x000001db401be000 Exception <a 'java/lang/ClassNotFoundException'{0x0000000084923040}: org/gradle/invocation/DefaultGradleBeanInfo> (0x0000000084923040) thrown at [./src/hotspot/share/classfile/systemDictionary.cpp, line 231]
Event: 11.396 Thread 0x000001db401be000 Exception <a 'java/lang/ClassNotFoundException'{0x000000008494bcc0}: org/gradle/api/internal/project/AbstractPluginAwareBeanInfo> (0x000000008494bcc0) thrown at [./src/hotspot/share/classfile/systemDictionary.cpp, line 231]
Event: 11.397 Thread 0x000001db401be000 Exception <a 'java/lang/ClassNotFoundException'{0x0000000084974a68}: org/gradle/api/internal/project/AbstractPluginAwareCustomizer> (0x0000000084974a68) thrown at [./src/hotspot/share/classfile/systemDictionary.cpp, line 231]
Event: 11.399 Thread 0x000001db401be000 Exception <a 'java/lang/ClassNotFoundException'{0x000000008499f830}: org/gradle/invocation/DefaultGradleCustomizer> (0x000000008499f830) thrown at [./src/hotspot/share/classfile/systemDictionary.cpp, line 231]
Event: 11.405 Thread 0x000001db401be000 Exception <a 'java/lang/ClassNotFoundException'{0x00000000849f76e8}: org/gradle/invocation/DefaultGradle_DecoratedCustomizer> (0x00000000849f76e8) thrown at [./src/hotspot/share/classfile/systemDictionary.cpp, line 231]
Event: 11.506 Thread 0x000001db401be000 Exception <a 'java/lang/ClassNotFoundException'{0x00000000846270f0}: groovy/lang/Closure$1BeanInfo> (0x00000000846270f0) thrown at [./src/hotspot/share/classfile/systemDictionary.cpp, line 231]
Event: 11.508 Thread 0x000001db401be000 Exception <a 'java/lang/ClassNotFoundException'{0x000000008465bd40}: groovy/lang/ClosureBeanInfo> (0x000000008465bd40) thrown at [./src/hotspot/share/classfile/systemDictionary.cpp, line 231]
Event: 11.510 Thread 0x000001db401be000 Exception <a 'java/lang/ClassNotFoundException'{0x0000000084690f50}: groovy/lang/ClosureCustomizer> (0x0000000084690f50) thrown at [./src/hotspot/share/classfile/systemDictionary.cpp, line 231]
Event: 11.517 Thread 0x000001db401be000 Exception <a 'java/lang/ClassNotFoundException'{0x00000000846e6e28}: groovy/lang/Closure$1Customizer> (0x00000000846e6e28) thrown at [./src/hotspot/share/classfile/systemDictionary.cpp, line 231]
Event: 11.840 Thread 0x000001db401be000 Exception <a 'java/lang/ClassNotFoundException'{0x00000000895c7e90}: org/apache/groovy/parser/antlr4/util/StringUtils$4BeanInfo> (0x00000000895c7e90) thrown at [./src/hotspot/share/classfile/systemDictionary.cpp, line 231]
Event: 11.844 Thread 0x000001db401be000 Exception <a 'java/lang/ClassNotFoundException'{0x0000000089305e10}: org/apache/groovy/parser/antlr4/util/StringUtils$4Customizer> (0x0000000089305e10) thrown at [./src/hotspot/share/classfile/systemDictionary.cpp, line 231]

Events (20 events):
Event: 11.827 loading class org/apache/groovy/parser/antlr4/AstBuilder
Event: 11.827 loading class org/apache/groovy/parser/antlr4/AstBuilder done
Event: 11.828 loading class groovy/runtime/metaclass/org/apache/groovy/parser/antlr4/util/StringUtils$4MetaClass
Event: 11.828 loading class groovy/runtime/metaclass/org/apache/groovy/parser/antlr4/util/StringUtils$4MetaClass done
Event: 11.830 loading class org/apache/groovy/parser/antlr4/util/StringUtils$4BeanInfo
Event: 11.830 loading class org/apache/groovy/parser/antlr4/util/StringUtils$4BeanInfo done
Event: 11.836 loading class org/apache/groovy/parser/antlr4/util/StringUtils$4BeanInfo
Event: 11.836 loading class org/apache/groovy/parser/antlr4/util/StringUtils$4BeanInfo done
Event: 11.840 loading class org/apache/groovy/parser/antlr4/util/StringUtils$4BeanInfo
Event: 11.840 loading class org/apache/groovy/parser/antlr4/util/StringUtils$4BeanInfo done
Event: 11.840 loading class org/apache/groovy/parser/antlr4/util/StringUtils$4Customizer
Event: 11.840 loading class org/apache/groovy/parser/antlr4/util/StringUtils$4Customizer done
Event: 11.842 loading class org/apache/groovy/parser/antlr4/util/StringUtils$4Customizer
Event: 11.842 loading class org/apache/groovy/parser/antlr4/util/StringUtils$4Customizer done
Event: 11.844 loading class org/apache/groovy/parser/antlr4/util/StringUtils$4Customizer
Event: 11.844 loading class org/apache/groovy/parser/antlr4/util/StringUtils$4Customizer done
Event: 11.845 loading class java/util/regex/Pattern$2
Event: 11.845 loading class java/util/regex/Pattern$2 done
Event: 11.846 loading class groovy/runtime/metaclass/org/apache/groovy/parser/antlr4/util/StringUtils$2MetaClass
Event: 11.846 loading class groovy/runtime/metaclass/org/apache/groovy/parser/antlr4/util/StringUtils$2MetaClass done


Dynamic libraries:
0x00007ff7a5370000 - 0x00007ff7a537a000 	C:\Program Files\Android\Android Studio\jre\bin\java.exe
0x00007fff8b310000 - 0x00007fff8b508000 	C:\WINDOWS\SYSTEM32\ntdll.dll
0x00007fff8a240000 - 0x00007fff8a2fd000 	C:\WINDOWS\System32\KERNEL32.DLL
0x00007fff88f90000 - 0x00007fff8925e000 	C:\WINDOWS\System32\KERNELBASE.dll
0x00007fff88a30000 - 0x00007fff88b30000 	C:\WINDOWS\System32\ucrtbase.dll
0x00007fff51270000 - 0x00007fff51287000 	C:\Program Files\Android\Android Studio\jre\bin\VCRUNTIME140.dll
0x00007fff51290000 - 0x00007fff512a9000 	C:\Program Files\Android\Android Studio\jre\bin\jli.dll
0x00007fff8a300000 - 0x00007fff8a4a0000 	C:\WINDOWS\System32\USER32.dll
0x00007fff78d30000 - 0x00007fff78fca000 	C:\WINDOWS\WinSxS\amd64_microsoft.windows.common-controls_6595b64144ccf1df_6.0.19041.1110_none_60b5254171f9507e\COMCTL32.dll
0x00007fff88c40000 - 0x00007fff88c62000 	C:\WINDOWS\System32\win32u.dll
0x00007fff8b120000 - 0x00007fff8b1be000 	C:\WINDOWS\System32\msvcrt.dll
0x00007fff8b0f0000 - 0x00007fff8b11a000 	C:\WINDOWS\System32\GDI32.dll
0x00007fff88b30000 - 0x00007fff88c3b000 	C:\WINDOWS\System32\gdi32full.dll
0x00007fff892d0000 - 0x00007fff8936d000 	C:\WINDOWS\System32\msvcp_win.dll
0x00007fff89470000 - 0x00007fff894a0000 	C:\WINDOWS\System32\IMM32.DLL
0x00007fff4da90000 - 0x00007fff4db2d000 	C:\Program Files\Android\Android Studio\jre\bin\msvcp140.dll
0x00007fff18930000 - 0x00007fff19415000 	C:\Program Files\Android\Android Studio\jre\bin\server\jvm.dll
0x00007fff8b1c0000 - 0x00007fff8b26e000 	C:\WINDOWS\System32\ADVAPI32.dll
0x00007fff89fb0000 - 0x00007fff8a04c000 	C:\WINDOWS\System32\sechost.dll
0x00007fff89570000 - 0x00007fff89695000 	C:\WINDOWS\System32\RPCRT4.dll
0x00007fff89e70000 - 0x00007fff89e78000 	C:\WINDOWS\System32\PSAPI.DLL
0x00007fff86a00000 - 0x00007fff86a09000 	C:\WINDOWS\SYSTEM32\WSOCK32.dll
0x00007fff7f790000 - 0x00007fff7f79a000 	C:\WINDOWS\SYSTEM32\VERSION.dll
0x00007fff7bfc0000 - 0x00007fff7bfe7000 	C:\WINDOWS\SYSTEM32\WINMM.dll
0x00007fff8a1d0000 - 0x00007fff8a23b000 	C:\WINDOWS\System32\WS2_32.dll
0x00007fff86b10000 - 0x00007fff86b22000 	C:\WINDOWS\SYSTEM32\kernel.appcore.dll
0x00007fff6a330000 - 0x00007fff6a341000 	C:\Program Files\Android\Android Studio\jre\bin\verify.dll
0x00007fff867f0000 - 0x00007fff869d4000 	C:\WINDOWS\SYSTEM32\DBGHELP.DLL
0x00007fff6a3c0000 - 0x00007fff6a3ec000 	C:\WINDOWS\SYSTEM32\dbgcore.DLL
0x00007fff88da0000 - 0x00007fff88e22000 	C:\WINDOWS\System32\bcryptPrimitives.dll
0x00007fff540b0000 - 0x00007fff540d9000 	C:\Program Files\Android\Android Studio\jre\bin\java.dll
0x00007fff7a920000 - 0x00007fff7a92b000 	C:\Program Files\Android\Android Studio\jre\bin\jimage.dll
0x00007fff52830000 - 0x00007fff52848000 	C:\Program Files\Android\Android Studio\jre\bin\zip.dll
0x00007fff8a610000 - 0x00007fff8ad54000 	C:\WINDOWS\System32\SHELL32.dll
0x00007fff86b30000 - 0x00007fff872c4000 	C:\WINDOWS\SYSTEM32\windows.storage.dll
0x00007fff89b10000 - 0x00007fff89e64000 	C:\WINDOWS\System32\combase.dll
0x00007fff88490000 - 0x00007fff884c0000 	C:\WINDOWS\SYSTEM32\Wldp.dll
0x00007fff89f00000 - 0x00007fff89fad000 	C:\WINDOWS\System32\SHCORE.dll
0x00007fff8b270000 - 0x00007fff8b2c5000 	C:\WINDOWS\System32\shlwapi.dll
0x00007fff88970000 - 0x00007fff8898f000 	C:\WINDOWS\SYSTEM32\profapi.dll
0x00007fff52810000 - 0x00007fff5282a000 	C:\Program Files\Android\Android Studio\jre\bin\net.dll
0x00007fff7ad50000 - 0x00007fff7ae5a000 	C:\WINDOWS\SYSTEM32\WINHTTP.dll
0x00007fff881f0000 - 0x00007fff8825a000 	C:\WINDOWS\system32\mswsock.dll
0x00007fff52400000 - 0x00007fff52414000 	C:\Program Files\Android\Android Studio\jre\bin\nio.dll
0x00007fff512b0000 - 0x00007fff512d7000 	C:\Users\muham\.gradle\native\e1d6ef7f7dcc3fd88c89a11ec53ec762bb8ba0a96d01ffa2cd45eb1d1d8dd5c5\windows-amd64\native-platform.dll
0x00007fff46ad0000 - 0x00007fff46c14000 	C:\Users\muham\.gradle\native\0d407fdbe67a94daf76414ababcb853783967236a71b16ec16e742cd7a986fd3\windows-amd64\native-platform-file-events.dll
0x00007fff6a3b0000 - 0x00007fff6a3ba000 	C:\Program Files\Android\Android Studio\jre\bin\management.dll
0x00007fff657b0000 - 0x00007fff657bd000 	C:\Program Files\Android\Android Studio\jre\bin\management_ext.dll
0x00007fff883e0000 - 0x00007fff883f8000 	C:\WINDOWS\SYSTEM32\CRYPTSP.dll
0x00007fff87b00000 - 0x00007fff87b34000 	C:\WINDOWS\system32\rsaenh.dll
0x00007fff88d20000 - 0x00007fff88d47000 	C:\WINDOWS\System32\bcrypt.dll
0x00007fff888f0000 - 0x00007fff8891e000 	C:\WINDOWS\SYSTEM32\USERENV.dll
0x00007fff88400000 - 0x00007fff8840c000 	C:\WINDOWS\SYSTEM32\CRYPTBASE.dll
0x00007fff87e90000 - 0x00007fff87ecb000 	C:\WINDOWS\SYSTEM32\IPHLPAPI.DLL
0x00007fff8a510000 - 0x00007fff8a518000 	C:\WINDOWS\System32\NSI.dll
0x00007fff7d720000 - 0x00007fff7d737000 	C:\WINDOWS\SYSTEM32\dhcpcsvc6.DLL
0x00007fff7daf0000 - 0x00007fff7db0d000 	C:\WINDOWS\SYSTEM32\dhcpcsvc.DLL
0x00007fff87ed0000 - 0x00007fff87f9b000 	C:\WINDOWS\SYSTEM32\DNSAPI.dll

dbghelp: loaded successfully - version: 4.0.5 - missing functions: none
symbol engine: initialized successfully - sym options: 0x614 - pdb path: .;C:\Program Files\Android\Android Studio\jre\bin;C:\WINDOWS\SYSTEM32;C:\WINDOWS\WinSxS\amd64_microsoft.windows.common-controls_6595b64144ccf1df_6.0.19041.1110_none_60b5254171f9507e;C:\Program Files\Android\Android Studio\jre\bin\server;C:\Users\muham\.gradle\native\e1d6ef7f7dcc3fd88c89a11ec53ec762bb8ba0a96d01ffa2cd45eb1d1d8dd5c5\windows-amd64;C:\Users\muham\.gradle\native\0d407fdbe67a94daf76414ababcb853783967236a71b16ec16e742cd7a986fd3\windows-amd64

VM Arguments:
jvm_args: --add-opens=java.base/java.util=ALL-UNNAMED --add-opens=java.base/java.lang=ALL-UNNAMED --add-opens=java.base/java.lang.invoke=ALL-UNNAMED --add-opens=java.base/java.util=ALL-UNNAMED --add-opens=java.prefs/java.util.prefs=ALL-UNNAMED --add-opens=java.prefs/java.util.prefs=ALL-UNNAMED --add-opens=java.base/java.nio.charset=ALL-UNNAMED --add-opens=java.base/java.net=ALL-UNNAMED --add-opens=java.base/java.util.concurrent.atomic=ALL-UNNAMED -Xmx2048m -Dfile.encoding=UTF-8 -Duser.country=ID -Duser.language=en -Duser.variant 
java_command: org.gradle.launcher.daemon.bootstrap.GradleDaemon 7.5.1
java_class_path (initial): C:\Users\muham\.gradle\wrapper\dists\gradle-7.5.1-bin\7jzzequgds1hbszbhq3npc5ng\gradle-7.5.1\lib\gradle-launcher-7.5.1.jar
Launcher Type: SUN_STANDARD

[Global flags]
     intx CICompilerCount                          = 3                                         {product} {ergonomic}
     uint ConcGCThreads                            = 1                                         {product} {ergonomic}
     uint G1ConcRefinementThreads                  = 4                                         {product} {ergonomic}
   size_t G1HeapRegionSize                         = 1048576                                   {product} {ergonomic}
    uintx GCDrainStackTargetSize                   = 64                                        {product} {ergonomic}
   size_t InitialHeapSize                          = 167772160                                 {product} {ergonomic}
   size_t MarkStackSize                            = 4194304                                   {product} {ergonomic}
   size_t MaxHeapSize                              = 2147483648                                {product} {command line}
   size_t MaxNewSize                               = 1287651328                                {product} {ergonomic}
   size_t MinHeapDeltaBytes                        = 1048576                                   {product} {ergonomic}
    uintx NonNMethodCodeHeapSize                   = 5830732                                {pd product} {ergonomic}
    uintx NonProfiledCodeHeapSize                  = 122913754                              {pd product} {ergonomic}
    uintx ProfiledCodeHeapSize                     = 122913754                              {pd product} {ergonomic}
    uintx ReservedCodeCacheSize                    = 251658240                              {pd product} {ergonomic}
     bool SegmentedCodeCache                       = true                                      {product} {ergonomic}
     bool UseCompressedClassPointers               = true                                 {lp64_product} {ergonomic}
     bool UseCompressedOops                        = true                                 {lp64_product} {ergonomic}
     bool UseG1GC                                  = true                                      {product} {ergonomic}
     bool UseLargePagesIndividualAllocation        = false                                  {pd product} {ergonomic}

Logging:
Log output configuration:
 #0: stdout all=warning uptime,level,tags
 #1: stderr all=off uptime,level,tags

Environment Variables:
JAVA_HOME=C:\Program Files\Java\jdk1.8.0_111
PATH=C:\ProgramData\Oracle\Java\javapath;C:\Windows\system32;C:\Windows;C:\Windows\System32\Wbem;C:\Windows\System32\WindowsPowerShell\v1.0\;C:\Windows\System32\OpenSSH\;C:\Program Files (x86)\NVIDIA Corporation\PhysX\Common;C:\Program Files\NVIDIA Corporation\NVIDIA NvDLISR;C:\Program Files\Java\jdk1.8.0_111;C:\Program Files\Java\jdk1.8.0_111\bin;C:\WINDOWS\system32;C:\WINDOWS;C:\WINDOWS\System32\Wbem;C:\WINDOWS\System32\WindowsPowerShell\v1.0\;C:\WINDOWS\System32\OpenSSH\;C:\Program Files\nodejs\;C:\xampp\php\;C:\composer;C:\Program Files\Git\cmd;C:\Users\muham\AppData\Local\Microsoft\WindowsApps;C:\Users\muham\AppData\Local\Programs\Microsoft VS Code\bin;flutter\bin;C:\Users\muham\AppData\Roaming\npm;C:\Users\muham\AppData\Roaming\Composer\vendor\bin;C:\Program Files\heroku\bin
USERNAME=muham
OS=Windows_NT
PROCESSOR_IDENTIFIER=Intel64 Family 6 Model 61 Stepping 4, GenuineIntel



---------------  S Y S T E M  ---------------

OS: Windows 10 , 64 bit Build 19041 (10.0.19041.1806)
OS uptime: 0 days 14:42 hours

CPU:total 4 (initial active 4) (2 cores per cpu, 2 threads per core) family 6 model 61 stepping 4 microcode 0x2d, cmov, cx8, fxsr, mmx, sse, sse2, sse3, ssse3, sse4.1, sse4.2, popcnt, avx, avx2, aes, clmul, erms, 3dnowpref, lzcnt, ht, tsc, tscinvbit, bmi1, bmi2, adx, fma

Memory: 4k page, system-wide physical 10139M (1241M free)
TotalPageFile size 11163M (AvailPageFile size 5M)
current process WorkingSet (physical memory assigned to process): 295M, peak: 295M
current process commit charge ("private bytes"): 343M, peak: 344M

vm_info: OpenJDK 64-Bit Server VM (11.0.12+7-b1504.28-7817840) for windows-amd64 JRE (11.0.12+7-b1504.28-7817840), built on Oct 13 2021 22:12:33 by "builder" with MS VC++ 14.0 (VS2015)

END.
