#
# There is insufficient memory for the Java Runtime Environment to continue.
# Native memory allocation (malloc) failed to allocate 1815056 bytes for Chunk::new
# Possible reasons:
#   The system is out of physical RAM or swap space
#   The process is running with CompressedOops enabled, and the Java Heap may be blocking the growth of the native heap
# Possible solutions:
#   Reduce memory load on the system
#   Increase physical memory or swap space
#   Check if swap backing store is full
#   Decrease Java heap size (-Xmx/-Xms)
#   Decrease number of Java threads
#   Decrease Java thread stack sizes (-Xss)
#   Set larger code cache with -XX:ReservedCodeCacheSize=
#   JVM is running with Unscaled Compressed Oops mode in which the Java heap is
#     placed in the first 4GB address space. The Java Heap base address is the
#     maximum limit for the native heap growth. Please use -XX:HeapBaseMinAddress
#     to set the Java Heap base and to place the Java Heap above 4GB virtual address.
# This output file may be truncated or incomplete.
#
#  Out of Memory Error (./src/hotspot/share/memory/arena.cpp:197), pid=4724, tid=11556
#
# JRE version: OpenJDK Runtime Environment Temurin-11.0.14.1+1 (11.0.14.1+1) (build 11.0.14.1+1)
# Java VM: OpenJDK 64-Bit Server VM Temurin-11.0.14.1+1 (11.0.14.1+1, mixed mode, tiered, compressed oops, g1 gc, windows-amd64)
# No core dump will be written. Minidumps are not enabled by default on client versions of Windows
#

---------------  S U M M A R Y ------------

Command Line: --add-opens=java.base/java.util=ALL-UNNAMED --add-opens=java.base/java.lang=ALL-UNNAMED --add-opens=java.base/java.lang.invoke=ALL-UNNAMED --add-opens=java.base/java.util=ALL-UNNAMED --add-opens=java.prefs/java.util.prefs=ALL-UNNAMED --add-opens=java.prefs/java.util.prefs=ALL-UNNAMED --add-opens=java.base/java.nio.charset=ALL-UNNAMED --add-opens=java.base/java.net=ALL-UNNAMED --add-opens=java.base/java.util.concurrent.atomic=ALL-UNNAMED -Xmx2048m -Dfile.encoding=UTF-8 -Duser.country=ID -Duser.language=en -Duser.variant org.gradle.launcher.daemon.bootstrap.GradleDaemon 7.2

Host: Intel(R) Core(TM) i3-5010U CPU @ 2.10GHz, 4 cores, 9G,  Windows 10 , 64 bit Build 19041 (10.0.19041.1503)
Time: Tue Mar  8 10:54:32 2022 SE Asia Standard Time elapsed time: 13.219118 seconds (0d 0h 0m 13s)

---------------  T H R E A D  ---------------

Current thread (0x0000017cbec0f000):  JavaThread "C2 CompilerThread0" daemon [_thread_in_native, id=11556, stack(0x0000005063e00000,0x0000005063f00000)]


Current CompileTask:
C2:  13219 2338   !   4       java.net.URLClassLoader$1::run (81 bytes)

Stack: [0x0000005063e00000,0x0000005063f00000]
Native frames: (J=compiled Java code, j=interpreted, Vv=VM code, C=native code)
V  [jvm.dll+0x61e59a]
V  [jvm.dll+0x7aaca9]
V  [jvm.dll+0x7ac398]
V  [jvm.dll+0x7aca73]
V  [jvm.dll+0x24f9b8]
V  [jvm.dll+0xc260c]
V  [jvm.dll+0xc2bcc]
V  [jvm.dll+0x359a07]
V  [jvm.dll+0x325b93]
V  [jvm.dll+0x324eca]
V  [jvm.dll+0x208c05]
V  [jvm.dll+0x207ded]
V  [jvm.dll+0x18a2c1]
V  [jvm.dll+0x217734]
V  [jvm.dll+0x21597b]
V  [jvm.dll+0x76d7c0]
V  [jvm.dll+0x766724]
V  [jvm.dll+0x61d3f6]
C  [ucrtbase.dll+0x21bb2]
C  [KERNEL32.DLL+0x17034]
C  [ntdll.dll+0x52651]


---------------  P R O C E S S  ---------------

Threads class SMR info:
_java_thread_list=0x0000017cc2c37d20, length=29, elements={
0x0000017c9fc2b800, 0x0000017cbebff000, 0x0000017cbebed000, 0x0000017cbebfb000,
0x0000017cbec0a000, 0x0000017cbec0e000, 0x0000017cbec0f000, 0x0000017cbec10000,
0x0000017cbec1d800, 0x0000017cbf6b9800, 0x0000017cc1f0c000, 0x0000017cc0f59000,
0x0000017cc27ec000, 0x0000017cc0f64000, 0x0000017cc1b75800, 0x0000017cc27f7000,
0x0000017cc19f2800, 0x0000017cc0122800, 0x0000017cc0ecf800, 0x0000017cc1723800,
0x0000017cc266e000, 0x0000017cc266f800, 0x0000017cc266f000, 0x0000017cc2670800,
0x0000017cc2671800, 0x0000017cc2672000, 0x0000017cc2673000, 0x0000017cc266d800,
0x0000017cc2c6b800
}

Java Threads: ( => current thread )
  0x0000017c9fc2b800 JavaThread "main" [_thread_blocked, id=8000, stack(0x0000005063200000,0x0000005063300000)]
  0x0000017cbebff000 JavaThread "Reference Handler" daemon [_thread_blocked, id=9976, stack(0x0000005063900000,0x0000005063a00000)]
  0x0000017cbebed000 JavaThread "Finalizer" daemon [_thread_blocked, id=10588, stack(0x0000005063a00000,0x0000005063b00000)]
  0x0000017cbebfb000 JavaThread "Signal Dispatcher" daemon [_thread_blocked, id=9912, stack(0x0000005063b00000,0x0000005063c00000)]
  0x0000017cbec0a000 JavaThread "Attach Listener" daemon [_thread_blocked, id=13592, stack(0x0000005063c00000,0x0000005063d00000)]
  0x0000017cbec0e000 JavaThread "Service Thread" daemon [_thread_blocked, id=13352, stack(0x0000005063d00000,0x0000005063e00000)]
=>0x0000017cbec0f000 JavaThread "C2 CompilerThread0" daemon [_thread_in_native, id=11556, stack(0x0000005063e00000,0x0000005063f00000)]
  0x0000017cbec10000 JavaThread "C1 CompilerThread0" daemon [_thread_blocked, id=1604, stack(0x0000005063f00000,0x0000005064000000)]
  0x0000017cbec1d800 JavaThread "Sweeper thread" daemon [_thread_blocked, id=12704, stack(0x0000005064000000,0x0000005064100000)]
  0x0000017cbf6b9800 JavaThread "Common-Cleaner" daemon [_thread_blocked, id=2868, stack(0x0000005064100000,0x0000005064200000)]
  0x0000017cc1f0c000 JavaThread "Daemon health stats" [_thread_blocked, id=840, stack(0x0000005064600000,0x0000005064700000)]
  0x0000017cc0f59000 JavaThread "Incoming local TCP Connector on port 56333" [_thread_in_native, id=14260, stack(0x0000005064300000,0x0000005064400000)]
  0x0000017cc27ec000 JavaThread "Daemon periodic checks" [_thread_blocked, id=10204, stack(0x0000005064700000,0x0000005064800000)]
  0x0000017cc0f64000 JavaThread "Daemon" [_thread_blocked, id=2076, stack(0x0000005064800000,0x0000005064900000)]
  0x0000017cc1b75800 JavaThread "Handler for socket connection from /127.0.0.1:56333 to /127.0.0.1:56334" [_thread_in_native, id=1304, stack(0x0000005064900000,0x0000005064a00000)]
  0x0000017cc27f7000 JavaThread "Cancel handler" [_thread_blocked, id=11604, stack(0x0000005064a00000,0x0000005064b00000)]
  0x0000017cc19f2800 JavaThread "Daemon worker" [_thread_in_vm, id=10848, stack(0x0000005064b00000,0x0000005064c00000)]
  0x0000017cc0122800 JavaThread "Asynchronous log dispatcher for DefaultDaemonConnection: socket connection from /127.0.0.1:56333 to /127.0.0.1:56334" [_thread_blocked, id=10316, stack(0x0000005064c00000,0x0000005064d00000)]
  0x0000017cc0ecf800 JavaThread "Stdin handler" [_thread_blocked, id=1520, stack(0x0000005064d00000,0x0000005064e00000)]
  0x0000017cc1723800 JavaThread "Daemon client event forwarder" [_thread_blocked, id=3720, stack(0x0000005064e00000,0x0000005064f00000)]
  0x0000017cc266e000 JavaThread "Cache worker for journal cache (C:\Users\muham\.gradle\caches\journal-1)" [_thread_blocked, id=2884, stack(0x0000005065000000,0x0000005065100000)]
  0x0000017cc266f800 JavaThread "File lock request listener" [_thread_in_native, id=13392, stack(0x0000005065100000,0x0000005065200000)]
  0x0000017cc266f000 JavaThread "Cache worker for file hash cache (C:\Users\muham\.gradle\caches\7.2\fileHashes)" [_thread_blocked, id=1404, stack(0x0000005065200000,0x0000005065300000)]
  0x0000017cc2670800 JavaThread "Cache worker for file hash cache (D:\Data Kuliah\Semester 12\App\.gradle\7.2\fileHashes)" [_thread_blocked, id=10100, stack(0x0000005065400000,0x0000005065500000)]
  0x0000017cc2671800 JavaThread "File watcher server" daemon [_thread_in_native, id=12520, stack(0x0000005065500000,0x0000005065600000)]
  0x0000017cc2672000 JavaThread "File watcher consumer" daemon [_thread_blocked, id=8472, stack(0x0000005065600000,0x0000005065700000)]
  0x0000017cc2673000 JavaThread "Cache worker for checksums cache (D:\Data Kuliah\Semester 12\App\.gradle\checksums)" [_thread_blocked, id=14184, stack(0x0000005065300000,0x0000005065400000)]
  0x0000017cc266d800 JavaThread "Cache worker for cache directory md-supplier (C:\Users\muham\.gradle\caches\7.2\md-supplier)" [_thread_blocked, id=120, stack(0x0000005065700000,0x0000005065800000)]
  0x0000017cc2c6b800 JavaThread "C2 CompilerThread1" daemon [_thread_in_native, id=8452, stack(0x0000005065800000,0x0000005065900000)]

Other Threads:
  0x0000017cbebe7800 VMThread "VM Thread" [stack: 0x0000005063800000,0x0000005063900000] [id=8420]
  0x0000017cbf6ee800 WatcherThread [stack: 0x0000005064200000,0x0000005064300000] [id=10640]
  0x0000017c9fc44800 GCTaskThread "GC Thread#0" [stack: 0x0000005063300000,0x0000005063400000] [id=8596]
  0x0000017cbfc14000 GCTaskThread "GC Thread#1" [stack: 0x0000005064400000,0x0000005064500000] [id=10456]
  0x0000017cbfab2000 GCTaskThread "GC Thread#2" [stack: 0x0000005064500000,0x0000005064600000] [id=10288]
  0x0000017cc22f1800 GCTaskThread "GC Thread#3" [stack: 0x0000005064f00000,0x0000005065000000] [id=11940]
  0x0000017c9fc77000 ConcurrentGCThread "G1 Main Marker" [stack: 0x0000005063400000,0x0000005063500000] [id=14304]
  0x0000017c9fc78000 ConcurrentGCThread "G1 Conc#0" [stack: 0x0000005063500000,0x0000005063600000] [id=6480]
  0x0000017cbea34800 ConcurrentGCThread "G1 Refine#0" [stack: 0x0000005063600000,0x0000005063700000] [id=10720]
  0x0000017c9fd0e000 ConcurrentGCThread "G1 Young RemSet Sampling" [stack: 0x0000005063700000,0x0000005063800000] [id=14136]

Threads with active compile tasks:
C2 CompilerThread0  13263 2338   !   4       java.net.URLClassLoader$1::run (81 bytes)
C2 CompilerThread1  13263 2346   !   4       java.net.URL::<init> (543 bytes)

VM state:not at safepoint (normal execution)

VM Mutex/Monitor currently owned by a thread: None

Heap address: 0x0000000080000000, size: 2048 MB, Compressed Oops mode: 32-bit
Narrow klass base: 0x0000000000000000, Narrow klass shift: 3
Compressed class space size: 1073741824 Address: 0x0000000100000000

Heap:
 garbage-first heap   total 163840K, used 40058K [0x0000000080000000, 0x0000000100000000)
  region size 1024K, 24 young (24576K), 3 survivors (3072K)
 Metaspace       used 27768K, capacity 28375K, committed 28668K, reserved 1075200K
  class space    used 3621K, capacity 3874K, committed 3916K, reserved 1048576K
Heap Regions: E=young(eden), S=young(survivor), O=old, HS=humongous(starts), HC=humongous(continues), CS=collection set, F=free, A=archive, TAMS=top-at-mark-start (previous, next)
|   0|0x0000000080000000, 0x0000000080100000, 0x0000000080100000|100%| O|  |TAMS 0x0000000080100000, 0x0000000080000000| Untracked 
|   1|0x0000000080100000, 0x0000000080200000, 0x0000000080200000|100%| O|  |TAMS 0x0000000080200000, 0x0000000080100000| Untracked 
|   2|0x0000000080200000, 0x0000000080300000, 0x0000000080300000|100%| O|  |TAMS 0x0000000080300000, 0x0000000080200000| Untracked 
|   3|0x0000000080300000, 0x0000000080400000, 0x0000000080400000|100%|HS|  |TAMS 0x0000000080400000, 0x0000000080300000| Complete 
|   4|0x0000000080400000, 0x0000000080500000, 0x0000000080500000|100%|HC|  |TAMS 0x0000000080500000, 0x0000000080400000| Complete 
|   5|0x0000000080500000, 0x0000000080600000, 0x0000000080600000|100%|HC|  |TAMS 0x0000000080600000, 0x0000000080500000| Complete 
|   6|0x0000000080600000, 0x0000000080700000, 0x0000000080700000|100%| O|  |TAMS 0x0000000080700000, 0x0000000080600000| Untracked 
|   7|0x0000000080700000, 0x0000000080800000, 0x0000000080800000|100%| O|  |TAMS 0x0000000080800000, 0x0000000080700000| Untracked 
|   8|0x0000000080800000, 0x0000000080900000, 0x0000000080900000|100%| O|  |TAMS 0x0000000080900000, 0x0000000080800000| Untracked 
|   9|0x0000000080900000, 0x0000000080a00000, 0x0000000080a00000|100%| O|  |TAMS 0x0000000080a00000, 0x0000000080900000| Untracked 
|  10|0x0000000080a00000, 0x0000000080b00000, 0x0000000080b00000|100%| O|  |TAMS 0x0000000080b00000, 0x0000000080a00000| Untracked 
|  11|0x0000000080b00000, 0x0000000080c00000, 0x0000000080c00000|100%| O|  |TAMS 0x0000000080c00000, 0x0000000080b00000| Untracked 
|  12|0x0000000080c00000, 0x0000000080d00000, 0x0000000080d00000|100%| O|  |TAMS 0x0000000080d00000, 0x0000000080c00000| Untracked 
|  13|0x0000000080d00000, 0x0000000080e00000, 0x0000000080e00000|100%| O|  |TAMS 0x0000000080d31800, 0x0000000080d00000| Untracked 
|  14|0x0000000080e00000, 0x0000000080f00000, 0x0000000080f00000|100%| O|  |TAMS 0x0000000080e00000, 0x0000000080e00000| Untracked 
|  15|0x0000000080f00000, 0x0000000081000000, 0x0000000081000000|100%| O|  |TAMS 0x0000000080f00000, 0x0000000080f00000| Untracked 
|  16|0x0000000081000000, 0x0000000081027200, 0x0000000081100000| 15%| O|  |TAMS 0x0000000081000000, 0x0000000081000000| Untracked 
|  17|0x0000000081100000, 0x0000000081100000, 0x0000000081200000|  0%| F|  |TAMS 0x0000000081100000, 0x0000000081100000| Untracked 
|  18|0x0000000081200000, 0x0000000081200000, 0x0000000081300000|  0%| F|  |TAMS 0x0000000081200000, 0x0000000081200000| Untracked 
|  19|0x0000000081300000, 0x0000000081300000, 0x0000000081400000|  0%| F|  |TAMS 0x0000000081300000, 0x0000000081300000| Untracked 
|  20|0x0000000081400000, 0x0000000081400000, 0x0000000081500000|  0%| F|  |TAMS 0x0000000081400000, 0x0000000081400000| Untracked 
|  21|0x0000000081500000, 0x0000000081500000, 0x0000000081600000|  0%| F|  |TAMS 0x0000000081500000, 0x0000000081500000| Untracked 
|  22|0x0000000081600000, 0x0000000081600000, 0x0000000081700000|  0%| F|  |TAMS 0x0000000081600000, 0x0000000081600000| Untracked 
|  23|0x0000000081700000, 0x0000000081700000, 0x0000000081800000|  0%| F|  |TAMS 0x0000000081700000, 0x0000000081700000| Untracked 
|  24|0x0000000081800000, 0x0000000081800000, 0x0000000081900000|  0%| F|  |TAMS 0x0000000081800000, 0x0000000081800000| Untracked 
|  25|0x0000000081900000, 0x0000000081900000, 0x0000000081a00000|  0%| F|  |TAMS 0x0000000081900000, 0x0000000081900000| Untracked 
|  26|0x0000000081a00000, 0x0000000081a00000, 0x0000000081b00000|  0%| F|  |TAMS 0x0000000081a00000, 0x0000000081a00000| Untracked 
|  27|0x0000000081b00000, 0x0000000081b00000, 0x0000000081c00000|  0%| F|  |TAMS 0x0000000081b00000, 0x0000000081b00000| Untracked 
|  28|0x0000000081c00000, 0x0000000081c00000, 0x0000000081d00000|  0%| F|  |TAMS 0x0000000081c00000, 0x0000000081c00000| Untracked 
|  29|0x0000000081d00000, 0x0000000081d00000, 0x0000000081e00000|  0%| F|  |TAMS 0x0000000081d00000, 0x0000000081d00000| Untracked 
|  30|0x0000000081e00000, 0x0000000081e00000, 0x0000000081f00000|  0%| F|  |TAMS 0x0000000081e00000, 0x0000000081e00000| Untracked 
|  31|0x0000000081f00000, 0x0000000081f00000, 0x0000000082000000|  0%| F|  |TAMS 0x0000000081f00000, 0x0000000081f00000| Untracked 
|  32|0x0000000082000000, 0x0000000082000000, 0x0000000082100000|  0%| F|  |TAMS 0x0000000082000000, 0x0000000082000000| Untracked 
|  33|0x0000000082100000, 0x0000000082100000, 0x0000000082200000|  0%| F|  |TAMS 0x0000000082100000, 0x0000000082100000| Untracked 
|  34|0x0000000082200000, 0x0000000082200000, 0x0000000082300000|  0%| F|  |TAMS 0x0000000082200000, 0x0000000082200000| Untracked 
|  35|0x0000000082300000, 0x0000000082300000, 0x0000000082400000|  0%| F|  |TAMS 0x0000000082300000, 0x0000000082300000| Untracked 
|  36|0x0000000082400000, 0x0000000082400000, 0x0000000082500000|  0%| F|  |TAMS 0x0000000082400000, 0x0000000082400000| Untracked 
|  37|0x0000000082500000, 0x0000000082500000, 0x0000000082600000|  0%| F|  |TAMS 0x0000000082500000, 0x0000000082500000| Untracked 
|  38|0x0000000082600000, 0x0000000082600000, 0x0000000082700000|  0%| F|  |TAMS 0x0000000082600000, 0x0000000082600000| Untracked 
|  39|0x0000000082700000, 0x0000000082700000, 0x0000000082800000|  0%| F|  |TAMS 0x0000000082700000, 0x0000000082700000| Untracked 
|  40|0x0000000082800000, 0x0000000082800000, 0x0000000082900000|  0%| F|  |TAMS 0x0000000082800000, 0x0000000082800000| Untracked 
|  41|0x0000000082900000, 0x0000000082900000, 0x0000000082a00000|  0%| F|  |TAMS 0x0000000082900000, 0x0000000082900000| Untracked 
|  42|0x0000000082a00000, 0x0000000082a00000, 0x0000000082b00000|  0%| F|  |TAMS 0x0000000082a00000, 0x0000000082a00000| Untracked 
|  43|0x0000000082b00000, 0x0000000082b00000, 0x0000000082c00000|  0%| F|  |TAMS 0x0000000082b00000, 0x0000000082b00000| Untracked 
|  44|0x0000000082c00000, 0x0000000082c00000, 0x0000000082d00000|  0%| F|  |TAMS 0x0000000082c00000, 0x0000000082c00000| Untracked 
|  45|0x0000000082d00000, 0x0000000082d00000, 0x0000000082e00000|  0%| F|  |TAMS 0x0000000082d00000, 0x0000000082d00000| Untracked 
|  46|0x0000000082e00000, 0x0000000082e00000, 0x0000000082f00000|  0%| F|  |TAMS 0x0000000082e00000, 0x0000000082e00000| Untracked 
|  47|0x0000000082f00000, 0x0000000082f00000, 0x0000000083000000|  0%| F|  |TAMS 0x0000000082f00000, 0x0000000082f00000| Untracked 
|  48|0x0000000083000000, 0x0000000083000000, 0x0000000083100000|  0%| F|  |TAMS 0x0000000083000000, 0x0000000083000000| Untracked 
|  49|0x0000000083100000, 0x0000000083100000, 0x0000000083200000|  0%| F|  |TAMS 0x0000000083100000, 0x0000000083100000| Untracked 
|  50|0x0000000083200000, 0x0000000083200000, 0x0000000083300000|  0%| F|  |TAMS 0x0000000083200000, 0x0000000083200000| Untracked 
|  51|0x0000000083300000, 0x0000000083300000, 0x0000000083400000|  0%| F|  |TAMS 0x0000000083300000, 0x0000000083300000| Untracked 
|  52|0x0000000083400000, 0x0000000083400000, 0x0000000083500000|  0%| F|  |TAMS 0x0000000083400000, 0x0000000083400000| Untracked 
|  53|0x0000000083500000, 0x0000000083500000, 0x0000000083600000|  0%| F|  |TAMS 0x0000000083500000, 0x0000000083500000| Untracked 
|  54|0x0000000083600000, 0x0000000083600000, 0x0000000083700000|  0%| F|  |TAMS 0x0000000083600000, 0x0000000083600000| Untracked 
|  55|0x0000000083700000, 0x0000000083700000, 0x0000000083800000|  0%| F|  |TAMS 0x0000000083700000, 0x0000000083700000| Untracked 
|  56|0x0000000083800000, 0x0000000083800000, 0x0000000083900000|  0%| F|  |TAMS 0x0000000083800000, 0x0000000083800000| Untracked 
|  57|0x0000000083900000, 0x0000000083900000, 0x0000000083a00000|  0%| F|  |TAMS 0x0000000083900000, 0x0000000083900000| Untracked 
|  58|0x0000000083a00000, 0x0000000083a00000, 0x0000000083b00000|  0%| F|  |TAMS 0x0000000083a00000, 0x0000000083a00000| Untracked 
|  59|0x0000000083b00000, 0x0000000083b00000, 0x0000000083c00000|  0%| F|  |TAMS 0x0000000083b00000, 0x0000000083b00000| Untracked 
|  60|0x0000000083c00000, 0x0000000083c00000, 0x0000000083d00000|  0%| F|  |TAMS 0x0000000083c00000, 0x0000000083c00000| Untracked 
|  61|0x0000000083d00000, 0x0000000083d00000, 0x0000000083e00000|  0%| F|  |TAMS 0x0000000083d00000, 0x0000000083d00000| Untracked 
|  62|0x0000000083e00000, 0x0000000083e00000, 0x0000000083f00000|  0%| F|  |TAMS 0x0000000083e00000, 0x0000000083e00000| Untracked 
|  63|0x0000000083f00000, 0x0000000083f00000, 0x0000000084000000|  0%| F|  |TAMS 0x0000000083f00000, 0x0000000083f00000| Untracked 
|  64|0x0000000084000000, 0x0000000084000000, 0x0000000084100000|  0%| F|  |TAMS 0x0000000084000000, 0x0000000084000000| Untracked 
|  65|0x0000000084100000, 0x0000000084100000, 0x0000000084200000|  0%| F|  |TAMS 0x0000000084100000, 0x0000000084100000| Untracked 
|  66|0x0000000084200000, 0x0000000084200000, 0x0000000084300000|  0%| F|  |TAMS 0x0000000084200000, 0x0000000084200000| Untracked 
|  67|0x0000000084300000, 0x0000000084300000, 0x0000000084400000|  0%| F|  |TAMS 0x0000000084300000, 0x0000000084300000| Untracked 
|  68|0x0000000084400000, 0x0000000084400000, 0x0000000084500000|  0%| F|  |TAMS 0x0000000084400000, 0x0000000084400000| Untracked 
|  69|0x0000000084500000, 0x0000000084500000, 0x0000000084600000|  0%| F|  |TAMS 0x0000000084500000, 0x0000000084500000| Untracked 
|  70|0x0000000084600000, 0x0000000084600000, 0x0000000084700000|  0%| F|  |TAMS 0x0000000084600000, 0x0000000084600000| Untracked 
|  71|0x0000000084700000, 0x0000000084700000, 0x0000000084800000|  0%| F|  |TAMS 0x0000000084700000, 0x0000000084700000| Untracked 
|  72|0x0000000084800000, 0x0000000084800000, 0x0000000084900000|  0%| F|  |TAMS 0x0000000084800000, 0x0000000084800000| Untracked 
|  73|0x0000000084900000, 0x0000000084900000, 0x0000000084a00000|  0%| F|  |TAMS 0x0000000084900000, 0x0000000084900000| Untracked 
|  74|0x0000000084a00000, 0x0000000084a00000, 0x0000000084b00000|  0%| F|  |TAMS 0x0000000084a00000, 0x0000000084a00000| Untracked 
|  75|0x0000000084b00000, 0x0000000084b00000, 0x0000000084c00000|  0%| F|  |TAMS 0x0000000084b00000, 0x0000000084b00000| Untracked 
|  76|0x0000000084c00000, 0x0000000084c00000, 0x0000000084d00000|  0%| F|  |TAMS 0x0000000084c00000, 0x0000000084c00000| Untracked 
|  77|0x0000000084d00000, 0x0000000084d00000, 0x0000000084e00000|  0%| F|  |TAMS 0x0000000084d00000, 0x0000000084d00000| Untracked 
|  78|0x0000000084e00000, 0x0000000084e00000, 0x0000000084f00000|  0%| F|  |TAMS 0x0000000084e00000, 0x0000000084e00000| Untracked 
|  79|0x0000000084f00000, 0x0000000084f00000, 0x0000000085000000|  0%| F|  |TAMS 0x0000000084f00000, 0x0000000084f00000| Untracked 
|  80|0x0000000085000000, 0x0000000085000000, 0x0000000085100000|  0%| F|  |TAMS 0x0000000085000000, 0x0000000085000000| Untracked 
|  81|0x0000000085100000, 0x0000000085100000, 0x0000000085200000|  0%| F|  |TAMS 0x0000000085100000, 0x0000000085100000| Untracked 
|  82|0x0000000085200000, 0x0000000085200000, 0x0000000085300000|  0%| F|  |TAMS 0x0000000085200000, 0x0000000085200000| Untracked 
|  83|0x0000000085300000, 0x0000000085300000, 0x0000000085400000|  0%| F|  |TAMS 0x0000000085300000, 0x0000000085300000| Untracked 
|  84|0x0000000085400000, 0x0000000085400000, 0x0000000085500000|  0%| F|  |TAMS 0x0000000085400000, 0x0000000085400000| Untracked 
|  85|0x0000000085500000, 0x0000000085500000, 0x0000000085600000|  0%| F|  |TAMS 0x0000000085500000, 0x0000000085500000| Untracked 
|  86|0x0000000085600000, 0x0000000085600000, 0x0000000085700000|  0%| F|  |TAMS 0x0000000085600000, 0x0000000085600000| Untracked 
|  87|0x0000000085700000, 0x0000000085700000, 0x0000000085800000|  0%| F|  |TAMS 0x0000000085700000, 0x0000000085700000| Untracked 
|  88|0x0000000085800000, 0x0000000085800000, 0x0000000085900000|  0%| F|  |TAMS 0x0000000085800000, 0x0000000085800000| Untracked 
|  89|0x0000000085900000, 0x0000000085900000, 0x0000000085a00000|  0%| F|  |TAMS 0x0000000085900000, 0x0000000085900000| Untracked 
|  90|0x0000000085a00000, 0x0000000085a00000, 0x0000000085b00000|  0%| F|  |TAMS 0x0000000085a00000, 0x0000000085a00000| Untracked 
|  91|0x0000000085b00000, 0x0000000085b00000, 0x0000000085c00000|  0%| F|  |TAMS 0x0000000085b00000, 0x0000000085b00000| Untracked 
|  92|0x0000000085c00000, 0x0000000085c00000, 0x0000000085d00000|  0%| F|  |TAMS 0x0000000085c00000, 0x0000000085c00000| Untracked 
|  93|0x0000000085d00000, 0x0000000085d00000, 0x0000000085e00000|  0%| F|  |TAMS 0x0000000085d00000, 0x0000000085d00000| Untracked 
|  94|0x0000000085e00000, 0x0000000085e00000, 0x0000000085f00000|  0%| F|  |TAMS 0x0000000085e00000, 0x0000000085e00000| Untracked 
|  95|0x0000000085f00000, 0x0000000085f00000, 0x0000000086000000|  0%| F|  |TAMS 0x0000000085f00000, 0x0000000085f00000| Untracked 
|  96|0x0000000086000000, 0x0000000086000000, 0x0000000086100000|  0%| F|  |TAMS 0x0000000086000000, 0x0000000086000000| Untracked 
|  97|0x0000000086100000, 0x0000000086100000, 0x0000000086200000|  0%| F|  |TAMS 0x0000000086100000, 0x0000000086100000| Untracked 
|  98|0x0000000086200000, 0x0000000086200000, 0x0000000086300000|  0%| F|  |TAMS 0x0000000086200000, 0x0000000086200000| Untracked 
|  99|0x0000000086300000, 0x0000000086300000, 0x0000000086400000|  0%| F|  |TAMS 0x0000000086300000, 0x0000000086300000| Untracked 
| 100|0x0000000086400000, 0x0000000086400000, 0x0000000086500000|  0%| F|  |TAMS 0x0000000086400000, 0x0000000086400000| Untracked 
| 101|0x0000000086500000, 0x0000000086500000, 0x0000000086600000|  0%| F|  |TAMS 0x0000000086500000, 0x0000000086500000| Untracked 
| 102|0x0000000086600000, 0x0000000086600000, 0x0000000086700000|  0%| F|  |TAMS 0x0000000086600000, 0x0000000086600000| Untracked 
| 103|0x0000000086700000, 0x00000000867f7798, 0x0000000086800000| 96%| S|CS|TAMS 0x0000000086700000, 0x0000000086700000| Complete 
| 104|0x0000000086800000, 0x0000000086900000, 0x0000000086900000|100%| S|CS|TAMS 0x0000000086800000, 0x0000000086800000| Complete 
| 105|0x0000000086900000, 0x0000000086a00000, 0x0000000086a00000|100%| S|CS|TAMS 0x0000000086900000, 0x0000000086900000| Complete 
| 106|0x0000000086a00000, 0x0000000086a00000, 0x0000000086b00000|  0%| F|  |TAMS 0x0000000086a00000, 0x0000000086a00000| Untracked 
| 107|0x0000000086b00000, 0x0000000086b00000, 0x0000000086c00000|  0%| F|  |TAMS 0x0000000086b00000, 0x0000000086b00000| Untracked 
| 108|0x0000000086c00000, 0x0000000086c00000, 0x0000000086d00000|  0%| F|  |TAMS 0x0000000086c00000, 0x0000000086c00000| Untracked 
| 109|0x0000000086d00000, 0x0000000086d00000, 0x0000000086e00000|  0%| F|  |TAMS 0x0000000086d00000, 0x0000000086d00000| Untracked 
| 110|0x0000000086e00000, 0x0000000086e00000, 0x0000000086f00000|  0%| F|  |TAMS 0x0000000086e00000, 0x0000000086e00000| Untracked 
| 111|0x0000000086f00000, 0x0000000086f00000, 0x0000000087000000|  0%| F|  |TAMS 0x0000000086f00000, 0x0000000086f00000| Untracked 
| 112|0x0000000087000000, 0x0000000087000000, 0x0000000087100000|  0%| F|  |TAMS 0x0000000087000000, 0x0000000087000000| Untracked 
| 113|0x0000000087100000, 0x0000000087100000, 0x0000000087200000|  0%| F|  |TAMS 0x0000000087100000, 0x0000000087100000| Untracked 
| 114|0x0000000087200000, 0x0000000087200000, 0x0000000087300000|  0%| F|  |TAMS 0x0000000087200000, 0x0000000087200000| Untracked 
| 115|0x0000000087300000, 0x0000000087300000, 0x0000000087400000|  0%| F|  |TAMS 0x0000000087300000, 0x0000000087300000| Untracked 
| 116|0x0000000087400000, 0x0000000087400000, 0x0000000087500000|  0%| F|  |TAMS 0x0000000087400000, 0x0000000087400000| Untracked 
| 117|0x0000000087500000, 0x0000000087500000, 0x0000000087600000|  0%| F|  |TAMS 0x0000000087500000, 0x0000000087500000| Untracked 
| 118|0x0000000087600000, 0x0000000087600000, 0x0000000087700000|  0%| F|  |TAMS 0x0000000087600000, 0x0000000087600000| Untracked 
| 119|0x0000000087700000, 0x0000000087700000, 0x0000000087800000|  0%| F|  |TAMS 0x0000000087700000, 0x0000000087700000| Untracked 
| 120|0x0000000087800000, 0x0000000087800000, 0x0000000087900000|  0%| F|  |TAMS 0x0000000087800000, 0x0000000087800000| Untracked 
| 121|0x0000000087900000, 0x0000000087900000, 0x0000000087a00000|  0%| F|  |TAMS 0x0000000087900000, 0x0000000087900000| Untracked 
| 122|0x0000000087a00000, 0x0000000087a00000, 0x0000000087b00000|  0%| F|  |TAMS 0x0000000087a00000, 0x0000000087a00000| Untracked 
| 123|0x0000000087b00000, 0x0000000087b00000, 0x0000000087c00000|  0%| F|  |TAMS 0x0000000087b00000, 0x0000000087b00000| Untracked 
| 124|0x0000000087c00000, 0x0000000087c00000, 0x0000000087d00000|  0%| F|  |TAMS 0x0000000087c00000, 0x0000000087c00000| Untracked 
| 125|0x0000000087d00000, 0x0000000087d00000, 0x0000000087e00000|  0%| F|  |TAMS 0x0000000087d00000, 0x0000000087d00000| Untracked 
| 126|0x0000000087e00000, 0x0000000087e00000, 0x0000000087f00000|  0%| F|  |TAMS 0x0000000087e00000, 0x0000000087e00000| Untracked 
| 127|0x0000000087f00000, 0x0000000087f00000, 0x0000000088000000|  0%| F|  |TAMS 0x0000000087f00000, 0x0000000087f00000| Untracked 
| 128|0x0000000088000000, 0x0000000088000000, 0x0000000088100000|  0%| F|  |TAMS 0x0000000088000000, 0x0000000088000000| Untracked 
| 129|0x0000000088100000, 0x0000000088100000, 0x0000000088200000|  0%| F|  |TAMS 0x0000000088100000, 0x0000000088100000| Untracked 
| 130|0x0000000088200000, 0x0000000088200000, 0x0000000088300000|  0%| F|  |TAMS 0x0000000088200000, 0x0000000088200000| Untracked 
| 131|0x0000000088300000, 0x0000000088300000, 0x0000000088400000|  0%| F|  |TAMS 0x0000000088300000, 0x0000000088300000| Untracked 
| 132|0x0000000088400000, 0x0000000088400000, 0x0000000088500000|  0%| F|  |TAMS 0x0000000088400000, 0x0000000088400000| Untracked 
| 133|0x0000000088500000, 0x0000000088500000, 0x0000000088600000|  0%| F|  |TAMS 0x0000000088500000, 0x0000000088500000| Untracked 
| 134|0x0000000088600000, 0x0000000088600000, 0x0000000088700000|  0%| F|  |TAMS 0x0000000088600000, 0x0000000088600000| Untracked 
| 135|0x0000000088700000, 0x0000000088700000, 0x0000000088800000|  0%| F|  |TAMS 0x0000000088700000, 0x0000000088700000| Untracked 
| 136|0x0000000088800000, 0x0000000088800000, 0x0000000088900000|  0%| F|  |TAMS 0x0000000088800000, 0x0000000088800000| Untracked 
| 137|0x0000000088900000, 0x0000000088900000, 0x0000000088a00000|  0%| F|  |TAMS 0x0000000088900000, 0x0000000088900000| Untracked 
| 138|0x0000000088a00000, 0x0000000088a80800, 0x0000000088b00000| 50%| E|  |TAMS 0x0000000088a00000, 0x0000000088a00000| Complete 
| 139|0x0000000088b00000, 0x0000000088c00000, 0x0000000088c00000|100%| E|CS|TAMS 0x0000000088b00000, 0x0000000088b00000| Complete 
| 140|0x0000000088c00000, 0x0000000088d00000, 0x0000000088d00000|100%| E|CS|TAMS 0x0000000088c00000, 0x0000000088c00000| Complete 
| 141|0x0000000088d00000, 0x0000000088e00000, 0x0000000088e00000|100%| E|CS|TAMS 0x0000000088d00000, 0x0000000088d00000| Complete 
| 142|0x0000000088e00000, 0x0000000088f00000, 0x0000000088f00000|100%| E|CS|TAMS 0x0000000088e00000, 0x0000000088e00000| Complete 
| 143|0x0000000088f00000, 0x0000000089000000, 0x0000000089000000|100%| E|CS|TAMS 0x0000000088f00000, 0x0000000088f00000| Complete 
| 144|0x0000000089000000, 0x0000000089100000, 0x0000000089100000|100%| E|CS|TAMS 0x0000000089000000, 0x0000000089000000| Complete 
| 145|0x0000000089100000, 0x0000000089200000, 0x0000000089200000|100%| E|CS|TAMS 0x0000000089100000, 0x0000000089100000| Complete 
| 146|0x0000000089200000, 0x0000000089300000, 0x0000000089300000|100%| E|CS|TAMS 0x0000000089200000, 0x0000000089200000| Complete 
| 147|0x0000000089300000, 0x0000000089400000, 0x0000000089400000|100%| E|CS|TAMS 0x0000000089300000, 0x0000000089300000| Complete 
| 148|0x0000000089400000, 0x0000000089500000, 0x0000000089500000|100%| E|CS|TAMS 0x0000000089400000, 0x0000000089400000| Complete 
| 149|0x0000000089500000, 0x0000000089600000, 0x0000000089600000|100%| E|CS|TAMS 0x0000000089500000, 0x0000000089500000| Complete 
| 150|0x0000000089600000, 0x0000000089700000, 0x0000000089700000|100%| E|CS|TAMS 0x0000000089600000, 0x0000000089600000| Complete 
| 151|0x0000000089700000, 0x0000000089800000, 0x0000000089800000|100%| E|CS|TAMS 0x0000000089700000, 0x0000000089700000| Complete 
| 152|0x0000000089800000, 0x0000000089900000, 0x0000000089900000|100%| E|CS|TAMS 0x0000000089800000, 0x0000000089800000| Complete 
| 153|0x0000000089900000, 0x0000000089a00000, 0x0000000089a00000|100%| E|CS|TAMS 0x0000000089900000, 0x0000000089900000| Complete 
| 154|0x0000000089a00000, 0x0000000089b00000, 0x0000000089b00000|100%| E|CS|TAMS 0x0000000089a00000, 0x0000000089a00000| Complete 
| 155|0x0000000089b00000, 0x0000000089c00000, 0x0000000089c00000|100%| E|CS|TAMS 0x0000000089b00000, 0x0000000089b00000| Complete 
| 156|0x0000000089c00000, 0x0000000089d00000, 0x0000000089d00000|100%| E|CS|TAMS 0x0000000089c00000, 0x0000000089c00000| Complete 
| 157|0x0000000089d00000, 0x0000000089e00000, 0x0000000089e00000|100%| E|CS|TAMS 0x0000000089d00000, 0x0000000089d00000| Complete 
| 158|0x0000000089e00000, 0x0000000089f00000, 0x0000000089f00000|100%| E|CS|TAMS 0x0000000089e00000, 0x0000000089e00000| Complete 
| 159|0x0000000089f00000, 0x000000008a000000, 0x000000008a000000|100%| E|CS|TAMS 0x0000000089f00000, 0x0000000089f00000| Complete 

Card table byte_map: [0x0000017cb7d90000,0x0000017cb8190000] _byte_map_base: 0x0000017cb7990000

Marking Bits (Prev, Next): (CMBitMap*) 0x0000017c9fc6e060, (CMBitMap*) 0x0000017c9fc6e028
 Prev Bits: [0x0000017cba590000, 0x0000017cbc590000)
 Next Bits: [0x0000017cb8590000, 0x0000017cba590000)

Polling page: 0x0000017c9e300000

Metaspace:

Usage:
  Non-class:     23.93 MB capacity,    23.58 MB ( 99%) used,   296.26 KB (  1%) free+waste,    54.00 KB ( <1%) overhead. 
      Class:      3.78 MB capacity,     3.54 MB ( 93%) used,   225.87 KB (  6%) free+waste,    27.00 KB ( <1%) overhead. 
       Both:     27.71 MB capacity,    27.12 MB ( 98%) used,   522.13 KB (  2%) free+waste,    81.00 KB ( <1%) overhead. 

Virtual space:
  Non-class space:       26.00 MB reserved,      24.17 MB ( 93%) committed 
      Class space:        1.00 GB reserved,       3.82 MB ( <1%) committed 
             Both:        1.03 GB reserved,      28.00 MB (  3%) committed 

Chunk freelists:
   Non-Class:  0 bytes
       Class:  30.00 KB
        Both:  30.00 KB

MaxMetaspaceSize: 17179869184.00 GB
CompressedClassSpaceSize: 1.00 GB
Initial GC threshold: 20.80 MB
Current GC threshold: 35.20 MB
CDS: off

CodeHeap 'non-profiled nmethods': size=120064Kb used=1187Kb max_used=1187Kb free=118876Kb
 bounds [0x0000017cafe30000, 0x0000017cb00a0000, 0x0000017cb7370000]
CodeHeap 'profiled nmethods': size=120000Kb used=5192Kb max_used=5192Kb free=114808Kb
 bounds [0x0000017ca8900000, 0x0000017ca8e20000, 0x0000017cafe30000]
CodeHeap 'non-nmethods': size=5696Kb used=1224Kb max_used=1246Kb free=4471Kb
 bounds [0x0000017ca8370000, 0x0000017ca85e0000, 0x0000017ca8900000]
 total_blobs=2919 nmethods=2419 adapters=412
 compilation: enabled
              stopped_count=0, restarted_count=0
 full_count=0

Compilation events (20 events):
Event: 13.176 Thread 0x0000017cbec10000 2401       3       java.lang.reflect.Proxy::newProxyInstance (35 bytes)
Event: 13.177 Thread 0x0000017cbec10000 nmethod 2401 0x0000017ca8dff610 code [0x0000017ca8dff820, 0x0000017ca8dffbb8]
Event: 13.177 Thread 0x0000017cbec10000 2402       1       java.lang.reflect.Method::getSharedExceptionTypes (5 bytes)
Event: 13.178 Thread 0x0000017cbec10000 nmethod 2402 0x0000017caff58810 code [0x0000017caff589c0, 0x0000017caff58a78]
Event: 13.178 Thread 0x0000017cbec10000 2403       3       java.lang.reflect.Proxy$ProxyBuilder::addElementTypes (33 bytes)
Event: 13.179 Thread 0x0000017cbec10000 nmethod 2403 0x0000017ca8dffd90 code [0x0000017ca8dfffc0, 0x0000017ca8e00688]
Event: 13.179 Thread 0x0000017cbec10000 2404       3       java.lang.reflect.ProxyGenerator$MethodInfo::<init> (86 bytes)
Event: 13.180 Thread 0x0000017cbec10000 nmethod 2404 0x0000017ca8e00990 code [0x0000017ca8e00c40, 0x0000017ca8e01828]
Event: 13.180 Thread 0x0000017cbec10000 2405       3       java.lang.reflect.ProxyGenerator::codeClassForName (41 bytes)
Event: 13.183 Thread 0x0000017cbec10000 nmethod 2405 0x0000017ca8e01d10 code [0x0000017ca8e02080, 0x0000017ca8e03458]
Event: 13.183 Thread 0x0000017cbec10000 2406       3       java.lang.reflect.ProxyGenerator::code_astore (11 bytes)
Event: 13.183 Thread 0x0000017cbec10000 nmethod 2406 0x0000017ca8e03d10 code [0x0000017ca8e03ec0, 0x0000017ca8e04008]
Event: 13.185 Thread 0x0000017cbec10000 2407       3       java.lang.reflect.Proxy::<init> (15 bytes)
Event: 13.185 Thread 0x0000017cbec10000 nmethod 2407 0x0000017ca8e04090 code [0x0000017ca8e04260, 0x0000017ca8e04568]
Event: 13.186 Thread 0x0000017cbec10000 2408       3       java.util.HashMap::putMapEntries (154 bytes)
Event: 13.187 Thread 0x0000017cbec10000 nmethod 2408 0x0000017ca8e04690 code [0x0000017ca8e04960, 0x0000017ca8e05688]
Event: 13.190 Thread 0x0000017cbec10000 2409       3       org.objectweb.asm.Label::getCanonicalInstance (19 bytes)
Event: 13.190 Thread 0x0000017cbec10000 nmethod 2409 0x0000017ca8e05a10 code [0x0000017ca8e05bc0, 0x0000017ca8e05d18]
Event: 13.191 Thread 0x0000017cbec10000 2410       3       org.objectweb.asm.Type::getArgumentsAndReturnSizes (140 bytes)
Event: 13.194 Thread 0x0000017cbec10000 nmethod 2410 0x0000017ca8e05e10 code [0x0000017ca8e06220, 0x0000017ca8e08018]

GC Heap History (12 events):
Event: 1.743 GC heap before
{Heap before GC invocations=0 (full 0):
 garbage-first heap   total 163840K, used 19456K [0x0000000080000000, 0x0000000100000000)
  region size 1024K, 14 young (14336K), 0 survivors (0K)
 Metaspace       used 6753K, capacity 7001K, committed 7168K, reserved 1056768K
  class space    used 570K, capacity 650K, committed 768K, reserved 1048576K
}
Event: 1.751 GC heap after
{Heap after GC invocations=1 (full 0):
 garbage-first heap   total 163840K, used 7557K [0x0000000080000000, 0x0000000100000000)
  region size 1024K, 2 young (2048K), 2 survivors (2048K)
 Metaspace       used 6753K, capacity 7001K, committed 7168K, reserved 1056768K
  class space    used 570K, capacity 650K, committed 768K, reserved 1048576K
}
Event: 2.719 GC heap before
{Heap before GC invocations=1 (full 0):
 garbage-first heap   total 163840K, used 18821K [0x0000000080000000, 0x0000000100000000)
  region size 1024K, 13 young (13312K), 2 survivors (2048K)
 Metaspace       used 10252K, capacity 10501K, committed 10624K, reserved 1058816K
  class space    used 1042K, capacity 1139K, committed 1152K, reserved 1048576K
}
Event: 2.725 GC heap after
{Heap after GC invocations=2 (full 0):
 garbage-first heap   total 163840K, used 9466K [0x0000000080000000, 0x0000000100000000)
  region size 1024K, 2 young (2048K), 2 survivors (2048K)
 Metaspace       used 10252K, capacity 10501K, committed 10624K, reserved 1058816K
  class space    used 1042K, capacity 1139K, committed 1152K, reserved 1048576K
}
Event: 4.113 GC heap before
{Heap before GC invocations=2 (full 0):
 garbage-first heap   total 163840K, used 37114K [0x0000000080000000, 0x0000000100000000)
  region size 1024K, 28 young (28672K), 2 survivors (2048K)
 Metaspace       used 11221K, capacity 11456K, committed 11520K, reserved 1058816K
  class space    used 1143K, capacity 1244K, committed 1280K, reserved 1048576K
}
Event: 4.119 GC heap after
{Heap after GC invocations=3 (full 0):
 garbage-first heap   total 163840K, used 12584K [0x0000000080000000, 0x0000000100000000)
  region size 1024K, 4 young (4096K), 4 survivors (4096K)
 Metaspace       used 11221K, capacity 11456K, committed 11520K, reserved 1058816K
  class space    used 1143K, capacity 1244K, committed 1280K, reserved 1048576K
}
Event: 10.425 GC heap before
{Heap before GC invocations=3 (full 0):
 garbage-first heap   total 163840K, used 51496K [0x0000000080000000, 0x0000000100000000)
  region size 1024K, 42 young (43008K), 4 survivors (4096K)
 Metaspace       used 17625K, capacity 18034K, committed 18176K, reserved 1064960K
  class space    used 2042K, capacity 2185K, committed 2304K, reserved 1048576K
}
Event: 10.441 GC heap after
{Heap after GC invocations=4 (full 0):
 garbage-first heap   total 163840K, used 16668K [0x0000000080000000, 0x0000000100000000)
  region size 1024K, 6 young (6144K), 6 survivors (6144K)
 Metaspace       used 17625K, capacity 18034K, committed 18176K, reserved 1064960K
  class space    used 2042K, capacity 2185K, committed 2304K, reserved 1048576K
}
Event: 11.260 GC heap before
{Heap before GC invocations=4 (full 0):
 garbage-first heap   total 163840K, used 42268K [0x0000000080000000, 0x0000000100000000)
  region size 1024K, 32 young (32768K), 6 survivors (6144K)
 Metaspace       used 20765K, capacity 21199K, committed 21296K, reserved 1069056K
  class space    used 2501K, capacity 2669K, committed 2688K, reserved 1048576K
}
Event: 11.269 GC heap after
{Heap after GC invocations=5 (full 0):
 garbage-first heap   total 163840K, used 17539K [0x0000000080000000, 0x0000000100000000)
  region size 1024K, 4 young (4096K), 4 survivors (4096K)
 Metaspace       used 20765K, capacity 21199K, committed 21296K, reserved 1069056K
  class space    used 2501K, capacity 2669K, committed 2688K, reserved 1048576K
}
Event: 12.678 GC heap before
{Heap before GC invocations=6 (full 0):
 garbage-first heap   total 163840K, used 68739K [0x0000000080000000, 0x0000000100000000)
  region size 1024K, 54 young (55296K), 4 survivors (4096K)
 Metaspace       used 26011K, capacity 26582K, committed 26876K, reserved 1073152K
  class space    used 3343K, capacity 3551K, committed 3660K, reserved 1048576K
}
Event: 12.689 GC heap after
{Heap after GC invocations=7 (full 0):
 garbage-first heap   total 163840K, used 19578K [0x0000000080000000, 0x0000000100000000)
  region size 1024K, 3 young (3072K), 3 survivors (3072K)
 Metaspace       used 26011K, capacity 26582K, committed 26876K, reserved 1073152K
  class space    used 3343K, capacity 3551K, committed 3660K, reserved 1048576K
}

Deoptimization events (20 events):
Event: 12.600 Thread 0x0000017cc19f2800 Uncommon trap: trap_request=0xffffffde fr.pc=0x0000017caff44f5c relative=0x000000000000031c
Event: 12.600 Thread 0x0000017cc19f2800 Uncommon trap: reason=class_check action=maybe_recompile pc=0x0000017caff44f5c method=java.util.Collections$SetFromMap.remove(Ljava/lang/Object;)Z @ 5 c2
Event: 12.600 Thread 0x0000017cc19f2800 DEOPT PACKING pc=0x0000017caff44f5c sp=0x0000005064bfc0d0
Event: 12.600 Thread 0x0000017cc19f2800 DEOPT UNPACKING pc=0x0000017ca83ba1af sp=0x0000005064bfc0b8 mode 2
Event: 12.637 Thread 0x0000017cc19f2800 Uncommon trap: trap_request=0xffffff4d fr.pc=0x0000017cafe53768 relative=0x0000000000000048
Event: 12.637 Thread 0x0000017cc19f2800 Uncommon trap: reason=unstable_if action=reinterpret pc=0x0000017cafe53768 method=java.net.URI.match(CJJ)Z @ 19 c2
Event: 12.637 Thread 0x0000017cc19f2800 DEOPT PACKING pc=0x0000017cafe53768 sp=0x0000005064bfa810
Event: 12.637 Thread 0x0000017cc19f2800 DEOPT UNPACKING pc=0x0000017ca83ba1af sp=0x0000005064bfa798 mode 2
Event: 12.638 Thread 0x0000017cc19f2800 Uncommon trap: trap_request=0xffffff4d fr.pc=0x0000017cafe8c8e4 relative=0x00000000000001a4
Event: 12.638 Thread 0x0000017cc19f2800 Uncommon trap: reason=unstable_if action=reinterpret pc=0x0000017cafe8c8e4 method=java.net.URI.match(CJJ)Z @ 19 c2
Event: 12.638 Thread 0x0000017cc19f2800 DEOPT PACKING pc=0x0000017cafe8c8e4 sp=0x0000005064bfa770
Event: 12.638 Thread 0x0000017cc19f2800 DEOPT UNPACKING pc=0x0000017ca83ba1af sp=0x0000005064bfa670 mode 2
Event: 13.092 Thread 0x0000017cc19f2800 Uncommon trap: trap_request=0xffffff4d fr.pc=0x0000017caff197cc relative=0x000000000000020c
Event: 13.092 Thread 0x0000017cc19f2800 Uncommon trap: reason=unstable_if action=reinterpret pc=0x0000017caff197cc method=java.util.HashMap.hash(Ljava/lang/Object;)I @ 1 c2
Event: 13.092 Thread 0x0000017cc19f2800 DEOPT PACKING pc=0x0000017caff197cc sp=0x0000005064bf89d0
Event: 13.092 Thread 0x0000017cc19f2800 DEOPT UNPACKING pc=0x0000017ca83ba1af sp=0x0000005064bf8908 mode 2
Event: 13.092 Thread 0x0000017cc19f2800 Uncommon trap: trap_request=0xffffff4d fr.pc=0x0000017cafed9c2c relative=0x000000000000008c
Event: 13.092 Thread 0x0000017cc19f2800 Uncommon trap: reason=unstable_if action=reinterpret pc=0x0000017cafed9c2c method=java.util.HashMap.hash(Ljava/lang/Object;)I @ 1 c2
Event: 13.092 Thread 0x0000017cc19f2800 DEOPT PACKING pc=0x0000017cafed9c2c sp=0x0000005064bf8740
Event: 13.092 Thread 0x0000017cc19f2800 DEOPT UNPACKING pc=0x0000017ca83ba1af sp=0x0000005064bf86d8 mode 2

Classes redefined (0 events):
No events

Internal exceptions (20 events):
Event: 11.310 Thread 0x0000017cc19f2800 Exception <a 'java/lang/IncompatibleClassChangeError'{0x0000000089fd0c88}: Found class java.lang.Object, but interface was expected> (0x0000000089fd0c88) thrown at [./src/hotspot/share/interpreter/linkResolver.cpp, line 839]
Event: 11.378 Thread 0x0000017cc19f2800 Exception <a 'java/lang/NoSuchMethodError'{0x0000000089dcf998}: 'void java.lang.invoke.DirectMethodHandle$Holder.invokeStatic(java.lang.Object, java.lang.Object, java.lang.Object, java.lang.Object, java.lang.Object)'> (0x0000000089dcf998) thrown at [./src/hotspot/share/interpreter/linkResolver.cpp, line 773]
Event: 11.589 Thread 0x0000017cc19f2800 Exception <a 'java/lang/NoSuchMethodError'{0x00000000896d97e8}: 'java.lang.Object java.lang.invoke.DirectMethodHandle$Holder.invokeSpecial(java.lang.Object, java.lang.Object, java.lang.Object, java.lang.Object, java.lang.Object, java.lang.Object, java.lang.Object, java.lang.Object, java.lang.Object)'> (0x00000000896d97e8) thrown at [./src/hotspot/share/interpreter/linkResolver.cpp, line 773]
Event: 11.742 Thread 0x0000017cc19f2800 Exception <a 'java/lang/NoSuchMethodError'{0x0000000088c83a70}: 'java.lang.Object java.lang.invoke.DirectMethodHandle$Holder.invokeVirtual(java.lang.Object, java.lang.Object, java.lang.Object, java.lang.Object)'> (0x0000000088c83a70) thrown at [./src/hotspot/share/interpreter/linkResolver.cpp, line 773]
Event: 11.955 Thread 0x0000017cc19f2800 Exception <a 'java/lang/NoSuchMethodError'{0x0000000088129750}: 'void java.lang.invoke.DirectMethodHandle$Holder.invokeSpecial(java.lang.Object, java.lang.Object, java.lang.Object, java.lang.Object, java.lang.Object, java.lang.Object)'> (0x0000000088129750) thrown at [./src/hotspot/share/interpreter/linkResolver.cpp, line 773]
Event: 11.978 Thread 0x0000017cc19f2800 Exception <a 'java/lang/NoSuchMethodError'{0x0000000088199c60}: 'void java.lang.invoke.DirectMethodHandle$Holder.invokeSpecial(java.lang.Object, java.lang.Object, java.lang.Object, java.lang.Object, java.lang.Object, java.lang.Object, java.lang.Object)'> (0x0000000088199c60) thrown at [./src/hotspot/share/interpreter/linkResolver.cpp, line 773]
Event: 11.979 Thread 0x0000017cc19f2800 Exception <a 'java/lang/NoSuchMethodError'{0x00000000881a2150}: 'java.lang.Object java.lang.invoke.Invokers$Holder.linkToTargetMethod(java.lang.Object, java.lang.Object, java.lang.Object, java.lang.Object, java.lang.Object, java.lang.Object)'> (0x00000000881a2150) thrown at [./src/hotspot/share/interpreter/linkResolver.cpp, line 773]
Event: 12.204 Thread 0x0000017cc19f2800 Exception <a 'java/lang/NoSuchMethodError'{0x00000000878cff58}: 'int java.lang.invoke.DirectMethodHandle$Holder.invokeStaticInit(java.lang.Object, java.lang.Object, java.lang.Object)'> (0x00000000878cff58) thrown at [./src/hotspot/share/interpreter/linkResolver.cpp, line 773]
Event: 12.401 Thread 0x0000017cc19f2800 Exception <a 'java/lang/NoSuchMethodError'{0x0000000087201c48}: 'void java.lang.invoke.DirectMethodHandle$Holder.invokeStaticInit(java.lang.Object, java.lang.Object)'> (0x0000000087201c48) thrown at [./src/hotspot/share/interpreter/linkResolver.cpp, line 773]
Event: 12.584 Thread 0x0000017cc19f2800 Exception <a 'java/lang/NoSuchMethodError'{0x0000000086d34b68}: 'void java.lang.invoke.DirectMethodHandle$Holder.invokeStatic(java.lang.Object, java.lang.Object, java.lang.Object, java.lang.Object)'> (0x0000000086d34b68) thrown at [./src/hotspot/share/interpreter/linkResolver.cpp, line 773]
Event: 12.590 Thread 0x0000017cc19f2800 Exception <a 'java/lang/NoSuchMethodError'{0x0000000086d485a8}: 'int java.lang.invoke.DirectMethodHandle$Holder.invokeInterface(java.lang.Object, java.lang.Object)'> (0x0000000086d485a8) thrown at [./src/hotspot/share/interpreter/linkResolver.cpp, line 773]
Event: 12.824 Thread 0x0000017cc19f2800 Exception <a 'java/lang/NoSuchMethodError'{0x0000000089801d80}: 'java.lang.Object java.lang.invoke.DirectMethodHandle$Holder.invokeSpecialIFC(java.lang.Object, java.lang.Object, java.lang.Object, java.lang.Object)'> (0x0000000089801d80) thrown at [./src/hotspot/share/interpreter/linkResolver.cpp, line 773]
Event: 12.841 Thread 0x0000017cc19f2800 Exception <a 'java/lang/NoSuchMethodError'{0x00000000898e31b8}: 'java.lang.Object java.lang.invoke.DirectMethodHandle$Holder.invokeSpecial(java.lang.Object, java.lang.Object, java.lang.Object, java.lang.Object, java.lang.Object, java.lang.Object, java.lang.Object, java.lang.Object, java.lang.Object, java.lang.Object, java.lang.Object, java.lang.Object, java.lang.Object)'> (0x00000000898e31b8) thrown at [./src/hotspot/share/interpreter/linkResolver.cpp, line 773]
Event: 12.843 Thread 0x0000017cc19f2800 Exception <a 'java/lang/NoSuchMethodError'{0x00000000898f4018}: 'java.lang.Object java.lang.invoke.DirectMethodHandle$Holder.invokeSpecial(java.lang.Object, java.lang.Object, java.lang.Object, java.lang.Object, java.lang.Object, java.lang.Object, java.lang.Object, java.lang.Object, java.lang.Object, java.lang.Object, java.lang.Object, java.lang.Object)'> (0x00000000898f4018) thrown at [./src/hotspot/share/interpreter/linkResolver.cpp, line 773]
Event: 12.844 Thread 0x0000017cc19f2800 Exception <a 'java/lang/NoSuchMethodError'{0x00000000898f9140}: 'java.lang.Object java.lang.invoke.Invokers$Holder.linkToTargetMethod(java.lang.Object, java.lang.Object, java.lang.Object, java.lang.Object, java.lang.Object, java.lang.Object, java.lang.Object, java.lang.Object, java.lang.Object, java.lang.Object, java.lang.Object)'> (0x00000000898f9140) thrown at [./src/hotspot/share/interpreter/linkResolver.cpp, line 773]
Event: 12.867 Thread 0x0000017cc19f2800 Exception <a 'java/lang/NoSuchMethodError'{0x0000000089645208}: 'java.lang.Object java.lang.invoke.DirectMethodHandle$Holder.invokeSpecial(java.lang.Object, java.lang.Object, java.lang.Object, java.lang.Object, java.lang.Object, java.lang.Object, java.lang.Object, java.lang.Object, java.lang.Object, java.lang.Object, java.lang.Object, java.lang.Object, java.lang.Object, java.lang.Object)'> (0x0000000089645208) thrown at [./src/hotspot/share/interpreter/linkResolver.cpp, line 773]
Event: 12.869 Thread 0x0000017cc19f2800 Exception <a 'java/lang/NoSuchMethodError'{0x0000000089656880}: 'java.lang.Object java.lang.invoke.Invokers$Holder.linkToTargetMethod(java.lang.Object, java.lang.Object, java.lang.Object, java.lang.Object, java.lang.Object, java.lang.Object, java.lang.Object, java.lang.Object, java.lang.Object, java.lang.Object, java.lang.Object, java.lang.Object)'> (0x0000000089656880) thrown at [./src/hotspot/share/interpreter/linkResolver.cpp, line 773]
Event: 12.884 Thread 0x0000017cc19f2800 Exception <a 'java/lang/NoSuchMethodError'{0x00000000896ec338}: 'java.lang.Object java.lang.invoke.DirectMethodHandle$Holder.invokeStaticInit(java.lang.Object, java.lang.Object, java.lang.Object, java.lang.Object)'> (0x00000000896ec338) thrown at [./src/hotspot/share/interpreter/linkResolver.cpp, line 773]
Event: 13.092 Thread 0x0000017cc19f2800 Implicit null exception at 0x0000017caff195f5 to 0x0000017caff197bc
Event: 13.092 Thread 0x0000017cc19f2800 Implicit null exception at 0x0000017cafed9baf to 0x0000017cafed9c1d

Events (20 events):
Event: 13.162 loading class org/gradle/internal/lazy/Lazy done
Event: 13.163 loading class org/gradle/internal/management/DefaultVersionCatalogBuilderContainer
Event: 13.163 loading class org/gradle/internal/management/DefaultVersionCatalogBuilderContainer done
Event: 13.164 loading class org/gradle/api/internal/AbstractNamedDomainObjectContainer
Event: 13.164 loading class org/gradle/api/internal/AbstractNamedDomainObjectContainer done
Event: 13.165 loading class org/gradle/api/reflect/HasPublicType
Event: 13.165 loading class org/gradle/api/reflect/HasPublicType done
Event: 13.166 loading class org/gradle/api/internal/DefaultNamedDomainObjectSet
Event: 13.166 loading class org/gradle/api/internal/DefaultNamedDomainObjectSet done
Event: 13.169 loading class org/gradle/api/initialization/dsl/VersionCatalogBuilder
Event: 13.169 loading class org/gradle/api/initialization/dsl/VersionCatalogBuilder done
Event: 13.170 loading class org/gradle/api/initialization/resolve/RepositoriesMode
Event: 13.170 loading class org/gradle/api/initialization/resolve/RepositoriesMode done
Event: 13.170 loading class org/gradle/api/initialization/resolve/RulesMode
Event: 13.170 loading class org/gradle/api/initialization/resolve/RulesMode done
Event: 13.172 Thread 0x0000017cc2c6b800 Thread added: 0x0000017cc2c6b800
Event: 13.172 loading class javax/annotation/meta/When
Event: 13.172 loading class javax/annotation/meta/When done
Event: 13.174 loading class javax/annotation/meta/TypeQualifier
Event: 13.174 loading class javax/annotation/meta/TypeQualifier done


Dynamic libraries:
0x00007ff79a430000 - 0x00007ff79a43d000 	C:\Users\muham\.jdks\temurin-11.0.14.1\bin\java.exe
0x00007ffba8430000 - 0x00007ffba8625000 	C:\WINDOWS\SYSTEM32\ntdll.dll
0x00007ffba8330000 - 0x00007ffba83ee000 	C:\WINDOWS\System32\KERNEL32.DLL
0x00007ffba5e00000 - 0x00007ffba60c8000 	C:\WINDOWS\System32\KERNELBASE.dll
0x00007ffba6380000 - 0x00007ffba6480000 	C:\WINDOWS\System32\ucrtbase.dll
0x00007ffb98360000 - 0x00007ffb98377000 	C:\Users\muham\.jdks\temurin-11.0.14.1\bin\jli.dll
0x00007ffb968c0000 - 0x00007ffb968d5000 	C:\Users\muham\.jdks\temurin-11.0.14.1\bin\VCRUNTIME140.dll
0x00007ffba6c20000 - 0x00007ffba6dc0000 	C:\WINDOWS\System32\USER32.dll
0x00007ffba6120000 - 0x00007ffba6142000 	C:\WINDOWS\System32\win32u.dll
0x00007ffb94870000 - 0x00007ffb94b0a000 	C:\WINDOWS\WinSxS\amd64_microsoft.windows.common-controls_6595b64144ccf1df_6.0.19041.1110_none_60b5254171f9507e\COMCTL32.dll
0x00007ffba7ac0000 - 0x00007ffba7aeb000 	C:\WINDOWS\System32\GDI32.dll
0x00007ffba7a20000 - 0x00007ffba7abe000 	C:\WINDOWS\System32\msvcrt.dll
0x00007ffba5bb0000 - 0x00007ffba5cbd000 	C:\WINDOWS\System32\gdi32full.dll
0x00007ffba6150000 - 0x00007ffba61ed000 	C:\WINDOWS\System32\msvcp_win.dll
0x00007ffba7c30000 - 0x00007ffba7c60000 	C:\WINDOWS\System32\IMM32.DLL
0x00007ffb65440000 - 0x00007ffb654db000 	C:\Users\muham\.jdks\temurin-11.0.14.1\bin\msvcp140.dll
0x00007ffb60e60000 - 0x00007ffb619e1000 	C:\Users\muham\.jdks\temurin-11.0.14.1\bin\server\jvm.dll
0x00007ffba6530000 - 0x00007ffba65de000 	C:\WINDOWS\System32\ADVAPI32.dll
0x00007ffba6b20000 - 0x00007ffba6bbc000 	C:\WINDOWS\System32\sechost.dll
0x00007ffba71a0000 - 0x00007ffba72c5000 	C:\WINDOWS\System32\RPCRT4.dll
0x00007ffba7af0000 - 0x00007ffba7af8000 	C:\WINDOWS\System32\PSAPI.DLL
0x00007ffba3b00000 - 0x00007ffba3b09000 	C:\WINDOWS\SYSTEM32\WSOCK32.dll
0x00007ffb98ba0000 - 0x00007ffb98bc7000 	C:\WINDOWS\SYSTEM32\WINMM.dll
0x00007ffba70c0000 - 0x00007ffba712b000 	C:\WINDOWS\System32\WS2_32.dll
0x00007ffb9d620000 - 0x00007ffb9d62a000 	C:\WINDOWS\SYSTEM32\VERSION.dll
0x00007ffba3c10000 - 0x00007ffba3c22000 	C:\WINDOWS\SYSTEM32\kernel.appcore.dll
0x00007ffb984f0000 - 0x00007ffb98500000 	C:\Users\muham\.jdks\temurin-11.0.14.1\bin\verify.dll
0x00007ffba38f0000 - 0x00007ffba3ad4000 	C:\WINDOWS\SYSTEM32\DBGHELP.DLL
0x00007ffb88110000 - 0x00007ffb8813c000 	C:\WINDOWS\SYSTEM32\dbgcore.DLL
0x00007ffba5d70000 - 0x00007ffba5df2000 	C:\WINDOWS\System32\bcryptPrimitives.dll
0x00007ffb93110000 - 0x00007ffb93138000 	C:\Users\muham\.jdks\temurin-11.0.14.1\bin\java.dll
0x00007ffb98390000 - 0x00007ffb9839a000 	C:\Users\muham\.jdks\temurin-11.0.14.1\bin\jimage.dll
0x00007ffb94b10000 - 0x00007ffb94b28000 	C:\Users\muham\.jdks\temurin-11.0.14.1\bin\zip.dll
0x00007ffba72d0000 - 0x00007ffba7a14000 	C:\WINDOWS\System32\SHELL32.dll
0x00007ffba3c30000 - 0x00007ffba43c4000 	C:\WINDOWS\SYSTEM32\windows.storage.dll
0x00007ffba6740000 - 0x00007ffba6a95000 	C:\WINDOWS\System32\combase.dll
0x00007ffba5590000 - 0x00007ffba55be000 	C:\WINDOWS\SYSTEM32\Wldp.dll
0x00007ffba6480000 - 0x00007ffba652d000 	C:\WINDOWS\System32\SHCORE.dll
0x00007ffba80e0000 - 0x00007ffba8135000 	C:\WINDOWS\System32\shlwapi.dll
0x00007ffba5a80000 - 0x00007ffba5a9f000 	C:\WINDOWS\SYSTEM32\profapi.dll
0x00007ffb7c150000 - 0x00007ffb7c169000 	C:\Users\muham\.jdks\temurin-11.0.14.1\bin\net.dll
0x00007ffb981c0000 - 0x00007ffb982cc000 	C:\WINDOWS\SYSTEM32\WINHTTP.dll
0x00007ffba52f0000 - 0x00007ffba535a000 	C:\WINDOWS\system32\mswsock.dll
0x00007ffb799a0000 - 0x00007ffb799b3000 	C:\Users\muham\.jdks\temurin-11.0.14.1\bin\nio.dll
0x00007ffb799c0000 - 0x00007ffb799e7000 	C:\Users\muham\.gradle\native\e1d6ef7f7dcc3fd88c89a11ec53ec762bb8ba0a96d01ffa2cd45eb1d1d8dd5c5\windows-amd64\native-platform.dll
0x00007ffb60ad0000 - 0x00007ffb60c14000 	C:\Users\muham\.gradle\native\5664cfc778a61ccfe75a443a1ab52a65af34e5dc3c78e0209fed803814484fcb\windows-amd64\native-platform-file-events.dll
0x00007ffb97340000 - 0x00007ffb97349000 	C:\Users\muham\.jdks\temurin-11.0.14.1\bin\management.dll
0x00007ffb972a0000 - 0x00007ffb972ab000 	C:\Users\muham\.jdks\temurin-11.0.14.1\bin\management_ext.dll
0x00007ffba54e0000 - 0x00007ffba54f8000 	C:\WINDOWS\SYSTEM32\CRYPTSP.dll
0x00007ffba4c00000 - 0x00007ffba4c34000 	C:\WINDOWS\system32\rsaenh.dll
0x00007ffba6350000 - 0x00007ffba6377000 	C:\WINDOWS\System32\bcrypt.dll
0x00007ffba5a00000 - 0x00007ffba5a2e000 	C:\WINDOWS\SYSTEM32\USERENV.dll
0x00007ffba5500000 - 0x00007ffba550c000 	C:\WINDOWS\SYSTEM32\CRYPTBASE.dll
0x00007ffba4f90000 - 0x00007ffba4fcb000 	C:\WINDOWS\SYSTEM32\IPHLPAPI.DLL
0x00007ffba7190000 - 0x00007ffba7198000 	C:\WINDOWS\System32\NSI.dll
0x00007ffb9a910000 - 0x00007ffb9a927000 	C:\WINDOWS\SYSTEM32\dhcpcsvc6.DLL
0x00007ffb9aa20000 - 0x00007ffb9aa3d000 	C:\WINDOWS\SYSTEM32\dhcpcsvc.DLL
0x00007ffba4fe0000 - 0x00007ffba50ab000 	C:\WINDOWS\SYSTEM32\DNSAPI.dll

dbghelp: loaded successfully - version: 4.0.5 - missing functions: none
symbol engine: initialized successfully - sym options: 0x614 - pdb path: .;C:\Users\muham\.jdks\temurin-11.0.14.1\bin;C:\WINDOWS\SYSTEM32;C:\WINDOWS\WinSxS\amd64_microsoft.windows.common-controls_6595b64144ccf1df_6.0.19041.1110_none_60b5254171f9507e;C:\Users\muham\.jdks\temurin-11.0.14.1\bin\server;C:\Users\muham\.gradle\native\e1d6ef7f7dcc3fd88c89a11ec53ec762bb8ba0a96d01ffa2cd45eb1d1d8dd5c5\windows-amd64;C:\Users\muham\.gradle\native\5664cfc778a61ccfe75a443a1ab52a65af34e5dc3c78e0209fed803814484fcb\windows-amd64

VM Arguments:
jvm_args: --add-opens=java.base/java.util=ALL-UNNAMED --add-opens=java.base/java.lang=ALL-UNNAMED --add-opens=java.base/java.lang.invoke=ALL-UNNAMED --add-opens=java.base/java.util=ALL-UNNAMED --add-opens=java.prefs/java.util.prefs=ALL-UNNAMED --add-opens=java.prefs/java.util.prefs=ALL-UNNAMED --add-opens=java.base/java.nio.charset=ALL-UNNAMED --add-opens=java.base/java.net=ALL-UNNAMED --add-opens=java.base/java.util.concurrent.atomic=ALL-UNNAMED -Xmx2048m -Dfile.encoding=UTF-8 -Duser.country=ID -Duser.language=en -Duser.variant 
java_command: org.gradle.launcher.daemon.bootstrap.GradleDaemon 7.2
java_class_path (initial): C:\Users\muham\.gradle\wrapper\dists\gradle-7.2-bin\2dnblmf4td7x66yl1d74lt32g\gradle-7.2\lib\gradle-launcher-7.2.jar
Launcher Type: SUN_STANDARD

[Global flags]
     intx CICompilerCount                          = 3                                         {product} {ergonomic}
     uint ConcGCThreads                            = 1                                         {product} {ergonomic}
     uint G1ConcRefinementThreads                  = 4                                         {product} {ergonomic}
   size_t G1HeapRegionSize                         = 1048576                                   {product} {ergonomic}
    uintx GCDrainStackTargetSize                   = 64                                        {product} {ergonomic}
   size_t InitialHeapSize                          = 167772160                                 {product} {ergonomic}
   size_t MarkStackSize                            = 4194304                                   {product} {ergonomic}
   size_t MaxHeapSize                              = 2147483648                                {product} {command line}
   size_t MaxNewSize                               = 1287651328                                {product} {ergonomic}
   size_t MinHeapDeltaBytes                        = 1048576                                   {product} {ergonomic}
    uintx NonNMethodCodeHeapSize                   = 5830732                                {pd product} {ergonomic}
    uintx NonProfiledCodeHeapSize                  = 122913754                              {pd product} {ergonomic}
    uintx ProfiledCodeHeapSize                     = 122913754                              {pd product} {ergonomic}
    uintx ReservedCodeCacheSize                    = 251658240                              {pd product} {ergonomic}
     bool SegmentedCodeCache                       = true                                      {product} {ergonomic}
     bool UseCompressedClassPointers               = true                                 {lp64_product} {ergonomic}
     bool UseCompressedOops                        = true                                 {lp64_product} {ergonomic}
     bool UseG1GC                                  = true                                      {product} {ergonomic}
     bool UseLargePagesIndividualAllocation        = false                                  {pd product} {ergonomic}

Logging:
Log output configuration:
 #0: stdout all=warning uptime,level,tags
 #1: stderr all=off uptime,level,tags

Environment Variables:
JAVA_HOME=C:\Program Files\Java\jdk1.8.0_111
PATH=C:\ProgramData\Oracle\Java\javapath;C:\Windows\system32;C:\Windows;C:\Windows\System32\Wbem;C:\Windows\System32\WindowsPowerShell\v1.0\;C:\Windows\System32\OpenSSH\;C:\Program Files (x86)\NVIDIA Corporation\PhysX\Common;C:\Program Files\NVIDIA Corporation\NVIDIA NvDLISR;C:\Program Files\Java\jdk1.8.0_111;C:\Program Files\Java\jdk1.8.0_111\bin;C:\WINDOWS\system32;C:\WINDOWS;C:\WINDOWS\System32\Wbem;C:\WINDOWS\System32\WindowsPowerShell\v1.0\;C:\WINDOWS\System32\OpenSSH\;C:\Program Files\nodejs\;C:\xampp\php\;C:\Program Files\Git\cmd;C:\Users\muham\AppData\Local\Microsoft\WindowsApps;C:\Users\muham\AppData\Local\Programs\Microsoft VS Code\bin;flutter\bin;C:\Users\muham\AppData\Roaming\npm;
USERNAME=muham
OS=Windows_NT
PROCESSOR_IDENTIFIER=Intel64 Family 6 Model 61 Stepping 4, GenuineIntel



---------------  S Y S T E M  ---------------

OS: Windows 10 , 64 bit Build 19041 (10.0.19041.1503)
OS uptime: 2 days 23:29 hours

CPU:total 4 (initial active 4) (2 cores per cpu, 2 threads per core) family 6 model 61 stepping 4 microcode 0x2d, cmov, cx8, fxsr, mmx, sse, sse2, sse3, ssse3, sse4.1, sse4.2, popcnt, avx, avx2, aes, clmul, erms, 3dnowpref, lzcnt, ht, tsc, tscinvbit, bmi1, bmi2, adx, fma

Memory: 4k page, system-wide physical 10139M (3346M free)
TotalPageFile size 11163M (AvailPageFile size 5M)
current process WorkingSet (physical memory assigned to process): 182M, peak: 182M
current process commit charge ("private bytes"): 307M, peak: 308M

vm_info: OpenJDK 64-Bit Server VM (11.0.14.1+1) for windows-amd64 JRE (11.0.14.1+1), built on Feb  9 2022 01:48:27 by "" with unknown MS VC++:1916

END.
