#
# There is insufficient memory for the Java Runtime Environment to continue.
# Native memory allocation (mmap) failed to map 167772160 bytes for Failed to commit area from 0x0000000761800000 to 0x000000076b800000 of length 167772160.
# Possible reasons:
#   The system is out of physical RAM or swap space
#   The process is running with CompressedOops enabled, and the Java Heap may be blocking the growth of the native heap
# Possible solutions:
#   Reduce memory load on the system
#   Increase physical memory or swap space
#   Check if swap backing store is full
#   Decrease Java heap size (-Xmx/-Xms)
#   Decrease number of Java threads
#   Decrease Java thread stack sizes (-Xss)
#   Set larger code cache with -XX:ReservedCodeCacheSize=
# This output file may be truncated or incomplete.
#
#  Out of Memory Error (./src/hotspot/os/windows/os_windows.cpp:3521), pid=21396, tid=29120
#
# JRE version:  (11.0.12+7) (build )
# Java VM: OpenJDK 64-Bit Server VM (11.0.12+7-b1504.28-7817840, mixed mode, sharing, tiered, compressed oops, g1 gc, windows-amd64)
# No core dump will be written. Minidumps are not enabled by default on client versions of Windows
#

---------------  S U M M A R Y ------------

Command Line: git4idea.http.GitAskPassApp Username for 'https://github.com': 

Host: Intel(R) Core(TM) i3-5010U CPU @ 2.10GHz, 4 cores, 9G,  Windows 10 , 64 bit Build 19041 (10.0.19041.1806)
Time: Mon Sep 12 17:30:46 2022 SE Asia Standard Time elapsed time: 0.017167 seconds (0d 0h 0m 0s)

---------------  T H R E A D  ---------------

Current thread (0x000002cd6410c000):  JavaThread "Unknown thread" [_thread_in_vm, id=29120, stack(0x000000dd57e00000,0x000000dd57f00000)]

Stack: [0x000000dd57e00000,0x000000dd57f00000]
Native frames: (J=compiled Java code, j=interpreted, Vv=VM code, C=native code)
V  [jvm.dll+0x5fbcea]
V  [jvm.dll+0x731905]
V  [jvm.dll+0x732f1d]
V  [jvm.dll+0x7335d3]
V  [jvm.dll+0x247bf8]
V  [jvm.dll+0x5f90b4]
V  [jvm.dll+0x5edc85]
V  [jvm.dll+0x305aeb]
V  [jvm.dll+0x305a5a]
V  [jvm.dll+0x305932]
V  [jvm.dll+0x30a896]
V  [jvm.dll+0x353803]
V  [jvm.dll+0x353f06]
V  [jvm.dll+0x353903]
V  [jvm.dll+0x2e0678]
V  [jvm.dll+0x2e1827]
V  [jvm.dll+0x710037]
V  [jvm.dll+0x71182c]
V  [jvm.dll+0x360da9]
V  [jvm.dll+0x6f390e]
V  [jvm.dll+0x3c9723]
V  [jvm.dll+0x3cb9b1]
C  [jli.dll+0x536b]
C  [ucrtbase.dll+0x21bb2]
C  [KERNEL32.DLL+0x17034]
C  [ntdll.dll+0x52651]


---------------  P R O C E S S  ---------------

Threads class SMR info:
_java_thread_list=0x000002cd61e91e40, length=0, elements={
}

Java Threads: ( => current thread )

Other Threads:
  0x000002cd64125000 GCTaskThread "GC Thread#0" [stack: 0x000000dd57f00000,0x000000dd58000000] [id=29220]
  0x000002cd64160800 ConcurrentGCThread "G1 Main Marker" [stack: 0x000000dd58000000,0x000000dd58100000] [id=34720]
  0x000002cd64164000 ConcurrentGCThread "G1 Conc#0" [stack: 0x000000dd58100000,0x000000dd58200000] [id=15576]

[error occurred during error reporting (printing all threads), id 0xc0000005, EXCEPTION_ACCESS_VIOLATION (0xc0000005) at pc=0x00007ffa56de0be7]

VM state:not at safepoint (not fully initialized)

VM Mutex/Monitor currently owned by a thread:  ([mutex/lock_event])
[0x000002cd64108610] Heap_lock - owner thread: 0x000002cd6410c000

Heap address: 0x0000000761800000, size: 2536 MB, Compressed Oops mode: Non-zero based: 0x0000000761800000
Narrow klass base: 0x0000000000000000, Narrow klass shift: 0

GC Heap History (0 events):
No events

Deoptimization events (0 events):
No events

Classes redefined (0 events):
No events

Internal exceptions (0 events):
No events

Events (1 events):
Event: 0.010 Loaded shared library C:\Program Files\Android\Android Studio\jre\bin\zip.dll


Dynamic libraries:
0x00007ff75fd60000 - 0x00007ff75fd6a000 	C:\Program Files\Android\Android Studio\jre\bin\java.exe
0x00007ffacc8b0000 - 0x00007ffaccaa8000 	C:\WINDOWS\SYSTEM32\ntdll.dll
0x00007ffacad50000 - 0x00007ffacae0d000 	C:\WINDOWS\System32\KERNEL32.DLL
0x00007ffaca5c0000 - 0x00007ffaca88e000 	C:\WINDOWS\System32\KERNELBASE.dll
0x00007ffaca360000 - 0x00007ffaca460000 	C:\WINDOWS\System32\ucrtbase.dll
0x00007ffabbd20000 - 0x00007ffabbd37000 	C:\Program Files\Android\Android Studio\jre\bin\VCRUNTIME140.dll
0x00007ffa9fc50000 - 0x00007ffa9fc69000 	C:\Program Files\Android\Android Studio\jre\bin\jli.dll
0x00007ffacae20000 - 0x00007ffacafc0000 	C:\WINDOWS\System32\USER32.dll
0x00007ffaca890000 - 0x00007ffaca8b2000 	C:\WINDOWS\System32\win32u.dll
0x00007ffaba870000 - 0x00007ffabab0a000 	C:\WINDOWS\WinSxS\amd64_microsoft.windows.common-controls_6595b64144ccf1df_6.0.19041.1110_none_60b5254171f9507e\COMCTL32.dll
0x00007ffacb720000 - 0x00007ffacb74a000 	C:\WINDOWS\System32\GDI32.dll
0x00007ffacb090000 - 0x00007ffacb12e000 	C:\WINDOWS\System32\msvcrt.dll
0x00007ffaca220000 - 0x00007ffaca32b000 	C:\WINDOWS\System32\gdi32full.dll
0x00007ffaca180000 - 0x00007ffaca21d000 	C:\WINDOWS\System32\msvcp_win.dll
0x00007ffacb420000 - 0x00007ffacb450000 	C:\WINDOWS\System32\IMM32.DLL
0x00007ffa8e7d0000 - 0x00007ffa8e86d000 	C:\Program Files\Android\Android Studio\jre\bin\msvcp140.dll
0x00007ffa56af0000 - 0x00007ffa575d5000 	C:\Program Files\Android\Android Studio\jre\bin\server\jvm.dll
0x00007ffacbec0000 - 0x00007ffacbf6e000 	C:\WINDOWS\System32\ADVAPI32.dll
0x00007ffacb130000 - 0x00007ffacb1cc000 	C:\WINDOWS\System32\sechost.dll
0x00007ffacb580000 - 0x00007ffacb6a5000 	C:\WINDOWS\System32\RPCRT4.dll
0x00007ffacae10000 - 0x00007ffacae18000 	C:\WINDOWS\System32\PSAPI.DLL
0x00007ffac7e50000 - 0x00007ffac7e59000 	C:\WINDOWS\SYSTEM32\WSOCK32.dll
0x00007ffabcd30000 - 0x00007ffabcd57000 	C:\WINDOWS\SYSTEM32\WINMM.dll
0x00007ffac31c0000 - 0x00007ffac31ca000 	C:\WINDOWS\SYSTEM32\VERSION.dll
0x00007ffacb3b0000 - 0x00007ffacb41b000 	C:\WINDOWS\System32\WS2_32.dll
0x00007ffac7f60000 - 0x00007ffac7f72000 	C:\WINDOWS\SYSTEM32\kernel.appcore.dll
0x00007ffac5670000 - 0x00007ffac5681000 	C:\Program Files\Android\Android Studio\jre\bin\verify.dll
0x00007ffac7c40000 - 0x00007ffac7e24000 	C:\WINDOWS\SYSTEM32\DBGHELP.DLL
0x00007ffaad340000 - 0x00007ffaad36c000 	C:\WINDOWS\SYSTEM32\dbgcore.DLL
0x00007ffaca0f0000 - 0x00007ffaca172000 	C:\WINDOWS\System32\bcryptPrimitives.dll
0x00007ffabbcf0000 - 0x00007ffabbd19000 	C:\Program Files\Android\Android Studio\jre\bin\java.dll
0x00007ffac5090000 - 0x00007ffac509b000 	C:\Program Files\Android\Android Studio\jre\bin\jimage.dll
0x00007ffabbc80000 - 0x00007ffabbc98000 	C:\Program Files\Android\Android Studio\jre\bin\zip.dll

dbghelp: loaded successfully - version: 4.0.5 - missing functions: none
symbol engine: initialized successfully - sym options: 0x614 - pdb path: .;C:\Program Files\Android\Android Studio\jre\bin;C:\WINDOWS\SYSTEM32;C:\WINDOWS\WinSxS\amd64_microsoft.windows.common-controls_6595b64144ccf1df_6.0.19041.1110_none_60b5254171f9507e;C:\Program Files\Android\Android Studio\jre\bin\server

VM Arguments:
java_command: git4idea.http.GitAskPassApp Username for 'https://github.com': 
java_class_path (initial): C:/Program Files/Android/Android Studio/plugins/git4idea/lib/git4idea-rt.jar;C:/Program Files/Android/Android Studio/lib/xmlrpc-2.0.1.jar;C:/Program Files/Android/Android Studio/lib/commons-codec-1.15.jar
Launcher Type: SUN_STANDARD

[Global flags]
     intx CICompilerCount                          = 3                                         {product} {ergonomic}
     uint ConcGCThreads                            = 1                                         {product} {ergonomic}
     uint G1ConcRefinementThreads                  = 4                                         {product} {ergonomic}
   size_t G1HeapRegionSize                         = 1048576                                   {product} {ergonomic}
    uintx GCDrainStackTargetSize                   = 64                                        {product} {ergonomic}
   size_t InitialHeapSize                          = 167772160                                 {product} {ergonomic}
   size_t MarkStackSize                            = 4194304                                   {product} {ergonomic}
   size_t MaxHeapSize                              = 2659188736                                {product} {ergonomic}
   size_t MinHeapDeltaBytes                        = 1048576                                   {product} {ergonomic}
    uintx NonNMethodCodeHeapSize                   = 5830732                                {pd product} {ergonomic}
    uintx NonProfiledCodeHeapSize                  = 122913754                              {pd product} {ergonomic}
    uintx ProfiledCodeHeapSize                     = 122913754                              {pd product} {ergonomic}
    uintx ReservedCodeCacheSize                    = 251658240                              {pd product} {ergonomic}
     bool SegmentedCodeCache                       = true                                      {product} {ergonomic}
     bool UseCompressedClassPointers               = true                                 {lp64_product} {ergonomic}
     bool UseCompressedOops                        = true                                 {lp64_product} {ergonomic}
     bool UseG1GC                                  = true                                      {product} {ergonomic}
     bool UseLargePagesIndividualAllocation        = false                                  {pd product} {ergonomic}

Logging:
Log output configuration:
 #0: stdout all=warning uptime,level,tags
 #1: stderr all=off uptime,level,tags

Environment Variables:
JAVA_HOME=C:\Program Files\Java\jdk1.8.0_111
PATH=C:/Program Files/Git/mingw64/libexec/git-core;C:/Program Files/Git/mingw64/libexec/git-core;C:\Program Files\Git\mingw64\bin;C:\Program Files\Git\usr\bin;C:\Users\muham\bin;C:\ProgramData\Oracle\Java\javapath;C:\Windows\system32;C:\Windows;C:\Windows\System32\Wbem;C:\Windows\System32\WindowsPowerShell\v1.0\;C:\Windows\System32\OpenSSH\;C:\Program Files (x86)\NVIDIA Corporation\PhysX\Common;C:\Program Files\NVIDIA Corporation\NVIDIA NvDLISR;C:\Program Files\Java\jdk1.8.0_111;C:\Program Files\Java\jdk1.8.0_111\bin;C:\WINDOWS\system32;C:\WINDOWS;C:\WINDOWS\System32\Wbem;C:\WINDOWS\System32\WindowsPowerShell\v1.0\;C:\WINDOWS\System32\OpenSSH\;C:\Program Files\nodejs\;C:\xampp\php\;C:\Program Files\Git\cmd;C:\composer;C:\Users\muham\AppData\Local\Microsoft\WindowsApps;C:\Users\muham\AppData\Local\Programs\Microsoft VS Code\bin;flutter\bin;C:\Users\muham\AppData\Roaming\npm;C:\Users\muham\AppData\Roaming\Composer\vendor\bin
USERNAME=muham
DISPLAY=:0.0
LC_ALL=en_US.UTF-8
OS=Windows_NT
PROCESSOR_IDENTIFIER=Intel64 Family 6 Model 61 Stepping 4, GenuineIntel



---------------  S Y S T E M  ---------------

OS: Windows 10 , 64 bit Build 19041 (10.0.19041.1806)
OS uptime: 1 days 17:20 hours

CPU:total 4 (initial active 4) (2 cores per cpu, 2 threads per core) family 6 model 61 stepping 4 microcode 0x2d, cmov, cx8, fxsr, mmx, sse, sse2, sse3, ssse3, sse4.1, sse4.2, popcnt, avx, avx2, aes, clmul, erms, 3dnowpref, lzcnt, ht, tsc, tscinvbit, bmi1, bmi2, adx, fma

Memory: 4k page, system-wide physical 10139M (4800M free)
TotalPageFile size 11163M (AvailPageFile size 48M)
current process WorkingSet (physical memory assigned to process): 9M, peak: 9M
current process commit charge ("private bytes"): 51M, peak: 211M

vm_info: OpenJDK 64-Bit Server VM (11.0.12+7-b1504.28-7817840) for windows-amd64 JRE (11.0.12+7-b1504.28-7817840), built on Oct 13 2021 22:12:33 by "builder" with MS VC++ 14.0 (VS2015)

END.
