#
# There is insufficient memory for the Java Runtime Environment to continue.
# Native memory allocation (malloc) failed to allocate 32744 bytes for ChunkPool::allocate
# Possible reasons:
#   The system is out of physical RAM or swap space
#   The process is running with CompressedOops enabled, and the Java Heap may be blocking the growth of the native heap
# Possible solutions:
#   Reduce memory load on the system
#   Increase physical memory or swap space
#   Check if swap backing store is full
#   Decrease Java heap size (-Xmx/-Xms)
#   Decrease number of Java threads
#   Decrease Java thread stack sizes (-Xss)
#   Set larger code cache with -XX:ReservedCodeCacheSize=
#   JVM is running with Unscaled Compressed Oops mode in which the Java heap is
#     placed in the first 4GB address space. The Java Heap base address is the
#     maximum limit for the native heap growth. Please use -XX:HeapBaseMinAddress
#     to set the Java Heap base and to place the Java Heap above 4GB virtual address.
# This output file may be truncated or incomplete.
#
#  Out of Memory Error (./src/hotspot/share/memory/arena.cpp:81), pid=11524, tid=11748
#
# JRE version: OpenJDK Runtime Environment (11.0.12+7) (build 11.0.12+7-b1504.28-7817840)
# Java VM: OpenJDK 64-Bit Server VM (11.0.12+7-b1504.28-7817840, mixed mode, tiered, compressed oops, g1 gc, windows-amd64)
# No core dump will be written. Minidumps are not enabled by default on client versions of Windows
#

---------------  S U M M A R Y ------------

Command Line: --add-opens=java.base/java.util=ALL-UNNAMED --add-opens=java.base/java.lang=ALL-UNNAMED --add-opens=java.base/java.lang.invoke=ALL-UNNAMED --add-opens=java.base/java.util=ALL-UNNAMED --add-opens=java.prefs/java.util.prefs=ALL-UNNAMED --add-opens=java.prefs/java.util.prefs=ALL-UNNAMED --add-opens=java.base/java.nio.charset=ALL-UNNAMED --add-opens=java.base/java.net=ALL-UNNAMED --add-opens=java.base/java.util.concurrent.atomic=ALL-UNNAMED -Xmx2048m -Dfile.encoding=UTF-8 -Duser.country=ID -Duser.language=en -Duser.variant org.gradle.launcher.daemon.bootstrap.GradleDaemon 7.5.1

Host: Intel(R) Core(TM) i3-5010U CPU @ 2.10GHz, 4 cores, 9G,  Windows 10 , 64 bit Build 19041 (10.0.19041.1806)
Time: Sun Jul 16 17:31:41 2023 SE Asia Standard Time elapsed time: 11.342436 seconds (0d 0h 0m 11s)

---------------  T H R E A D  ---------------

Current thread (0x000002164fdb0800):  JavaThread "C2 CompilerThread1" daemon [_thread_in_native, id=11748, stack(0x000000e224800000,0x000000e224900000)]


Current CompileTask:
C2:  11342 3533       4       org.codehaus.groovy.reflection.CachedMethod::compareTo (25 bytes)

Stack: [0x000000e224800000,0x000000e224900000]
Native frames: (J=compiled Java code, j=interpreted, Vv=VM code, C=native code)
V  [jvm.dll+0x5fbcea]
V  [jvm.dll+0x731905]
V  [jvm.dll+0x732f1d]
V  [jvm.dll+0x7335d3]
V  [jvm.dll+0x247bf8]
V  [jvm.dll+0xc041b]
V  [jvm.dll+0xc06cc]
V  [jvm.dll+0xc02cc]
V  [jvm.dll+0x6282e0]
V  [jvm.dll+0x62c41e]
V  [jvm.dll+0x19d188]
V  [jvm.dll+0x20070e]
V  [jvm.dll+0x1ff794]
V  [jvm.dll+0x18868c]
V  [jvm.dll+0x20e0d7]
V  [jvm.dll+0x20c901]
V  [jvm.dll+0x6f9b7f]
V  [jvm.dll+0x6f26a5]
V  [jvm.dll+0x5fabf6]
C  [ucrtbase.dll+0x21bb2]
C  [KERNEL32.DLL+0x17034]
C  [ntdll.dll+0x52651]


---------------  P R O C E S S  ---------------

Threads class SMR info:
_java_thread_list=0x000002164f983240, length=34, elements={
0x0000021631c50000, 0x000002164b85c800, 0x000002164b85e800, 0x000002164c1d5800,
0x000002164c1d6800, 0x000002164c1d8800, 0x000002164c1df000, 0x000002164b873800,
0x000002164b874800, 0x000002164c328800, 0x000002164d98f800, 0x000002164ec0c000,
0x000002164ee19800, 0x000002164e295000, 0x000002164e296000, 0x000002164f278800,
0x000002164e3cc000, 0x000002164e196800, 0x000002164f45d000, 0x000002164ea42800,
0x000002164ea45800, 0x000002164ea40800, 0x000002164ea47800, 0x000002164ea46800,
0x000002164ea41800, 0x000002164ea43000, 0x000002164ea45000, 0x000002164ea44000,
0x000002164d125000, 0x000002164d121000, 0x000002164d11f000, 0x000002164fdb0800,
0x000002164d123800, 0x000002164d124000
}

Java Threads: ( => current thread )
  0x0000021631c50000 JavaThread "main" [_thread_blocked, id=7224, stack(0x000000e222700000,0x000000e222800000)]
  0x000002164b85c800 JavaThread "Reference Handler" daemon [_thread_blocked, id=5952, stack(0x000000e222e00000,0x000000e222f00000)]
  0x000002164b85e800 JavaThread "Finalizer" daemon [_thread_blocked, id=16304, stack(0x000000e222f00000,0x000000e223000000)]
  0x000002164c1d5800 JavaThread "Signal Dispatcher" daemon [_thread_blocked, id=15412, stack(0x000000e223000000,0x000000e223100000)]
  0x000002164c1d6800 JavaThread "Attach Listener" daemon [_thread_blocked, id=7356, stack(0x000000e223100000,0x000000e223200000)]
  0x000002164c1d8800 JavaThread "Service Thread" daemon [_thread_blocked, id=9244, stack(0x000000e223200000,0x000000e223300000)]
  0x000002164c1df000 JavaThread "C2 CompilerThread0" daemon [_thread_in_native, id=15080, stack(0x000000e223300000,0x000000e223400000)]
  0x000002164b873800 JavaThread "C1 CompilerThread0" daemon [_thread_in_native, id=12304, stack(0x000000e223400000,0x000000e223500000)]
  0x000002164b874800 JavaThread "Sweeper thread" daemon [_thread_blocked, id=7124, stack(0x000000e223500000,0x000000e223600000)]
  0x000002164c328800 JavaThread "Common-Cleaner" daemon [_thread_blocked, id=12996, stack(0x000000e223600000,0x000000e223700000)]
  0x000002164d98f800 JavaThread "Daemon health stats" [_thread_blocked, id=5508, stack(0x000000e223b00000,0x000000e223c00000)]
  0x000002164ec0c000 JavaThread "Incoming local TCP Connector on port 50716" [_thread_in_native, id=8216, stack(0x000000e223800000,0x000000e223900000)]
  0x000002164ee19800 JavaThread "Daemon periodic checks" [_thread_blocked, id=12524, stack(0x000000e223c00000,0x000000e223d00000)]
  0x000002164e295000 JavaThread "Daemon" [_thread_blocked, id=14584, stack(0x000000e223d00000,0x000000e223e00000)]
  0x000002164e296000 JavaThread "Handler for socket connection from /127.0.0.1:50716 to /127.0.0.1:50717" [_thread_in_native, id=16020, stack(0x000000e223e00000,0x000000e223f00000)]
  0x000002164f278800 JavaThread "Cancel handler" [_thread_blocked, id=9264, stack(0x000000e223f00000,0x000000e224000000)]
  0x000002164e3cc000 JavaThread "Daemon worker" [_thread_in_vm, id=9688, stack(0x000000e224000000,0x000000e224100000)]
  0x000002164e196800 JavaThread "Asynchronous log dispatcher for DefaultDaemonConnection: socket connection from /127.0.0.1:50716 to /127.0.0.1:50717" [_thread_blocked, id=13560, stack(0x000000e224100000,0x000000e224200000)]
  0x000002164f45d000 JavaThread "Stdin handler" [_thread_blocked, id=4260, stack(0x000000e224200000,0x000000e224300000)]
  0x000002164ea42800 JavaThread "Daemon client event forwarder" [_thread_blocked, id=13476, stack(0x000000e224300000,0x000000e224400000)]
  0x000002164ea45800 JavaThread "Cache worker for journal cache (C:\Users\muham\.gradle\caches\journal-1)" [_thread_blocked, id=7904, stack(0x000000e224400000,0x000000e224500000)]
  0x000002164ea40800 JavaThread "File lock request listener" [_thread_in_native, id=9900, stack(0x000000e224500000,0x000000e224600000)]
  0x000002164ea47800 JavaThread "Cache worker for file hash cache (C:\Users\muham\.gradle\caches\7.5.1\fileHashes)" [_thread_blocked, id=7948, stack(0x000000e224700000,0x000000e224800000)]
  0x000002164ea46800 JavaThread "File watcher server" daemon [_thread_in_native, id=10756, stack(0x000000e224900000,0x000000e224a00000)]
  0x000002164ea41800 JavaThread "File watcher consumer" daemon [_thread_blocked, id=9300, stack(0x000000e224a00000,0x000000e224b00000)]
  0x000002164ea43000 JavaThread "Cache worker for checksums cache (D:\Data Kuliah\Semester 12\App\.gradle\7.5.1\checksums)" [_thread_blocked, id=15588, stack(0x000000e224b00000,0x000000e224c00000)]
  0x000002164ea45000 JavaThread "Cache worker for cache directory md-rule (C:\Users\muham\.gradle\caches\7.5.1\md-rule)" [_thread_blocked, id=2800, stack(0x000000e224c00000,0x000000e224d00000)]
  0x000002164ea44000 JavaThread "Cache worker for file content cache (C:\Users\muham\.gradle\caches\7.5.1\fileContent)" [_thread_blocked, id=4100, stack(0x000000e224d00000,0x000000e224e00000)]
  0x000002164d125000 JavaThread "Cache worker for file hash cache (D:\Data Kuliah\Semester 12\App\.gradle\7.5.1\fileHashes)" [_thread_blocked, id=604, stack(0x000000e224e00000,0x000000e224f00000)]
  0x000002164d121000 JavaThread "Cache worker for cache directory md-supplier (C:\Users\muham\.gradle\caches\7.5.1\md-supplier)" [_thread_blocked, id=12308, stack(0x000000e224f00000,0x000000e225000000)]
  0x000002164d11f000 JavaThread "Cache worker for execution history cache (C:\Users\muham\.gradle\caches\7.5.1\executionHistory)" [_thread_blocked, id=11552, stack(0x000000e225000000,0x000000e225100000)]
=>0x000002164fdb0800 JavaThread "C2 CompilerThread1" daemon [_thread_in_native, id=11748, stack(0x000000e224800000,0x000000e224900000)]
  0x000002164d123800 JavaThread "jar transforms" [_thread_blocked, id=2784, stack(0x000000e225100000,0x000000e225200000)]
  0x000002164d124000 JavaThread "jar transforms Thread 2" [_thread_blocked, id=14796, stack(0x000000e225200000,0x000000e225300000)]

Other Threads:
  0x000002164b858000 VMThread "VM Thread" [stack: 0x000000e222d00000,0x000000e222e00000] [id=16184]
  0x000002164c364000 WatcherThread [stack: 0x000000e223700000,0x000000e223800000] [id=5548]
  0x0000021631c68800 GCTaskThread "GC Thread#0" [stack: 0x000000e222800000,0x000000e222900000] [id=6092]
  0x000002164c616800 GCTaskThread "GC Thread#1" [stack: 0x000000e223900000,0x000000e223a00000] [id=4936]
  0x000002164c401000 GCTaskThread "GC Thread#2" [stack: 0x000000e223a00000,0x000000e223b00000] [id=14040]
  0x000002164f499800 GCTaskThread "GC Thread#3" [stack: 0x000000e224600000,0x000000e224700000] [id=13088]
  0x0000021631c99000 ConcurrentGCThread "G1 Main Marker" [stack: 0x000000e222900000,0x000000e222a00000] [id=13676]
  0x0000021631c9a800 ConcurrentGCThread "G1 Conc#0" [stack: 0x000000e222a00000,0x000000e222b00000] [id=10960]
  0x000002164b6a6800 ConcurrentGCThread "G1 Refine#0" [stack: 0x000000e222b00000,0x000000e222c00000] [id=7280]
  0x000002164b6a7800 ConcurrentGCThread "G1 Young RemSet Sampling" [stack: 0x000000e222c00000,0x000000e222d00000] [id=8652]

Threads with active compile tasks:
C2 CompilerThread0  11417 3536       4       org.codehaus.groovy.runtime.metaclass.MetaMethodIndex::addMethodToList (131 bytes)
C1 CompilerThread0  11417 3713       3       com.sun.beans.introspect.PropertyInfo::initialize (392 bytes)
C2 CompilerThread1  11417 3533       4       org.codehaus.groovy.reflection.CachedMethod::compareTo (25 bytes)

VM state:not at safepoint (normal execution)

VM Mutex/Monitor currently owned by a thread: None

Heap address: 0x0000000080000000, size: 2048 MB, Compressed Oops mode: 32-bit
Narrow klass base: 0x0000000000000000, Narrow klass shift: 3
Compressed class space size: 1073741824 Address: 0x0000000100000000

Heap:
 garbage-first heap   total 163840K, used 78626K [0x0000000080000000, 0x0000000100000000)
  region size 1024K, 59 young (60416K), 9 survivors (9216K)
 Metaspace       used 41071K, capacity 42217K, committed 42368K, reserved 1085440K
  class space    used 5283K, capacity 5726K, committed 5760K, reserved 1048576K
Heap Regions: E=young(eden), S=young(survivor), O=old, HS=humongous(starts), HC=humongous(continues), CS=collection set, F=free, A=archive, TAMS=top-at-mark-start (previous, next)
|   0|0x0000000080000000, 0x0000000080100000, 0x0000000080100000|100%|HS|  |TAMS 0x0000000080100000, 0x0000000080000000| Complete 
|   1|0x0000000080100000, 0x0000000080200000, 0x0000000080200000|100%|HC|  |TAMS 0x0000000080200000, 0x0000000080100000| Complete 
|   2|0x0000000080200000, 0x0000000080300000, 0x0000000080300000|100%|HC|  |TAMS 0x0000000080300000, 0x0000000080200000| Complete 
|   3|0x0000000080300000, 0x0000000080400000, 0x0000000080400000|100%| O|  |TAMS 0x0000000080400000, 0x0000000080300000| Untracked 
|   4|0x0000000080400000, 0x0000000080500000, 0x0000000080500000|100%| O|  |TAMS 0x0000000080500000, 0x0000000080400000| Untracked 
|   5|0x0000000080500000, 0x0000000080600000, 0x0000000080600000|100%| O|  |TAMS 0x0000000080600000, 0x0000000080500000| Untracked 
|   6|0x0000000080600000, 0x0000000080700000, 0x0000000080700000|100%| O|  |TAMS 0x0000000080700000, 0x0000000080600000| Untracked 
|   7|0x0000000080700000, 0x0000000080800000, 0x0000000080800000|100%| O|  |TAMS 0x0000000080800000, 0x0000000080700000| Untracked 
|   8|0x0000000080800000, 0x0000000080900000, 0x0000000080900000|100%| O|  |TAMS 0x0000000080900000, 0x0000000080800000| Untracked 
|   9|0x0000000080900000, 0x0000000080a00000, 0x0000000080a00000|100%| O|  |TAMS 0x0000000080a00000, 0x0000000080900000| Untracked 
|  10|0x0000000080a00000, 0x0000000080b00000, 0x0000000080b00000|100%| O|  |TAMS 0x0000000080b00000, 0x0000000080a00000| Untracked 
|  11|0x0000000080b00000, 0x0000000080c00000, 0x0000000080c00000|100%| O|  |TAMS 0x0000000080c00000, 0x0000000080b00000| Untracked 
|  12|0x0000000080c00000, 0x0000000080d00000, 0x0000000080d00000|100%| O|  |TAMS 0x0000000080d00000, 0x0000000080c00000| Untracked 
|  13|0x0000000080d00000, 0x0000000080e00000, 0x0000000080e00000|100%| O|  |TAMS 0x0000000080e00000, 0x0000000080d00000| Untracked 
|  14|0x0000000080e00000, 0x0000000080f00000, 0x0000000080f00000|100%| O|  |TAMS 0x0000000080f00000, 0x0000000080e00000| Untracked 
|  15|0x0000000080f00000, 0x0000000081000000, 0x0000000081000000|100%| O|  |TAMS 0x0000000081000000, 0x0000000080f00000| Untracked 
|  16|0x0000000081000000, 0x0000000081034a00, 0x0000000081100000| 20%| O|  |TAMS 0x0000000081034a00, 0x0000000081000000| Untracked 
|  17|0x0000000081100000, 0x0000000081200000, 0x0000000081200000|100%|HS|  |TAMS 0x0000000081100000, 0x0000000081100000| Complete 
|  18|0x0000000081200000, 0x0000000081300000, 0x0000000081300000|100%|HS|  |TAMS 0x0000000081200000, 0x0000000081200000| Complete 
|  19|0x0000000081300000, 0x0000000081400000, 0x0000000081400000|100%|HC|  |TAMS 0x0000000081300000, 0x0000000081300000| Complete 
|  20|0x0000000081400000, 0x0000000081400000, 0x0000000081500000|  0%| F|  |TAMS 0x0000000081400000, 0x0000000081400000| Untracked 
|  21|0x0000000081500000, 0x0000000081500000, 0x0000000081600000|  0%| F|  |TAMS 0x0000000081500000, 0x0000000081500000| Untracked 
|  22|0x0000000081600000, 0x0000000081600000, 0x0000000081700000|  0%| F|  |TAMS 0x0000000081600000, 0x0000000081600000| Untracked 
|  23|0x0000000081700000, 0x0000000081700000, 0x0000000081800000|  0%| F|  |TAMS 0x0000000081700000, 0x0000000081700000| Untracked 
|  24|0x0000000081800000, 0x0000000081800000, 0x0000000081900000|  0%| F|  |TAMS 0x0000000081800000, 0x0000000081800000| Untracked 
|  25|0x0000000081900000, 0x0000000081900000, 0x0000000081a00000|  0%| F|  |TAMS 0x0000000081900000, 0x0000000081900000| Untracked 
|  26|0x0000000081a00000, 0x0000000081a00000, 0x0000000081b00000|  0%| F|  |TAMS 0x0000000081a00000, 0x0000000081a00000| Untracked 
|  27|0x0000000081b00000, 0x0000000081b00000, 0x0000000081c00000|  0%| F|  |TAMS 0x0000000081b00000, 0x0000000081b00000| Untracked 
|  28|0x0000000081c00000, 0x0000000081c00000, 0x0000000081d00000|  0%| F|  |TAMS 0x0000000081c00000, 0x0000000081c00000| Untracked 
|  29|0x0000000081d00000, 0x0000000081d00000, 0x0000000081e00000|  0%| F|  |TAMS 0x0000000081d00000, 0x0000000081d00000| Untracked 
|  30|0x0000000081e00000, 0x0000000081e00000, 0x0000000081f00000|  0%| F|  |TAMS 0x0000000081e00000, 0x0000000081e00000| Untracked 
|  31|0x0000000081f00000, 0x0000000081f00000, 0x0000000082000000|  0%| F|  |TAMS 0x0000000081f00000, 0x0000000081f00000| Untracked 
|  32|0x0000000082000000, 0x0000000082000000, 0x0000000082100000|  0%| F|  |TAMS 0x0000000082000000, 0x0000000082000000| Untracked 
|  33|0x0000000082100000, 0x0000000082100000, 0x0000000082200000|  0%| F|  |TAMS 0x0000000082100000, 0x0000000082100000| Untracked 
|  34|0x0000000082200000, 0x0000000082200000, 0x0000000082300000|  0%| F|  |TAMS 0x0000000082200000, 0x0000000082200000| Untracked 
|  35|0x0000000082300000, 0x0000000082300000, 0x0000000082400000|  0%| F|  |TAMS 0x0000000082300000, 0x0000000082300000| Untracked 
|  36|0x0000000082400000, 0x0000000082400000, 0x0000000082500000|  0%| F|  |TAMS 0x0000000082400000, 0x0000000082400000| Untracked 
|  37|0x0000000082500000, 0x0000000082500000, 0x0000000082600000|  0%| F|  |TAMS 0x0000000082500000, 0x0000000082500000| Untracked 
|  38|0x0000000082600000, 0x0000000082600000, 0x0000000082700000|  0%| F|  |TAMS 0x0000000082600000, 0x0000000082600000| Untracked 
|  39|0x0000000082700000, 0x0000000082700000, 0x0000000082800000|  0%| F|  |TAMS 0x0000000082700000, 0x0000000082700000| Untracked 
|  40|0x0000000082800000, 0x0000000082800000, 0x0000000082900000|  0%| F|  |TAMS 0x0000000082800000, 0x0000000082800000| Untracked 
|  41|0x0000000082900000, 0x0000000082900000, 0x0000000082a00000|  0%| F|  |TAMS 0x0000000082900000, 0x0000000082900000| Untracked 
|  42|0x0000000082a00000, 0x0000000082a00000, 0x0000000082b00000|  0%| F|  |TAMS 0x0000000082a00000, 0x0000000082a00000| Untracked 
|  43|0x0000000082b00000, 0x0000000082b00000, 0x0000000082c00000|  0%| F|  |TAMS 0x0000000082b00000, 0x0000000082b00000| Untracked 
|  44|0x0000000082c00000, 0x0000000082c00000, 0x0000000082d00000|  0%| F|  |TAMS 0x0000000082c00000, 0x0000000082c00000| Untracked 
|  45|0x0000000082d00000, 0x0000000082d00000, 0x0000000082e00000|  0%| F|  |TAMS 0x0000000082d00000, 0x0000000082d00000| Untracked 
|  46|0x0000000082e00000, 0x0000000082e00000, 0x0000000082f00000|  0%| F|  |TAMS 0x0000000082e00000, 0x0000000082e00000| Untracked 
|  47|0x0000000082f00000, 0x0000000082f00000, 0x0000000083000000|  0%| F|  |TAMS 0x0000000082f00000, 0x0000000082f00000| Untracked 
|  48|0x0000000083000000, 0x0000000083000000, 0x0000000083100000|  0%| F|  |TAMS 0x0000000083000000, 0x0000000083000000| Untracked 
|  49|0x0000000083100000, 0x0000000083100000, 0x0000000083200000|  0%| F|  |TAMS 0x0000000083100000, 0x0000000083100000| Untracked 
|  50|0x0000000083200000, 0x0000000083200000, 0x0000000083300000|  0%| F|  |TAMS 0x0000000083200000, 0x0000000083200000| Untracked 
|  51|0x0000000083300000, 0x0000000083300000, 0x0000000083400000|  0%| F|  |TAMS 0x0000000083300000, 0x0000000083300000| Untracked 
|  52|0x0000000083400000, 0x0000000083400000, 0x0000000083500000|  0%| F|  |TAMS 0x0000000083400000, 0x0000000083400000| Untracked 
|  53|0x0000000083500000, 0x0000000083500000, 0x0000000083600000|  0%| F|  |TAMS 0x0000000083500000, 0x0000000083500000| Untracked 
|  54|0x0000000083600000, 0x0000000083600000, 0x0000000083700000|  0%| F|  |TAMS 0x0000000083600000, 0x0000000083600000| Untracked 
|  55|0x0000000083700000, 0x0000000083700000, 0x0000000083800000|  0%| F|  |TAMS 0x0000000083700000, 0x0000000083700000| Untracked 
|  56|0x0000000083800000, 0x0000000083800000, 0x0000000083900000|  0%| F|  |TAMS 0x0000000083800000, 0x0000000083800000| Untracked 
|  57|0x0000000083900000, 0x0000000083900000, 0x0000000083a00000|  0%| F|  |TAMS 0x0000000083900000, 0x0000000083900000| Untracked 
|  58|0x0000000083a00000, 0x0000000083a00000, 0x0000000083b00000|  0%| F|  |TAMS 0x0000000083a00000, 0x0000000083a00000| Untracked 
|  59|0x0000000083b00000, 0x0000000083b00000, 0x0000000083c00000|  0%| F|  |TAMS 0x0000000083b00000, 0x0000000083b00000| Untracked 
|  60|0x0000000083c00000, 0x0000000083c00000, 0x0000000083d00000|  0%| F|  |TAMS 0x0000000083c00000, 0x0000000083c00000| Untracked 
|  61|0x0000000083d00000, 0x0000000083d00000, 0x0000000083e00000|  0%| F|  |TAMS 0x0000000083d00000, 0x0000000083d00000| Untracked 
|  62|0x0000000083e00000, 0x0000000083e00000, 0x0000000083f00000|  0%| F|  |TAMS 0x0000000083e00000, 0x0000000083e00000| Untracked 
|  63|0x0000000083f00000, 0x0000000083f00000, 0x0000000084000000|  0%| F|  |TAMS 0x0000000083f00000, 0x0000000083f00000| Untracked 
|  64|0x0000000084000000, 0x0000000084000000, 0x0000000084100000|  0%| F|  |TAMS 0x0000000084000000, 0x0000000084000000| Untracked 
|  65|0x0000000084100000, 0x0000000084100000, 0x0000000084200000|  0%| F|  |TAMS 0x0000000084100000, 0x0000000084100000| Untracked 
|  66|0x0000000084200000, 0x0000000084200000, 0x0000000084300000|  0%| F|  |TAMS 0x0000000084200000, 0x0000000084200000| Untracked 
|  67|0x0000000084300000, 0x0000000084394088, 0x0000000084400000| 57%| S|CS|TAMS 0x0000000084300000, 0x0000000084300000| Complete 
|  68|0x0000000084400000, 0x0000000084500000, 0x0000000084500000|100%| S|CS|TAMS 0x0000000084400000, 0x0000000084400000| Complete 
|  69|0x0000000084500000, 0x0000000084600000, 0x0000000084600000|100%| S|CS|TAMS 0x0000000084500000, 0x0000000084500000| Complete 
|  70|0x0000000084600000, 0x0000000084700000, 0x0000000084700000|100%| S|CS|TAMS 0x0000000084600000, 0x0000000084600000| Complete 
|  71|0x0000000084700000, 0x0000000084800000, 0x0000000084800000|100%| S|CS|TAMS 0x0000000084700000, 0x0000000084700000| Complete 
|  72|0x0000000084800000, 0x0000000084900000, 0x0000000084900000|100%| S|CS|TAMS 0x0000000084800000, 0x0000000084800000| Complete 
|  73|0x0000000084900000, 0x0000000084a00000, 0x0000000084a00000|100%| S|CS|TAMS 0x0000000084900000, 0x0000000084900000| Complete 
|  74|0x0000000084a00000, 0x0000000084b00000, 0x0000000084b00000|100%| S|CS|TAMS 0x0000000084a00000, 0x0000000084a00000| Complete 
|  75|0x0000000084b00000, 0x0000000084c00000, 0x0000000084c00000|100%| S|CS|TAMS 0x0000000084b00000, 0x0000000084b00000| Complete 
|  76|0x0000000084c00000, 0x0000000084c00000, 0x0000000084d00000|  0%| F|  |TAMS 0x0000000084c00000, 0x0000000084c00000| Untracked 
|  77|0x0000000084d00000, 0x0000000084d00000, 0x0000000084e00000|  0%| F|  |TAMS 0x0000000084d00000, 0x0000000084d00000| Untracked 
|  78|0x0000000084e00000, 0x0000000084e00000, 0x0000000084f00000|  0%| F|  |TAMS 0x0000000084e00000, 0x0000000084e00000| Untracked 
|  79|0x0000000084f00000, 0x0000000084f00000, 0x0000000085000000|  0%| F|  |TAMS 0x0000000084f00000, 0x0000000084f00000| Untracked 
|  80|0x0000000085000000, 0x0000000085000000, 0x0000000085100000|  0%| F|  |TAMS 0x0000000085000000, 0x0000000085000000| Untracked 
|  81|0x0000000085100000, 0x0000000085100000, 0x0000000085200000|  0%| F|  |TAMS 0x0000000085100000, 0x0000000085100000| Untracked 
|  82|0x0000000085200000, 0x0000000085200000, 0x0000000085300000|  0%| F|  |TAMS 0x0000000085200000, 0x0000000085200000| Untracked 
|  83|0x0000000085300000, 0x0000000085300000, 0x0000000085400000|  0%| F|  |TAMS 0x0000000085300000, 0x0000000085300000| Untracked 
|  84|0x0000000085400000, 0x0000000085400000, 0x0000000085500000|  0%| F|  |TAMS 0x0000000085400000, 0x0000000085400000| Untracked 
|  85|0x0000000085500000, 0x0000000085500000, 0x0000000085600000|  0%| F|  |TAMS 0x0000000085500000, 0x0000000085500000| Untracked 
|  86|0x0000000085600000, 0x0000000085600000, 0x0000000085700000|  0%| F|  |TAMS 0x0000000085600000, 0x0000000085600000| Untracked 
|  87|0x0000000085700000, 0x0000000085700000, 0x0000000085800000|  0%| F|  |TAMS 0x0000000085700000, 0x0000000085700000| Untracked 
|  88|0x0000000085800000, 0x0000000085800000, 0x0000000085900000|  0%| F|  |TAMS 0x0000000085800000, 0x0000000085800000| Untracked 
|  89|0x0000000085900000, 0x0000000085900000, 0x0000000085a00000|  0%| F|  |TAMS 0x0000000085900000, 0x0000000085900000| Untracked 
|  90|0x0000000085a00000, 0x0000000085a00000, 0x0000000085b00000|  0%| F|  |TAMS 0x0000000085a00000, 0x0000000085a00000| Untracked 
|  91|0x0000000085b00000, 0x0000000085b00000, 0x0000000085c00000|  0%| F|  |TAMS 0x0000000085b00000, 0x0000000085b00000| Untracked 
|  92|0x0000000085c00000, 0x0000000085c00000, 0x0000000085d00000|  0%| F|  |TAMS 0x0000000085c00000, 0x0000000085c00000| Untracked 
|  93|0x0000000085d00000, 0x0000000085d00000, 0x0000000085e00000|  0%| F|  |TAMS 0x0000000085d00000, 0x0000000085d00000| Untracked 
|  94|0x0000000085e00000, 0x0000000085e00000, 0x0000000085f00000|  0%| F|  |TAMS 0x0000000085e00000, 0x0000000085e00000| Untracked 
|  95|0x0000000085f00000, 0x0000000085f00000, 0x0000000086000000|  0%| F|  |TAMS 0x0000000085f00000, 0x0000000085f00000| Untracked 
|  96|0x0000000086000000, 0x0000000086000000, 0x0000000086100000|  0%| F|  |TAMS 0x0000000086000000, 0x0000000086000000| Untracked 
|  97|0x0000000086100000, 0x0000000086100000, 0x0000000086200000|  0%| F|  |TAMS 0x0000000086100000, 0x0000000086100000| Untracked 
|  98|0x0000000086200000, 0x0000000086200000, 0x0000000086300000|  0%| F|  |TAMS 0x0000000086200000, 0x0000000086200000| Untracked 
|  99|0x0000000086300000, 0x0000000086300000, 0x0000000086400000|  0%| F|  |TAMS 0x0000000086300000, 0x0000000086300000| Untracked 
| 100|0x0000000086400000, 0x0000000086400000, 0x0000000086500000|  0%| F|  |TAMS 0x0000000086400000, 0x0000000086400000| Untracked 
| 101|0x0000000086500000, 0x0000000086500000, 0x0000000086600000|  0%| F|  |TAMS 0x0000000086500000, 0x0000000086500000| Untracked 
| 102|0x0000000086600000, 0x0000000086600000, 0x0000000086700000|  0%| F|  |TAMS 0x0000000086600000, 0x0000000086600000| Untracked 
| 103|0x0000000086700000, 0x0000000086700000, 0x0000000086800000|  0%| F|  |TAMS 0x0000000086700000, 0x0000000086700000| Untracked 
| 104|0x0000000086800000, 0x0000000086800000, 0x0000000086900000|  0%| F|  |TAMS 0x0000000086800000, 0x0000000086800000| Untracked 
| 105|0x0000000086900000, 0x0000000086900000, 0x0000000086a00000|  0%| F|  |TAMS 0x0000000086900000, 0x0000000086900000| Untracked 
| 106|0x0000000086a00000, 0x0000000086a00000, 0x0000000086b00000|  0%| F|  |TAMS 0x0000000086a00000, 0x0000000086a00000| Untracked 
| 107|0x0000000086b00000, 0x0000000086b00000, 0x0000000086c00000|  0%| F|  |TAMS 0x0000000086b00000, 0x0000000086b00000| Untracked 
| 108|0x0000000086c00000, 0x0000000086c00000, 0x0000000086d00000|  0%| F|  |TAMS 0x0000000086c00000, 0x0000000086c00000| Untracked 
| 109|0x0000000086d00000, 0x0000000086d00000, 0x0000000086e00000|  0%| F|  |TAMS 0x0000000086d00000, 0x0000000086d00000| Untracked 
| 110|0x0000000086e00000, 0x0000000086e80800, 0x0000000086f00000| 50%| E|  |TAMS 0x0000000086e00000, 0x0000000086e00000| Complete 
| 111|0x0000000086f00000, 0x0000000087000000, 0x0000000087000000|100%| E|CS|TAMS 0x0000000086f00000, 0x0000000086f00000| Complete 
| 112|0x0000000087000000, 0x0000000087100000, 0x0000000087100000|100%| E|CS|TAMS 0x0000000087000000, 0x0000000087000000| Complete 
| 113|0x0000000087100000, 0x0000000087200000, 0x0000000087200000|100%| E|CS|TAMS 0x0000000087100000, 0x0000000087100000| Complete 
| 114|0x0000000087200000, 0x0000000087300000, 0x0000000087300000|100%| E|CS|TAMS 0x0000000087200000, 0x0000000087200000| Complete 
| 115|0x0000000087300000, 0x0000000087400000, 0x0000000087400000|100%| E|CS|TAMS 0x0000000087300000, 0x0000000087300000| Complete 
| 116|0x0000000087400000, 0x0000000087500000, 0x0000000087500000|100%| E|CS|TAMS 0x0000000087400000, 0x0000000087400000| Complete 
| 117|0x0000000087500000, 0x0000000087600000, 0x0000000087600000|100%| E|CS|TAMS 0x0000000087500000, 0x0000000087500000| Complete 
| 118|0x0000000087600000, 0x0000000087700000, 0x0000000087700000|100%| E|CS|TAMS 0x0000000087600000, 0x0000000087600000| Complete 
| 119|0x0000000087700000, 0x0000000087800000, 0x0000000087800000|100%| E|CS|TAMS 0x0000000087700000, 0x0000000087700000| Complete 
| 120|0x0000000087800000, 0x0000000087900000, 0x0000000087900000|100%| E|CS|TAMS 0x0000000087800000, 0x0000000087800000| Complete 
| 121|0x0000000087900000, 0x0000000087a00000, 0x0000000087a00000|100%| E|CS|TAMS 0x0000000087900000, 0x0000000087900000| Complete 
| 122|0x0000000087a00000, 0x0000000087b00000, 0x0000000087b00000|100%| E|CS|TAMS 0x0000000087a00000, 0x0000000087a00000| Complete 
| 123|0x0000000087b00000, 0x0000000087c00000, 0x0000000087c00000|100%| E|CS|TAMS 0x0000000087b00000, 0x0000000087b00000| Complete 
| 124|0x0000000087c00000, 0x0000000087d00000, 0x0000000087d00000|100%| E|CS|TAMS 0x0000000087c00000, 0x0000000087c00000| Complete 
| 125|0x0000000087d00000, 0x0000000087e00000, 0x0000000087e00000|100%| E|CS|TAMS 0x0000000087d00000, 0x0000000087d00000| Complete 
| 126|0x0000000087e00000, 0x0000000087f00000, 0x0000000087f00000|100%| E|CS|TAMS 0x0000000087e00000, 0x0000000087e00000| Complete 
| 127|0x0000000087f00000, 0x0000000088000000, 0x0000000088000000|100%| E|CS|TAMS 0x0000000087f00000, 0x0000000087f00000| Complete 
| 128|0x0000000088000000, 0x0000000088100000, 0x0000000088100000|100%| E|CS|TAMS 0x0000000088000000, 0x0000000088000000| Complete 
| 129|0x0000000088100000, 0x0000000088200000, 0x0000000088200000|100%| E|CS|TAMS 0x0000000088100000, 0x0000000088100000| Complete 
| 130|0x0000000088200000, 0x0000000088300000, 0x0000000088300000|100%| E|CS|TAMS 0x0000000088200000, 0x0000000088200000| Complete 
| 131|0x0000000088300000, 0x0000000088400000, 0x0000000088400000|100%| E|CS|TAMS 0x0000000088300000, 0x0000000088300000| Complete 
| 132|0x0000000088400000, 0x0000000088500000, 0x0000000088500000|100%| E|CS|TAMS 0x0000000088400000, 0x0000000088400000| Complete 
| 133|0x0000000088500000, 0x0000000088600000, 0x0000000088600000|100%| E|CS|TAMS 0x0000000088500000, 0x0000000088500000| Complete 
| 134|0x0000000088600000, 0x0000000088700000, 0x0000000088700000|100%| E|CS|TAMS 0x0000000088600000, 0x0000000088600000| Complete 
| 135|0x0000000088700000, 0x0000000088800000, 0x0000000088800000|100%| E|CS|TAMS 0x0000000088700000, 0x0000000088700000| Complete 
| 136|0x0000000088800000, 0x0000000088900000, 0x0000000088900000|100%| E|CS|TAMS 0x0000000088800000, 0x0000000088800000| Complete 
| 137|0x0000000088900000, 0x0000000088a00000, 0x0000000088a00000|100%| E|CS|TAMS 0x0000000088900000, 0x0000000088900000| Complete 
| 138|0x0000000088a00000, 0x0000000088b00000, 0x0000000088b00000|100%| E|CS|TAMS 0x0000000088a00000, 0x0000000088a00000| Complete 
| 139|0x0000000088b00000, 0x0000000088c00000, 0x0000000088c00000|100%| E|CS|TAMS 0x0000000088b00000, 0x0000000088b00000| Complete 
| 140|0x0000000088c00000, 0x0000000088d00000, 0x0000000088d00000|100%| E|CS|TAMS 0x0000000088c00000, 0x0000000088c00000| Complete 
| 141|0x0000000088d00000, 0x0000000088e00000, 0x0000000088e00000|100%| E|CS|TAMS 0x0000000088d00000, 0x0000000088d00000| Complete 
| 142|0x0000000088e00000, 0x0000000088f00000, 0x0000000088f00000|100%| E|CS|TAMS 0x0000000088e00000, 0x0000000088e00000| Complete 
| 143|0x0000000088f00000, 0x0000000089000000, 0x0000000089000000|100%| E|CS|TAMS 0x0000000088f00000, 0x0000000088f00000| Complete 
| 144|0x0000000089000000, 0x0000000089100000, 0x0000000089100000|100%| E|CS|TAMS 0x0000000089000000, 0x0000000089000000| Complete 
| 145|0x0000000089100000, 0x0000000089200000, 0x0000000089200000|100%| E|CS|TAMS 0x0000000089100000, 0x0000000089100000| Complete 
| 146|0x0000000089200000, 0x0000000089300000, 0x0000000089300000|100%| E|CS|TAMS 0x0000000089200000, 0x0000000089200000| Complete 
| 147|0x0000000089300000, 0x0000000089400000, 0x0000000089400000|100%| E|CS|TAMS 0x0000000089300000, 0x0000000089300000| Complete 
| 148|0x0000000089400000, 0x0000000089500000, 0x0000000089500000|100%| E|CS|TAMS 0x0000000089400000, 0x0000000089400000| Complete 
| 149|0x0000000089500000, 0x0000000089600000, 0x0000000089600000|100%| E|CS|TAMS 0x0000000089500000, 0x0000000089500000| Complete 
| 150|0x0000000089600000, 0x0000000089700000, 0x0000000089700000|100%| E|CS|TAMS 0x0000000089600000, 0x0000000089600000| Complete 
| 151|0x0000000089700000, 0x0000000089800000, 0x0000000089800000|100%| E|CS|TAMS 0x0000000089700000, 0x0000000089700000| Complete 
| 152|0x0000000089800000, 0x0000000089900000, 0x0000000089900000|100%| E|CS|TAMS 0x0000000089800000, 0x0000000089800000| Complete 
| 153|0x0000000089900000, 0x0000000089a00000, 0x0000000089a00000|100%| E|CS|TAMS 0x0000000089900000, 0x0000000089900000| Complete 
| 154|0x0000000089a00000, 0x0000000089b00000, 0x0000000089b00000|100%| E|CS|TAMS 0x0000000089a00000, 0x0000000089a00000| Complete 
| 155|0x0000000089b00000, 0x0000000089c00000, 0x0000000089c00000|100%| E|CS|TAMS 0x0000000089b00000, 0x0000000089b00000| Complete 
| 156|0x0000000089c00000, 0x0000000089d00000, 0x0000000089d00000|100%| E|CS|TAMS 0x0000000089c00000, 0x0000000089c00000| Complete 
| 157|0x0000000089d00000, 0x0000000089e00000, 0x0000000089e00000|100%| E|CS|TAMS 0x0000000089d00000, 0x0000000089d00000| Complete 
| 158|0x0000000089e00000, 0x0000000089f00000, 0x0000000089f00000|100%| E|CS|TAMS 0x0000000089e00000, 0x0000000089e00000| Complete 
| 159|0x0000000089f00000, 0x000000008a000000, 0x000000008a000000|100%| E|CS|TAMS 0x0000000089f00000, 0x0000000089f00000| Complete 

Card table byte_map: [0x0000021644b60000,0x0000021644f60000] _byte_map_base: 0x0000021644760000

Marking Bits (Prev, Next): (CMBitMap*) 0x0000021631c90448, (CMBitMap*) 0x0000021631c90480
 Prev Bits: [0x0000021645360000, 0x0000021647360000)
 Next Bits: [0x0000021647360000, 0x0000021649360000)

Polling page: 0x000002162f9a0000

Metaspace:

Usage:
  Non-class:     35.64 MB capacity,    34.95 MB ( 98%) used,   602.23 KB (  2%) free+waste,   100.81 KB ( <1%) overhead. 
      Class:      5.59 MB capacity,     5.16 MB ( 92%) used,   393.73 KB (  7%) free+waste,    49.00 KB ( <1%) overhead. 
       Both:     41.23 MB capacity,    40.11 MB ( 97%) used,   995.96 KB (  2%) free+waste,   149.81 KB ( <1%) overhead. 

Virtual space:
  Non-class space:       36.00 MB reserved,      35.75 MB (>99%) committed 
      Class space:        1.00 GB reserved,       5.63 MB ( <1%) committed 
             Both:        1.04 GB reserved,      41.38 MB (  4%) committed 

Chunk freelists:
   Non-Class:  53.00 KB
       Class:  2.00 KB
        Both:  55.00 KB

MaxMetaspaceSize: 17179869184.00 GB
CompressedClassSpaceSize: 1.00 GB
Initial GC threshold: 20.80 MB
Current GC threshold: 45.42 MB
CDS: off

CodeHeap 'non-profiled nmethods': size=120064Kb used=1886Kb max_used=1886Kb free=118177Kb
 bounds [0x000002163d220000, 0x000002163d490000, 0x0000021644760000]
CodeHeap 'profiled nmethods': size=120000Kb used=8016Kb max_used=8016Kb free=111983Kb
 bounds [0x0000021635cf0000, 0x00000216364d0000, 0x000002163d220000]
CodeHeap 'non-nmethods': size=5696Kb used=2277Kb max_used=2308Kb free=3418Kb
 bounds [0x0000021635760000, 0x00000216359d0000, 0x0000021635cf0000]
 total_blobs=4467 nmethods=3697 adapters=681
 compilation: enabled
              stopped_count=0, restarted_count=0
 full_count=0

Compilation events (20 events):
Event: 11.320 Thread 0x000002164b873800 3702       3       java.lang.ThreadLocal$ThreadLocalMap::set (136 bytes)
Event: 11.321 Thread 0x000002164b873800 nmethod 3702 0x00000216364bc290 code [0x00000216364bc500, 0x00000216364bd088]
Event: 11.321 Thread 0x000002164b873800 3703       3       org.codehaus.groovy.reflection.CachedClass$3::initValue (194 bytes)
Event: 11.324 Thread 0x000002164b873800 nmethod 3703 0x00000216364bd490 code [0x00000216364bd8a0, 0x00000216364bf578]
Event: 11.325 Thread 0x000002164b873800 3704       2       org.codehaus.groovy.util.ManagedReference::get (10 bytes)
Event: 11.325 Thread 0x000002164b873800 nmethod 3704 0x00000216364c0190 code [0x00000216364c0340, 0x00000216364c0468]
Event: 11.327 Thread 0x000002164b873800 3706       3       org.codehaus.groovy.util.ComplexKeyHashMap::<init> (11 bytes)
Event: 11.327 Thread 0x000002164b873800 nmethod 3706 0x00000216364c0510 code [0x00000216364c06e0, 0x00000216364c0a18]
Event: 11.327 Thread 0x000002164b873800 3707       3       org.codehaus.groovy.util.ComplexKeyHashMap::init (20 bytes)
Event: 11.328 Thread 0x000002164b873800 nmethod 3707 0x00000216364c0b10 code [0x00000216364c0cc0, 0x00000216364c0ed8]
Event: 11.328 Thread 0x000002164b873800 3705       3       org.codehaus.groovy.util.SingleKeyHashMap::<init> (5 bytes)
Event: 11.328 Thread 0x000002164b873800 nmethod 3705 0x00000216364c0f90 code [0x00000216364c1160, 0x00000216364c14f8]
Event: 11.336 Thread 0x000002164b873800 3708       3       java.util.stream.Nodes::builder (8 bytes)
Event: 11.337 Thread 0x000002164b873800 nmethod 3708 0x00000216364c1610 code [0x00000216364c17e0, 0x00000216364c1b98]
Event: 11.337 Thread 0x000002164b873800 3709       3       java.util.stream.Nodes$SpinedNodeBuilder::<init> (10 bytes)
Event: 11.337 Thread 0x000002164b873800 nmethod 3709 0x00000216364c1d10 code [0x00000216364c1ee0, 0x00000216364c21f8]
Event: 11.337 Thread 0x000002164b873800 3710       3       java.util.stream.Nodes$SpinedNodeBuilder::end (29 bytes)
Event: 11.337 Thread 0x000002164b873800 nmethod 3710 0x00000216364c2310 code [0x00000216364c24c0, 0x00000216364c25d8]
Event: 11.337 Thread 0x000002164b873800 3711       1       org.codehaus.groovy.reflection.stdclasses.ObjectCachedClass::isAssignableFrom (2 bytes)
Event: 11.337 Thread 0x000002164b873800 nmethod 3711 0x000002163d3f7590 code [0x000002163d3f7740, 0x000002163d3f77f8]

GC Heap History (10 events):
Event: 0.792 GC heap before
{Heap before GC invocations=0 (full 0):
 garbage-first heap   total 163840K, used 16384K [0x0000000080000000, 0x0000000100000000)
  region size 1024K, 14 young (14336K), 0 survivors (0K)
 Metaspace       used 6734K, capacity 6921K, committed 7168K, reserved 1056768K
  class space    used 583K, capacity 650K, committed 768K, reserved 1048576K
}
Event: 0.798 GC heap after
{Heap after GC invocations=1 (full 0):
 garbage-first heap   total 163840K, used 4031K [0x0000000080000000, 0x0000000100000000)
  region size 1024K, 2 young (2048K), 2 survivors (2048K)
 Metaspace       used 6734K, capacity 6921K, committed 7168K, reserved 1056768K
  class space    used 583K, capacity 650K, committed 768K, reserved 1048576K
}
Event: 5.530 GC heap before
{Heap before GC invocations=1 (full 0):
 garbage-first heap   total 163840K, used 103359K [0x0000000080000000, 0x0000000100000000)
  region size 1024K, 96 young (98304K), 2 survivors (2048K)
 Metaspace       used 18584K, capacity 18954K, committed 19072K, reserved 1067008K
  class space    used 2213K, capacity 2348K, committed 2432K, reserved 1048576K
}
Event: 5.548 GC heap after
{Heap after GC invocations=2 (full 0):
 garbage-first heap   total 163840K, used 16693K [0x0000000080000000, 0x0000000100000000)
  region size 1024K, 12 young (12288K), 12 survivors (12288K)
 Metaspace       used 18584K, capacity 18954K, committed 19072K, reserved 1067008K
  class space    used 2213K, capacity 2348K, committed 2432K, reserved 1048576K
}
Event: 6.082 GC heap before
{Heap before GC invocations=2 (full 0):
 garbage-first heap   total 163840K, used 38197K [0x0000000080000000, 0x0000000100000000)
  region size 1024K, 34 young (34816K), 12 survivors (12288K)
 Metaspace       used 20817K, capacity 21148K, committed 21248K, reserved 1067008K
  class space    used 2558K, capacity 2716K, committed 2816K, reserved 1048576K
}
Event: 6.101 GC heap after
{Heap after GC invocations=3 (full 0):
 garbage-first heap   total 163840K, used 17588K [0x0000000080000000, 0x0000000100000000)
  region size 1024K, 1 young (1024K), 1 survivors (1024K)
 Metaspace       used 20817K, capacity 21148K, committed 21248K, reserved 1067008K
  class space    used 2558K, capacity 2716K, committed 2816K, reserved 1048576K
}
Event: 7.606 GC heap before
{Heap before GC invocations=4 (full 0):
 garbage-first heap   total 163840K, used 75956K [0x0000000080000000, 0x0000000100000000)
  region size 1024K, 58 young (59392K), 1 survivors (1024K)
 Metaspace       used 27048K, capacity 27746K, committed 27904K, reserved 1073152K
  class space    used 3556K, capacity 3801K, committed 3840K, reserved 1048576K
}
Event: 7.617 GC heap after
{Heap after GC invocations=5 (full 0):
 garbage-first heap   total 163840K, used 19448K [0x0000000080000000, 0x0000000100000000)
  region size 1024K, 3 young (3072K), 3 survivors (3072K)
 Metaspace       used 27048K, capacity 27746K, committed 27904K, reserved 1073152K
  class space    used 3556K, capacity 3801K, committed 3840K, reserved 1048576K
}
Event: 10.013 GC heap before
{Heap before GC invocations=6 (full 0):
 garbage-first heap   total 163840K, used 101368K [0x0000000080000000, 0x0000000100000000)
  region size 1024K, 84 young (86016K), 3 survivors (3072K)
 Metaspace       used 37542K, capacity 38482K, committed 38528K, reserved 1083392K
  class space    used 4875K, capacity 5230K, committed 5248K, reserved 1048576K
}
Event: 10.030 GC heap after
{Heap after GC invocations=7 (full 0):
 garbage-first heap   total 163840K, used 25378K [0x0000000080000000, 0x0000000100000000)
  region size 1024K, 9 young (9216K), 9 survivors (9216K)
 Metaspace       used 37542K, capacity 38482K, committed 38528K, reserved 1083392K
  class space    used 4875K, capacity 5230K, committed 5248K, reserved 1048576K
}

Deoptimization events (20 events):
Event: 10.641 Thread 0x000002164e3cc000 DEOPT PACKING pc=0x000002163d3d236c sp=0x000000e2240f8b00
Event: 10.641 Thread 0x000002164e3cc000 DEOPT UNPACKING pc=0x00000216357aa1af sp=0x000000e2240f8ab8 mode 2
Event: 10.641 Thread 0x000002164e3cc000 Uncommon trap: trap_request=0xffffffbe fr.pc=0x000002163d3d236c relative=0x000000000000070c
Event: 10.641 Thread 0x000002164e3cc000 Uncommon trap: reason=profile_predicate action=maybe_recompile pc=0x000002163d3d236c method=java.lang.PublicMethods$MethodList.filter([Ljava/lang/reflect/Method;Ljava/lang/String;[Ljava/lang/Class;Z)Ljava/lang/PublicMethods$MethodList; @ 21 c2
Event: 10.641 Thread 0x000002164e3cc000 DEOPT PACKING pc=0x000002163d3d236c sp=0x000000e2240f8ae0
Event: 10.641 Thread 0x000002164e3cc000 DEOPT UNPACKING pc=0x00000216357aa1af sp=0x000000e2240f8a98 mode 2
Event: 11.099 Thread 0x000002164e3cc000 Uncommon trap: trap_request=0xffffffc6 fr.pc=0x000002163d3e9104 relative=0x0000000000000744
Event: 11.099 Thread 0x000002164e3cc000 Uncommon trap: reason=bimorphic_or_optimized_type_check action=maybe_recompile pc=0x000002163d3e9104 method=java.util.stream.AbstractPipeline.copyIntoWithCancel(Ljava/util/stream/Sink;Ljava/util/Spliterator;)Z @ 24 c2
Event: 11.099 Thread 0x000002164e3cc000 DEOPT PACKING pc=0x000002163d3e9104 sp=0x000000e2240f88e0
Event: 11.099 Thread 0x000002164e3cc000 DEOPT UNPACKING pc=0x00000216357aa1af sp=0x000000e2240f87b8 mode 2
Event: 11.104 Thread 0x000002164e3cc000 DEOPT PACKING pc=0x0000021635db3f1b sp=0x000000e2240f5080
Event: 11.104 Thread 0x000002164e3cc000 DEOPT UNPACKING pc=0x00000216357aa95e sp=0x000000e2240f45c0 mode 0
Event: 11.181 Thread 0x000002164e3cc000 Uncommon trap: trap_request=0xffffffde fr.pc=0x000002163d3d6b80 relative=0x00000000000009a0
Event: 11.181 Thread 0x000002164e3cc000 Uncommon trap: reason=class_check action=maybe_recompile pc=0x000002163d3d6b80 method=java.util.WeakHashMap.eq(Ljava/lang/Object;Ljava/lang/Object;)Z @ 7 c2
Event: 11.181 Thread 0x000002164e3cc000 DEOPT PACKING pc=0x000002163d3d6b80 sp=0x000000e2240f5ea0
Event: 11.181 Thread 0x000002164e3cc000 DEOPT UNPACKING pc=0x00000216357aa1af sp=0x000000e2240f5e10 mode 2
Event: 11.201 Thread 0x000002164e3cc000 Uncommon trap: trap_request=0xffffffde fr.pc=0x000002163d3d6b80 relative=0x00000000000009a0
Event: 11.201 Thread 0x000002164e3cc000 Uncommon trap: reason=class_check action=maybe_recompile pc=0x000002163d3d6b80 method=java.util.WeakHashMap.eq(Ljava/lang/Object;Ljava/lang/Object;)Z @ 7 c2
Event: 11.201 Thread 0x000002164e3cc000 DEOPT PACKING pc=0x000002163d3d6b80 sp=0x000000e2240f58f0
Event: 11.201 Thread 0x000002164e3cc000 DEOPT UNPACKING pc=0x00000216357aa1af sp=0x000000e2240f5860 mode 2

Classes redefined (0 events):
No events

Internal exceptions (20 events):
Event: 11.007 Thread 0x000002164e3cc000 Exception <a 'java/lang/ClassNotFoundException'{0x000000008787cd68}: org/gradle/api/internal/artifacts/repositories/AbstractAuthenticationSupportedRepositoryCustomizer> (0x000000008787cd68) thrown at [./src/hotspot/share/classfile/systemDictionary.cpp, line 231]
Event: 11.011 Thread 0x000002164e3cc000 Exception <a 'java/lang/ClassNotFoundException'{0x00000000878d2500}: org/gradle/api/internal/artifacts/repositories/DefaultMavenArtifactRepositoryCustomizer> (0x00000000878d2500) thrown at [./src/hotspot/share/classfile/systemDictionary.cpp, line 231]
Event: 11.017 Thread 0x000002164e3cc000 Exception <a 'java/lang/ClassNotFoundException'{0x0000000087736ea0}: org/gradle/api/internal/artifacts/repositories/DefaultMavenArtifactRepository_DecoratedCustomizer> (0x0000000087736ea0) thrown at [./src/hotspot/share/classfile/systemDictionary.cpp, line 231]
Event: 11.113 Thread 0x000002164e3cc000 Exception <a 'java/lang/ClassNotFoundException'{0x00000000875662d0}: settings_9iplhvftyji8l1e4m8kgku9jcBeanInfo> (0x00000000875662d0) thrown at [./src/hotspot/share/classfile/systemDictionary.cpp, line 231]
Event: 11.113 Thread 0x000002164e3cc000 Exception <a 'java/lang/ClassNotFoundException'{0x0000000087571e00}: settings_9iplhvftyji8l1e4m8kgku9jcCustomizer> (0x0000000087571e00) thrown at [./src/hotspot/share/classfile/systemDictionary.cpp, line 231]
Event: 11.160 Thread 0x000002164e3cc000 Exception <a 'java/lang/ClassNotFoundException'{0x00000000874a2ae0}: org/gradle/internal/management/DefaultDependencyResolutionManagement_DecoratedBeanInfo> (0x00000000874a2ae0) thrown at [./src/hotspot/share/classfile/systemDictionary.cpp, line 231]
Event: 11.162 Thread 0x000002164e3cc000 Exception <a 'java/lang/ClassNotFoundException'{0x00000000874de300}: org/gradle/internal/management/DefaultDependencyResolutionManagementBeanInfo> (0x00000000874de300) thrown at [./src/hotspot/share/classfile/systemDictionary.cpp, line 231]
Event: 11.163 Thread 0x000002164e3cc000 Exception <a 'java/lang/ClassNotFoundException'{0x000000008731a1c0}: org/gradle/internal/management/DefaultDependencyResolutionManagementCustomizer> (0x000000008731a1c0) thrown at [./src/hotspot/share/classfile/systemDictionary.cpp, line 231]
Event: 11.167 Thread 0x000002164e3cc000 Exception <a 'java/lang/ClassNotFoundException'{0x000000008736b278}: org/gradle/internal/management/DefaultDependencyResolutionManagement_DecoratedCustomizer> (0x000000008736b278) thrown at [./src/hotspot/share/classfile/systemDictionary.cpp, line 231]
Event: 11.180 Thread 0x000002164e3cc000 Exception <a 'java/lang/ClassNotFoundException'{0x00000000873f9870}: org/gradle/api/initialization/resolve/RepositoriesModeBeanInfo> (0x00000000873f9870) thrown at [./src/hotspot/share/classfile/systemDictionary.cpp, line 231]
Event: 11.180 Thread 0x000002164e3cc000 Exception <a 'java/lang/ClassNotFoundException'{0x00000000873fe738}: java/lang/EnumBeanInfo> (0x00000000873fe738) thrown at [./src/hotspot/share/classfile/systemDictionary.cpp, line 231]
Event: 11.181 Thread 0x000002164e3cc000 Exception <a 'java/lang/ClassNotFoundException'{0x0000000087203b58}: java/lang/EnumCustomizer> (0x0000000087203b58) thrown at [./src/hotspot/share/classfile/systemDictionary.cpp, line 231]
Event: 11.183 Thread 0x000002164e3cc000 Exception <a 'java/lang/ClassNotFoundException'{0x00000000872336e8}: org/gradle/api/initialization/resolve/RepositoriesModeCustomizer> (0x00000000872336e8) thrown at [./src/hotspot/share/classfile/systemDictionary.cpp, line 231]
Event: 11.194 Thread 0x000002164e3cc000 Exception <a 'java/lang/ClassNotFoundException'{0x00000000872c0c98}: org/gradle/api/internal/provider/DefaultPropertyBeanInfo> (0x00000000872c0c98) thrown at [./src/hotspot/share/classfile/systemDictionary.cpp, line 231]
Event: 11.195 Thread 0x000002164e3cc000 Exception <a 'java/lang/ClassNotFoundException'{0x00000000872e7eb0}: org/gradle/api/internal/provider/AbstractPropertyBeanInfo> (0x00000000872e7eb0) thrown at [./src/hotspot/share/classfile/systemDictionary.cpp, line 231]
Event: 11.198 Thread 0x000002164e3cc000 Exception <a 'java/lang/ClassNotFoundException'{0x0000000087112128}: org/gradle/api/internal/provider/AbstractMinimalProviderBeanInfo> (0x0000000087112128) thrown at [./src/hotspot/share/classfile/systemDictionary.cpp, line 231]
Event: 11.200 Thread 0x000002164e3cc000 Exception <a 'java/lang/ClassNotFoundException'{0x000000008713c130}: org/gradle/api/internal/provider/AbstractMinimalProviderCustomizer> (0x000000008713c130) thrown at [./src/hotspot/share/classfile/systemDictionary.cpp, line 231]
Event: 11.208 Thread 0x000002164e3cc000 Exception <a 'java/lang/ClassNotFoundException'{0x000000008719fa98}: org/gradle/api/internal/provider/AbstractPropertyCustomizer> (0x000000008719fa98) thrown at [./src/hotspot/share/classfile/systemDictionary.cpp, line 231]
Event: 11.210 Thread 0x000002164e3cc000 Exception <a 'java/lang/ClassNotFoundException'{0x00000000871d33c8}: org/gradle/api/internal/provider/DefaultPropertyCustomizer> (0x00000000871d33c8) thrown at [./src/hotspot/share/classfile/systemDictionary.cpp, line 231]
Event: 11.339 Thread 0x000002164e3cc000 Exception <a 'java/lang/ClassNotFoundException'{0x0000000086e13d90}: org/gradle/initialization/DefaultProjectDescriptorBeanInfo> (0x0000000086e13d90) thrown at [./src/hotspot/share/classfile/systemDictionary.cpp, line 231]

Events (20 events):
Event: 11.334 loading class org/codehaus/groovy/runtime/wrappers/GroovyObjectWrapper
Event: 11.334 loading class org/codehaus/groovy/runtime/wrappers/GroovyObjectWrapper done
Event: 11.335 loading class org/codehaus/groovy/runtime/wrappers/PojoWrapper
Event: 11.335 loading class org/codehaus/groovy/runtime/wrappers/PojoWrapper done
Event: 11.336 loading class groovy/runtime/metaclass/org/gradle/initialization/DefaultProjectDescriptorMetaClass
Event: 11.336 loading class groovy/runtime/metaclass/org/gradle/initialization/DefaultProjectDescriptorMetaClass done
Event: 11.337 loading class org/gradle/initialization/DefaultProjectDescriptorBeanInfo
Event: 11.337 loading class org/gradle/initialization/DefaultProjectDescriptorBeanInfo done
Event: 11.338 loading class org/gradle/initialization/DefaultProjectDescriptorBeanInfo
Event: 11.338 loading class org/gradle/initialization/DefaultProjectDescriptorBeanInfo done
Event: 11.338 loading class org/gradle/initialization/DefaultProjectDescriptorBeanInfo
Event: 11.338 loading class org/gradle/initialization/DefaultProjectDescriptorBeanInfo done
Event: 11.338 loading class org/gradle/initialization/DefaultProjectDescriptorBeanInfo
Event: 11.338 loading class org/gradle/initialization/DefaultProjectDescriptorBeanInfo done
Event: 11.339 loading class org/gradle/initialization/DefaultProjectDescriptorCustomizer
Event: 11.339 loading class org/gradle/initialization/DefaultProjectDescriptorCustomizer done
Event: 11.339 loading class org/gradle/initialization/DefaultProjectDescriptorCustomizer
Event: 11.339 loading class org/gradle/initialization/DefaultProjectDescriptorCustomizer done
Event: 11.339 loading class org/gradle/initialization/DefaultProjectDescriptorCustomizer
Event: 11.339 loading class org/gradle/initialization/DefaultProjectDescriptorCustomizer done


Dynamic libraries:
0x00007ff6ecbc0000 - 0x00007ff6ecbca000 	C:\Program Files\Android\Android Studio\jre\bin\java.exe
0x00007ffe59e10000 - 0x00007ffe5a008000 	C:\WINDOWS\SYSTEM32\ntdll.dll
0x00007ffe580d0000 - 0x00007ffe5818d000 	C:\WINDOWS\System32\KERNEL32.DLL
0x00007ffe57850000 - 0x00007ffe57b1e000 	C:\WINDOWS\System32\KERNELBASE.dll
0x00007ffe57cd0000 - 0x00007ffe57dd0000 	C:\WINDOWS\System32\ucrtbase.dll
0x00007ffe48d00000 - 0x00007ffe48d19000 	C:\Program Files\Android\Android Studio\jre\bin\jli.dll
0x00007ffe45d00000 - 0x00007ffe45d17000 	C:\Program Files\Android\Android Studio\jre\bin\VCRUNTIME140.dll
0x00007ffe58230000 - 0x00007ffe583d0000 	C:\WINDOWS\System32\USER32.dll
0x00007ffe57b20000 - 0x00007ffe57b42000 	C:\WINDOWS\System32\win32u.dll
0x00007ffe46520000 - 0x00007ffe467ba000 	C:\WINDOWS\WinSxS\amd64_microsoft.windows.common-controls_6595b64144ccf1df_6.0.19041.1110_none_60b5254171f9507e\COMCTL32.dll
0x00007ffe59da0000 - 0x00007ffe59dca000 	C:\WINDOWS\System32\GDI32.dll
0x00007ffe58190000 - 0x00007ffe5822e000 	C:\WINDOWS\System32\msvcrt.dll
0x00007ffe57530000 - 0x00007ffe5763b000 	C:\WINDOWS\System32\gdi32full.dll
0x00007ffe57b50000 - 0x00007ffe57bed000 	C:\WINDOWS\System32\msvcp_win.dll
0x00007ffe58d90000 - 0x00007ffe58dc0000 	C:\WINDOWS\System32\IMM32.DLL
0x00007ffe22af0000 - 0x00007ffe22b8d000 	C:\Program Files\Android\Android Studio\jre\bin\msvcp140.dll
0x00007ffdfb150000 - 0x00007ffdfbc35000 	C:\Program Files\Android\Android Studio\jre\bin\server\jvm.dll
0x00007ffe59380000 - 0x00007ffe5942e000 	C:\WINDOWS\System32\ADVAPI32.dll
0x00007ffe57f10000 - 0x00007ffe57fac000 	C:\WINDOWS\System32\sechost.dll
0x00007ffe58850000 - 0x00007ffe58975000 	C:\WINDOWS\System32\RPCRT4.dll
0x00007ffe58b10000 - 0x00007ffe58b18000 	C:\WINDOWS\System32\PSAPI.DLL
0x00007ffe4a800000 - 0x00007ffe4a827000 	C:\WINDOWS\SYSTEM32\WINMM.dll
0x00007ffe501a0000 - 0x00007ffe501aa000 	C:\WINDOWS\SYSTEM32\VERSION.dll
0x00007ffe55370000 - 0x00007ffe55379000 	C:\WINDOWS\SYSTEM32\WSOCK32.dll
0x00007ffe58730000 - 0x00007ffe5879b000 	C:\WINDOWS\System32\WS2_32.dll
0x00007ffe55480000 - 0x00007ffe55492000 	C:\WINDOWS\SYSTEM32\kernel.appcore.dll
0x00007ffe239b0000 - 0x00007ffe239c1000 	C:\Program Files\Android\Android Studio\jre\bin\verify.dll
0x00007ffe55140000 - 0x00007ffe55324000 	C:\WINDOWS\SYSTEM32\DBGHELP.DLL
0x00007ffe41be0000 - 0x00007ffe41c0c000 	C:\WINDOWS\SYSTEM32\dbgcore.DLL
0x00007ffe57bf0000 - 0x00007ffe57c72000 	C:\WINDOWS\System32\bcryptPrimitives.dll
0x00007ffe20d50000 - 0x00007ffe20d79000 	C:\Program Files\Android\Android Studio\jre\bin\java.dll
0x00007ffe359e0000 - 0x00007ffe359eb000 	C:\Program Files\Android\Android Studio\jre\bin\jimage.dll
0x00007ffe20c40000 - 0x00007ffe20c58000 	C:\Program Files\Android\Android Studio\jre\bin\zip.dll
0x00007ffe59430000 - 0x00007ffe59b74000 	C:\WINDOWS\System32\SHELL32.dll
0x00007ffe555f0000 - 0x00007ffe55d84000 	C:\WINDOWS\SYSTEM32\windows.storage.dll
0x00007ffe583d0000 - 0x00007ffe58724000 	C:\WINDOWS\System32\combase.dll
0x00007ffe56eb0000 - 0x00007ffe56ee0000 	C:\WINDOWS\SYSTEM32\Wldp.dll
0x00007ffe587a0000 - 0x00007ffe5884d000 	C:\WINDOWS\System32\SHCORE.dll
0x00007ffe58c50000 - 0x00007ffe58ca5000 	C:\WINDOWS\System32\shlwapi.dll
0x00007ffe57470000 - 0x00007ffe5748f000 	C:\WINDOWS\SYSTEM32\profapi.dll
0x00007ffe1ec70000 - 0x00007ffe1ec8a000 	C:\Program Files\Android\Android Studio\jre\bin\net.dll
0x00007ffe49cf0000 - 0x00007ffe49dfa000 	C:\WINDOWS\SYSTEM32\WINHTTP.dll
0x00007ffe56c90000 - 0x00007ffe56cfa000 	C:\WINDOWS\system32\mswsock.dll
0x00007ffe1eba0000 - 0x00007ffe1ebb4000 	C:\Program Files\Android\Android Studio\jre\bin\nio.dll
0x00007ffe20dc0000 - 0x00007ffe20de7000 	C:\Users\muham\.gradle\native\e1d6ef7f7dcc3fd88c89a11ec53ec762bb8ba0a96d01ffa2cd45eb1d1d8dd5c5\windows-amd64\native-platform.dll
0x00007ffe20e80000 - 0x00007ffe20fc4000 	C:\Users\muham\.gradle\native\0d407fdbe67a94daf76414ababcb853783967236a71b16ec16e742cd7a986fd3\windows-amd64\native-platform-file-events.dll
0x00007ffe32630000 - 0x00007ffe3263a000 	C:\Program Files\Android\Android Studio\jre\bin\management.dll
0x00007ffe31d30000 - 0x00007ffe31d3d000 	C:\Program Files\Android\Android Studio\jre\bin\management_ext.dll
0x00007ffe57080000 - 0x00007ffe57098000 	C:\WINDOWS\SYSTEM32\CRYPTSP.dll
0x00007ffe565c0000 - 0x00007ffe565f4000 	C:\WINDOWS\system32\rsaenh.dll
0x00007ffe57dd0000 - 0x00007ffe57df7000 	C:\WINDOWS\System32\bcrypt.dll
0x00007ffe57430000 - 0x00007ffe5745e000 	C:\WINDOWS\SYSTEM32\USERENV.dll
0x00007ffe56e20000 - 0x00007ffe56e2c000 	C:\WINDOWS\SYSTEM32\CRYPTBASE.dll
0x00007ffe56950000 - 0x00007ffe5698b000 	C:\WINDOWS\SYSTEM32\IPHLPAPI.DLL
0x00007ffe59d90000 - 0x00007ffe59d98000 	C:\WINDOWS\System32\NSI.dll
0x00007ffe4baf0000 - 0x00007ffe4bb07000 	C:\WINDOWS\SYSTEM32\dhcpcsvc6.DLL
0x00007ffe4bc10000 - 0x00007ffe4bc2d000 	C:\WINDOWS\SYSTEM32\dhcpcsvc.DLL
0x00007ffe569a0000 - 0x00007ffe56a6b000 	C:\WINDOWS\SYSTEM32\DNSAPI.dll

dbghelp: loaded successfully - version: 4.0.5 - missing functions: none
symbol engine: initialized successfully - sym options: 0x614 - pdb path: .;C:\Program Files\Android\Android Studio\jre\bin;C:\WINDOWS\SYSTEM32;C:\WINDOWS\WinSxS\amd64_microsoft.windows.common-controls_6595b64144ccf1df_6.0.19041.1110_none_60b5254171f9507e;C:\Program Files\Android\Android Studio\jre\bin\server;C:\Users\muham\.gradle\native\e1d6ef7f7dcc3fd88c89a11ec53ec762bb8ba0a96d01ffa2cd45eb1d1d8dd5c5\windows-amd64;C:\Users\muham\.gradle\native\0d407fdbe67a94daf76414ababcb853783967236a71b16ec16e742cd7a986fd3\windows-amd64

VM Arguments:
jvm_args: --add-opens=java.base/java.util=ALL-UNNAMED --add-opens=java.base/java.lang=ALL-UNNAMED --add-opens=java.base/java.lang.invoke=ALL-UNNAMED --add-opens=java.base/java.util=ALL-UNNAMED --add-opens=java.prefs/java.util.prefs=ALL-UNNAMED --add-opens=java.prefs/java.util.prefs=ALL-UNNAMED --add-opens=java.base/java.nio.charset=ALL-UNNAMED --add-opens=java.base/java.net=ALL-UNNAMED --add-opens=java.base/java.util.concurrent.atomic=ALL-UNNAMED -Xmx2048m -Dfile.encoding=UTF-8 -Duser.country=ID -Duser.language=en -Duser.variant 
java_command: org.gradle.launcher.daemon.bootstrap.GradleDaemon 7.5.1
java_class_path (initial): C:\Users\muham\.gradle\wrapper\dists\gradle-7.5.1-bin\7jzzequgds1hbszbhq3npc5ng\gradle-7.5.1\lib\gradle-launcher-7.5.1.jar
Launcher Type: SUN_STANDARD

[Global flags]
     intx CICompilerCount                          = 3                                         {product} {ergonomic}
     uint ConcGCThreads                            = 1                                         {product} {ergonomic}
     uint G1ConcRefinementThreads                  = 4                                         {product} {ergonomic}
   size_t G1HeapRegionSize                         = 1048576                                   {product} {ergonomic}
    uintx GCDrainStackTargetSize                   = 64                                        {product} {ergonomic}
   size_t InitialHeapSize                          = 167772160                                 {product} {ergonomic}
   size_t MarkStackSize                            = 4194304                                   {product} {ergonomic}
   size_t MaxHeapSize                              = 2147483648                                {product} {command line}
   size_t MaxNewSize                               = 1287651328                                {product} {ergonomic}
   size_t MinHeapDeltaBytes                        = 1048576                                   {product} {ergonomic}
    uintx NonNMethodCodeHeapSize                   = 5830732                                {pd product} {ergonomic}
    uintx NonProfiledCodeHeapSize                  = 122913754                              {pd product} {ergonomic}
    uintx ProfiledCodeHeapSize                     = 122913754                              {pd product} {ergonomic}
    uintx ReservedCodeCacheSize                    = 251658240                              {pd product} {ergonomic}
     bool SegmentedCodeCache                       = true                                      {product} {ergonomic}
     bool UseCompressedClassPointers               = true                                 {lp64_product} {ergonomic}
     bool UseCompressedOops                        = true                                 {lp64_product} {ergonomic}
     bool UseG1GC                                  = true                                      {product} {ergonomic}
     bool UseLargePagesIndividualAllocation        = false                                  {pd product} {ergonomic}

Logging:
Log output configuration:
 #0: stdout all=warning uptime,level,tags
 #1: stderr all=off uptime,level,tags

Environment Variables:
JAVA_HOME=C:\Program Files\Java\jdk1.8.0_111
PATH=C:\ProgramData\Oracle\Java\javapath;C:\Windows\system32;C:\Windows;C:\Windows\System32\Wbem;C:\Windows\System32\WindowsPowerShell\v1.0\;C:\Windows\System32\OpenSSH\;C:\Program Files (x86)\NVIDIA Corporation\PhysX\Common;C:\Program Files\NVIDIA Corporation\NVIDIA NvDLISR;C:\Program Files\Java\jdk1.8.0_111;C:\Program Files\Java\jdk1.8.0_111\bin;C:\WINDOWS\system32;C:\WINDOWS;C:\WINDOWS\System32\Wbem;C:\WINDOWS\System32\WindowsPowerShell\v1.0\;C:\WINDOWS\System32\OpenSSH\;C:\xampp\php\;C:\composer;C:\Program Files\Git\cmd;C:\Users\muham\AppData\Roaming\nvm;C:\Program Files\nodejs;C:\Program Files (x86)\PuTTY\;C:\Users\muham\AppData\Local\Microsoft\WindowsApps;C:\Users\muham\AppData\Local\Programs\Microsoft VS Code\bin;flutter\bin;C:\Users\muham\AppData\Roaming\Composer\vendor\bin;C:\Program Files\heroku\bin;C:\Users\muham\AppData\Roaming\nvm;C:\Program Files\nodejs
USERNAME=muham
OS=Windows_NT
PROCESSOR_IDENTIFIER=Intel64 Family 6 Model 61 Stepping 4, GenuineIntel



---------------  S Y S T E M  ---------------

OS: Windows 10 , 64 bit Build 19041 (10.0.19041.1806)
OS uptime: 6 days 5:19 hours
Hyper-V role detected

CPU:total 4 (initial active 4) (2 cores per cpu, 2 threads per core) family 6 model 61 stepping 4 microcode 0x2d, cmov, cx8, fxsr, mmx, sse, sse2, sse3, ssse3, sse4.1, sse4.2, popcnt, avx, avx2, aes, clmul, erms, 3dnowpref, lzcnt, ht, tsc, tscinvbit, bmi1, bmi2, adx, fma

Memory: 4k page, system-wide physical 10139M (852M free)
TotalPageFile size 11163M (AvailPageFile size 4M)
current process WorkingSet (physical memory assigned to process): 286M, peak: 286M
current process commit charge ("private bytes"): 350M, peak: 350M

vm_info: OpenJDK 64-Bit Server VM (11.0.12+7-b1504.28-7817840) for windows-amd64 JRE (11.0.12+7-b1504.28-7817840), built on Oct 13 2021 22:12:33 by "builder" with MS VC++ 14.0 (VS2015)

END.
