#
# There is insufficient memory for the Java Runtime Environment to continue.
# Native memory allocation (malloc) failed to allocate 878816 bytes for Chunk::new
# Possible reasons:
#   The system is out of physical RAM or swap space
#   The process is running with CompressedOops enabled, and the Java Heap may be blocking the growth of the native heap
# Possible solutions:
#   Reduce memory load on the system
#   Increase physical memory or swap space
#   Check if swap backing store is full
#   Decrease Java heap size (-Xmx/-Xms)
#   Decrease number of Java threads
#   Decrease Java thread stack sizes (-Xss)
#   Set larger code cache with -XX:ReservedCodeCacheSize=
#   JVM is running with Unscaled Compressed Oops mode in which the Java heap is
#     placed in the first 4GB address space. The Java Heap base address is the
#     maximum limit for the native heap growth. Please use -XX:HeapBaseMinAddress
#     to set the Java Heap base and to place the Java Heap above 4GB virtual address.
# This output file may be truncated or incomplete.
#
#  Out of Memory Error (./src/hotspot/share/memory/arena.cpp:197), pid=17964, tid=4048
#
# JRE version: OpenJDK Runtime Environment Temurin-11.0.14.1+1 (11.0.14.1+1) (build 11.0.14.1+1)
# Java VM: OpenJDK 64-Bit Server VM Temurin-11.0.14.1+1 (11.0.14.1+1, mixed mode, tiered, compressed oops, g1 gc, windows-amd64)
# No core dump will be written. Minidumps are not enabled by default on client versions of Windows
#

---------------  S U M M A R Y ------------

Command Line: --add-opens=java.base/java.util=ALL-UNNAMED --add-opens=java.base/java.lang=ALL-UNNAMED --add-opens=java.base/java.lang.invoke=ALL-UNNAMED --add-opens=java.base/java.util=ALL-UNNAMED --add-opens=java.prefs/java.util.prefs=ALL-UNNAMED --add-opens=java.prefs/java.util.prefs=ALL-UNNAMED --add-opens=java.base/java.nio.charset=ALL-UNNAMED --add-opens=java.base/java.net=ALL-UNNAMED --add-opens=java.base/java.util.concurrent.atomic=ALL-UNNAMED -Xmx2048m -Dfile.encoding=UTF-8 -Duser.country=ID -Duser.language=en -Duser.variant org.gradle.launcher.daemon.bootstrap.GradleDaemon 7.2

Host: Intel(R) Core(TM) i3-5010U CPU @ 2.10GHz, 4 cores, 9G,  Windows 10 , 64 bit Build 19041 (10.0.19041.1503)
Time: Fri Feb 25 22:38:01 2022 SE Asia Standard Time elapsed time: 6577.279319 seconds (0d 1h 49m 37s)

---------------  T H R E A D  ---------------

Current thread (0x0000022252704800):  JavaThread "C2 CompilerThread1" daemon [_thread_in_native, id=4048, stack(0x000000d930d00000,0x000000d930e00000)]


Current CompileTask:
C2:6577279 25512   !   4       com.android.ide.common.resources.MergedResourceWriter::postWriteAction (1247 bytes)

Stack: [0x000000d930d00000,0x000000d930e00000]
Native frames: (J=compiled Java code, j=interpreted, Vv=VM code, C=native code)
V  [jvm.dll+0x61e59a]
V  [jvm.dll+0x7aaca9]
V  [jvm.dll+0x7ac398]
V  [jvm.dll+0x7aca73]
V  [jvm.dll+0x24f9b8]
V  [jvm.dll+0xc260c]
V  [jvm.dll+0xc2bcc]
V  [jvm.dll+0x2c1884]
V  [jvm.dll+0x52d899]
V  [jvm.dll+0x20a2f9]
V  [jvm.dll+0x207ccb]
V  [jvm.dll+0x18a2c1]
V  [jvm.dll+0x217734]
V  [jvm.dll+0x21597b]
V  [jvm.dll+0x76d7c0]
V  [jvm.dll+0x766724]
V  [jvm.dll+0x61d3f6]
C  [ucrtbase.dll+0x21bb2]
C  [KERNEL32.DLL+0x17034]
C  [ntdll.dll+0x52651]


---------------  P R O C E S S  ---------------

Threads class SMR info:
_java_thread_list=0x0000022256304420, length=105, elements={
0x000002222d0a1000, 0x000002224b8d9000, 0x000002224b8e3800, 0x000002224b8f3800,
0x000002224b8f4800, 0x000002224b8f6800, 0x000002224b8f9000, 0x000002224b8fa000,
0x000002224b901800, 0x000002224c3b4000, 0x000002224d5f2800, 0x000002224d167000,
0x000002224ddde800, 0x000002224d73d800, 0x000002224d741000, 0x000002224d73e800,
0x000002224d742000, 0x000002224d73f800, 0x000002224e0b1000, 0x000002224e0ae800,
0x000002224e0b0800, 0x000002224e0b2000, 0x000002224e0b3000, 0x000002224da48800,
0x000002224da42800, 0x000002224da4a800, 0x0000022251fb7800, 0x0000022251fbc000,
0x000002225202f000, 0x000002224da40000, 0x0000022251fb3800, 0x000002224e0b5000,
0x000002224da3f800, 0x0000022251fbc800, 0x000002224d73d000, 0x000002224da3e800,
0x000002224d73b800, 0x000002225773d800, 0x000002225773f000, 0x000002225773e800,
0x0000022257740000, 0x000002225773c800, 0x000002225773c000, 0x000002225773a800,
0x0000022257741000, 0x000002225773b000, 0x0000022257744000, 0x0000022257745000,
0x0000022257743800, 0x0000022257741800, 0x0000022257745800, 0x0000022257746800,
0x0000022257742800, 0x0000022257747800, 0x0000022257748000, 0x0000022257749000,
0x000002225202f800, 0x0000022252030800, 0x000002225202e000, 0x000002225202a800,
0x000002225202b800, 0x0000022252031800, 0x000002225202c800, 0x0000022252032000,
0x0000022252033000, 0x000002225202d000, 0x0000022252038800, 0x0000022252037000,
0x0000022252035800, 0x0000022252038000, 0x0000022252036000, 0x0000022252039800,
0x0000022252033800, 0x0000022252034800, 0x0000022251fb4800, 0x0000022251fb2000,
0x0000022251fb5800, 0x0000022251fb1000, 0x0000022251fb6000, 0x0000022251fb8800,
0x0000022251fb3000, 0x0000022251fb9800, 0x0000022251fc0000, 0x0000022251fbe800,
0x0000022251fbf000, 0x0000022251fbd800, 0x0000022251fba000, 0x0000022251fbb000,
0x000002224da44000, 0x000002224da45000, 0x000002224da46000, 0x000002224da46800,
0x000002224da41000, 0x000002224da41800, 0x000002224da47800, 0x000002224da43800,
0x000002224da4b800, 0x000002224da4a000, 0x000002224da4c800, 0x000002224e0ad000,
0x0000022252704800, 0x000002224e0b3800, 0x000002224e0ae000, 0x000002224e0b6000,
0x000002224e0b7000
}

Java Threads: ( => current thread )
  0x000002222d0a1000 JavaThread "main" [_thread_blocked, id=12868, stack(0x000000d92a300000,0x000000d92a400000)]
  0x000002224b8d9000 JavaThread "Reference Handler" daemon [_thread_blocked, id=9396, stack(0x000000d92aa00000,0x000000d92ab00000)]
  0x000002224b8e3800 JavaThread "Finalizer" daemon [_thread_blocked, id=17732, stack(0x000000d92ab00000,0x000000d92ac00000)]
  0x000002224b8f3800 JavaThread "Signal Dispatcher" daemon [_thread_blocked, id=17384, stack(0x000000d92ac00000,0x000000d92ad00000)]
  0x000002224b8f4800 JavaThread "Attach Listener" daemon [_thread_blocked, id=17224, stack(0x000000d92ad00000,0x000000d92ae00000)]
  0x000002224b8f6800 JavaThread "Service Thread" daemon [_thread_blocked, id=14484, stack(0x000000d92ae00000,0x000000d92af00000)]
  0x000002224b8f9000 JavaThread "C2 CompilerThread0" daemon [_thread_in_native, id=11232, stack(0x000000d92af00000,0x000000d92b000000)]
  0x000002224b8fa000 JavaThread "C1 CompilerThread0" daemon [_thread_blocked, id=17604, stack(0x000000d92b000000,0x000000d92b100000)]
  0x000002224b901800 JavaThread "Sweeper thread" daemon [_thread_blocked, id=8284, stack(0x000000d92b100000,0x000000d92b200000)]
  0x000002224c3b4000 JavaThread "Common-Cleaner" daemon [_thread_blocked, id=18068, stack(0x000000d92b200000,0x000000d92b300000)]
  0x000002224d5f2800 JavaThread "Daemon health stats" [_thread_blocked, id=15892, stack(0x000000d92b400000,0x000000d92b500000)]
  0x000002224d167000 JavaThread "Incoming local TCP Connector on port 53790" [_thread_in_native, id=13780, stack(0x000000d92b700000,0x000000d92b800000)]
  0x000002224ddde800 JavaThread "Daemon periodic checks" [_thread_blocked, id=15896, stack(0x000000d92b800000,0x000000d92b900000)]
  0x000002224d73d800 JavaThread "Cache worker for journal cache (C:\Users\muham\.gradle\caches\journal-1)" [_thread_blocked, id=15392, stack(0x000000d92c100000,0x000000d92c200000)]
  0x000002224d741000 JavaThread "File lock request listener" [_thread_in_native, id=10740, stack(0x000000d92c200000,0x000000d92c300000)]
  0x000002224d73e800 JavaThread "Cache worker for file hash cache (C:\Users\muham\.gradle\caches\7.2\fileHashes)" [_thread_blocked, id=3968, stack(0x000000d92c300000,0x000000d92c400000)]
  0x000002224d742000 JavaThread "File watcher server" daemon [_thread_in_native, id=5448, stack(0x000000d92c500000,0x000000d92c600000)]
  0x000002224d73f800 JavaThread "File watcher consumer" daemon [_thread_blocked, id=5680, stack(0x000000d92c600000,0x000000d92c700000)]
  0x000002224e0b1000 JavaThread "Cache worker for execution history cache (C:\Users\muham\.gradle\caches\7.2\executionHistory)" [_thread_blocked, id=15568, stack(0x000000d92cb00000,0x000000d92cc00000)]
  0x000002224e0ae800 JavaThread "jar transforms" [_thread_blocked, id=15944, stack(0x000000d92cc00000,0x000000d92cd00000)]
  0x000002224e0b0800 JavaThread "Cache worker for file content cache (C:\Users\muham\.gradle\caches\7.2\fileContent)" [_thread_blocked, id=17184, stack(0x000000d92ca00000,0x000000d92cb00000)]
  0x000002224e0b2000 JavaThread "jar transforms Thread 2" [_thread_blocked, id=17740, stack(0x000000d92a100000,0x000000d92a200000)]
  0x000002224e0b3000 JavaThread "jar transforms Thread 3" [_thread_blocked, id=14988, stack(0x000000d92ce00000,0x000000d92cf00000)]
  0x000002224da48800 JavaThread "jar transforms Thread 4" [_thread_blocked, id=15552, stack(0x000000d92f900000,0x000000d92fa00000)]
  0x000002224da42800 JavaThread "Memory manager" [_thread_blocked, id=9888, stack(0x000000d92fb00000,0x000000d92fc00000)]
  0x000002224da4a800 JavaThread "pool-3-thread-1" [_thread_blocked, id=17648, stack(0x000000d92a000000,0x000000d92a100000)]
  0x0000022251fb7800 JavaThread "Java2D Disposer" daemon [_thread_blocked, id=176, stack(0x000000d930600000,0x000000d930700000)]
  0x0000022251fbc000 JavaThread "Cache worker for Java compile cache (C:\Users\muham\.gradle\caches\7.2\javaCompile)" [_thread_blocked, id=13772, stack(0x000000d930800000,0x000000d930900000)]
  0x000002225202f000 JavaThread "pool-8-thread-1" [_thread_blocked, id=15724, stack(0x000000d92fa00000,0x000000d92fb00000)]
  0x000002224da40000 JavaThread "pool-13-thread-1" [_thread_blocked, id=17680, stack(0x000000d92fc00000,0x000000d92fd00000)]
  0x0000022251fb3800 JavaThread "pool-18-thread-1" [_thread_blocked, id=5960, stack(0x000000d92fd00000,0x000000d92fe00000)]
  0x000002224e0b5000 JavaThread "pool-23-thread-1" [_thread_blocked, id=13288, stack(0x000000d92fe00000,0x000000d92ff00000)]
  0x000002224da3f800 JavaThread "pool-28-thread-1" [_thread_blocked, id=9124, stack(0x000000d92ff00000,0x000000d930000000)]
  0x0000022251fbc800 JavaThread "pool-33-thread-1" [_thread_blocked, id=16620, stack(0x000000d930100000,0x000000d930200000)]
  0x000002224d73d000 JavaThread "pool-38-thread-1" [_thread_blocked, id=15860, stack(0x000000d92f800000,0x000000d92f900000)]
  0x000002224da3e800 JavaThread "pool-43-thread-1" [_thread_blocked, id=4124, stack(0x000000d930000000,0x000000d930100000)]
  0x000002224d73b800 JavaThread "pool-48-thread-1" [_thread_blocked, id=13044, stack(0x000000d930300000,0x000000d930400000)]
  0x000002225773d800 JavaThread "ForkJoinPool.commonPool-worker-1" daemon [_thread_blocked, id=7292, stack(0x000000d931200000,0x000000d931300000)]
  0x000002225773f000 JavaThread "Daemon Thread 9" [_thread_blocked, id=16344, stack(0x000000d92a200000,0x000000d92a300000)]
  0x000002225773e800 JavaThread "Handler for socket connection from /127.0.0.1:53790 to /127.0.0.1:61335" [_thread_in_native, id=17912, stack(0x000000d92b900000,0x000000d92ba00000)]
  0x0000022257740000 JavaThread "Cancel handler" [_thread_blocked, id=8816, stack(0x000000d92ba00000,0x000000d92bb00000)]
  0x000002225773c800 JavaThread "Daemon worker Thread 9" [_thread_blocked, id=14404, stack(0x000000d92bb00000,0x000000d92bc00000)]
  0x000002225773c000 JavaThread "Asynchronous log dispatcher for DefaultDaemonConnection: socket connection from /127.0.0.1:53790 to /127.0.0.1:61335" [_thread_blocked, id=15888, stack(0x000000d92bc00000,0x000000d92bd00000)]
  0x000002225773a800 JavaThread "Stdin handler" [_thread_blocked, id=13512, stack(0x000000d92bd00000,0x000000d92be00000)]
  0x0000022257741000 JavaThread "Daemon client event forwarder" [_thread_blocked, id=15624, stack(0x000000d92be00000,0x000000d92bf00000)]
  0x000002225773b000 JavaThread "Cache worker for file hash cache (D:\Data Kuliah\Semester 12\App\.gradle\7.2\fileHashes)" [_thread_blocked, id=6140, stack(0x000000d92bf00000,0x000000d92c000000)]
  0x0000022257744000 JavaThread "Cache worker for checksums cache (D:\Data Kuliah\Semester 12\App\.gradle\checksums)" [_thread_blocked, id=3372, stack(0x000000d92c400000,0x000000d92c500000)]
  0x0000022257745000 JavaThread "Cache worker for cache directory md-supplier (C:\Users\muham\.gradle\caches\7.2\md-supplier)" [_thread_blocked, id=16880, stack(0x000000d92c700000,0x000000d92c800000)]
  0x0000022257743800 JavaThread "Cache worker for cache directory md-rule (C:\Users\muham\.gradle\caches\7.2\md-rule)" [_thread_blocked, id=13852, stack(0x000000d92c800000,0x000000d92c900000)]
  0x0000022257741800 JavaThread "Cache worker for dependencies-accessors (D:\Data Kuliah\Semester 12\App\.gradle\7.2\dependencies-accessors)" [_thread_blocked, id=15988, stack(0x000000d92c900000,0x000000d92ca00000)]
  0x0000022257745800 JavaThread "Cache worker for Build Output Cleanup Cache (D:\Data Kuliah\Semester 12\App\.gradle\buildOutputCleanup)" [_thread_blocked, id=9660, stack(0x000000d92cd00000,0x000000d92ce00000)]
  0x0000022257746800 JavaThread "Unconstrained build operations" [_thread_blocked, id=3288, stack(0x000000d92cf00000,0x000000d92d000000)]
  0x0000022257742800 JavaThread "Unconstrained build operations Thread 2" [_thread_blocked, id=13700, stack(0x000000d92d000000,0x000000d92d100000)]
  0x0000022257747800 JavaThread "Unconstrained build operations Thread 3" [_thread_blocked, id=17320, stack(0x000000d92d100000,0x000000d92d200000)]
  0x0000022257748000 JavaThread "Unconstrained build operations Thread 4" [_thread_blocked, id=15632, stack(0x000000d92d200000,0x000000d92d300000)]
  0x0000022257749000 JavaThread "Unconstrained build operations Thread 5" [_thread_blocked, id=6956, stack(0x000000d92d300000,0x000000d92d400000)]
  0x000002225202f800 JavaThread "Unconstrained build operations Thread 6" [_thread_blocked, id=15368, stack(0x000000d92d400000,0x000000d92d500000)]
  0x0000022252030800 JavaThread "Unconstrained build operations Thread 7" [_thread_blocked, id=15812, stack(0x000000d92d500000,0x000000d92d600000)]
  0x000002225202e000 JavaThread "Unconstrained build operations Thread 8" [_thread_blocked, id=13960, stack(0x000000d92d600000,0x000000d92d700000)]
  0x000002225202a800 JavaThread "Unconstrained build operations Thread 9" [_thread_blocked, id=16596, stack(0x000000d92d700000,0x000000d92d800000)]
  0x000002225202b800 JavaThread "Unconstrained build operations Thread 10" [_thread_blocked, id=14876, stack(0x000000d92d800000,0x000000d92d900000)]
  0x0000022252031800 JavaThread "Unconstrained build operations Thread 11" [_thread_blocked, id=17092, stack(0x000000d92d900000,0x000000d92da00000)]
  0x000002225202c800 JavaThread "Unconstrained build operations Thread 12" [_thread_blocked, id=7484, stack(0x000000d92da00000,0x000000d92db00000)]
  0x0000022252032000 JavaThread "Unconstrained build operations Thread 13" [_thread_blocked, id=16872, stack(0x000000d92db00000,0x000000d92dc00000)]
  0x0000022252033000 JavaThread "Unconstrained build operations Thread 14" [_thread_blocked, id=7148, stack(0x000000d92dc00000,0x000000d92dd00000)]
  0x000002225202d000 JavaThread "Unconstrained build operations Thread 15" [_thread_blocked, id=16488, stack(0x000000d92dd00000,0x000000d92de00000)]
  0x0000022252038800 JavaThread "Unconstrained build operations Thread 16" [_thread_blocked, id=2588, stack(0x000000d92de00000,0x000000d92df00000)]
  0x0000022252037000 JavaThread "Unconstrained build operations Thread 17" [_thread_blocked, id=16764, stack(0x000000d92df00000,0x000000d92e000000)]
  0x0000022252035800 JavaThread "Unconstrained build operations Thread 18" [_thread_blocked, id=17348, stack(0x000000d92e000000,0x000000d92e100000)]
  0x0000022252038000 JavaThread "Unconstrained build operations Thread 19" [_thread_blocked, id=17240, stack(0x000000d92e100000,0x000000d92e200000)]
  0x0000022252036000 JavaThread "Unconstrained build operations Thread 20" [_thread_blocked, id=16912, stack(0x000000d92e200000,0x000000d92e300000)]
  0x0000022252039800 JavaThread "Unconstrained build operations Thread 21" [_thread_blocked, id=16692, stack(0x000000d92e300000,0x000000d92e400000)]
  0x0000022252033800 JavaThread "Unconstrained build operations Thread 22" [_thread_blocked, id=17464, stack(0x000000d92e400000,0x000000d92e500000)]
  0x0000022252034800 JavaThread "Unconstrained build operations Thread 23" [_thread_blocked, id=2852, stack(0x000000d92e500000,0x000000d92e600000)]
  0x0000022251fb4800 JavaThread "Unconstrained build operations Thread 24" [_thread_blocked, id=17436, stack(0x000000d92e600000,0x000000d92e700000)]
  0x0000022251fb2000 JavaThread "Unconstrained build operations Thread 25" [_thread_blocked, id=15356, stack(0x000000d92e700000,0x000000d92e800000)]
  0x0000022251fb5800 JavaThread "Unconstrained build operations Thread 26" [_thread_blocked, id=18208, stack(0x000000d92e800000,0x000000d92e900000)]
  0x0000022251fb1000 JavaThread "Unconstrained build operations Thread 27" [_thread_blocked, id=14420, stack(0x000000d92e900000,0x000000d92ea00000)]
  0x0000022251fb6000 JavaThread "Unconstrained build operations Thread 28" [_thread_blocked, id=18316, stack(0x000000d92ea00000,0x000000d92eb00000)]
  0x0000022251fb8800 JavaThread "Unconstrained build operations Thread 29" [_thread_blocked, id=14340, stack(0x000000d92eb00000,0x000000d92ec00000)]
  0x0000022251fb3000 JavaThread "Unconstrained build operations Thread 30" [_thread_blocked, id=17852, stack(0x000000d92ec00000,0x000000d92ed00000)]
  0x0000022251fb9800 JavaThread "Unconstrained build operations Thread 31" [_thread_blocked, id=17432, stack(0x000000d92ed00000,0x000000d92ee00000)]
  0x0000022251fc0000 JavaThread "Unconstrained build operations Thread 32" [_thread_blocked, id=12796, stack(0x000000d92ee00000,0x000000d92ef00000)]
  0x0000022251fbe800 JavaThread "Unconstrained build operations Thread 33" [_thread_blocked, id=13996, stack(0x000000d92ef00000,0x000000d92f000000)]
  0x0000022251fbf000 JavaThread "Unconstrained build operations Thread 34" [_thread_blocked, id=8076, stack(0x000000d92f000000,0x000000d92f100000)]
  0x0000022251fbd800 JavaThread "Unconstrained build operations Thread 35" [_thread_blocked, id=9844, stack(0x000000d92f100000,0x000000d92f200000)]
  0x0000022251fba000 JavaThread "Unconstrained build operations Thread 36" [_thread_blocked, id=14148, stack(0x000000d92f200000,0x000000d92f300000)]
  0x0000022251fbb000 JavaThread "Unconstrained build operations Thread 37" [_thread_blocked, id=17484, stack(0x000000d92f300000,0x000000d92f400000)]
  0x000002224da44000 JavaThread "Unconstrained build operations Thread 38" [_thread_blocked, id=16928, stack(0x000000d92f400000,0x000000d92f500000)]
  0x000002224da45000 JavaThread "Unconstrained build operations Thread 39" [_thread_blocked, id=15740, stack(0x000000d92f500000,0x000000d92f600000)]
  0x000002224da46000 JavaThread "Unconstrained build operations Thread 40" [_thread_blocked, id=17908, stack(0x000000d92f600000,0x000000d92f700000)]
  0x000002224da46800 JavaThread "build event listener" [_thread_blocked, id=17676, stack(0x000000d930200000,0x000000d930300000)]
  0x000002224da41000 JavaThread "pool-53-thread-1" [_thread_blocked, id=18276, stack(0x000000d930400000,0x000000d930500000)]
  0x000002224da41800 JavaThread "build event listener" [_thread_blocked, id=15440, stack(0x000000d930500000,0x000000d930600000)]
  0x000002224da47800 JavaThread "Execution worker for ':'" [_thread_blocked, id=15472, stack(0x000000d930700000,0x000000d930800000)]
  0x000002224da43800 JavaThread "Execution worker for ':' Thread 2" [_thread_blocked, id=16392, stack(0x000000d930900000,0x000000d930a00000)]
  0x000002224da4b800 JavaThread "Execution worker for ':' Thread 3" [_thread_blocked, id=15068, stack(0x000000d930a00000,0x000000d930b00000)]
  0x000002224da4a000 JavaThread "Cache worker for execution history cache (D:\Data Kuliah\Semester 12\App\.gradle\7.2\executionHistory)" [_thread_blocked, id=15108, stack(0x000000d930b00000,0x000000d930c00000)]
  0x000002224da4c800 JavaThread "WorkerExecutor Queue" [_thread_blocked, id=18420, stack(0x000000d92f700000,0x000000d92f800000)]
  0x000002224e0ad000 JavaThread "WorkerExecutor Queue Thread 2" [_thread_blocked, id=17172, stack(0x000000d930c00000,0x000000d930d00000)]
=>0x0000022252704800 JavaThread "C2 CompilerThread1" daemon [_thread_in_native, id=4048, stack(0x000000d930d00000,0x000000d930e00000)]
  0x000002224e0b3800 JavaThread "WorkerExecutor Queue Thread 3" [_thread_blocked, id=18324, stack(0x000000d930e00000,0x000000d930f00000)]
  0x000002224e0ae000 JavaThread "pool-54-thread-1" [_thread_blocked, id=18012, stack(0x000000d930f00000,0x000000d931000000)]
  0x000002224e0b6000 JavaThread "stderr" [_thread_in_native, id=18284, stack(0x000000d931000000,0x000000d931100000)]
  0x000002224e0b7000 JavaThread "stdout" [_thread_in_native, id=17176, stack(0x000000d931100000,0x000000d931200000)]

Other Threads:
  0x000002224b8d5000 VMThread "VM Thread" [stack: 0x000000d92a900000,0x000000d92aa00000] [id=16824]
  0x000002224c3ce800 WatcherThread [stack: 0x000000d92b300000,0x000000d92b400000] [id=13692]
  0x000002222d0b5000 GCTaskThread "GC Thread#0" [stack: 0x000000d92a400000,0x000000d92a500000] [id=16784]
  0x000002224cab6800 GCTaskThread "GC Thread#1" [stack: 0x000000d92b500000,0x000000d92b600000] [id=18328]
  0x000002224ca38800 GCTaskThread "GC Thread#2" [stack: 0x000000d92b600000,0x000000d92b700000] [id=17624]
  0x000002224ccbe800 GCTaskThread "GC Thread#3" [stack: 0x000000d92c000000,0x000000d92c100000] [id=13616]
  0x000002222d0e9800 ConcurrentGCThread "G1 Main Marker" [stack: 0x000000d92a500000,0x000000d92a600000] [id=13600]
  0x000002222d0ea800 ConcurrentGCThread "G1 Conc#0" [stack: 0x000000d92a600000,0x000000d92a700000] [id=16576]
  0x000002224b726800 ConcurrentGCThread "G1 Refine#0" [stack: 0x000000d92a700000,0x000000d92a800000] [id=16352]
  0x000002224b727800 ConcurrentGCThread "G1 Young RemSet Sampling" [stack: 0x000000d92a800000,0x000000d92a900000] [id=17580]

Threads with active compile tasks:
C2 CompilerThread06577529 25366       4       org.gradle.api.internal.artifacts.ivyservice.resolveengine.graph.builder.DependencyGraphBuilder::resolveEdges (43 bytes)
C2 CompilerThread16577530 25512   !   4       com.android.ide.common.resources.MergedResourceWriter::postWriteAction (1247 bytes)

VM state:not at safepoint (normal execution)

VM Mutex/Monitor currently owned by a thread: None

Heap address: 0x0000000080000000, size: 2048 MB, Compressed Oops mode: 32-bit
Narrow klass base: 0x0000000000000000, Narrow klass shift: 3
Compressed class space size: 1073741824 Address: 0x0000000100000000

Heap:
 garbage-first heap   total 163840K, used 111374K [0x0000000080000000, 0x0000000100000000)
  region size 1024K, 20 young (20480K), 1 survivors (1024K)
 Metaspace       used 131822K, capacity 135311K, committed 135380K, reserved 1167360K
  class space    used 15799K, capacity 17122K, committed 17152K, reserved 1048576K
Heap Regions: E=young(eden), S=young(survivor), O=old, HS=humongous(starts), HC=humongous(continues), CS=collection set, F=free, A=archive, TAMS=top-at-mark-start (previous, next)
|   0|0x0000000080000000, 0x0000000080100000, 0x0000000080100000|100%| O|  |TAMS 0x0000000080100000, 0x0000000080000000| Untracked 
|   1|0x0000000080100000, 0x0000000080200000, 0x0000000080200000|100%| O|  |TAMS 0x0000000080200000, 0x0000000080100000| Untracked 
|   2|0x0000000080200000, 0x0000000080300000, 0x0000000080300000|100%| O|  |TAMS 0x0000000080300000, 0x0000000080200000| Complete 
|   3|0x0000000080300000, 0x0000000080400000, 0x0000000080400000|100%|HS|  |TAMS 0x0000000080400000, 0x0000000080300000| Complete 
|   4|0x0000000080400000, 0x0000000080500000, 0x0000000080500000|100%|HC|  |TAMS 0x0000000080500000, 0x0000000080400000| Complete 
|   5|0x0000000080500000, 0x0000000080600000, 0x0000000080600000|100%|HC|  |TAMS 0x0000000080600000, 0x0000000080500000| Complete 
|   6|0x0000000080600000, 0x0000000080700000, 0x0000000080700000|100%| O|  |TAMS 0x0000000080700000, 0x0000000080600000| Untracked 
|   7|0x0000000080700000, 0x0000000080800000, 0x0000000080800000|100%| O|  |TAMS 0x0000000080800000, 0x0000000080700000| Complete 
|   8|0x0000000080800000, 0x0000000080900000, 0x0000000080900000|100%| O|  |TAMS 0x0000000080900000, 0x0000000080800000| Untracked 
|   9|0x0000000080900000, 0x0000000080a00000, 0x0000000080a00000|100%| O|  |TAMS 0x0000000080a00000, 0x0000000080900000| Untracked 
|  10|0x0000000080a00000, 0x0000000080b00000, 0x0000000080b00000|100%| O|  |TAMS 0x0000000080b00000, 0x0000000080a00000| Untracked 
|  11|0x0000000080b00000, 0x0000000080c00000, 0x0000000080c00000|100%| O|  |TAMS 0x0000000080c00000, 0x0000000080b00000| Untracked 
|  12|0x0000000080c00000, 0x0000000080d00000, 0x0000000080d00000|100%| O|  |TAMS 0x0000000080d00000, 0x0000000080c00000| Complete 
|  13|0x0000000080d00000, 0x0000000080e00000, 0x0000000080e00000|100%| O|  |TAMS 0x0000000080e00000, 0x0000000080d00000| Untracked 
|  14|0x0000000080e00000, 0x0000000080f00000, 0x0000000080f00000|100%| O|  |TAMS 0x0000000080f00000, 0x0000000080e00000| Untracked 
|  15|0x0000000080f00000, 0x0000000081000000, 0x0000000081000000|100%| O|  |TAMS 0x0000000081000000, 0x0000000080f00000| Complete 
|  16|0x0000000081000000, 0x0000000081100000, 0x0000000081100000|100%|HS|  |TAMS 0x0000000081100000, 0x0000000081000000| Complete 
|  17|0x0000000081100000, 0x0000000081200000, 0x0000000081200000|100%| O|  |TAMS 0x0000000081200000, 0x0000000081100000| Complete 
|  18|0x0000000081200000, 0x0000000081300000, 0x0000000081300000|100%| O|  |TAMS 0x0000000081300000, 0x0000000081200000| Complete 
|  19|0x0000000081300000, 0x0000000081400000, 0x0000000081400000|100%| O|  |TAMS 0x0000000081400000, 0x0000000081300000| Complete 
|  20|0x0000000081400000, 0x0000000081500000, 0x0000000081500000|100%| O|  |TAMS 0x0000000081500000, 0x0000000081400000| Complete 
|  21|0x0000000081500000, 0x0000000081600000, 0x0000000081600000|100%| O|  |TAMS 0x0000000081600000, 0x0000000081500000| Complete 
|  22|0x0000000081600000, 0x0000000081700000, 0x0000000081700000|100%| O|  |TAMS 0x0000000081700000, 0x0000000081600000| Complete 
|  23|0x0000000081700000, 0x0000000081800000, 0x0000000081800000|100%| O|  |TAMS 0x0000000081800000, 0x0000000081700000| Complete 
|  24|0x0000000081800000, 0x0000000081900000, 0x0000000081900000|100%|HS|  |TAMS 0x0000000081900000, 0x0000000081800000| Complete 
|  25|0x0000000081900000, 0x0000000081a00000, 0x0000000081a00000|100%|HS|  |TAMS 0x0000000081a00000, 0x0000000081900000| Complete 
|  26|0x0000000081a00000, 0x0000000081b00000, 0x0000000081b00000|100%|HS|  |TAMS 0x0000000081b00000, 0x0000000081a00000| Complete 
|  27|0x0000000081b00000, 0x0000000081c00000, 0x0000000081c00000|100%|HC|  |TAMS 0x0000000081c00000, 0x0000000081b00000| Complete 
|  28|0x0000000081c00000, 0x0000000081d00000, 0x0000000081d00000|100%| O|  |TAMS 0x0000000081d00000, 0x0000000081c00000| Complete 
|  29|0x0000000081d00000, 0x0000000081e00000, 0x0000000081e00000|100%| O|  |TAMS 0x0000000081e00000, 0x0000000081d00000| Untracked 
|  30|0x0000000081e00000, 0x0000000081f00000, 0x0000000081f00000|100%| O|  |TAMS 0x0000000081f00000, 0x0000000081e00000| Complete 
|  31|0x0000000081f00000, 0x0000000082000000, 0x0000000082000000|100%| O|  |TAMS 0x0000000082000000, 0x0000000081f00000| Untracked 
|  32|0x0000000082000000, 0x0000000082100000, 0x0000000082100000|100%| O|  |TAMS 0x0000000082100000, 0x0000000082000000| Complete 
|  33|0x0000000082100000, 0x0000000082200000, 0x0000000082200000|100%| O|  |TAMS 0x0000000082200000, 0x0000000082100000| Untracked 
|  34|0x0000000082200000, 0x0000000082300000, 0x0000000082300000|100%| O|  |TAMS 0x0000000082300000, 0x0000000082200000| Untracked 
|  35|0x0000000082300000, 0x0000000082400000, 0x0000000082400000|100%| O|  |TAMS 0x0000000082400000, 0x0000000082300000| Untracked 
|  36|0x0000000082400000, 0x0000000082500000, 0x0000000082500000|100%| O|  |TAMS 0x0000000082500000, 0x0000000082400000| Untracked 
|  37|0x0000000082500000, 0x0000000082600000, 0x0000000082600000|100%| O|  |TAMS 0x0000000082600000, 0x0000000082500000| Untracked 
|  38|0x0000000082600000, 0x0000000082700000, 0x0000000082700000|100%| O|  |TAMS 0x0000000082700000, 0x0000000082600000| Complete 
|  39|0x0000000082700000, 0x0000000082800000, 0x0000000082800000|100%| O|  |TAMS 0x0000000082800000, 0x0000000082700000| Complete 
|  40|0x0000000082800000, 0x0000000082900000, 0x0000000082900000|100%| O|  |TAMS 0x0000000082900000, 0x0000000082800000| Complete 
|  41|0x0000000082900000, 0x0000000082a00000, 0x0000000082a00000|100%| O|  |TAMS 0x0000000082a00000, 0x0000000082900000| Untracked 
|  42|0x0000000082a00000, 0x0000000082b00000, 0x0000000082b00000|100%| O|  |TAMS 0x0000000082b00000, 0x0000000082a00000| Untracked 
|  43|0x0000000082b00000, 0x0000000082c00000, 0x0000000082c00000|100%| O|  |TAMS 0x0000000082c00000, 0x0000000082b00000| Complete 
|  44|0x0000000082c00000, 0x0000000082d00000, 0x0000000082d00000|100%| O|  |TAMS 0x0000000082d00000, 0x0000000082c00000| Complete 
|  45|0x0000000082d00000, 0x0000000082e00000, 0x0000000082e00000|100%| O|  |TAMS 0x0000000082e00000, 0x0000000082d00000| Complete 
|  46|0x0000000082e00000, 0x0000000082f00000, 0x0000000082f00000|100%| O|  |TAMS 0x0000000082f00000, 0x0000000082e00000| Complete 
|  47|0x0000000082f00000, 0x0000000083000000, 0x0000000083000000|100%| O|  |TAMS 0x0000000083000000, 0x0000000082f00000| Untracked 
|  48|0x0000000083000000, 0x0000000083100000, 0x0000000083100000|100%| O|  |TAMS 0x0000000083100000, 0x0000000083000000| Untracked 
|  49|0x0000000083100000, 0x0000000083200000, 0x0000000083200000|100%| O|  |TAMS 0x0000000083200000, 0x0000000083100000| Untracked 
|  50|0x0000000083200000, 0x0000000083300000, 0x0000000083300000|100%| O|  |TAMS 0x0000000083300000, 0x0000000083200000| Complete 
|  51|0x0000000083300000, 0x0000000083400000, 0x0000000083400000|100%| O|  |TAMS 0x0000000083400000, 0x0000000083300000| Complete 
|  52|0x0000000083400000, 0x0000000083500000, 0x0000000083500000|100%| O|  |TAMS 0x0000000083500000, 0x0000000083400000| Untracked 
|  53|0x0000000083500000, 0x0000000083600000, 0x0000000083600000|100%| O|  |TAMS 0x0000000083600000, 0x0000000083500000| Untracked 
|  54|0x0000000083600000, 0x0000000083700000, 0x0000000083700000|100%| O|  |TAMS 0x00000000836f0400, 0x0000000083600000| Complete 
|  55|0x0000000083700000, 0x0000000083700000, 0x0000000083800000|  0%| F|  |TAMS 0x0000000083700000, 0x0000000083700000| Untracked 
|  56|0x0000000083800000, 0x0000000083900000, 0x0000000083900000|100%| O|  |TAMS 0x0000000083900000, 0x0000000083800000| Untracked 
|  57|0x0000000083900000, 0x0000000083a00000, 0x0000000083a00000|100%| O|  |TAMS 0x0000000083900000, 0x0000000083900000| Untracked 
|  58|0x0000000083a00000, 0x0000000083b00000, 0x0000000083b00000|100%| O|  |TAMS 0x0000000083b00000, 0x0000000083a00000| Untracked 
|  59|0x0000000083b00000, 0x0000000083c00000, 0x0000000083c00000|100%| O|  |TAMS 0x0000000083c00000, 0x0000000083b00000| Untracked 
|  60|0x0000000083c00000, 0x0000000083d00000, 0x0000000083d00000|100%| O|  |TAMS 0x0000000083d00000, 0x0000000083c00000| Untracked 
|  61|0x0000000083d00000, 0x0000000083e00000, 0x0000000083e00000|100%| O|  |TAMS 0x0000000083e00000, 0x0000000083d00000| Complete 
|  62|0x0000000083e00000, 0x0000000083f00000, 0x0000000083f00000|100%| O|  |TAMS 0x0000000083e00000, 0x0000000083e00000| Untracked 
|  63|0x0000000083f00000, 0x0000000084000000, 0x0000000084000000|100%| O|  |TAMS 0x0000000084000000, 0x0000000083f00000| Complete 
|  64|0x0000000084000000, 0x0000000084100000, 0x0000000084100000|100%| O|  |TAMS 0x0000000084000000, 0x0000000084000000| Untracked 
|  65|0x0000000084100000, 0x0000000084200000, 0x0000000084200000|100%| O|  |TAMS 0x0000000084200000, 0x0000000084100000| Untracked 
|  66|0x0000000084200000, 0x0000000084300000, 0x0000000084300000|100%| O|  |TAMS 0x0000000084300000, 0x0000000084200000| Complete 
|  67|0x0000000084300000, 0x0000000084400000, 0x0000000084400000|100%| O|  |TAMS 0x0000000084300000, 0x0000000084300000| Untracked 
|  68|0x0000000084400000, 0x0000000084500000, 0x0000000084500000|100%| O|  |TAMS 0x0000000084500000, 0x0000000084400000| Complete 
|  69|0x0000000084500000, 0x0000000084600000, 0x0000000084600000|100%| O|  |TAMS 0x0000000084600000, 0x0000000084500000| Complete 
|  70|0x0000000084600000, 0x0000000084700000, 0x0000000084700000|100%| O|  |TAMS 0x0000000084700000, 0x0000000084600000| Complete 
|  71|0x0000000084700000, 0x0000000084700000, 0x0000000084800000|  0%| F|  |TAMS 0x0000000084700000, 0x0000000084700000| Untracked 
|  72|0x0000000084800000, 0x0000000084800000, 0x0000000084900000|  0%| F|  |TAMS 0x0000000084800000, 0x0000000084800000| Untracked 
|  73|0x0000000084900000, 0x0000000084900000, 0x0000000084a00000|  0%| F|  |TAMS 0x0000000084900000, 0x0000000084900000| Untracked 
|  74|0x0000000084a00000, 0x0000000084a00000, 0x0000000084b00000|  0%| F|  |TAMS 0x0000000084a00000, 0x0000000084a00000| Untracked 
|  75|0x0000000084b00000, 0x0000000084c00000, 0x0000000084c00000|100%| O|  |TAMS 0x0000000084c00000, 0x0000000084b00000| Untracked 
|  76|0x0000000084c00000, 0x0000000084d00000, 0x0000000084d00000|100%| O|  |TAMS 0x0000000084d00000, 0x0000000084c00000| Untracked 
|  77|0x0000000084d00000, 0x0000000084d00000, 0x0000000084e00000|  0%| F|  |TAMS 0x0000000084d00000, 0x0000000084d00000| Untracked 
|  78|0x0000000084e00000, 0x0000000084e00000, 0x0000000084f00000|  0%| F|  |TAMS 0x0000000084e00000, 0x0000000084e00000| Untracked 
|  79|0x0000000084f00000, 0x0000000085000000, 0x0000000085000000|100%| O|  |TAMS 0x0000000085000000, 0x0000000084f00000| Complete 
|  80|0x0000000085000000, 0x0000000085100000, 0x0000000085100000|100%| O|  |TAMS 0x0000000085100000, 0x0000000085000000| Untracked 
|  81|0x0000000085100000, 0x0000000085200000, 0x0000000085200000|100%| O|  |TAMS 0x0000000085200000, 0x0000000085100000| Untracked 
|  82|0x0000000085200000, 0x0000000085300000, 0x0000000085300000|100%| O|  |TAMS 0x0000000085300000, 0x0000000085200000| Untracked 
|  83|0x0000000085300000, 0x0000000085400000, 0x0000000085400000|100%| O|  |TAMS 0x0000000085400000, 0x0000000085300000| Untracked 
|  84|0x0000000085400000, 0x0000000085500000, 0x0000000085500000|100%| O|  |TAMS 0x0000000085500000, 0x0000000085400000| Untracked 
|  85|0x0000000085500000, 0x0000000085600000, 0x0000000085600000|100%| O|  |TAMS 0x0000000085600000, 0x0000000085500000| Untracked 
|  86|0x0000000085600000, 0x0000000085600000, 0x0000000085700000|  0%| F|  |TAMS 0x0000000085600000, 0x0000000085600000| Untracked 
|  87|0x0000000085700000, 0x0000000085700000, 0x0000000085800000|  0%| F|  |TAMS 0x0000000085700000, 0x0000000085700000| Untracked 
|  88|0x0000000085800000, 0x0000000085800000, 0x0000000085900000|  0%| F|  |TAMS 0x0000000085800000, 0x0000000085800000| Untracked 
|  89|0x0000000085900000, 0x0000000085a00000, 0x0000000085a00000|100%| O|  |TAMS 0x0000000085a00000, 0x0000000085900000| Untracked 
|  90|0x0000000085a00000, 0x0000000085b00000, 0x0000000085b00000|100%| O|  |TAMS 0x0000000085b00000, 0x0000000085a00000| Untracked 
|  91|0x0000000085b00000, 0x0000000085b00000, 0x0000000085c00000|  0%| F|  |TAMS 0x0000000085b00000, 0x0000000085b00000| Untracked 
|  92|0x0000000085c00000, 0x0000000085c00000, 0x0000000085d00000|  0%| F|  |TAMS 0x0000000085c00000, 0x0000000085c00000| Untracked 
|  93|0x0000000085d00000, 0x0000000085d00000, 0x0000000085e00000|  0%| F|  |TAMS 0x0000000085d00000, 0x0000000085d00000| Untracked 
|  94|0x0000000085e00000, 0x0000000085f00000, 0x0000000085f00000|100%| O|  |TAMS 0x0000000085f00000, 0x0000000085e00000| Complete 
|  95|0x0000000085f00000, 0x0000000086000000, 0x0000000086000000|100%| O|  |TAMS 0x0000000086000000, 0x0000000085f00000| Complete 
|  96|0x0000000086000000, 0x0000000086100000, 0x0000000086100000|100%| O|  |TAMS 0x0000000086100000, 0x0000000086000000| Complete 
|  97|0x0000000086100000, 0x0000000086200000, 0x0000000086200000|100%| O|  |TAMS 0x0000000086200000, 0x0000000086100000| Complete 
|  98|0x0000000086200000, 0x0000000086200000, 0x0000000086300000|  0%| F|  |TAMS 0x0000000086200000, 0x0000000086200000| Untracked 
|  99|0x0000000086300000, 0x0000000086300000, 0x0000000086400000|  0%| F|  |TAMS 0x0000000086300000, 0x0000000086300000| Untracked 
| 100|0x0000000086400000, 0x0000000086400000, 0x0000000086500000|  0%| F|  |TAMS 0x0000000086400000, 0x0000000086400000| Untracked 
| 101|0x0000000086500000, 0x0000000086500000, 0x0000000086600000|  0%| F|  |TAMS 0x0000000086500000, 0x0000000086500000| Untracked 
| 102|0x0000000086600000, 0x00000000866fb000, 0x0000000086700000| 98%| O|  |TAMS 0x0000000086600000, 0x0000000086600000| Untracked 
| 103|0x0000000086700000, 0x0000000086800000, 0x0000000086800000|100%| O|  |TAMS 0x0000000086800000, 0x0000000086700000| Complete 
| 104|0x0000000086800000, 0x0000000086900000, 0x0000000086900000|100%| O|  |TAMS 0x0000000086900000, 0x0000000086800000| Untracked 
| 105|0x0000000086900000, 0x0000000086900000, 0x0000000086a00000|  0%| F|  |TAMS 0x0000000086900000, 0x0000000086900000| Untracked 
| 106|0x0000000086a00000, 0x0000000086a00000, 0x0000000086b00000|  0%| F|  |TAMS 0x0000000086a00000, 0x0000000086a00000| Untracked 
| 107|0x0000000086b00000, 0x0000000086b00000, 0x0000000086c00000|  0%| F|  |TAMS 0x0000000086b00000, 0x0000000086b00000| Untracked 
| 108|0x0000000086c00000, 0x0000000086c00000, 0x0000000086d00000|  0%| F|  |TAMS 0x0000000086c00000, 0x0000000086c00000| Untracked 
| 109|0x0000000086d00000, 0x0000000086d00000, 0x0000000086e00000|  0%| F|  |TAMS 0x0000000086d00000, 0x0000000086d00000| Untracked 
| 110|0x0000000086e00000, 0x0000000086e00000, 0x0000000086f00000|  0%| F|  |TAMS 0x0000000086e00000, 0x0000000086e00000| Untracked 
| 111|0x0000000086f00000, 0x0000000086f00000, 0x0000000087000000|  0%| F|  |TAMS 0x0000000086f00000, 0x0000000086f00000| Untracked 
| 112|0x0000000087000000, 0x0000000087000000, 0x0000000087100000|  0%| F|  |TAMS 0x0000000087000000, 0x0000000087000000| Untracked 
| 113|0x0000000087100000, 0x0000000087100000, 0x0000000087200000|  0%| F|  |TAMS 0x0000000087100000, 0x0000000087100000| Untracked 
| 114|0x0000000087200000, 0x0000000087200000, 0x0000000087300000|  0%| F|  |TAMS 0x0000000087200000, 0x0000000087200000| Untracked 
| 115|0x0000000087300000, 0x0000000087300000, 0x0000000087400000|  0%| F|  |TAMS 0x0000000087300000, 0x0000000087300000| Untracked 
| 116|0x0000000087400000, 0x0000000087400000, 0x0000000087500000|  0%| F|  |TAMS 0x0000000087400000, 0x0000000087400000| Untracked 
| 117|0x0000000087500000, 0x0000000087500000, 0x0000000087600000|  0%| F|  |TAMS 0x0000000087500000, 0x0000000087500000| Untracked 
| 118|0x0000000087600000, 0x00000000876c8b40, 0x0000000087700000| 78%| S|CS|TAMS 0x0000000087600000, 0x0000000087600000| Complete 
| 119|0x0000000087700000, 0x0000000087800000, 0x0000000087800000|100%| O|  |TAMS 0x0000000087800000, 0x0000000087700000| Untracked 
| 120|0x0000000087800000, 0x0000000087900000, 0x0000000087900000|100%| O|  |TAMS 0x0000000087900000, 0x0000000087800000| Untracked 
| 121|0x0000000087900000, 0x0000000087a00000, 0x0000000087a00000|100%| O|  |TAMS 0x0000000087a00000, 0x0000000087900000| Untracked 
| 122|0x0000000087a00000, 0x0000000087a00000, 0x0000000087b00000|  0%| F|  |TAMS 0x0000000087a00000, 0x0000000087a00000| Untracked 
| 123|0x0000000087b00000, 0x0000000087b00000, 0x0000000087c00000|  0%| F|  |TAMS 0x0000000087b00000, 0x0000000087b00000| Untracked 
| 124|0x0000000087c00000, 0x0000000087c00000, 0x0000000087d00000|  0%| F|  |TAMS 0x0000000087c00000, 0x0000000087c00000| Untracked 
| 125|0x0000000087d00000, 0x0000000087d00000, 0x0000000087e00000|  0%| F|  |TAMS 0x0000000087d00000, 0x0000000087d00000| Untracked 
| 126|0x0000000087e00000, 0x0000000087e00000, 0x0000000087f00000|  0%| F|  |TAMS 0x0000000087e00000, 0x0000000087e00000| Untracked 
| 127|0x0000000087f00000, 0x0000000087f00000, 0x0000000088000000|  0%| F|  |TAMS 0x0000000087f00000, 0x0000000087f00000| Untracked 
| 128|0x0000000088000000, 0x0000000088000000, 0x0000000088100000|  0%| F|  |TAMS 0x0000000088000000, 0x0000000088000000| Untracked 
| 129|0x0000000088100000, 0x0000000088100000, 0x0000000088200000|  0%| F|  |TAMS 0x0000000088100000, 0x0000000088100000| Untracked 
| 130|0x0000000088200000, 0x0000000088200000, 0x0000000088300000|  0%| F|  |TAMS 0x0000000088200000, 0x0000000088200000| Untracked 
| 131|0x0000000088300000, 0x0000000088300000, 0x0000000088400000|  0%| F|  |TAMS 0x0000000088300000, 0x0000000088300000| Untracked 
| 132|0x0000000088400000, 0x0000000088400000, 0x0000000088500000|  0%| F|  |TAMS 0x0000000088400000, 0x0000000088400000| Untracked 
| 133|0x0000000088500000, 0x0000000088500000, 0x0000000088600000|  0%| F|  |TAMS 0x0000000088500000, 0x0000000088500000| Untracked 
| 134|0x0000000088600000, 0x0000000088600000, 0x0000000088700000|  0%| F|  |TAMS 0x0000000088600000, 0x0000000088600000| Untracked 
| 135|0x0000000088700000, 0x0000000088700000, 0x0000000088800000|  0%| F|  |TAMS 0x0000000088700000, 0x0000000088700000| Untracked 
| 136|0x0000000088800000, 0x0000000088800000, 0x0000000088900000|  0%| F|  |TAMS 0x0000000088800000, 0x0000000088800000| Untracked 
| 137|0x0000000088900000, 0x0000000088900000, 0x0000000088a00000|  0%| F|  |TAMS 0x0000000088900000, 0x0000000088900000| Untracked 
| 138|0x0000000088a00000, 0x0000000088a00000, 0x0000000088b00000|  0%| F|  |TAMS 0x0000000088a00000, 0x0000000088a00000| Untracked 
| 139|0x0000000088b00000, 0x0000000088b00000, 0x0000000088c00000|  0%| F|  |TAMS 0x0000000088b00000, 0x0000000088b00000| Untracked 
| 140|0x0000000088c00000, 0x0000000088c00000, 0x0000000088d00000|  0%| F|  |TAMS 0x0000000088c00000, 0x0000000088c00000| Untracked 
| 141|0x0000000088d00000, 0x0000000088d7ef68, 0x0000000088e00000| 49%| E|  |TAMS 0x0000000088d00000, 0x0000000088d00000| Complete 
| 142|0x0000000088e00000, 0x0000000088f00000, 0x0000000088f00000|100%| E|CS|TAMS 0x0000000088e00000, 0x0000000088e00000| Complete 
| 143|0x0000000088f00000, 0x0000000089000000, 0x0000000089000000|100%| E|CS|TAMS 0x0000000088f00000, 0x0000000088f00000| Complete 
| 144|0x0000000089000000, 0x0000000089100000, 0x0000000089100000|100%| E|CS|TAMS 0x0000000089000000, 0x0000000089000000| Complete 
| 145|0x0000000089100000, 0x0000000089200000, 0x0000000089200000|100%| E|CS|TAMS 0x0000000089100000, 0x0000000089100000| Complete 
| 146|0x0000000089200000, 0x0000000089300000, 0x0000000089300000|100%| E|CS|TAMS 0x0000000089200000, 0x0000000089200000| Complete 
| 147|0x0000000089300000, 0x0000000089400000, 0x0000000089400000|100%| E|CS|TAMS 0x0000000089300000, 0x0000000089300000| Complete 
| 148|0x0000000089400000, 0x0000000089500000, 0x0000000089500000|100%| E|CS|TAMS 0x0000000089400000, 0x0000000089400000| Complete 
| 149|0x0000000089500000, 0x0000000089600000, 0x0000000089600000|100%| E|CS|TAMS 0x0000000089500000, 0x0000000089500000| Complete 
| 150|0x0000000089600000, 0x0000000089700000, 0x0000000089700000|100%| E|CS|TAMS 0x0000000089600000, 0x0000000089600000| Complete 
| 151|0x0000000089700000, 0x0000000089800000, 0x0000000089800000|100%| E|CS|TAMS 0x0000000089700000, 0x0000000089700000| Complete 
| 152|0x0000000089800000, 0x0000000089900000, 0x0000000089900000|100%| E|  |TAMS 0x0000000089800000, 0x0000000089800000| Complete 
| 153|0x0000000089900000, 0x0000000089a00000, 0x0000000089a00000|100%| E|CS|TAMS 0x0000000089900000, 0x0000000089900000| Complete 
| 154|0x0000000089a00000, 0x0000000089b00000, 0x0000000089b00000|100%| E|CS|TAMS 0x0000000089a00000, 0x0000000089a00000| Complete 
| 155|0x0000000089b00000, 0x0000000089c00000, 0x0000000089c00000|100%| E|CS|TAMS 0x0000000089b00000, 0x0000000089b00000| Complete 
| 156|0x0000000089c00000, 0x0000000089d00000, 0x0000000089d00000|100%| E|CS|TAMS 0x0000000089c00000, 0x0000000089c00000| Complete 
| 157|0x0000000089d00000, 0x0000000089e00000, 0x0000000089e00000|100%| E|CS|TAMS 0x0000000089d00000, 0x0000000089d00000| Complete 
| 158|0x0000000089e00000, 0x0000000089f00000, 0x0000000089f00000|100%| E|CS|TAMS 0x0000000089e00000, 0x0000000089e00000| Complete 
| 159|0x0000000089f00000, 0x000000008a000000, 0x000000008a000000|100%| E|CS|TAMS 0x0000000089f00000, 0x0000000089f00000| Complete 

Card table byte_map: [0x0000022244be0000,0x0000022244fe0000] _byte_map_base: 0x00000222447e0000

Marking Bits (Prev, Next): (CMBitMap*) 0x000002222d0e0928, (CMBitMap*) 0x000002222d0e0960
 Prev Bits: [0x00000222453e0000, 0x00000222473e0000)
 Next Bits: [0x00000222473e0000, 0x00000222493e0000)

Polling page: 0x000002222af00000

Metaspace:

Usage:
  Non-class:    115.42 MB capacity,   113.30 MB ( 98%) used,     1.68 MB (  1%) free+waste,   449.00 KB ( <1%) overhead. 
      Class:     16.72 MB capacity,    15.43 MB ( 92%) used,     1.10 MB (  7%) free+waste,   192.31 KB (  1%) overhead. 
       Both:    132.14 MB capacity,   128.73 MB ( 97%) used,     2.78 MB (  2%) free+waste,   641.31 KB ( <1%) overhead. 

Virtual space:
  Non-class space:      116.00 MB reserved,     115.46 MB (>99%) committed 
      Class space:        1.00 GB reserved,      16.75 MB (  2%) committed 
             Both:        1.11 GB reserved,     132.21 MB ( 12%) committed 

Chunk freelists:
   Non-Class:  0 bytes
       Class:  0 bytes
        Both:  0 bytes

MaxMetaspaceSize: 17179869184.00 GB
CompressedClassSpaceSize: 1.00 GB
Initial GC threshold: 20.80 MB
Current GC threshold: 220.35 MB
CDS: off

CodeHeap 'non-profiled nmethods': size=120064Kb used=18084Kb max_used=18655Kb free=101979Kb
 bounds [0x000002223d2a0000, 0x000002223e4e0000, 0x00000222447e0000]
CodeHeap 'profiled nmethods': size=120000Kb used=51517Kb max_used=53012Kb free=68482Kb
 bounds [0x0000022235d70000, 0x0000022239140000, 0x000002223d2a0000]
CodeHeap 'non-nmethods': size=5696Kb used=2527Kb max_used=2602Kb free=3168Kb
 bounds [0x00000222357e0000, 0x0000022235a70000, 0x0000022235d70000]
 total_blobs=23610 nmethods=22530 adapters=990
 compilation: enabled
              stopped_count=0, restarted_count=0
 full_count=0

Compilation events (20 events):
Event: 6577.194 Thread 0x000002224b8fa000 25564       3       org.gradle.api.internal.artifacts.configurations.DefaultConfiguration_Decorated::getIdentityPath (40 bytes)
Event: 6577.195 Thread 0x000002224b8fa000 nmethod 25564 0x0000022237d18810 code [0x0000022237d18a00, 0x0000022237d18d58]
Event: 6577.195 Thread 0x000002224b8fa000 25565       3       org.gradle.api.internal.artifacts.configurations.DefaultConfiguration_Decorated::getPath (40 bytes)
Event: 6577.196 Thread 0x000002224b8fa000 nmethod 25565 0x0000022237c28f10 code [0x0000022237c29140, 0x0000022237c297f8]
Event: 6577.196 Thread 0x000002224b8fa000 25566       3       org.gradle.api.internal.artifacts.configurations.DefaultConfiguration::getPath (8 bytes)
Event: 6577.196 Thread 0x000002224b8fa000 nmethod 25566 0x0000022237237110 code [0x00000222372372e0, 0x0000022237237528]
Event: 6577.197 Thread 0x000002224b8fa000 25567       3       org.gradle.api.internal.artifacts.ivyservice.DefaultLenientConfiguration$2::run (57 bytes)
Event: 6577.197 Thread 0x000002224b8fa000 nmethod 25567 0x0000022236f91310 code [0x0000022236f91500, 0x0000022236f91968]
Event: 6577.197 Thread 0x000002224b8fa000 25568       3       org.gradle.api.internal.artifacts.ivyservice.DefaultLenientConfiguration::access$500 (10 bytes)
Event: 6577.198 Thread 0x000002224b8fa000 nmethod 25568 0x0000022236752290 code [0x0000022236752440, 0x0000022236752548]
Event: 6577.198 Thread 0x000002224b8fa000 25569       3       org.gradle.api.internal.artifacts.ivyservice.DefaultLenientConfiguration::visitArtifacts (215 bytes)
Event: 6577.201 Thread 0x000002224b8fa000 nmethod 25569 0x00000222370b4b10 code [0x00000222370b4f80, 0x00000222370b7278]
Event: 6577.201 Thread 0x000002224b8fa000 25571       3       org.gradle.api.internal.artifacts.ivyservice.ivyresolve.verification.DependencyVerificationOverride::artifactsAccessed (1 bytes)
Event: 6577.201 Thread 0x000002224b8fa000 nmethod 25571 0x0000022236796e10 code [0x0000022236796fc0, 0x00000222367970b8]
Event: 6577.201 Thread 0x000002224b8fa000 25570   !   3       org.gradle.internal.Describables$MemoizingDescribable::getDisplayName (58 bytes)
Event: 6577.202 Thread 0x000002224b8fa000 nmethod 25570 0x0000022236fa2990 code [0x0000022236fa2b60, 0x0000022236fa3108]
Event: 6577.205 Thread 0x000002224b8fa000 25572       3       org.gradle.api.internal.tasks.execution.ExecuteActionsTaskExecuter$TaskExecution::getInputChangeTrackingStrategy (63 bytes)
Event: 6577.206 Thread 0x000002224b8fa000 nmethod 25572 0x000002223692f310 code [0x000002223692f540, 0x000002223692fd78]
Event: 6577.206 Thread 0x000002224b8fa000 25573       3       java.util.stream.Streams$ConcatSpliterator::<init> (47 bytes)
Event: 6577.207 Thread 0x000002224b8fa000 nmethod 25573 0x0000022236c26710 code [0x0000022236c26900, 0x0000022236c26d18]

GC Heap History (20 events):
Event: 6137.983 GC heap before
{Heap before GC invocations=198 (full 0):
 garbage-first heap   total 163840K, used 141523K [0x0000000080000000, 0x0000000100000000)
  region size 1024K, 27 young (27648K), 2 survivors (2048K)
 Metaspace       used 131583K, capacity 135127K, committed 135380K, reserved 1167360K
  class space    used 15794K, capacity 17113K, committed 17152K, reserved 1048576K
}
Event: 6137.994 GC heap after
{Heap after GC invocations=199 (full 0):
 garbage-first heap   total 163840K, used 103947K [0x0000000080000000, 0x0000000100000000)
  region size 1024K, 4 young (4096K), 4 survivors (4096K)
 Metaspace       used 131583K, capacity 135127K, committed 135380K, reserved 1167360K
  class space    used 15794K, capacity 17113K, committed 17152K, reserved 1048576K
}
Event: 6138.054 GC heap before
{Heap before GC invocations=199 (full 0):
 garbage-first heap   total 163840K, used 108043K [0x0000000080000000, 0x0000000100000000)
  region size 1024K, 8 young (8192K), 4 survivors (4096K)
 Metaspace       used 131586K, capacity 135127K, committed 135380K, reserved 1167360K
  class space    used 15794K, capacity 17113K, committed 17152K, reserved 1048576K
}
Event: 6138.064 GC heap after
{Heap after GC invocations=200 (full 0):
 garbage-first heap   total 163840K, used 104259K [0x0000000080000000, 0x0000000100000000)
  region size 1024K, 1 young (1024K), 1 survivors (1024K)
 Metaspace       used 131586K, capacity 135127K, committed 135380K, reserved 1167360K
  class space    used 15794K, capacity 17113K, committed 17152K, reserved 1048576K
}
Event: 6138.524 GC heap before
{Heap before GC invocations=200 (full 0):
 garbage-first heap   total 163840K, used 129859K [0x0000000080000000, 0x0000000100000000)
  region size 1024K, 26 young (26624K), 1 survivors (1024K)
 Metaspace       used 131609K, capacity 135127K, committed 135380K, reserved 1167360K
  class space    used 15794K, capacity 17113K, committed 17152K, reserved 1048576K
}
Event: 6138.541 GC heap after
{Heap after GC invocations=201 (full 0):
 garbage-first heap   total 163840K, used 111761K [0x0000000080000000, 0x0000000100000000)
  region size 1024K, 4 young (4096K), 4 survivors (4096K)
 Metaspace       used 131609K, capacity 135127K, committed 135380K, reserved 1167360K
  class space    used 15794K, capacity 17113K, committed 17152K, reserved 1048576K
}
Event: 6142.467 GC heap before
{Heap before GC invocations=202 (full 0):
 garbage-first heap   total 163840K, used 120977K [0x0000000080000000, 0x0000000100000000)
  region size 1024K, 24 young (24576K), 4 survivors (4096K)
 Metaspace       used 131653K, capacity 135205K, committed 135380K, reserved 1167360K
  class space    used 15795K, capacity 17115K, committed 17152K, reserved 1048576K
}
Event: 6142.483 GC heap after
{Heap after GC invocations=203 (full 0):
 garbage-first heap   total 163840K, used 102737K [0x0000000080000000, 0x0000000100000000)
  region size 1024K, 3 young (3072K), 3 survivors (3072K)
 Metaspace       used 131653K, capacity 135205K, committed 135380K, reserved 1167360K
  class space    used 15795K, capacity 17115K, committed 17152K, reserved 1048576K
}
Event: 6142.499 GC heap before
{Heap before GC invocations=203 (full 0):
 garbage-first heap   total 163840K, used 107857K [0x0000000080000000, 0x0000000100000000)
  region size 1024K, 8 young (8192K), 3 survivors (3072K)
 Metaspace       used 131653K, capacity 135205K, committed 135380K, reserved 1167360K
  class space    used 15795K, capacity 17115K, committed 17152K, reserved 1048576K
}
Event: 6142.524 GC heap after
{Heap after GC invocations=204 (full 0):
 garbage-first heap   total 163840K, used 96256K [0x0000000080000000, 0x0000000100000000)
  region size 1024K, 1 young (1024K), 1 survivors (1024K)
 Metaspace       used 131653K, capacity 135205K, committed 135380K, reserved 1167360K
  class space    used 15795K, capacity 17115K, committed 17152K, reserved 1048576K
}
Event: 6142.645 GC heap before
{Heap before GC invocations=204 (full 0):
 garbage-first heap   total 163840K, used 124928K [0x0000000080000000, 0x0000000100000000)
  region size 1024K, 30 young (30720K), 1 survivors (1024K)
 Metaspace       used 131656K, capacity 135205K, committed 135380K, reserved 1167360K
  class space    used 15795K, capacity 17115K, committed 17152K, reserved 1048576K
}
Event: 6142.663 GC heap after
{Heap after GC invocations=205 (full 0):
 garbage-first heap   total 163840K, used 98868K [0x0000000080000000, 0x0000000100000000)
  region size 1024K, 4 young (4096K), 4 survivors (4096K)
 Metaspace       used 131656K, capacity 135205K, committed 135380K, reserved 1167360K
  class space    used 15795K, capacity 17115K, committed 17152K, reserved 1048576K
}
Event: 6436.067 GC heap before
{Heap before GC invocations=206 (full 0):
 garbage-first heap   total 163840K, used 133684K [0x0000000080000000, 0x0000000100000000)
  region size 1024K, 33 young (33792K), 4 survivors (4096K)
 Metaspace       used 131683K, capacity 135218K, committed 135380K, reserved 1167360K
  class space    used 15797K, capacity 17118K, committed 17152K, reserved 1048576K
}
Event: 6436.074 GC heap after
{Heap after GC invocations=207 (full 0):
 garbage-first heap   total 163840K, used 92887K [0x0000000080000000, 0x0000000100000000)
  region size 1024K, 1 young (1024K), 1 survivors (1024K)
 Metaspace       used 131683K, capacity 135218K, committed 135380K, reserved 1167360K
  class space    used 15797K, capacity 17118K, committed 17152K, reserved 1048576K
}
Event: 6575.464 GC heap before
{Heap before GC invocations=207 (full 0):
 garbage-first heap   total 163840K, used 99031K [0x0000000080000000, 0x0000000100000000)
  region size 1024K, 8 young (8192K), 1 survivors (1024K)
 Metaspace       used 131698K, capacity 135218K, committed 135380K, reserved 1167360K
  class space    used 15797K, capacity 17118K, committed 17152K, reserved 1048576K
}
Event: 6575.478 GC heap after
{Heap after GC invocations=208 (full 0):
 garbage-first heap   total 163840K, used 88227K [0x0000000080000000, 0x0000000100000000)
  region size 1024K, 1 young (1024K), 1 survivors (1024K)
 Metaspace       used 131698K, capacity 135218K, committed 135380K, reserved 1167360K
  class space    used 15797K, capacity 17118K, committed 17152K, reserved 1048576K
}
Event: 6576.283 GC heap before
{Heap before GC invocations=208 (full 0):
 garbage-first heap   total 163840K, used 118947K [0x0000000080000000, 0x0000000100000000)
  region size 1024K, 33 young (33792K), 1 survivors (1024K)
 Metaspace       used 131774K, capacity 135302K, committed 135380K, reserved 1167360K
  class space    used 15799K, capacity 17121K, committed 17152K, reserved 1048576K
}
Event: 6576.306 GC heap after
{Heap after GC invocations=209 (full 0):
 garbage-first heap   total 163840K, used 93121K [0x0000000080000000, 0x0000000100000000)
  region size 1024K, 5 young (5120K), 5 survivors (5120K)
 Metaspace       used 131774K, capacity 135302K, committed 135380K, reserved 1167360K
  class space    used 15799K, capacity 17121K, committed 17152K, reserved 1048576K
}
Event: 6576.756 GC heap before
{Heap before GC invocations=209 (full 0):
 garbage-first heap   total 163840K, used 143297K [0x0000000080000000, 0x0000000100000000)
  region size 1024K, 38 young (38912K), 5 survivors (5120K)
 Metaspace       used 131788K, capacity 135308K, committed 135380K, reserved 1167360K
  class space    used 15799K, capacity 17122K, committed 17152K, reserved 1048576K
}
Event: 6576.770 GC heap after
{Heap after GC invocations=210 (full 0):
 garbage-first heap   total 163840K, used 93966K [0x0000000080000000, 0x0000000100000000)
  region size 1024K, 1 young (1024K), 1 survivors (1024K)
 Metaspace       used 131788K, capacity 135308K, committed 135380K, reserved 1167360K
  class space    used 15799K, capacity 17122K, committed 17152K, reserved 1048576K
}

Deoptimization events (20 events):
Event: 5545.600 Thread 0x00000222567f4000 DEOPT PACKING pc=0x000002223824de40 sp=0x000000d930afcc30
Event: 5545.612 Thread 0x00000222567f4000 DEOPT UNPACKING pc=0x000002223582a95e sp=0x000000d930afc100 mode 0
Event: 5546.726 Thread 0x00000222567fb800 DEOPT PACKING pc=0x00000222382bff6d sp=0x000000d9314fd210
Event: 5546.726 Thread 0x00000222567fb800 DEOPT UNPACKING pc=0x000002223582a95e sp=0x000000d9314fc688 mode 0
Event: 5835.146 Thread 0x00000222567f5800 DEOPT PACKING pc=0x0000022236b931df sp=0x000000d92bbf3a80
Event: 5835.146 Thread 0x00000222567f5800 DEOPT UNPACKING pc=0x000002223582a95e sp=0x000000d92bbf2f08 mode 0
Event: 5837.702 Thread 0x000002224da4c800 DEOPT PACKING pc=0x000002223870081b sp=0x000000d930afde30
Event: 5837.702 Thread 0x000002224da4c800 DEOPT UNPACKING pc=0x000002223582a95e sp=0x000000d930afd440 mode 0
Event: 5838.328 Thread 0x00000222567f1000 DEOPT PACKING pc=0x0000022237e4ad06 sp=0x000000d92befc620
Event: 5838.328 Thread 0x00000222567f1000 DEOPT UNPACKING pc=0x000002223582a95e sp=0x000000d92befbac8 mode 0
Event: 6136.193 Thread 0x0000022251fc0000 Uncommon trap: trap_request=0xffffff4d fr.pc=0x000002223e18e9b4 relative=0x0000000000001074
Event: 6136.193 Thread 0x0000022251fc0000 Uncommon trap: reason=unstable_if action=reinterpret pc=0x000002223e18e9b4 method=java.util.concurrent.locks.AbstractQueuedSynchronizer.isOnSyncQueue(Ljava/util/concurrent/locks/AbstractQueuedSynchronizer$Node;)Z @ 13 c2
Event: 6136.193 Thread 0x0000022251fc0000 DEOPT PACKING pc=0x000002223e18e9b4 sp=0x000000d92dffef30
Event: 6136.193 Thread 0x0000022251fc0000 DEOPT UNPACKING pc=0x000002223582a1af sp=0x000000d92dffeeb8 mode 2
Event: 6575.843 Thread 0x000002225773c800 Uncommon trap: trap_request=0xfffffff4 fr.pc=0x000002223d8eab8c relative=0x000000000000014c
Event: 6575.843 Thread 0x000002225773c800 Uncommon trap: reason=null_check action=make_not_entrant pc=0x000002223d8eab8c method=org.gradle.api.internal.collections.CollectionFilter.filter(Ljava/lang/Object;)Ljava/lang/Object; @ 5 c2
Event: 6575.843 Thread 0x000002225773c800 DEOPT PACKING pc=0x000002223d8eab8c sp=0x000000d92bbfa500
Event: 6575.843 Thread 0x000002225773c800 DEOPT UNPACKING pc=0x000002223582a1af sp=0x000000d92bbfa4a0 mode 2
Event: 6576.550 Thread 0x000002224da47800 DEOPT PACKING pc=0x00000222374e8a43 sp=0x000000d9307fa170
Event: 6576.550 Thread 0x000002224da47800 DEOPT UNPACKING pc=0x000002223582a95e sp=0x000000d9307f9928 mode 0

Classes redefined (0 events):
No events

Internal exceptions (20 events):
Event: 6135.808 Thread 0x000002225202c800 Exception <a 'sun/nio/fs/WindowsException'{0x00000000896a16f0}> (0x00000000896a16f0) thrown at [./src/hotspot/share/prims/jni.cpp, line 616]
Event: 6135.808 Thread 0x000002225202c800 Exception <a 'sun/nio/fs/WindowsException'{0x00000000896a2a68}> (0x00000000896a2a68) thrown at [./src/hotspot/share/prims/jni.cpp, line 616]
Event: 6135.809 Thread 0x000002225202c800 Exception <a 'sun/nio/fs/WindowsException'{0x00000000896a3e30}> (0x00000000896a3e30) thrown at [./src/hotspot/share/prims/jni.cpp, line 616]
Event: 6135.809 Thread 0x000002225202c800 Exception <a 'sun/nio/fs/WindowsException'{0x00000000896a51f8}> (0x00000000896a51f8) thrown at [./src/hotspot/share/prims/jni.cpp, line 616]
Event: 6135.941 Thread 0x000002225202c800 Exception <a 'sun/nio/fs/WindowsException'{0x000000008928fb68}> (0x000000008928fb68) thrown at [./src/hotspot/share/prims/jni.cpp, line 616]
Event: 6142.592 Thread 0x0000022257740000 Exception <a 'sun/nio/fs/WindowsException'{0x0000000088e495e8}> (0x0000000088e495e8) thrown at [./src/hotspot/share/prims/jni.cpp, line 616]
Event: 6142.592 Thread 0x0000022257740000 Exception <a 'sun/nio/fs/WindowsException'{0x0000000088e499c8}> (0x0000000088e499c8) thrown at [./src/hotspot/share/prims/jni.cpp, line 616]
Event: 6143.363 Thread 0x000002225773f000 Exception <a 'sun/nio/fs/WindowsException'{0x000000008894a7a0}> (0x000000008894a7a0) thrown at [./src/hotspot/share/prims/jni.cpp, line 616]
Event: 6143.364 Thread 0x000002225202c800 Exception <a 'sun/nio/fs/WindowsException'{0x0000000089ffe180}> (0x0000000089ffe180) thrown at [./src/hotspot/share/prims/jni.cpp, line 616]
Event: 6143.364 Thread 0x000002225202c800 Exception <a 'sun/nio/fs/WindowsException'{0x0000000089ffe4f8}> (0x0000000089ffe4f8) thrown at [./src/hotspot/share/prims/jni.cpp, line 616]
Event: 6143.365 Thread 0x000002225202c800 Exception <a 'sun/nio/fs/WindowsException'{0x0000000088959210}> (0x0000000088959210) thrown at [./src/hotspot/share/prims/jni.cpp, line 616]
Event: 6575.782 Thread 0x000002225773c800 Exception <a 'sun/nio/fs/WindowsException'{0x0000000088fb9c70}> (0x0000000088fb9c70) thrown at [./src/hotspot/share/prims/jni.cpp, line 616]
Event: 6575.843 Thread 0x000002225773c800 Implicit null exception at 0x000002223d8eaa77 to 0x000002223d8eab7c
Event: 6575.853 Thread 0x000002225773c800 Exception <a 'java/lang/NoClassDefFoundError'{0x0000000088cec7e8}: org/jetbrains/kotlin/gradle/plugin/KotlinBasePluginWrapper> (0x0000000088cec7e8) thrown at [./src/hotspot/share/oops/constantPool.cpp, line 775]
Event: 6575.944 Thread 0x000002225773c800 Exception <a 'sun/nio/fs/WindowsException'{0x000000008896cb60}> (0x000000008896cb60) thrown at [./src/hotspot/share/prims/jni.cpp, line 616]
Event: 6575.958 Thread 0x000002225773c800 Exception <a 'sun/nio/fs/WindowsException'{0x000000008880ff00}> (0x000000008880ff00) thrown at [./src/hotspot/share/prims/jni.cpp, line 616]
Event: 6575.958 Thread 0x000002225773c800 Exception <a 'sun/nio/fs/WindowsException'{0x0000000088811278}> (0x0000000088811278) thrown at [./src/hotspot/share/prims/jni.cpp, line 616]
Event: 6575.959 Thread 0x000002225773c800 Exception <a 'sun/nio/fs/WindowsException'{0x0000000088812640}> (0x0000000088812640) thrown at [./src/hotspot/share/prims/jni.cpp, line 616]
Event: 6575.959 Thread 0x000002225773c800 Exception <a 'sun/nio/fs/WindowsException'{0x0000000088813a08}> (0x0000000088813a08) thrown at [./src/hotspot/share/prims/jni.cpp, line 616]
Event: 6576.029 Thread 0x000002225773c800 Exception <a 'sun/nio/fs/WindowsException'{0x00000000886af050}> (0x00000000886af050) thrown at [./src/hotspot/share/prims/jni.cpp, line 616]

Events (20 events):
Event: 6577.059 Executing VM operation: RevokeBias done
Event: 6577.059 Executing VM operation: RevokeBias
Event: 6577.059 Executing VM operation: RevokeBias done
Event: 6577.059 Executing VM operation: RevokeBias
Event: 6577.060 Executing VM operation: RevokeBias done
Event: 6577.060 Executing VM operation: RevokeBias
Event: 6577.060 Executing VM operation: RevokeBias done
Event: 6577.060 Executing VM operation: RevokeBias
Event: 6577.060 Executing VM operation: RevokeBias done
Event: 6577.060 Executing VM operation: RevokeBias
Event: 6577.061 Executing VM operation: RevokeBias done
Event: 6577.061 Executing VM operation: BulkRevokeBias
Event: 6577.064 Executing VM operation: BulkRevokeBias done
Event: 6577.084 Thread 0x0000022252704800 Thread added: 0x0000022252704800
Event: 6577.118 Thread 0x000002224e0b3800 Thread added: 0x000002224e0b3800
Event: 6577.123 Executing VM operation: RevokeBias
Event: 6577.126 Executing VM operation: RevokeBias done
Event: 6577.233 Thread 0x000002224e0ae000 Thread added: 0x000002224e0ae000
Event: 6577.239 Thread 0x000002224e0b6000 Thread added: 0x000002224e0b6000
Event: 6577.239 Thread 0x000002224e0b7000 Thread added: 0x000002224e0b7000


Dynamic libraries:
0x00007ff7df670000 - 0x00007ff7df67d000 	C:\Users\muham\.jdks\temurin-11.0.14.1\bin\java.exe
0x00007ffa2f990000 - 0x00007ffa2fb85000 	C:\WINDOWS\SYSTEM32\ntdll.dll
0x00007ffa2f890000 - 0x00007ffa2f94e000 	C:\WINDOWS\System32\KERNEL32.DLL
0x00007ffa2d4b0000 - 0x00007ffa2d778000 	C:\WINDOWS\System32\KERNELBASE.dll
0x00007ffa2d0a0000 - 0x00007ffa2d1a0000 	C:\WINDOWS\System32\ucrtbase.dll
0x00007ff9f82b0000 - 0x00007ff9f82c7000 	C:\Users\muham\.jdks\temurin-11.0.14.1\bin\jli.dll
0x00007ff9f81e0000 - 0x00007ff9f81f5000 	C:\Users\muham\.jdks\temurin-11.0.14.1\bin\VCRUNTIME140.dll
0x00007ffa2dc00000 - 0x00007ffa2dda0000 	C:\WINDOWS\System32\USER32.dll
0x00007ffa2d9b0000 - 0x00007ffa2d9d2000 	C:\WINDOWS\System32\win32u.dll
0x00007ffa2e800000 - 0x00007ffa2e82b000 	C:\WINDOWS\System32\GDI32.dll
0x00007ffa1eb80000 - 0x00007ffa1ee1a000 	C:\WINDOWS\WinSxS\amd64_microsoft.windows.common-controls_6595b64144ccf1df_6.0.19041.1110_none_60b5254171f9507e\COMCTL32.dll
0x00007ffa2d1a0000 - 0x00007ffa2d2ad000 	C:\WINDOWS\System32\gdi32full.dll
0x00007ffa2d2b0000 - 0x00007ffa2d34d000 	C:\WINDOWS\System32\msvcp_win.dll
0x00007ffa2dab0000 - 0x00007ffa2db4e000 	C:\WINDOWS\System32\msvcrt.dll
0x00007ffa2de60000 - 0x00007ffa2de90000 	C:\WINDOWS\System32\IMM32.DLL
0x00007ff9e9f20000 - 0x00007ff9e9fbb000 	C:\Users\muham\.jdks\temurin-11.0.14.1\bin\msvcp140.dll
0x00007ff9c7eb0000 - 0x00007ff9c8a31000 	C:\Users\muham\.jdks\temurin-11.0.14.1\bin\server\jvm.dll
0x00007ffa2dda0000 - 0x00007ffa2de4e000 	C:\WINDOWS\System32\ADVAPI32.dll
0x00007ffa2def0000 - 0x00007ffa2df8c000 	C:\WINDOWS\System32\sechost.dll
0x00007ffa2e200000 - 0x00007ffa2e325000 	C:\WINDOWS\System32\RPCRT4.dll
0x00007ffa2dfa0000 - 0x00007ffa2dfa8000 	C:\WINDOWS\System32\PSAPI.DLL
0x00007ffa2b7f0000 - 0x00007ffa2b7f9000 	C:\WINDOWS\SYSTEM32\WSOCK32.dll
0x00007ffa2dfb0000 - 0x00007ffa2e01b000 	C:\WINDOWS\System32\WS2_32.dll
0x00007ffa20550000 - 0x00007ffa20577000 	C:\WINDOWS\SYSTEM32\WINMM.dll
0x00007ffa22a60000 - 0x00007ffa22a6a000 	C:\WINDOWS\SYSTEM32\VERSION.dll
0x00007ffa2b970000 - 0x00007ffa2b982000 	C:\WINDOWS\SYSTEM32\kernel.appcore.dll
0x00007ffa1c900000 - 0x00007ffa1c910000 	C:\Users\muham\.jdks\temurin-11.0.14.1\bin\verify.dll
0x00007ffa2b600000 - 0x00007ffa2b7e4000 	C:\WINDOWS\SYSTEM32\DBGHELP.DLL
0x00007ffa1fee0000 - 0x00007ffa1ff0c000 	C:\WINDOWS\SYSTEM32\dbgcore.DLL
0x00007ffa2d880000 - 0x00007ffa2d902000 	C:\WINDOWS\System32\bcryptPrimitives.dll
0x00007ff9f0360000 - 0x00007ff9f0388000 	C:\Users\muham\.jdks\temurin-11.0.14.1\bin\java.dll
0x00007ffa1c880000 - 0x00007ffa1c88a000 	C:\Users\muham\.jdks\temurin-11.0.14.1\bin\jimage.dll
0x00007ff9f5cf0000 - 0x00007ff9f5d08000 	C:\Users\muham\.jdks\temurin-11.0.14.1\bin\zip.dll
0x00007ffa2f140000 - 0x00007ffa2f884000 	C:\WINDOWS\System32\SHELL32.dll
0x00007ffa2ad90000 - 0x00007ffa2b524000 	C:\WINDOWS\SYSTEM32\windows.storage.dll
0x00007ffa2e4a0000 - 0x00007ffa2e7f5000 	C:\WINDOWS\System32\combase.dll
0x00007ffa2caf0000 - 0x00007ffa2cb1e000 	C:\WINDOWS\SYSTEM32\Wldp.dll
0x00007ffa2e020000 - 0x00007ffa2e0cd000 	C:\WINDOWS\System32\SHCORE.dll
0x00007ffa2efc0000 - 0x00007ffa2f015000 	C:\WINDOWS\System32\shlwapi.dll
0x00007ffa2cfe0000 - 0x00007ffa2cfff000 	C:\WINDOWS\SYSTEM32\profapi.dll
0x00007ffa1c620000 - 0x00007ffa1c639000 	C:\Users\muham\.jdks\temurin-11.0.14.1\bin\net.dll
0x00007ffa212d0000 - 0x00007ffa213dc000 	C:\WINDOWS\SYSTEM32\WINHTTP.dll
0x00007ffa2c850000 - 0x00007ffa2c8ba000 	C:\WINDOWS\system32\mswsock.dll
0x00007ffa0a940000 - 0x00007ffa0a953000 	C:\Users\muham\.jdks\temurin-11.0.14.1\bin\nio.dll
0x00007ffa26110000 - 0x00007ffa26137000 	C:\Users\muham\.gradle\native\e1d6ef7f7dcc3fd88c89a11ec53ec762bb8ba0a96d01ffa2cd45eb1d1d8dd5c5\windows-amd64\native-platform.dll
0x00007ff9ee1c0000 - 0x00007ff9ee304000 	C:\Users\muham\.gradle\native\5664cfc778a61ccfe75a443a1ab52a65af34e5dc3c78e0209fed803814484fcb\windows-amd64\native-platform-file-events.dll
0x00007ffa261e0000 - 0x00007ffa261e9000 	C:\Users\muham\.jdks\temurin-11.0.14.1\bin\management.dll
0x00007ffa1c8f0000 - 0x00007ffa1c8fb000 	C:\Users\muham\.jdks\temurin-11.0.14.1\bin\management_ext.dll
0x00007ffa2ca40000 - 0x00007ffa2ca58000 	C:\WINDOWS\SYSTEM32\CRYPTSP.dll
0x00007ffa2c160000 - 0x00007ffa2c194000 	C:\WINDOWS\system32\rsaenh.dll
0x00007ffa2d910000 - 0x00007ffa2d937000 	C:\WINDOWS\System32\bcrypt.dll
0x00007ffa2cfa0000 - 0x00007ffa2cfce000 	C:\WINDOWS\SYSTEM32\USERENV.dll
0x00007ffa2ca60000 - 0x00007ffa2ca6c000 	C:\WINDOWS\SYSTEM32\CRYPTBASE.dll
0x00007ffa2c4f0000 - 0x00007ffa2c52b000 	C:\WINDOWS\SYSTEM32\IPHLPAPI.DLL
0x00007ffa2df90000 - 0x00007ffa2df98000 	C:\WINDOWS\System32\NSI.dll
0x00007ffa21e10000 - 0x00007ffa21e27000 	C:\WINDOWS\SYSTEM32\dhcpcsvc6.DLL
0x00007ffa21f70000 - 0x00007ffa21f8d000 	C:\WINDOWS\SYSTEM32\dhcpcsvc.DLL
0x00007ffa2c530000 - 0x00007ffa2c5fb000 	C:\WINDOWS\SYSTEM32\DNSAPI.dll
0x00007ff9e9ff0000 - 0x00007ff9ea189000 	C:\Users\muham\.jdks\temurin-11.0.14.1\bin\awt.dll
0x00007ffa2d9e0000 - 0x00007ffa2daad000 	C:\WINDOWS\System32\OLEAUT32.dll
0x00007ffa2a500000 - 0x00007ffa2a590000 	C:\WINDOWS\SYSTEM32\apphelp.dll
0x00007ffa2a8c0000 - 0x00007ffa2a8ef000 	C:\WINDOWS\system32\DWMAPI.DLL
0x00007ffa2a6b0000 - 0x00007ffa2a74e000 	C:\WINDOWS\system32\uxtheme.dll
0x00007ffa2bd90000 - 0x00007ffa2bdc3000 	C:\WINDOWS\SYSTEM32\ntmarta.dll
0x00007ffa1ad40000 - 0x00007ffa1ad65000 	C:\Users\muham\.jdks\temurin-11.0.14.1\bin\sunec.dll

dbghelp: loaded successfully - version: 4.0.5 - missing functions: none
symbol engine: initialized successfully - sym options: 0x614 - pdb path: .;C:\Users\muham\.jdks\temurin-11.0.14.1\bin;C:\WINDOWS\SYSTEM32;C:\WINDOWS\WinSxS\amd64_microsoft.windows.common-controls_6595b64144ccf1df_6.0.19041.1110_none_60b5254171f9507e;C:\Users\muham\.jdks\temurin-11.0.14.1\bin\server;C:\Users\muham\.gradle\native\e1d6ef7f7dcc3fd88c89a11ec53ec762bb8ba0a96d01ffa2cd45eb1d1d8dd5c5\windows-amd64;C:\Users\muham\.gradle\native\5664cfc778a61ccfe75a443a1ab52a65af34e5dc3c78e0209fed803814484fcb\windows-amd64

VM Arguments:
jvm_args: --add-opens=java.base/java.util=ALL-UNNAMED --add-opens=java.base/java.lang=ALL-UNNAMED --add-opens=java.base/java.lang.invoke=ALL-UNNAMED --add-opens=java.base/java.util=ALL-UNNAMED --add-opens=java.prefs/java.util.prefs=ALL-UNNAMED --add-opens=java.prefs/java.util.prefs=ALL-UNNAMED --add-opens=java.base/java.nio.charset=ALL-UNNAMED --add-opens=java.base/java.net=ALL-UNNAMED --add-opens=java.base/java.util.concurrent.atomic=ALL-UNNAMED -Xmx2048m -Dfile.encoding=UTF-8 -Duser.country=ID -Duser.language=en -Duser.variant 
java_command: org.gradle.launcher.daemon.bootstrap.GradleDaemon 7.2
java_class_path (initial): C:\Users\muham\.gradle\wrapper\dists\gradle-7.2-bin\2dnblmf4td7x66yl1d74lt32g\gradle-7.2\lib\gradle-launcher-7.2.jar
Launcher Type: SUN_STANDARD

[Global flags]
     intx CICompilerCount                          = 3                                         {product} {ergonomic}
     uint ConcGCThreads                            = 1                                         {product} {ergonomic}
     uint G1ConcRefinementThreads                  = 4                                         {product} {ergonomic}
   size_t G1HeapRegionSize                         = 1048576                                   {product} {ergonomic}
    uintx GCDrainStackTargetSize                   = 64                                        {product} {ergonomic}
   size_t InitialHeapSize                          = 167772160                                 {product} {ergonomic}
   size_t MarkStackSize                            = 4194304                                   {product} {ergonomic}
   size_t MaxHeapSize                              = 2147483648                                {product} {command line}
   size_t MaxNewSize                               = 1287651328                                {product} {ergonomic}
   size_t MinHeapDeltaBytes                        = 1048576                                   {product} {ergonomic}
    uintx NonNMethodCodeHeapSize                   = 5830732                                {pd product} {ergonomic}
    uintx NonProfiledCodeHeapSize                  = 122913754                              {pd product} {ergonomic}
    uintx ProfiledCodeHeapSize                     = 122913754                              {pd product} {ergonomic}
    uintx ReservedCodeCacheSize                    = 251658240                              {pd product} {ergonomic}
     bool SegmentedCodeCache                       = true                                      {product} {ergonomic}
     bool UseCompressedClassPointers               = true                                 {lp64_product} {ergonomic}
     bool UseCompressedOops                        = true                                 {lp64_product} {ergonomic}
     bool UseG1GC                                  = true                                      {product} {ergonomic}
     bool UseLargePagesIndividualAllocation        = false                                  {pd product} {ergonomic}

Logging:
Log output configuration:
 #0: stdout all=warning uptime,level,tags
 #1: stderr all=off uptime,level,tags

Environment Variables:
JAVA_HOME=C:\Program Files\Java\jdk1.8.0_111
PATH=C:\ProgramData\Oracle\Java\javapath;C:\Windows\system32;C:\Windows;C:\Windows\System32\Wbem;C:\Windows\System32\WindowsPowerShell\v1.0\;C:\Windows\System32\OpenSSH\;C:\Program Files (x86)\NVIDIA Corporation\PhysX\Common;C:\Program Files\NVIDIA Corporation\NVIDIA NvDLISR;C:\Program Files\Git\cmd;C:\Program Files\Java\jdk1.8.0_111;C:\Program Files\Java\jdk1.8.0_111\bin;C:\WINDOWS\system32;C:\WINDOWS;C:\WINDOWS\System32\Wbem;C:\WINDOWS\System32\WindowsPowerShell\v1.0\;C:\WINDOWS\System32\OpenSSH\;C:\Program Files\nodejs\;C:\xampp\php\;C:\Users\muham\AppData\Local\Microsoft\WindowsApps;C:\Users\muham\AppData\Local\Programs\Microsoft VS Code\bin;flutter\bin;C:\Users\muham\AppData\Roaming\npm;
USERNAME=muham
OS=Windows_NT
PROCESSOR_IDENTIFIER=Intel64 Family 6 Model 61 Stepping 4, GenuineIntel



---------------  S Y S T E M  ---------------

OS: Windows 10 , 64 bit Build 19041 (10.0.19041.1503)
OS uptime: 0 days 21:51 hours

CPU:total 4 (initial active 4) (2 cores per cpu, 2 threads per core) family 6 model 61 stepping 4 microcode 0x2d, cmov, cx8, fxsr, mmx, sse, sse2, sse3, ssse3, sse4.1, sse4.2, popcnt, avx, avx2, aes, clmul, erms, 3dnowpref, lzcnt, ht, tsc, tscinvbit, bmi1, bmi2, adx, fma

Memory: 4k page, system-wide physical 10139M (2265M free)
TotalPageFile size 11163M (AvailPageFile size 6M)
current process WorkingSet (physical memory assigned to process): 479M, peak: 508M
current process commit charge ("private bytes"): 562M, peak: 565M

vm_info: OpenJDK 64-Bit Server VM (11.0.14.1+1) for windows-amd64 JRE (11.0.14.1+1), built on Feb  9 2022 01:48:27 by "" with unknown MS VC++:1916

END.
