#
# There is insufficient memory for the Java Runtime Environment to continue.
# Native memory allocation (malloc) failed to allocate 32744 bytes for ChunkPool::allocate
# Possible reasons:
#   The system is out of physical RAM or swap space
#   The process is running with CompressedOops enabled, and the Java Heap may be blocking the growth of the native heap
# Possible solutions:
#   Reduce memory load on the system
#   Increase physical memory or swap space
#   Check if swap backing store is full
#   Decrease Java heap size (-Xmx/-Xms)
#   Decrease number of Java threads
#   Decrease Java thread stack sizes (-Xss)
#   Set larger code cache with -XX:ReservedCodeCacheSize=
#   JVM is running with Unscaled Compressed Oops mode in which the Java heap is
#     placed in the first 4GB address space. The Java Heap base address is the
#     maximum limit for the native heap growth. Please use -XX:HeapBaseMinAddress
#     to set the Java Heap base and to place the Java Heap above 4GB virtual address.
# This output file may be truncated or incomplete.
#
#  Out of Memory Error (./src/hotspot/share/memory/arena.cpp:81), pid=12568, tid=3380
#
# JRE version: OpenJDK Runtime Environment Temurin-11.0.14.1+1 (11.0.14.1+1) (build 11.0.14.1+1)
# Java VM: OpenJDK 64-Bit Server VM Temurin-11.0.14.1+1 (11.0.14.1+1, mixed mode, tiered, compressed oops, g1 gc, windows-amd64)
# No core dump will be written. Minidumps are not enabled by default on client versions of Windows
#

---------------  S U M M A R Y ------------

Command Line: --add-opens=java.base/java.util=ALL-UNNAMED --add-opens=java.base/java.lang=ALL-UNNAMED --add-opens=java.base/java.lang.invoke=ALL-UNNAMED --add-opens=java.base/java.util=ALL-UNNAMED --add-opens=java.prefs/java.util.prefs=ALL-UNNAMED --add-opens=java.prefs/java.util.prefs=ALL-UNNAMED --add-opens=java.base/java.nio.charset=ALL-UNNAMED --add-opens=java.base/java.net=ALL-UNNAMED --add-opens=java.base/java.util.concurrent.atomic=ALL-UNNAMED -Xmx2048m -Dfile.encoding=UTF-8 -Duser.country=ID -Duser.language=en -Duser.variant org.gradle.launcher.daemon.bootstrap.GradleDaemon 7.2

Host: Intel(R) Core(TM) i3-5010U CPU @ 2.10GHz, 4 cores, 9G,  Windows 10 , 64 bit Build 19041 (10.0.19041.1503)
Time: Tue Mar  8 10:53:52 2022 SE Asia Standard Time elapsed time: 31.188189 seconds (0d 0h 0m 31s)

---------------  T H R E A D  ---------------

Current thread (0x0000019f4a8aa000):  JavaThread "C2 CompilerThread1" daemon [_thread_in_native, id=3380, stack(0x0000009131a00000,0x0000009131b00000)]


Current CompileTask:
C2:  31188 6368       4       org.objectweb.asm.MethodWriter::computeAllFrames (510 bytes)

Stack: [0x0000009131a00000,0x0000009131b00000]
Native frames: (J=compiled Java code, j=interpreted, Vv=VM code, C=native code)
V  [jvm.dll+0x61e59a]
V  [jvm.dll+0x7aaca9]
V  [jvm.dll+0x7ac398]
V  [jvm.dll+0x7aca73]
V  [jvm.dll+0x24f9b8]
V  [jvm.dll+0xc286b]
V  [jvm.dll+0xc2bcc]
V  [jvm.dll+0xd0c7a]
V  [jvm.dll+0x520338]
V  [jvm.dll+0x51e4b0]
V  [jvm.dll+0x51ed2f]
V  [jvm.dll+0x51e2ae]
V  [jvm.dll+0x51e2c1]
V  [jvm.dll+0x52e011]
V  [jvm.dll+0x210fcd]
V  [jvm.dll+0x20ac34]
V  [jvm.dll+0x207ccb]
V  [jvm.dll+0x18a2c1]
V  [jvm.dll+0x217734]
V  [jvm.dll+0x21597b]
V  [jvm.dll+0x76d7c0]
V  [jvm.dll+0x766724]
V  [jvm.dll+0x61d3f6]
C  [ucrtbase.dll+0x21bb2]
C  [KERNEL32.DLL+0x17034]
C  [ntdll.dll+0x52651]


---------------  P R O C E S S  ---------------

Threads class SMR info:
_java_thread_list=0x0000019f45db8d10, length=79, elements={
0x0000019f222fb800, 0x0000019f42a9d000, 0x0000019f42a9e000, 0x0000019f42a9a000,
0x0000019f42aa8000, 0x0000019f42aaa000, 0x0000019f42aaf000, 0x0000019f42ab0000,
0x0000019f42abd800, 0x0000019f4354e800, 0x0000019f44f25000, 0x0000019f44a98000,
0x0000019f44a71000, 0x0000019f4407b000, 0x0000019f44655000, 0x0000019f437fd800,
0x0000019f439e9000, 0x0000019f4557a000, 0x0000019f43701800, 0x0000019f455db800,
0x0000019f45560000, 0x0000019f45561000, 0x0000019f4555f800, 0x0000019f4555d800,
0x0000019f4555e800, 0x0000019f4555c000, 0x0000019f4555d000, 0x0000019f4555b000,
0x0000019f45562000, 0x0000019f45b2d000, 0x0000019f45b30800, 0x0000019f45b31800,
0x0000019f45b2b800, 0x0000019f45b32000, 0x0000019f45b2c800, 0x0000019f45b2e000,
0x0000019f45b33000, 0x0000019f45b34000, 0x0000019f45b34800, 0x0000019f45b2f000,
0x0000019f45b35800, 0x0000019f45b37000, 0x0000019f45b3a800, 0x0000019f45b36000,
0x0000019f45b38000, 0x0000019f45b38800, 0x0000019f45b39800, 0x0000019f471d3000,
0x0000019f471cf000, 0x0000019f471d1800, 0x0000019f471d0000, 0x0000019f471d4000,
0x0000019f471d5000, 0x0000019f471d5800, 0x0000019f471d2800, 0x0000019f471d6800,
0x0000019f471d0800, 0x0000019f471d9000, 0x0000019f471d8000, 0x0000019f471d9800,
0x0000019f471dc000, 0x0000019f471dd000, 0x0000019f471da800, 0x0000019f471db800,
0x0000019f471d7800, 0x0000019f471de000, 0x0000019f47cb1800, 0x0000019f47caf000,
0x0000019f47caf800, 0x0000019f47cb0800, 0x0000019f47cb2000, 0x0000019f47cad800,
0x0000019f47cae000, 0x0000019f47cac800, 0x0000019f47cb4000, 0x0000019f47cb3000,
0x0000019f47cb6000, 0x0000019f47cb7000, 0x0000019f4a8aa000
}

Java Threads: ( => current thread )
  0x0000019f222fb800 JavaThread "main" [_thread_blocked, id=120, stack(0x0000009131c00000,0x0000009131d00000)]
  0x0000019f42a9d000 JavaThread "Reference Handler" daemon [_thread_blocked, id=6496, stack(0x0000009132300000,0x0000009132400000)]
  0x0000019f42a9e000 JavaThread "Finalizer" daemon [_thread_blocked, id=6504, stack(0x0000009132400000,0x0000009132500000)]
  0x0000019f42a9a000 JavaThread "Signal Dispatcher" daemon [_thread_blocked, id=2884, stack(0x0000009132500000,0x0000009132600000)]
  0x0000019f42aa8000 JavaThread "Attach Listener" daemon [_thread_blocked, id=13392, stack(0x0000009132600000,0x0000009132700000)]
  0x0000019f42aaa000 JavaThread "Service Thread" daemon [_thread_blocked, id=3448, stack(0x0000009132700000,0x0000009132800000)]
  0x0000019f42aaf000 JavaThread "C2 CompilerThread0" daemon [_thread_blocked, id=1404, stack(0x0000009132800000,0x0000009132900000)]
  0x0000019f42ab0000 JavaThread "C1 CompilerThread0" daemon [_thread_blocked, id=3980, stack(0x0000009132900000,0x0000009132a00000)]
  0x0000019f42abd800 JavaThread "Sweeper thread" daemon [_thread_blocked, id=8492, stack(0x0000009132a00000,0x0000009132b00000)]
  0x0000019f4354e800 JavaThread "Common-Cleaner" daemon [_thread_blocked, id=10100, stack(0x0000009132b00000,0x0000009132c00000)]
  0x0000019f44f25000 JavaThread "Daemon health stats" [_thread_blocked, id=14184, stack(0x0000009132f00000,0x0000009133000000)]
  0x0000019f44a98000 JavaThread "Incoming local TCP Connector on port 52659" [_thread_in_native, id=8452, stack(0x0000009133000000,0x0000009133100000)]
  0x0000019f44a71000 JavaThread "Daemon periodic checks" [_thread_blocked, id=11820, stack(0x0000009133100000,0x0000009133200000)]
  0x0000019f4407b000 JavaThread "Daemon" [_thread_blocked, id=6236, stack(0x0000009133200000,0x0000009133300000)]
  0x0000019f44655000 JavaThread "Handler for socket connection from /127.0.0.1:52659 to /127.0.0.1:52660" [_thread_in_native, id=13196, stack(0x0000009133300000,0x0000009133400000)]
  0x0000019f437fd800 JavaThread "Cancel handler" [_thread_blocked, id=8136, stack(0x0000009133400000,0x0000009133500000)]
  0x0000019f439e9000 JavaThread "Daemon worker" [_thread_in_Java, id=2604, stack(0x0000009133500000,0x0000009133600000)]
  0x0000019f4557a000 JavaThread "Asynchronous log dispatcher for DefaultDaemonConnection: socket connection from /127.0.0.1:52659 to /127.0.0.1:52660" [_thread_blocked, id=4800, stack(0x0000009133600000,0x0000009133700000)]
  0x0000019f43701800 JavaThread "Stdin handler" [_thread_blocked, id=3568, stack(0x0000009133700000,0x0000009133800000)]
  0x0000019f455db800 JavaThread "Daemon client event forwarder" [_thread_blocked, id=10004, stack(0x0000009133800000,0x0000009133900000)]
  0x0000019f45560000 JavaThread "Cache worker for journal cache (C:\Users\muham\.gradle\caches\journal-1)" [_thread_blocked, id=1268, stack(0x0000009133a00000,0x0000009133b00000)]
  0x0000019f45561000 JavaThread "File lock request listener" [_thread_in_native, id=11292, stack(0x0000009133b00000,0x0000009133c00000)]
  0x0000019f4555f800 JavaThread "Cache worker for file hash cache (C:\Users\muham\.gradle\caches\7.2\fileHashes)" [_thread_blocked, id=8584, stack(0x0000009133c00000,0x0000009133d00000)]
  0x0000019f4555d800 JavaThread "Cache worker for file hash cache (D:\Data Kuliah\Semester 12\App\.gradle\7.2\fileHashes)" [_thread_blocked, id=12484, stack(0x0000009133d00000,0x0000009133e00000)]
  0x0000019f4555e800 JavaThread "File watcher server" daemon [_thread_in_native, id=10660, stack(0x0000009133f00000,0x0000009134000000)]
  0x0000019f4555c000 JavaThread "File watcher consumer" daemon [_thread_blocked, id=11124, stack(0x0000009134000000,0x0000009134100000)]
  0x0000019f4555d000 JavaThread "Cache worker for checksums cache (D:\Data Kuliah\Semester 12\App\.gradle\checksums)" [_thread_blocked, id=11892, stack(0x0000009133e00000,0x0000009133f00000)]
  0x0000019f4555b000 JavaThread "Cache worker for cache directory md-supplier (C:\Users\muham\.gradle\caches\7.2\md-supplier)" [_thread_blocked, id=5336, stack(0x0000009134100000,0x0000009134200000)]
  0x0000019f45562000 JavaThread "Cache worker for cache directory md-rule (C:\Users\muham\.gradle\caches\7.2\md-rule)" [_thread_blocked, id=12340, stack(0x0000009134200000,0x0000009134300000)]
  0x0000019f45b2d000 JavaThread "Cache worker for execution history cache (C:\Users\muham\.gradle\caches\7.2\executionHistory)" [_thread_blocked, id=9820, stack(0x0000009134400000,0x0000009134500000)]
  0x0000019f45b30800 JavaThread "jar transforms" [_thread_blocked, id=9852, stack(0x0000009134500000,0x0000009134600000)]
  0x0000019f45b31800 JavaThread "Cache worker for file content cache (C:\Users\muham\.gradle\caches\7.2\fileContent)" [_thread_blocked, id=1712, stack(0x0000009134600000,0x0000009134700000)]
  0x0000019f45b2b800 JavaThread "jar transforms Thread 2" [_thread_blocked, id=11572, stack(0x0000009134700000,0x0000009134800000)]
  0x0000019f45b32000 JavaThread "Cache worker for dependencies-accessors (D:\Data Kuliah\Semester 12\App\.gradle\7.2\dependencies-accessors)" [_thread_blocked, id=6412, stack(0x0000009134800000,0x0000009134900000)]
  0x0000019f45b2c800 JavaThread "jar transforms Thread 3" [_thread_blocked, id=10940, stack(0x0000009134900000,0x0000009134a00000)]
  0x0000019f45b2e000 JavaThread "Cache worker for Build Output Cleanup Cache (D:\Data Kuliah\Semester 12\App\.gradle\buildOutputCleanup)" [_thread_blocked, id=13296, stack(0x0000009134300000,0x0000009134400000)]
  0x0000019f45b33000 JavaThread "Unconstrained build operations" [_thread_blocked, id=9640, stack(0x0000009134b00000,0x0000009134c00000)]
  0x0000019f45b34000 JavaThread "Unconstrained build operations Thread 2" [_thread_blocked, id=11360, stack(0x0000009134c00000,0x0000009134d00000)]
  0x0000019f45b34800 JavaThread "Unconstrained build operations Thread 3" [_thread_blocked, id=5516, stack(0x0000009134d00000,0x0000009134e00000)]
  0x0000019f45b2f000 JavaThread "Unconstrained build operations Thread 4" [_thread_blocked, id=12820, stack(0x0000009134e00000,0x0000009134f00000)]
  0x0000019f45b35800 JavaThread "Unconstrained build operations Thread 5" [_thread_blocked, id=3016, stack(0x0000009134f00000,0x0000009135000000)]
  0x0000019f45b37000 JavaThread "Unconstrained build operations Thread 6" [_thread_blocked, id=6368, stack(0x0000009135000000,0x0000009135100000)]
  0x0000019f45b3a800 JavaThread "Unconstrained build operations Thread 7" [_thread_blocked, id=14032, stack(0x0000009135100000,0x0000009135200000)]
  0x0000019f45b36000 JavaThread "Unconstrained build operations Thread 8" [_thread_blocked, id=10432, stack(0x0000009135200000,0x0000009135300000)]
  0x0000019f45b38000 JavaThread "Unconstrained build operations Thread 9" [_thread_blocked, id=2580, stack(0x0000009135300000,0x0000009135400000)]
  0x0000019f45b38800 JavaThread "Unconstrained build operations Thread 10" [_thread_blocked, id=3112, stack(0x0000009135400000,0x0000009135500000)]
  0x0000019f45b39800 JavaThread "Unconstrained build operations Thread 11" [_thread_blocked, id=14196, stack(0x0000009135500000,0x0000009135600000)]
  0x0000019f471d3000 JavaThread "Unconstrained build operations Thread 12" [_thread_blocked, id=7688, stack(0x0000009135600000,0x0000009135700000)]
  0x0000019f471cf000 JavaThread "Unconstrained build operations Thread 13" [_thread_blocked, id=3576, stack(0x0000009135700000,0x0000009135800000)]
  0x0000019f471d1800 JavaThread "Unconstrained build operations Thread 14" [_thread_blocked, id=1372, stack(0x0000009135800000,0x0000009135900000)]
  0x0000019f471d0000 JavaThread "Unconstrained build operations Thread 15" [_thread_blocked, id=14220, stack(0x0000009135900000,0x0000009135a00000)]
  0x0000019f471d4000 JavaThread "Unconstrained build operations Thread 16" [_thread_blocked, id=12292, stack(0x0000009135a00000,0x0000009135b00000)]
  0x0000019f471d5000 JavaThread "Unconstrained build operations Thread 17" [_thread_blocked, id=6124, stack(0x0000009135b00000,0x0000009135c00000)]
  0x0000019f471d5800 JavaThread "Unconstrained build operations Thread 18" [_thread_blocked, id=7160, stack(0x0000009135c00000,0x0000009135d00000)]
  0x0000019f471d2800 JavaThread "Unconstrained build operations Thread 19" [_thread_blocked, id=13976, stack(0x0000009135d00000,0x0000009135e00000)]
  0x0000019f471d6800 JavaThread "Unconstrained build operations Thread 20" [_thread_blocked, id=9020, stack(0x0000009135e00000,0x0000009135f00000)]
  0x0000019f471d0800 JavaThread "Unconstrained build operations Thread 21" [_thread_blocked, id=14008, stack(0x0000009135f00000,0x0000009136000000)]
  0x0000019f471d9000 JavaThread "Unconstrained build operations Thread 22" [_thread_blocked, id=13596, stack(0x0000009136000000,0x0000009136100000)]
  0x0000019f471d8000 JavaThread "Unconstrained build operations Thread 23" [_thread_blocked, id=7636, stack(0x0000009136100000,0x0000009136200000)]
  0x0000019f471d9800 JavaThread "Unconstrained build operations Thread 24" [_thread_blocked, id=10800, stack(0x0000009136200000,0x0000009136300000)]
  0x0000019f471dc000 JavaThread "Unconstrained build operations Thread 25" [_thread_blocked, id=8872, stack(0x0000009136300000,0x0000009136400000)]
  0x0000019f471dd000 JavaThread "Unconstrained build operations Thread 26" [_thread_blocked, id=1516, stack(0x0000009136400000,0x0000009136500000)]
  0x0000019f471da800 JavaThread "Unconstrained build operations Thread 27" [_thread_blocked, id=13400, stack(0x0000009136500000,0x0000009136600000)]
  0x0000019f471db800 JavaThread "Unconstrained build operations Thread 28" [_thread_blocked, id=10536, stack(0x0000009136600000,0x0000009136700000)]
  0x0000019f471d7800 JavaThread "Unconstrained build operations Thread 29" [_thread_blocked, id=11984, stack(0x0000009136700000,0x0000009136800000)]
  0x0000019f471de000 JavaThread "Unconstrained build operations Thread 30" [_thread_blocked, id=5160, stack(0x0000009136800000,0x0000009136900000)]
  0x0000019f47cb1800 JavaThread "Unconstrained build operations Thread 31" [_thread_blocked, id=7184, stack(0x0000009136900000,0x0000009136a00000)]
  0x0000019f47caf000 JavaThread "Unconstrained build operations Thread 32" [_thread_blocked, id=12736, stack(0x0000009136a00000,0x0000009136b00000)]
  0x0000019f47caf800 JavaThread "Unconstrained build operations Thread 33" [_thread_blocked, id=6532, stack(0x0000009136b00000,0x0000009136c00000)]
  0x0000019f47cb0800 JavaThread "Unconstrained build operations Thread 34" [_thread_blocked, id=8560, stack(0x0000009136c00000,0x0000009136d00000)]
  0x0000019f47cb2000 JavaThread "Unconstrained build operations Thread 35" [_thread_blocked, id=8524, stack(0x0000009136d00000,0x0000009136e00000)]
  0x0000019f47cad800 JavaThread "Unconstrained build operations Thread 36" [_thread_blocked, id=11440, stack(0x0000009136e00000,0x0000009136f00000)]
  0x0000019f47cae000 JavaThread "Unconstrained build operations Thread 37" [_thread_blocked, id=13336, stack(0x0000009136f00000,0x0000009137000000)]
  0x0000019f47cac800 JavaThread "Unconstrained build operations Thread 38" [_thread_blocked, id=11168, stack(0x0000009137000000,0x0000009137100000)]
  0x0000019f47cb4000 JavaThread "Unconstrained build operations Thread 39" [_thread_blocked, id=10208, stack(0x0000009137100000,0x0000009137200000)]
  0x0000019f47cb3000 JavaThread "Unconstrained build operations Thread 40" [_thread_blocked, id=10796, stack(0x0000009137200000,0x0000009137300000)]
  0x0000019f47cb6000 JavaThread "jar transforms Thread 4" [_thread_blocked, id=7416, stack(0x0000009137300000,0x0000009137400000)]
  0x0000019f47cb7000 JavaThread "Memory manager" [_thread_blocked, id=564, stack(0x0000009137400000,0x0000009137500000)]
=>0x0000019f4a8aa000 JavaThread "C2 CompilerThread1" daemon [_thread_in_native, id=3380, stack(0x0000009131a00000,0x0000009131b00000)]

Other Threads:
  0x0000019f42a86800 VMThread "VM Thread" [stack: 0x0000009132200000,0x0000009132300000] [id=11940]
  0x0000019f43581000 WatcherThread [stack: 0x0000009132c00000,0x0000009132d00000] [id=8976]
  0x0000019f22314800 GCTaskThread "GC Thread#0" [stack: 0x0000009131d00000,0x0000009131e00000] [id=8268]
  0x0000019f43e45000 GCTaskThread "GC Thread#1" [stack: 0x0000009132d00000,0x0000009132e00000] [id=12520]
  0x0000019f43ca4000 GCTaskThread "GC Thread#2" [stack: 0x0000009132e00000,0x0000009132f00000] [id=8472]
  0x0000019f443e7000 GCTaskThread "GC Thread#3" [stack: 0x0000009133900000,0x0000009133a00000] [id=8572]
  0x0000019f22343800 ConcurrentGCThread "G1 Main Marker" [stack: 0x0000009131e00000,0x0000009131f00000] [id=13876]
  0x0000019f22345000 ConcurrentGCThread "G1 Conc#0" [stack: 0x0000009131f00000,0x0000009132000000] [id=2888]
  0x0000019f428d2800 ConcurrentGCThread "G1 Refine#0" [stack: 0x0000009132000000,0x0000009132100000] [id=6768]
  0x0000019f428d3000 ConcurrentGCThread "G1 Young RemSet Sampling" [stack: 0x0000009132100000,0x0000009132200000] [id=8408]

Threads with active compile tasks:
C2 CompilerThread1  31273 6368       4       org.objectweb.asm.MethodWriter::computeAllFrames (510 bytes)

VM state:not at safepoint (normal execution)

VM Mutex/Monitor currently owned by a thread: None

Heap address: 0x0000000080000000, size: 2048 MB, Compressed Oops mode: 32-bit
Narrow klass base: 0x0000000000000000, Narrow klass shift: 3
Compressed class space size: 1073741824 Address: 0x0000000100000000

Heap:
 garbage-first heap   total 163840K, used 84992K [0x0000000080000000, 0x0000000100000000)
  region size 1024K, 40 young (40960K), 2 survivors (2048K)
 Metaspace       used 63423K, capacity 64918K, committed 65276K, reserved 1105920K
  class space    used 7866K, capacity 8407K, committed 8524K, reserved 1048576K
Heap Regions: E=young(eden), S=young(survivor), O=old, HS=humongous(starts), HC=humongous(continues), CS=collection set, F=free, A=archive, TAMS=top-at-mark-start (previous, next)
|   0|0x0000000080000000, 0x0000000080100000, 0x0000000080100000|100%| O|  |TAMS 0x0000000080100000, 0x0000000080000000| Untracked 
|   1|0x0000000080100000, 0x0000000080200000, 0x0000000080200000|100%| O|  |TAMS 0x0000000080200000, 0x0000000080100000| Untracked 
|   2|0x0000000080200000, 0x0000000080300000, 0x0000000080300000|100%| O|  |TAMS 0x0000000080300000, 0x0000000080200000| Untracked 
|   3|0x0000000080300000, 0x0000000080400000, 0x0000000080400000|100%|HS|  |TAMS 0x0000000080400000, 0x0000000080300000| Complete 
|   4|0x0000000080400000, 0x0000000080500000, 0x0000000080500000|100%|HC|  |TAMS 0x0000000080500000, 0x0000000080400000| Complete 
|   5|0x0000000080500000, 0x0000000080600000, 0x0000000080600000|100%|HC|  |TAMS 0x0000000080600000, 0x0000000080500000| Complete 
|   6|0x0000000080600000, 0x0000000080700000, 0x0000000080700000|100%| O|  |TAMS 0x0000000080700000, 0x0000000080600000| Untracked 
|   7|0x0000000080700000, 0x0000000080800000, 0x0000000080800000|100%| O|  |TAMS 0x0000000080800000, 0x0000000080700000| Untracked 
|   8|0x0000000080800000, 0x0000000080900000, 0x0000000080900000|100%| O|  |TAMS 0x0000000080900000, 0x0000000080800000| Untracked 
|   9|0x0000000080900000, 0x0000000080a00000, 0x0000000080a00000|100%| O|  |TAMS 0x0000000080a00000, 0x0000000080900000| Untracked 
|  10|0x0000000080a00000, 0x0000000080b00000, 0x0000000080b00000|100%| O|  |TAMS 0x0000000080b00000, 0x0000000080a00000| Untracked 
|  11|0x0000000080b00000, 0x0000000080c00000, 0x0000000080c00000|100%| O|  |TAMS 0x0000000080c00000, 0x0000000080b00000| Untracked 
|  12|0x0000000080c00000, 0x0000000080d00000, 0x0000000080d00000|100%| O|  |TAMS 0x0000000080d00000, 0x0000000080c00000| Untracked 
|  13|0x0000000080d00000, 0x0000000080e00000, 0x0000000080e00000|100%| O|  |TAMS 0x0000000080e00000, 0x0000000080d00000| Untracked 
|  14|0x0000000080e00000, 0x0000000080f00000, 0x0000000080f00000|100%|HS|  |TAMS 0x0000000080f00000, 0x0000000080e00000| Complete 
|  15|0x0000000080f00000, 0x0000000081000000, 0x0000000081000000|100%| O|  |TAMS 0x0000000081000000, 0x0000000080f00000| Untracked 
|  16|0x0000000081000000, 0x0000000081100000, 0x0000000081100000|100%| O|  |TAMS 0x0000000081100000, 0x0000000081000000| Untracked 
|  17|0x0000000081100000, 0x0000000081200000, 0x0000000081200000|100%| O|  |TAMS 0x0000000081200000, 0x0000000081100000| Untracked 
|  18|0x0000000081200000, 0x0000000081300000, 0x0000000081300000|100%| O|  |TAMS 0x0000000081300000, 0x0000000081200000| Untracked 
|  19|0x0000000081300000, 0x0000000081400000, 0x0000000081400000|100%| O|  |TAMS 0x0000000081400000, 0x0000000081300000| Untracked 
|  20|0x0000000081400000, 0x0000000081500000, 0x0000000081500000|100%| O|  |TAMS 0x0000000081500000, 0x0000000081400000| Untracked 
|  21|0x0000000081500000, 0x0000000081600000, 0x0000000081600000|100%| O|  |TAMS 0x0000000081600000, 0x0000000081500000| Untracked 
|  22|0x0000000081600000, 0x0000000081700000, 0x0000000081700000|100%| O|  |TAMS 0x0000000081700000, 0x0000000081600000| Untracked 
|  23|0x0000000081700000, 0x0000000081800000, 0x0000000081800000|100%| O|  |TAMS 0x0000000081800000, 0x0000000081700000| Untracked 
|  24|0x0000000081800000, 0x0000000081900000, 0x0000000081900000|100%|HS|  |TAMS 0x0000000081900000, 0x0000000081800000| Complete 
|  25|0x0000000081900000, 0x0000000081a00000, 0x0000000081a00000|100%|HS|  |TAMS 0x0000000081a00000, 0x0000000081900000| Complete 
|  26|0x0000000081a00000, 0x0000000081b00000, 0x0000000081b00000|100%|HS|  |TAMS 0x0000000081b00000, 0x0000000081a00000| Complete 
|  27|0x0000000081b00000, 0x0000000081c00000, 0x0000000081c00000|100%|HC|  |TAMS 0x0000000081c00000, 0x0000000081b00000| Complete 
|  28|0x0000000081c00000, 0x0000000081d00000, 0x0000000081d00000|100%| O|  |TAMS 0x0000000081d00000, 0x0000000081c00000| Untracked 
|  29|0x0000000081d00000, 0x0000000081e00000, 0x0000000081e00000|100%| O|  |TAMS 0x0000000081e00000, 0x0000000081d00000| Untracked 
|  30|0x0000000081e00000, 0x0000000081f00000, 0x0000000081f00000|100%| O|  |TAMS 0x0000000081f00000, 0x0000000081e00000| Untracked 
|  31|0x0000000081f00000, 0x0000000082000000, 0x0000000082000000|100%| O|  |TAMS 0x0000000082000000, 0x0000000081f00000| Untracked 
|  32|0x0000000082000000, 0x0000000082100000, 0x0000000082100000|100%| O|  |TAMS 0x0000000082100000, 0x0000000082000000| Untracked 
|  33|0x0000000082100000, 0x0000000082200000, 0x0000000082200000|100%| O|  |TAMS 0x0000000082200000, 0x0000000082100000| Untracked 
|  34|0x0000000082200000, 0x0000000082300000, 0x0000000082300000|100%| O|  |TAMS 0x0000000082300000, 0x0000000082200000| Untracked 
|  35|0x0000000082300000, 0x0000000082400000, 0x0000000082400000|100%| O|  |TAMS 0x0000000082400000, 0x0000000082300000| Untracked 
|  36|0x0000000082400000, 0x0000000082500000, 0x0000000082500000|100%| O|  |TAMS 0x0000000082500000, 0x0000000082400000| Untracked 
|  37|0x0000000082500000, 0x0000000082600000, 0x0000000082600000|100%| O|  |TAMS 0x0000000082600000, 0x0000000082500000| Untracked 
|  38|0x0000000082600000, 0x0000000082700000, 0x0000000082700000|100%| O|  |TAMS 0x0000000082700000, 0x0000000082600000| Untracked 
|  39|0x0000000082700000, 0x0000000082800000, 0x0000000082800000|100%| O|  |TAMS 0x0000000082800000, 0x0000000082700000| Untracked 
|  40|0x0000000082800000, 0x0000000082900000, 0x0000000082900000|100%| O|  |TAMS 0x0000000082900000, 0x0000000082800000| Untracked 
|  41|0x0000000082900000, 0x0000000082a00000, 0x0000000082a00000|100%| O|  |TAMS 0x0000000082a00000, 0x0000000082900000| Untracked 
|  42|0x0000000082a00000, 0x0000000082b00000, 0x0000000082b00000|100%| O|  |TAMS 0x0000000082b00000, 0x0000000082a00000| Untracked 
|  43|0x0000000082b00000, 0x0000000082c00000, 0x0000000082c00000|100%| O|  |TAMS 0x0000000082c00000, 0x0000000082b00000| Untracked 
|  44|0x0000000082c00000, 0x0000000082d00000, 0x0000000082d00000|100%| O|  |TAMS 0x0000000082d00000, 0x0000000082c00000| Untracked 
|  45|0x0000000082d00000, 0x0000000082d00000, 0x0000000082e00000|  0%| F|  |TAMS 0x0000000082d00000, 0x0000000082d00000| Untracked 
|  46|0x0000000082e00000, 0x0000000082e00000, 0x0000000082f00000|  0%| F|  |TAMS 0x0000000082e00000, 0x0000000082e00000| Untracked 
|  47|0x0000000082f00000, 0x0000000082f00000, 0x0000000083000000|  0%| F|  |TAMS 0x0000000082f00000, 0x0000000082f00000| Untracked 
|  48|0x0000000083000000, 0x0000000083000000, 0x0000000083100000|  0%| F|  |TAMS 0x0000000083000000, 0x0000000083000000| Untracked 
|  49|0x0000000083100000, 0x0000000083100000, 0x0000000083200000|  0%| F|  |TAMS 0x0000000083100000, 0x0000000083100000| Untracked 
|  50|0x0000000083200000, 0x0000000083200000, 0x0000000083300000|  0%| F|  |TAMS 0x0000000083200000, 0x0000000083200000| Untracked 
|  51|0x0000000083300000, 0x0000000083300000, 0x0000000083400000|  0%| F|  |TAMS 0x0000000083300000, 0x0000000083300000| Untracked 
|  52|0x0000000083400000, 0x0000000083400000, 0x0000000083500000|  0%| F|  |TAMS 0x0000000083400000, 0x0000000083400000| Untracked 
|  53|0x0000000083500000, 0x0000000083500000, 0x0000000083600000|  0%| F|  |TAMS 0x0000000083500000, 0x0000000083500000| Untracked 
|  54|0x0000000083600000, 0x0000000083600000, 0x0000000083700000|  0%| F|  |TAMS 0x0000000083600000, 0x0000000083600000| Untracked 
|  55|0x0000000083700000, 0x0000000083700000, 0x0000000083800000|  0%| F|  |TAMS 0x0000000083700000, 0x0000000083700000| Untracked 
|  56|0x0000000083800000, 0x0000000083800000, 0x0000000083900000|  0%| F|  |TAMS 0x0000000083800000, 0x0000000083800000| Untracked 
|  57|0x0000000083900000, 0x0000000083900000, 0x0000000083a00000|  0%| F|  |TAMS 0x0000000083900000, 0x0000000083900000| Untracked 
|  58|0x0000000083a00000, 0x0000000083a00000, 0x0000000083b00000|  0%| F|  |TAMS 0x0000000083a00000, 0x0000000083a00000| Untracked 
|  59|0x0000000083b00000, 0x0000000083b00000, 0x0000000083c00000|  0%| F|  |TAMS 0x0000000083b00000, 0x0000000083b00000| Untracked 
|  60|0x0000000083c00000, 0x0000000083c00000, 0x0000000083d00000|  0%| F|  |TAMS 0x0000000083c00000, 0x0000000083c00000| Untracked 
|  61|0x0000000083d00000, 0x0000000083d00000, 0x0000000083e00000|  0%| F|  |TAMS 0x0000000083d00000, 0x0000000083d00000| Untracked 
|  62|0x0000000083e00000, 0x0000000083e00000, 0x0000000083f00000|  0%| F|  |TAMS 0x0000000083e00000, 0x0000000083e00000| Untracked 
|  63|0x0000000083f00000, 0x0000000083f00000, 0x0000000084000000|  0%| F|  |TAMS 0x0000000083f00000, 0x0000000083f00000| Untracked 
|  64|0x0000000084000000, 0x0000000084000000, 0x0000000084100000|  0%| F|  |TAMS 0x0000000084000000, 0x0000000084000000| Untracked 
|  65|0x0000000084100000, 0x0000000084100000, 0x0000000084200000|  0%| F|  |TAMS 0x0000000084100000, 0x0000000084100000| Untracked 
|  66|0x0000000084200000, 0x0000000084200000, 0x0000000084300000|  0%| F|  |TAMS 0x0000000084200000, 0x0000000084200000| Untracked 
|  67|0x0000000084300000, 0x0000000084300000, 0x0000000084400000|  0%| F|  |TAMS 0x0000000084300000, 0x0000000084300000| Untracked 
|  68|0x0000000084400000, 0x0000000084400000, 0x0000000084500000|  0%| F|  |TAMS 0x0000000084400000, 0x0000000084400000| Untracked 
|  69|0x0000000084500000, 0x0000000084500000, 0x0000000084600000|  0%| F|  |TAMS 0x0000000084500000, 0x0000000084500000| Untracked 
|  70|0x0000000084600000, 0x0000000084600000, 0x0000000084700000|  0%| F|  |TAMS 0x0000000084600000, 0x0000000084600000| Untracked 
|  71|0x0000000084700000, 0x0000000084700000, 0x0000000084800000|  0%| F|  |TAMS 0x0000000084700000, 0x0000000084700000| Untracked 
|  72|0x0000000084800000, 0x0000000084800000, 0x0000000084900000|  0%| F|  |TAMS 0x0000000084800000, 0x0000000084800000| Untracked 
|  73|0x0000000084900000, 0x0000000084900000, 0x0000000084a00000|  0%| F|  |TAMS 0x0000000084900000, 0x0000000084900000| Untracked 
|  74|0x0000000084a00000, 0x0000000084a00000, 0x0000000084b00000|  0%| F|  |TAMS 0x0000000084a00000, 0x0000000084a00000| Untracked 
|  75|0x0000000084b00000, 0x0000000084b00000, 0x0000000084c00000|  0%| F|  |TAMS 0x0000000084b00000, 0x0000000084b00000| Untracked 
|  76|0x0000000084c00000, 0x0000000084c00000, 0x0000000084d00000|  0%| F|  |TAMS 0x0000000084c00000, 0x0000000084c00000| Untracked 
|  77|0x0000000084d00000, 0x0000000084d00000, 0x0000000084e00000|  0%| F|  |TAMS 0x0000000084d00000, 0x0000000084d00000| Untracked 
|  78|0x0000000084e00000, 0x0000000084e00000, 0x0000000084f00000|  0%| F|  |TAMS 0x0000000084e00000, 0x0000000084e00000| Untracked 
|  79|0x0000000084f00000, 0x0000000084f00000, 0x0000000085000000|  0%| F|  |TAMS 0x0000000084f00000, 0x0000000084f00000| Untracked 
|  80|0x0000000085000000, 0x0000000085000000, 0x0000000085100000|  0%| F|  |TAMS 0x0000000085000000, 0x0000000085000000| Untracked 
|  81|0x0000000085100000, 0x0000000085100000, 0x0000000085200000|  0%| F|  |TAMS 0x0000000085100000, 0x0000000085100000| Untracked 
|  82|0x0000000085200000, 0x0000000085200000, 0x0000000085300000|  0%| F|  |TAMS 0x0000000085200000, 0x0000000085200000| Untracked 
|  83|0x0000000085300000, 0x0000000085300000, 0x0000000085400000|  0%| F|  |TAMS 0x0000000085300000, 0x0000000085300000| Untracked 
|  84|0x0000000085400000, 0x0000000085400000, 0x0000000085500000|  0%| F|  |TAMS 0x0000000085400000, 0x0000000085400000| Untracked 
|  85|0x0000000085500000, 0x0000000085500000, 0x0000000085600000|  0%| F|  |TAMS 0x0000000085500000, 0x0000000085500000| Untracked 
|  86|0x0000000085600000, 0x0000000085600000, 0x0000000085700000|  0%| F|  |TAMS 0x0000000085600000, 0x0000000085600000| Untracked 
|  87|0x0000000085700000, 0x0000000085700000, 0x0000000085800000|  0%| F|  |TAMS 0x0000000085700000, 0x0000000085700000| Untracked 
|  88|0x0000000085800000, 0x0000000085800000, 0x0000000085900000|  0%| F|  |TAMS 0x0000000085800000, 0x0000000085800000| Untracked 
|  89|0x0000000085900000, 0x0000000085900000, 0x0000000085a00000|  0%| F|  |TAMS 0x0000000085900000, 0x0000000085900000| Untracked 
|  90|0x0000000085a00000, 0x0000000085a00000, 0x0000000085b00000|  0%| F|  |TAMS 0x0000000085a00000, 0x0000000085a00000| Untracked 
|  91|0x0000000085b00000, 0x0000000085b00000, 0x0000000085c00000|  0%| F|  |TAMS 0x0000000085b00000, 0x0000000085b00000| Untracked 
|  92|0x0000000085c00000, 0x0000000085c00000, 0x0000000085d00000|  0%| F|  |TAMS 0x0000000085c00000, 0x0000000085c00000| Untracked 
|  93|0x0000000085d00000, 0x0000000085d00000, 0x0000000085e00000|  0%| F|  |TAMS 0x0000000085d00000, 0x0000000085d00000| Untracked 
|  94|0x0000000085e00000, 0x0000000085e00000, 0x0000000085f00000|  0%| F|  |TAMS 0x0000000085e00000, 0x0000000085e00000| Untracked 
|  95|0x0000000085f00000, 0x0000000085f00000, 0x0000000086000000|  0%| F|  |TAMS 0x0000000085f00000, 0x0000000085f00000| Untracked 
|  96|0x0000000086000000, 0x0000000086000000, 0x0000000086100000|  0%| F|  |TAMS 0x0000000086000000, 0x0000000086000000| Untracked 
|  97|0x0000000086100000, 0x0000000086100000, 0x0000000086200000|  0%| F|  |TAMS 0x0000000086100000, 0x0000000086100000| Untracked 
|  98|0x0000000086200000, 0x0000000086200000, 0x0000000086300000|  0%| F|  |TAMS 0x0000000086200000, 0x0000000086200000| Untracked 
|  99|0x0000000086300000, 0x0000000086300000, 0x0000000086400000|  0%| F|  |TAMS 0x0000000086300000, 0x0000000086300000| Untracked 
| 100|0x0000000086400000, 0x0000000086400000, 0x0000000086500000|  0%| F|  |TAMS 0x0000000086400000, 0x0000000086400000| Untracked 
| 101|0x0000000086500000, 0x0000000086500000, 0x0000000086600000|  0%| F|  |TAMS 0x0000000086500000, 0x0000000086500000| Untracked 
| 102|0x0000000086600000, 0x0000000086600000, 0x0000000086700000|  0%| F|  |TAMS 0x0000000086600000, 0x0000000086600000| Untracked 
| 103|0x0000000086700000, 0x0000000086700000, 0x0000000086800000|  0%| F|  |TAMS 0x0000000086700000, 0x0000000086700000| Untracked 
| 104|0x0000000086800000, 0x0000000086800000, 0x0000000086900000|  0%| F|  |TAMS 0x0000000086800000, 0x0000000086800000| Untracked 
| 105|0x0000000086900000, 0x0000000086900000, 0x0000000086a00000|  0%| F|  |TAMS 0x0000000086900000, 0x0000000086900000| Untracked 
| 106|0x0000000086a00000, 0x0000000086a00000, 0x0000000086b00000|  0%| F|  |TAMS 0x0000000086a00000, 0x0000000086a00000| Untracked 
| 107|0x0000000086b00000, 0x0000000086b00000, 0x0000000086c00000|  0%| F|  |TAMS 0x0000000086b00000, 0x0000000086b00000| Untracked 
| 108|0x0000000086c00000, 0x0000000086c00000, 0x0000000086d00000|  0%| F|  |TAMS 0x0000000086c00000, 0x0000000086c00000| Untracked 
| 109|0x0000000086d00000, 0x0000000086d00000, 0x0000000086e00000|  0%| F|  |TAMS 0x0000000086d00000, 0x0000000086d00000| Untracked 
| 110|0x0000000086e00000, 0x0000000086e00000, 0x0000000086f00000|  0%| F|  |TAMS 0x0000000086e00000, 0x0000000086e00000| Untracked 
| 111|0x0000000086f00000, 0x0000000086f00000, 0x0000000087000000|  0%| F|  |TAMS 0x0000000086f00000, 0x0000000086f00000| Untracked 
| 112|0x0000000087000000, 0x0000000087000000, 0x0000000087100000|  0%| F|  |TAMS 0x0000000087000000, 0x0000000087000000| Untracked 
| 113|0x0000000087100000, 0x0000000087100000, 0x0000000087200000|  0%| F|  |TAMS 0x0000000087100000, 0x0000000087100000| Untracked 
| 114|0x0000000087200000, 0x0000000087200000, 0x0000000087300000|  0%| F|  |TAMS 0x0000000087200000, 0x0000000087200000| Untracked 
| 115|0x0000000087300000, 0x0000000087300000, 0x0000000087400000|  0%| F|  |TAMS 0x0000000087300000, 0x0000000087300000| Untracked 
| 116|0x0000000087400000, 0x0000000087400000, 0x0000000087500000|  0%| F|  |TAMS 0x0000000087400000, 0x0000000087400000| Untracked 
| 117|0x0000000087500000, 0x0000000087500000, 0x0000000087600000|  0%| F|  |TAMS 0x0000000087500000, 0x0000000087500000| Untracked 
| 118|0x0000000087600000, 0x0000000087600000, 0x0000000087700000|  0%| F|  |TAMS 0x0000000087600000, 0x0000000087600000| Untracked 
| 119|0x0000000087700000, 0x0000000087700000, 0x0000000087800000|  0%| F|  |TAMS 0x0000000087700000, 0x0000000087700000| Untracked 
| 120|0x0000000087800000, 0x0000000087880800, 0x0000000087900000| 50%| E|  |TAMS 0x0000000087800000, 0x0000000087800000| Complete 
| 121|0x0000000087900000, 0x0000000087a00000, 0x0000000087a00000|100%| E|CS|TAMS 0x0000000087900000, 0x0000000087900000| Complete 
| 122|0x0000000087a00000, 0x0000000087b00000, 0x0000000087b00000|100%| E|CS|TAMS 0x0000000087a00000, 0x0000000087a00000| Complete 
| 123|0x0000000087b00000, 0x0000000087c00000, 0x0000000087c00000|100%| E|CS|TAMS 0x0000000087b00000, 0x0000000087b00000| Complete 
| 124|0x0000000087c00000, 0x0000000087d00000, 0x0000000087d00000|100%| E|CS|TAMS 0x0000000087c00000, 0x0000000087c00000| Complete 
| 125|0x0000000087d00000, 0x0000000087e00000, 0x0000000087e00000|100%| E|CS|TAMS 0x0000000087d00000, 0x0000000087d00000| Complete 
| 126|0x0000000087e00000, 0x0000000087f00000, 0x0000000087f00000|100%| E|CS|TAMS 0x0000000087e00000, 0x0000000087e00000| Complete 
| 127|0x0000000087f00000, 0x0000000088000000, 0x0000000088000000|100%| E|CS|TAMS 0x0000000087f00000, 0x0000000087f00000| Complete 
| 128|0x0000000088000000, 0x0000000088100000, 0x0000000088100000|100%| E|CS|TAMS 0x0000000088000000, 0x0000000088000000| Complete 
| 129|0x0000000088100000, 0x0000000088200000, 0x0000000088200000|100%| E|CS|TAMS 0x0000000088100000, 0x0000000088100000| Complete 
| 130|0x0000000088200000, 0x0000000088300000, 0x0000000088300000|100%| E|CS|TAMS 0x0000000088200000, 0x0000000088200000| Complete 
| 131|0x0000000088300000, 0x0000000088400000, 0x0000000088400000|100%| E|CS|TAMS 0x0000000088300000, 0x0000000088300000| Complete 
| 132|0x0000000088400000, 0x0000000088500000, 0x0000000088500000|100%| E|CS|TAMS 0x0000000088400000, 0x0000000088400000| Complete 
| 133|0x0000000088500000, 0x0000000088600000, 0x0000000088600000|100%| E|CS|TAMS 0x0000000088500000, 0x0000000088500000| Complete 
| 134|0x0000000088600000, 0x0000000088700000, 0x0000000088700000|100%| E|CS|TAMS 0x0000000088600000, 0x0000000088600000| Complete 
| 135|0x0000000088700000, 0x0000000088800000, 0x0000000088800000|100%| E|CS|TAMS 0x0000000088700000, 0x0000000088700000| Complete 
| 136|0x0000000088800000, 0x0000000088900000, 0x0000000088900000|100%| E|CS|TAMS 0x0000000088800000, 0x0000000088800000| Complete 
| 137|0x0000000088900000, 0x0000000088a00000, 0x0000000088a00000|100%| E|CS|TAMS 0x0000000088900000, 0x0000000088900000| Complete 
| 138|0x0000000088a00000, 0x0000000088b00000, 0x0000000088b00000|100%| E|CS|TAMS 0x0000000088a00000, 0x0000000088a00000| Complete 
| 139|0x0000000088b00000, 0x0000000088c00000, 0x0000000088c00000|100%| E|CS|TAMS 0x0000000088b00000, 0x0000000088b00000| Complete 
| 140|0x0000000088c00000, 0x0000000088d00000, 0x0000000088d00000|100%| E|CS|TAMS 0x0000000088c00000, 0x0000000088c00000| Complete 
| 141|0x0000000088d00000, 0x0000000088e00000, 0x0000000088e00000|100%| E|CS|TAMS 0x0000000088d00000, 0x0000000088d00000| Complete 
| 142|0x0000000088e00000, 0x0000000088f00000, 0x0000000088f00000|100%| E|CS|TAMS 0x0000000088e00000, 0x0000000088e00000| Complete 
| 143|0x0000000088f00000, 0x0000000089000000, 0x0000000089000000|100%| E|  |TAMS 0x0000000088f00000, 0x0000000088f00000| Complete 
| 144|0x0000000089000000, 0x0000000089100000, 0x0000000089100000|100%| E|CS|TAMS 0x0000000089000000, 0x0000000089000000| Complete 
| 145|0x0000000089100000, 0x0000000089200000, 0x0000000089200000|100%| E|CS|TAMS 0x0000000089100000, 0x0000000089100000| Complete 
| 146|0x0000000089200000, 0x0000000089300000, 0x0000000089300000|100%| E|CS|TAMS 0x0000000089200000, 0x0000000089200000| Complete 
| 147|0x0000000089300000, 0x0000000089400000, 0x0000000089400000|100%| E|CS|TAMS 0x0000000089300000, 0x0000000089300000| Complete 
| 148|0x0000000089400000, 0x0000000089500000, 0x0000000089500000|100%| E|CS|TAMS 0x0000000089400000, 0x0000000089400000| Complete 
| 149|0x0000000089500000, 0x0000000089600000, 0x0000000089600000|100%| E|CS|TAMS 0x0000000089500000, 0x0000000089500000| Complete 
| 150|0x0000000089600000, 0x0000000089700000, 0x0000000089700000|100%| E|CS|TAMS 0x0000000089600000, 0x0000000089600000| Complete 
| 151|0x0000000089700000, 0x0000000089800000, 0x0000000089800000|100%| S|CS|TAMS 0x0000000089700000, 0x0000000089700000| Complete 
| 152|0x0000000089800000, 0x0000000089900000, 0x0000000089900000|100%| S|CS|TAMS 0x0000000089800000, 0x0000000089800000| Complete 
| 153|0x0000000089900000, 0x0000000089a00000, 0x0000000089a00000|100%| E|CS|TAMS 0x0000000089900000, 0x0000000089900000| Complete 
| 154|0x0000000089a00000, 0x0000000089b00000, 0x0000000089b00000|100%| E|CS|TAMS 0x0000000089a00000, 0x0000000089a00000| Complete 
| 155|0x0000000089b00000, 0x0000000089c00000, 0x0000000089c00000|100%| E|CS|TAMS 0x0000000089b00000, 0x0000000089b00000| Complete 
| 156|0x0000000089c00000, 0x0000000089d00000, 0x0000000089d00000|100%| E|CS|TAMS 0x0000000089c00000, 0x0000000089c00000| Complete 
| 157|0x0000000089d00000, 0x0000000089e00000, 0x0000000089e00000|100%| E|CS|TAMS 0x0000000089d00000, 0x0000000089d00000| Complete 
| 158|0x0000000089e00000, 0x0000000089f00000, 0x0000000089f00000|100%| E|CS|TAMS 0x0000000089e00000, 0x0000000089e00000| Complete 
| 159|0x0000000089f00000, 0x000000008a000000, 0x000000008a000000|100%| E|CS|TAMS 0x0000000089f00000, 0x0000000089f00000| Complete 

Card table byte_map: [0x0000019f3bc30000,0x0000019f3c030000] _byte_map_base: 0x0000019f3b830000

Marking Bits (Prev, Next): (CMBitMap*) 0x0000019f2233ad20, (CMBitMap*) 0x0000019f2233ace8
 Prev Bits: [0x0000019f3e430000, 0x0000019f40430000)
 Next Bits: [0x0000019f3c430000, 0x0000019f3e430000)

Polling page: 0x0000019f221a0000

Metaspace:

Usage:
  Non-class:     55.19 MB capacity,    54.27 MB ( 98%) used,   779.12 KB (  1%) free+waste,   159.94 KB ( <1%) overhead. 
      Class:      8.21 MB capacity,     7.68 MB ( 94%) used,   464.54 KB (  6%) free+waste,    74.31 KB ( <1%) overhead. 
       Both:     63.40 MB capacity,    61.95 MB ( 98%) used,     1.21 MB (  2%) free+waste,   234.25 KB ( <1%) overhead. 

Virtual space:
  Non-class space:       56.00 MB reserved,      55.42 MB ( 99%) committed 
      Class space:        1.00 GB reserved,       8.32 MB ( <1%) committed 
             Both:        1.05 GB reserved,      63.75 MB (  6%) committed 

Chunk freelists:
   Non-Class:  49.00 KB
       Class:  41.00 KB
        Both:  90.00 KB

MaxMetaspaceSize: 17179869184.00 GB
CompressedClassSpaceSize: 1.00 GB
Initial GC threshold: 20.80 MB
Current GC threshold: 98.54 MB
CDS: off

CodeHeap 'non-profiled nmethods': size=120064Kb used=3647Kb max_used=3647Kb free=116416Kb
 bounds [0x0000019f33cd0000, 0x0000019f34060000, 0x0000019f3b210000]
CodeHeap 'profiled nmethods': size=120000Kb used=13504Kb max_used=13504Kb free=106496Kb
 bounds [0x0000019f2c7a0000, 0x0000019f2d4d0000, 0x0000019f33cd0000]
CodeHeap 'non-nmethods': size=5696Kb used=2334Kb max_used=2375Kb free=3361Kb
 bounds [0x0000019f2c210000, 0x0000019f2c480000, 0x0000019f2c7a0000]
 total_blobs=7207 nmethods=6364 adapters=755
 compilation: disabled (not enough contiguous free space left)
              stopped_count=1, restarted_count=0
 full_count=1

Compilation events (20 events):
Event: 31.040 Thread 0x0000019f42ab0000 6354       1       com.android.build.gradle.internal.dsl.decorator.DslDecorator$ManagedProperty::getSupportedPropertyType (5 bytes)
Event: 31.040 Thread 0x0000019f42ab0000 nmethod 6354 0x0000019f3404e390 code [0x0000019f3404e540, 0x0000019f3404e5f8]
Event: 31.041 Thread 0x0000019f42ab0000 6358       1       org.objectweb.asm.commons.Method::getDescriptor (5 bytes)
Event: 31.041 Thread 0x0000019f42ab0000 nmethod 6358 0x0000019f3404e690 code [0x0000019f3404e840, 0x0000019f3404e8f8]
Event: 31.041 Thread 0x0000019f42ab0000 6361       1       org.objectweb.asm.SymbolTable::getMajorVersion (5 bytes)
Event: 31.041 Thread 0x0000019f42ab0000 nmethod 6361 0x0000019f3404e990 code [0x0000019f3404eb40, 0x0000019f3404ebf8]
Event: 31.041 Thread 0x0000019f42ab0000 6359       1       com.android.build.gradle.internal.dsl.decorator.SupportedPropertyType$Var::getType (5 bytes)
Event: 31.041 Thread 0x0000019f42ab0000 nmethod 6359 0x0000019f3404ec90 code [0x0000019f3404ee40, 0x0000019f3404eef8]
Event: 31.041 Thread 0x0000019f42ab0000 6360       1       com.android.build.gradle.internal.dsl.decorator.DslDecorator$ManagedProperty::getBackingFieldName (5 bytes)
Event: 31.041 Thread 0x0000019f42ab0000 nmethod 6360 0x0000019f3404ef90 code [0x0000019f3404f140, 0x0000019f3404f1f8]
Event: 31.058 Thread 0x0000019f42ab0000 6365       3       org.objectweb.asm.ClassWriter::toByteArray (1535 bytes)
Event: 31.069 Thread 0x0000019f42ab0000 nmethod 6365 0x0000019f2d4c2a90 code [0x0000019f2d4c33e0, 0x0000019f2d4c74d8]
Event: 31.070 Thread 0x0000019f42ab0000 6366       3       jdk.internal.org.objectweb.asm.ClassReader::readUTF (194 bytes)
Event: 31.070 Thread 0x0000019f4a8aa000 6364       4       org.objectweb.asm.Frame::accept (264 bytes)
Event: 31.071 Thread 0x0000019f42ab0000 nmethod 6366 0x0000019f2d4c9590 code [0x0000019f2d4c97a0, 0x0000019f2d4c9d98]
Event: 31.072 Thread 0x0000019f42ab0000 6367       3       sun.reflect.generics.tree.SimpleClassTypeSignature::accept (8 bytes)
Event: 31.072 Thread 0x0000019f42ab0000 nmethod 6367 0x0000019f2d4ca090 code [0x0000019f2d4ca2a0, 0x0000019f2d4ca6e8]
Event: 31.112 Thread 0x0000019f4a8aa000 nmethod 6364 0x0000019f3404f290 code [0x0000019f3404f480, 0x0000019f34050148]
Event: 31.112 Thread 0x0000019f4a8aa000 6368       4       org.objectweb.asm.MethodWriter::computeAllFrames (510 bytes)
Event: 31.167 Thread 0x0000019f42ab0000 6369   !   3       org.gradle.internal.instantiation.generator.AbstractClassGenerator::generateUnderLock (702 bytes)

GC Heap History (20 events):
Event: 3.235 GC heap before
{Heap before GC invocations=1 (full 0):
 garbage-first heap   total 163840K, used 19423K [0x0000000080000000, 0x0000000100000000)
  region size 1024K, 13 young (13312K), 2 survivors (2048K)
 Metaspace       used 10242K, capacity 10501K, committed 10624K, reserved 1058816K
  class space    used 1042K, capacity 1139K, committed 1152K, reserved 1048576K
}
Event: 3.240 GC heap after
{Heap after GC invocations=2 (full 0):
 garbage-first heap   total 163840K, used 9476K [0x0000000080000000, 0x0000000100000000)
  region size 1024K, 2 young (2048K), 2 survivors (2048K)
 Metaspace       used 10242K, capacity 10501K, committed 10624K, reserved 1058816K
  class space    used 1042K, capacity 1139K, committed 1152K, reserved 1048576K
}
Event: 6.395 GC heap before
{Heap before GC invocations=2 (full 0):
 garbage-first heap   total 163840K, used 40196K [0x0000000080000000, 0x0000000100000000)
  region size 1024K, 31 young (31744K), 2 survivors (2048K)
 Metaspace       used 11262K, capacity 11520K, committed 11776K, reserved 1060864K
  class space    used 1145K, capacity 1244K, committed 1280K, reserved 1048576K
}
Event: 6.403 GC heap after
{Heap after GC invocations=3 (full 0):
 garbage-first heap   total 163840K, used 14263K [0x0000000080000000, 0x0000000100000000)
  region size 1024K, 4 young (4096K), 4 survivors (4096K)
 Metaspace       used 11262K, capacity 11520K, committed 11776K, reserved 1060864K
  class space    used 1145K, capacity 1244K, committed 1280K, reserved 1048576K
}
Event: 9.847 GC heap before
{Heap before GC invocations=3 (full 0):
 garbage-first heap   total 163840K, used 55223K [0x0000000080000000, 0x0000000100000000)
  region size 1024K, 44 young (45056K), 4 survivors (4096K)
 Metaspace       used 18453K, capacity 18848K, committed 18944K, reserved 1067008K
  class space    used 2165K, capacity 2286K, committed 2304K, reserved 1048576K
}
Event: 9.858 GC heap after
{Heap after GC invocations=4 (full 0):
 garbage-first heap   total 163840K, used 16724K [0x0000000080000000, 0x0000000100000000)
  region size 1024K, 6 young (6144K), 6 survivors (6144K)
 Metaspace       used 18453K, capacity 18848K, committed 18944K, reserved 1067008K
  class space    used 2165K, capacity 2286K, committed 2304K, reserved 1048576K
}
Event: 10.504 GC heap before
{Heap before GC invocations=4 (full 0):
 garbage-first heap   total 163840K, used 36180K [0x0000000080000000, 0x0000000100000000)
  region size 1024K, 26 young (26624K), 6 survivors (6144K)
 Metaspace       used 20739K, capacity 21199K, committed 21296K, reserved 1069056K
  class space    used 2501K, capacity 2669K, committed 2688K, reserved 1048576K
}
Event: 10.513 GC heap after
{Heap after GC invocations=5 (full 0):
 garbage-first heap   total 163840K, used 17712K [0x0000000080000000, 0x0000000100000000)
  region size 1024K, 4 young (4096K), 4 survivors (4096K)
 Metaspace       used 20739K, capacity 21199K, committed 21296K, reserved 1069056K
  class space    used 2501K, capacity 2669K, committed 2688K, reserved 1048576K
}
Event: 12.901 GC heap before
{Heap before GC invocations=6 (full 0):
 garbage-first heap   total 163840K, used 78128K [0x0000000080000000, 0x0000000100000000)
  region size 1024K, 64 young (65536K), 4 survivors (4096K)
 Metaspace       used 26586K, capacity 27099K, committed 27260K, reserved 1073152K
  class space    used 3436K, capacity 3661K, committed 3788K, reserved 1048576K
}
Event: 12.915 GC heap after
{Heap after GC invocations=7 (full 0):
 garbage-first heap   total 163840K, used 19604K [0x0000000080000000, 0x0000000100000000)
  region size 1024K, 6 young (6144K), 6 survivors (6144K)
 Metaspace       used 26586K, capacity 27099K, committed 27260K, reserved 1073152K
  class space    used 3436K, capacity 3661K, committed 3788K, reserved 1048576K
}
Event: 15.666 GC heap before
{Heap before GC invocations=7 (full 0):
 garbage-first heap   total 163840K, used 70804K [0x0000000080000000, 0x0000000100000000)
  region size 1024K, 57 young (58368K), 6 survivors (6144K)
 Metaspace       used 35140K, capacity 35931K, committed 35964K, reserved 1081344K
  class space    used 4497K, capacity 4799K, committed 4812K, reserved 1048576K
}
Event: 15.689 GC heap after
{Heap after GC invocations=8 (full 0):
 garbage-first heap   total 163840K, used 23259K [0x0000000080000000, 0x0000000100000000)
  region size 1024K, 9 young (9216K), 9 survivors (9216K)
 Metaspace       used 35140K, capacity 35931K, committed 35964K, reserved 1081344K
  class space    used 4497K, capacity 4799K, committed 4812K, reserved 1048576K
}
Event: 19.696 GC heap before
{Heap before GC invocations=9 (full 0):
 garbage-first heap   total 163840K, used 113371K [0x0000000080000000, 0x0000000100000000)
  region size 1024K, 95 young (97280K), 9 survivors (9216K)
 Metaspace       used 41850K, capacity 42858K, committed 43004K, reserved 1087488K
  class space    used 5315K, capacity 5688K, committed 5708K, reserved 1048576K
}
Event: 19.725 GC heap after
{Heap after GC invocations=10 (full 0):
 garbage-first heap   total 163840K, used 29291K [0x0000000080000000, 0x0000000100000000)
  region size 1024K, 12 young (12288K), 12 survivors (12288K)
 Metaspace       used 41850K, capacity 42858K, committed 43004K, reserved 1087488K
  class space    used 5315K, capacity 5688K, committed 5708K, reserved 1048576K
}
Event: 23.370 GC heap before
{Heap before GC invocations=10 (full 0):
 garbage-first heap   total 163840K, used 115307K [0x0000000080000000, 0x0000000100000000)
  region size 1024K, 96 young (98304K), 12 survivors (12288K)
 Metaspace       used 47797K, capacity 49001K, committed 49148K, reserved 1091584K
  class space    used 5993K, capacity 6408K, committed 6476K, reserved 1048576K
}
Event: 23.396 GC heap after
{Heap after GC invocations=11 (full 0):
 garbage-first heap   total 163840K, used 32974K [0x0000000080000000, 0x0000000100000000)
  region size 1024K, 10 young (10240K), 10 survivors (10240K)
 Metaspace       used 47797K, capacity 49001K, committed 49148K, reserved 1091584K
  class space    used 5993K, capacity 6408K, committed 6476K, reserved 1048576K
}
Event: 28.323 GC heap before
{Heap before GC invocations=11 (full 0):
 garbage-first heap   total 163840K, used 125134K [0x0000000080000000, 0x0000000100000000)
  region size 1024K, 96 young (98304K), 10 survivors (10240K)
 Metaspace       used 58053K, capacity 59450K, committed 59644K, reserved 1101824K
  class space    used 7192K, capacity 7697K, committed 7756K, reserved 1048576K
}
Event: 28.353 GC heap after
{Heap after GC invocations=12 (full 0):
 garbage-first heap   total 163840K, used 45956K [0x0000000080000000, 0x0000000100000000)
  region size 1024K, 12 young (12288K), 12 survivors (12288K)
 Metaspace       used 58053K, capacity 59450K, committed 59644K, reserved 1101824K
  class space    used 7192K, capacity 7697K, committed 7756K, reserved 1048576K
}
Event: 28.635 GC heap before
{Heap before GC invocations=12 (full 0):
 garbage-first heap   total 163840K, used 52100K [0x0000000080000000, 0x0000000100000000)
  region size 1024K, 19 young (19456K), 12 survivors (12288K)
 Metaspace       used 58777K, capacity 60176K, committed 60284K, reserved 1101824K
  class space    used 7302K, capacity 7812K, committed 7884K, reserved 1048576K
}
Event: 28.670 GC heap after
{Heap after GC invocations=13 (full 0):
 garbage-first heap   total 163840K, used 48128K [0x0000000080000000, 0x0000000100000000)
  region size 1024K, 2 young (2048K), 2 survivors (2048K)
 Metaspace       used 58777K, capacity 60176K, committed 60284K, reserved 1101824K
  class space    used 7302K, capacity 7812K, committed 7884K, reserved 1048576K
}

Deoptimization events (20 events):
Event: 30.193 Thread 0x0000019f439e9000 DEOPT PACKING pc=0x0000019f2d471642 sp=0x00000091335f3470
Event: 30.193 Thread 0x0000019f439e9000 DEOPT UNPACKING pc=0x0000019f2c25a95e sp=0x00000091335f28c8 mode 0
Event: 30.193 Thread 0x0000019f439e9000 DEOPT PACKING pc=0x0000019f2d471642 sp=0x00000091335f3470
Event: 30.193 Thread 0x0000019f439e9000 DEOPT UNPACKING pc=0x0000019f2c25a95e sp=0x00000091335f28c8 mode 0
Event: 30.194 Thread 0x0000019f439e9000 DEOPT PACKING pc=0x0000019f2d471642 sp=0x00000091335f3470
Event: 30.194 Thread 0x0000019f439e9000 DEOPT UNPACKING pc=0x0000019f2c25a95e sp=0x00000091335f28c8 mode 0
Event: 30.194 Thread 0x0000019f439e9000 DEOPT PACKING pc=0x0000019f2d471642 sp=0x00000091335f3470
Event: 30.194 Thread 0x0000019f439e9000 DEOPT UNPACKING pc=0x0000019f2c25a95e sp=0x00000091335f28c8 mode 0
Event: 30.194 Thread 0x0000019f439e9000 DEOPT PACKING pc=0x0000019f2d471642 sp=0x00000091335f3470
Event: 30.194 Thread 0x0000019f439e9000 DEOPT UNPACKING pc=0x0000019f2c25a95e sp=0x00000091335f28c8 mode 0
Event: 30.194 Thread 0x0000019f439e9000 DEOPT PACKING pc=0x0000019f2d471642 sp=0x00000091335f3470
Event: 30.194 Thread 0x0000019f439e9000 DEOPT UNPACKING pc=0x0000019f2c25a95e sp=0x00000091335f28c8 mode 0
Event: 30.217 Thread 0x0000019f439e9000 Uncommon trap: trap_request=0xffffff4d fr.pc=0x0000019f33fb32bc relative=0x000000000000009c
Event: 30.217 Thread 0x0000019f439e9000 Uncommon trap: reason=unstable_if action=reinterpret pc=0x0000019f33fb32bc method=java.security.CodeSource.matchCerts(Ljava/security/CodeSource;Z)Z @ 11 c2
Event: 30.217 Thread 0x0000019f439e9000 DEOPT PACKING pc=0x0000019f33fb32bc sp=0x00000091335f0560
Event: 30.217 Thread 0x0000019f439e9000 DEOPT UNPACKING pc=0x0000019f2c25a1af sp=0x00000091335f04f8 mode 2
Event: 30.937 Thread 0x0000019f439e9000 Uncommon trap: trap_request=0xffffff4d fr.pc=0x0000019f33fce550 relative=0x00000000000000f0
Event: 30.937 Thread 0x0000019f439e9000 Uncommon trap: reason=unstable_if action=reinterpret pc=0x0000019f33fce550 method=java.util.concurrent.ConcurrentHashMap.addCount(JI)V @ 110 c2
Event: 30.937 Thread 0x0000019f439e9000 DEOPT PACKING pc=0x0000019f33fce550 sp=0x00000091335f7510
Event: 30.937 Thread 0x0000019f439e9000 DEOPT UNPACKING pc=0x0000019f2c25a1af sp=0x00000091335f7448 mode 2

Classes redefined (0 events):
No events

Internal exceptions (20 events):
Event: 24.746 Thread 0x0000019f455db800 Exception <a 'java/lang/NoSuchMethodError'{0x0000000088be9bc8}: <clinit>> (0x0000000088be9bc8) thrown at [./src/hotspot/share/prims/jni.cpp, line 1366]
Event: 24.759 Thread 0x0000019f455db800 Exception <a 'java/lang/NoSuchMethodError'{0x0000000088bf4260}: <clinit>> (0x0000000088bf4260) thrown at [./src/hotspot/share/prims/jni.cpp, line 1366]
Event: 24.762 Thread 0x0000019f455db800 Exception <a 'java/lang/NoSuchMethodError'{0x0000000088a08080}: <clinit>> (0x0000000088a08080) thrown at [./src/hotspot/share/prims/jni.cpp, line 1366]
Event: 24.891 Thread 0x0000019f439e9000 Exception <a 'java/lang/ClassNotFoundException'{0x0000000088a91d48}: build_7w2y2khbuiq3syfxea984jt0aBeanInfo> (0x0000000088a91d48) thrown at [./src/hotspot/share/classfile/systemDictionary.cpp, line 230]
Event: 24.891 Thread 0x0000019f439e9000 Exception <a 'java/lang/ClassNotFoundException'{0x0000000088a9cd00}: build_7w2y2khbuiq3syfxea984jt0aCustomizer> (0x0000000088a9cd00) thrown at [./src/hotspot/share/classfile/systemDictionary.cpp, line 230]
Event: 25.044 Thread 0x0000019f439e9000 Exception <a 'java/lang/ClassNotFoundException'{0x0000000088822650}: org/gradle/api/internal/plugins/DefaultObjectConfigurationActionBeanInfo> (0x0000000088822650) thrown at [./src/hotspot/share/classfile/systemDictionary.cpp, line 230]
Event: 25.046 Thread 0x0000019f439e9000 Exception <a 'java/lang/ClassNotFoundException'{0x0000000088857740}: org/gradle/api/internal/plugins/DefaultObjectConfigurationActionCustomizer> (0x0000000088857740) thrown at [./src/hotspot/share/classfile/systemDictionary.cpp, line 230]
Event: 25.481 Thread 0x0000019f439e9000 Exception <a 'java/lang/NoSuchMethodError'{0x0000000087e9df28}: 'java.lang.Object java.lang.invoke.DirectMethodHandle$Holder.invokeStatic(java.lang.Object, java.lang.Object, java.lang.Object, java.lang.Object, int)'> (0x0000000087e9df28) thrown at [./src/hotspot/share/interpreter/linkResolver.cpp, line 773]
Event: 25.482 Thread 0x0000019f439e9000 Exception <a 'java/lang/NoSuchMethodError'{0x0000000087ea2920}: 'java.lang.Object java.lang.invoke.DirectMethodHandle$Holder.invokeSpecial(java.lang.Object, java.lang.Object, java.lang.Object, java.lang.Object, java.lang.Object, int)'> (0x0000000087ea2920) thrown at [./src/hotspot/share/interpreter/linkResolver.cpp, line 773]
Event: 25.483 Thread 0x0000019f439e9000 Exception <a 'java/lang/NoSuchMethodError'{0x0000000087ea6f60}: 'java.lang.Object java.lang.invoke.Invokers$Holder.linkToTargetMethod(java.lang.Object, java.lang.Object, java.lang.Object, int, java.lang.Object)'> (0x0000000087ea6f60) thrown at [./src/hotspot/share/interpreter/linkResolver.cpp, line 773]
Event: 26.308 Thread 0x0000019f439e9000 Exception <a 'java/lang/NoSuchMethodError'{0x0000000086fbf938}: 'java.lang.Object java.lang.invoke.DirectMethodHandle$Holder.invokeSpecial(java.lang.Object, java.lang.Object, int, int, java.lang.Object, java.lang.Object, java.lang.Object)'> (0x0000000086fbf938) thrown at [./src/hotspot/share/interpreter/linkResolver.cpp, line 773]
Event: 26.308 Thread 0x0000019f439e9000 Exception <a 'java/lang/NoSuchMethodError'{0x0000000086fc3eb8}: 'java.lang.Object java.lang.invoke.DelegatingMethodHandle$Holder.reinvoke_L(java.lang.Object, int, int, java.lang.Object, java.lang.Object, java.lang.Object)'> (0x0000000086fc3eb8) thrown at [./src/hotspot/share/interpreter/linkResolver.cpp, line 773]
Event: 27.198 Thread 0x0000019f439e9000 Exception <a 'java/lang/NoSuchMethodError'{0x0000000086228740}: 'int java.lang.invoke.DirectMethodHandle$Holder.invokeInterface(java.lang.Object, java.lang.Object, java.lang.Object, java.lang.Object)'> (0x0000000086228740) thrown at [./src/hotspot/share/interpreter/linkResolver.cpp, line 773]
Event: 28.235 Thread 0x0000019f439e9000 Exception <a 'java/lang/NoSuchMethodError'{0x0000000084ccffc8}: 'void java.lang.invoke.DirectMethodHandle$Holder.invokeInterface(java.lang.Object, java.lang.Object, java.lang.Object, java.lang.Object)'> (0x0000000084ccffc8) thrown at [./src/hotspot/share/interpreter/linkResolver.cpp, line 773]
Event: 28.805 Thread 0x0000019f439e9000 Exception <a 'java/lang/IncompatibleClassChangeError'{0x0000000089f07030}: Found class java.lang.Object, but interface was expected> (0x0000000089f07030) thrown at [./src/hotspot/share/interpreter/linkResolver.cpp, line 839]
Event: 29.102 Thread 0x0000019f439e9000 Implicit null exception at 0x0000019f33ffd2d4 to 0x0000019f33ffd450
Event: 29.102 Thread 0x0000019f439e9000 Implicit null exception at 0x0000019f33fc5f02 to 0x0000019f33fc6868
Event: 29.511 Thread 0x0000019f439e9000 Implicit null exception at 0x0000019f33e48c8b to 0x0000019f33e48d64
Event: 29.809 Thread 0x0000019f439e9000 Implicit null exception at 0x0000019f33e3f92c to 0x0000019f33e3fa5a
Event: 30.364 Thread 0x0000019f439e9000 Exception <a 'sun/nio/fs/WindowsException'{0x00000000889327f0}> (0x00000000889327f0) thrown at [./src/hotspot/share/prims/jni.cpp, line 616]

Events (20 events):
Event: 31.069 loading class com/android/build/gradle/internal/model/CoreCmakeOptions done
Event: 31.069 loading class com/android/build/api/dsl/Cmake
Event: 31.069 loading class com/android/build/api/dsl/Cmake done
Event: 31.070 Thread 0x0000019f4a8aa000 Thread added: 0x0000019f4a8aa000
Event: 31.177 loading class com/android/build/gradle/internal/dsl/CommonExtensionImpl$lintOptions$2
Event: 31.177 loading class com/android/build/gradle/internal/dsl/CommonExtensionImpl$lintOptions$2 done
Event: 31.179 loading class com/android/build/api/dsl/EmulatorSnapshots
Event: 31.179 loading class com/android/build/api/dsl/EmulatorSnapshots done
Event: 31.180 loading class com/android/build/api/dsl/FailureRetention
Event: 31.180 loading class com/android/build/api/dsl/FailureRetention done
Event: 31.181 loading class com/android/build/api/dsl/UnitTestOptions
Event: 31.181 loading class com/android/build/api/dsl/UnitTestOptions done
Event: 31.181 loading class com/android/build/gradle/internal/dsl/TestOptions$UnitTestOptions
Event: 31.181 loading class com/android/build/gradle/internal/dsl/TestOptions$UnitTestOptions done
Event: 31.182 loading class org/gradle/api/ExtensiblePolymorphicDomainObjectContainer
Event: 31.182 loading class org/gradle/api/ExtensiblePolymorphicDomainObjectContainer done
Event: 31.183 loading class com/android/builder/model/TestOptions$Execution
Event: 31.183 loading class com/android/builder/model/TestOptions$Execution done
Event: 31.185 loading class com/android/build/api/dsl/DeviceGroup
Event: 31.185 loading class com/android/build/api/dsl/DeviceGroup done


Dynamic libraries:
0x00007ff79a430000 - 0x00007ff79a43d000 	C:\Users\muham\.jdks\temurin-11.0.14.1\bin\java.exe
0x00007ffba8430000 - 0x00007ffba8625000 	C:\WINDOWS\SYSTEM32\ntdll.dll
0x00007ffba8330000 - 0x00007ffba83ee000 	C:\WINDOWS\System32\KERNEL32.DLL
0x00007ffba5e00000 - 0x00007ffba60c8000 	C:\WINDOWS\System32\KERNELBASE.dll
0x00007ffba6380000 - 0x00007ffba6480000 	C:\WINDOWS\System32\ucrtbase.dll
0x00007ffb992c0000 - 0x00007ffb992d5000 	C:\Users\muham\.jdks\temurin-11.0.14.1\bin\VCRUNTIME140.dll
0x00007ffb968c0000 - 0x00007ffb968d7000 	C:\Users\muham\.jdks\temurin-11.0.14.1\bin\jli.dll
0x00007ffba6c20000 - 0x00007ffba6dc0000 	C:\WINDOWS\System32\USER32.dll
0x00007ffb94870000 - 0x00007ffb94b0a000 	C:\WINDOWS\WinSxS\amd64_microsoft.windows.common-controls_6595b64144ccf1df_6.0.19041.1110_none_60b5254171f9507e\COMCTL32.dll
0x00007ffba6120000 - 0x00007ffba6142000 	C:\WINDOWS\System32\win32u.dll
0x00007ffba7a20000 - 0x00007ffba7abe000 	C:\WINDOWS\System32\msvcrt.dll
0x00007ffba7ac0000 - 0x00007ffba7aeb000 	C:\WINDOWS\System32\GDI32.dll
0x00007ffba5bb0000 - 0x00007ffba5cbd000 	C:\WINDOWS\System32\gdi32full.dll
0x00007ffba6150000 - 0x00007ffba61ed000 	C:\WINDOWS\System32\msvcp_win.dll
0x00007ffba7c30000 - 0x00007ffba7c60000 	C:\WINDOWS\System32\IMM32.DLL
0x00007ffb65a00000 - 0x00007ffb65a9b000 	C:\Users\muham\.jdks\temurin-11.0.14.1\bin\msvcp140.dll
0x00007ffb60e60000 - 0x00007ffb619e1000 	C:\Users\muham\.jdks\temurin-11.0.14.1\bin\server\jvm.dll
0x00007ffba6530000 - 0x00007ffba65de000 	C:\WINDOWS\System32\ADVAPI32.dll
0x00007ffba6b20000 - 0x00007ffba6bbc000 	C:\WINDOWS\System32\sechost.dll
0x00007ffba71a0000 - 0x00007ffba72c5000 	C:\WINDOWS\System32\RPCRT4.dll
0x00007ffba7af0000 - 0x00007ffba7af8000 	C:\WINDOWS\System32\PSAPI.DLL
0x00007ffb98ba0000 - 0x00007ffb98bc7000 	C:\WINDOWS\SYSTEM32\WINMM.dll
0x00007ffba3b00000 - 0x00007ffba3b09000 	C:\WINDOWS\SYSTEM32\WSOCK32.dll
0x00007ffba70c0000 - 0x00007ffba712b000 	C:\WINDOWS\System32\WS2_32.dll
0x00007ffb9d620000 - 0x00007ffb9d62a000 	C:\WINDOWS\SYSTEM32\VERSION.dll
0x00007ffba3c10000 - 0x00007ffba3c22000 	C:\WINDOWS\SYSTEM32\kernel.appcore.dll
0x00007ffb984f0000 - 0x00007ffb98500000 	C:\Users\muham\.jdks\temurin-11.0.14.1\bin\verify.dll
0x00007ffba38f0000 - 0x00007ffba3ad4000 	C:\WINDOWS\SYSTEM32\DBGHELP.DLL
0x00007ffb88110000 - 0x00007ffb8813c000 	C:\WINDOWS\SYSTEM32\dbgcore.DLL
0x00007ffba5d70000 - 0x00007ffba5df2000 	C:\WINDOWS\System32\bcryptPrimitives.dll
0x00007ffb79990000 - 0x00007ffb799b8000 	C:\Users\muham\.jdks\temurin-11.0.14.1\bin\java.dll
0x00007ffb98390000 - 0x00007ffb9839a000 	C:\Users\muham\.jdks\temurin-11.0.14.1\bin\jimage.dll
0x00007ffb94b10000 - 0x00007ffb94b28000 	C:\Users\muham\.jdks\temurin-11.0.14.1\bin\zip.dll
0x00007ffba72d0000 - 0x00007ffba7a14000 	C:\WINDOWS\System32\SHELL32.dll
0x00007ffba3c30000 - 0x00007ffba43c4000 	C:\WINDOWS\SYSTEM32\windows.storage.dll
0x00007ffba6740000 - 0x00007ffba6a95000 	C:\WINDOWS\System32\combase.dll
0x00007ffba5590000 - 0x00007ffba55be000 	C:\WINDOWS\SYSTEM32\Wldp.dll
0x00007ffba6480000 - 0x00007ffba652d000 	C:\WINDOWS\System32\SHCORE.dll
0x00007ffba80e0000 - 0x00007ffba8135000 	C:\WINDOWS\System32\shlwapi.dll
0x00007ffba5a80000 - 0x00007ffba5a9f000 	C:\WINDOWS\SYSTEM32\profapi.dll
0x00007ffb80430000 - 0x00007ffb80449000 	C:\Users\muham\.jdks\temurin-11.0.14.1\bin\net.dll
0x00007ffb981c0000 - 0x00007ffb982cc000 	C:\WINDOWS\SYSTEM32\WINHTTP.dll
0x00007ffba52f0000 - 0x00007ffba535a000 	C:\WINDOWS\system32\mswsock.dll
0x00007ffb7c150000 - 0x00007ffb7c163000 	C:\Users\muham\.jdks\temurin-11.0.14.1\bin\nio.dll
0x00007ffb799c0000 - 0x00007ffb799e7000 	C:\Users\muham\.gradle\native\e1d6ef7f7dcc3fd88c89a11ec53ec762bb8ba0a96d01ffa2cd45eb1d1d8dd5c5\windows-amd64\native-platform.dll
0x00007ffb658b0000 - 0x00007ffb659f4000 	C:\Users\muham\.gradle\native\5664cfc778a61ccfe75a443a1ab52a65af34e5dc3c78e0209fed803814484fcb\windows-amd64\native-platform-file-events.dll
0x00007ffb97340000 - 0x00007ffb97349000 	C:\Users\muham\.jdks\temurin-11.0.14.1\bin\management.dll
0x00007ffb972a0000 - 0x00007ffb972ab000 	C:\Users\muham\.jdks\temurin-11.0.14.1\bin\management_ext.dll
0x00007ffba54e0000 - 0x00007ffba54f8000 	C:\WINDOWS\SYSTEM32\CRYPTSP.dll
0x00007ffba4c00000 - 0x00007ffba4c34000 	C:\WINDOWS\system32\rsaenh.dll
0x00007ffba6350000 - 0x00007ffba6377000 	C:\WINDOWS\System32\bcrypt.dll
0x00007ffba5a00000 - 0x00007ffba5a2e000 	C:\WINDOWS\SYSTEM32\USERENV.dll
0x00007ffba5500000 - 0x00007ffba550c000 	C:\WINDOWS\SYSTEM32\CRYPTBASE.dll
0x00007ffba4f90000 - 0x00007ffba4fcb000 	C:\WINDOWS\SYSTEM32\IPHLPAPI.DLL
0x00007ffba7190000 - 0x00007ffba7198000 	C:\WINDOWS\System32\NSI.dll
0x00007ffb9a910000 - 0x00007ffb9a927000 	C:\WINDOWS\SYSTEM32\dhcpcsvc6.DLL
0x00007ffb9aa20000 - 0x00007ffb9aa3d000 	C:\WINDOWS\SYSTEM32\dhcpcsvc.DLL
0x00007ffba4fe0000 - 0x00007ffba50ab000 	C:\WINDOWS\SYSTEM32\DNSAPI.dll

dbghelp: loaded successfully - version: 4.0.5 - missing functions: none
symbol engine: initialized successfully - sym options: 0x614 - pdb path: .;C:\Users\muham\.jdks\temurin-11.0.14.1\bin;C:\WINDOWS\SYSTEM32;C:\WINDOWS\WinSxS\amd64_microsoft.windows.common-controls_6595b64144ccf1df_6.0.19041.1110_none_60b5254171f9507e;C:\Users\muham\.jdks\temurin-11.0.14.1\bin\server;C:\Users\muham\.gradle\native\e1d6ef7f7dcc3fd88c89a11ec53ec762bb8ba0a96d01ffa2cd45eb1d1d8dd5c5\windows-amd64;C:\Users\muham\.gradle\native\5664cfc778a61ccfe75a443a1ab52a65af34e5dc3c78e0209fed803814484fcb\windows-amd64

VM Arguments:
jvm_args: --add-opens=java.base/java.util=ALL-UNNAMED --add-opens=java.base/java.lang=ALL-UNNAMED --add-opens=java.base/java.lang.invoke=ALL-UNNAMED --add-opens=java.base/java.util=ALL-UNNAMED --add-opens=java.prefs/java.util.prefs=ALL-UNNAMED --add-opens=java.prefs/java.util.prefs=ALL-UNNAMED --add-opens=java.base/java.nio.charset=ALL-UNNAMED --add-opens=java.base/java.net=ALL-UNNAMED --add-opens=java.base/java.util.concurrent.atomic=ALL-UNNAMED -Xmx2048m -Dfile.encoding=UTF-8 -Duser.country=ID -Duser.language=en -Duser.variant 
java_command: org.gradle.launcher.daemon.bootstrap.GradleDaemon 7.2
java_class_path (initial): C:\Users\muham\.gradle\wrapper\dists\gradle-7.2-bin\2dnblmf4td7x66yl1d74lt32g\gradle-7.2\lib\gradle-launcher-7.2.jar
Launcher Type: SUN_STANDARD

[Global flags]
     intx CICompilerCount                          = 3                                         {product} {ergonomic}
     uint ConcGCThreads                            = 1                                         {product} {ergonomic}
     uint G1ConcRefinementThreads                  = 4                                         {product} {ergonomic}
   size_t G1HeapRegionSize                         = 1048576                                   {product} {ergonomic}
    uintx GCDrainStackTargetSize                   = 64                                        {product} {ergonomic}
   size_t InitialHeapSize                          = 167772160                                 {product} {ergonomic}
   size_t MarkStackSize                            = 4194304                                   {product} {ergonomic}
   size_t MaxHeapSize                              = 2147483648                                {product} {command line}
   size_t MaxNewSize                               = 1287651328                                {product} {ergonomic}
   size_t MinHeapDeltaBytes                        = 1048576                                   {product} {ergonomic}
    uintx NonNMethodCodeHeapSize                   = 5830732                                {pd product} {ergonomic}
    uintx NonProfiledCodeHeapSize                  = 122913754                              {pd product} {ergonomic}
    uintx ProfiledCodeHeapSize                     = 122913754                              {pd product} {ergonomic}
    uintx ReservedCodeCacheSize                    = 251658240                              {pd product} {ergonomic}
     bool SegmentedCodeCache                       = true                                      {product} {ergonomic}
     bool UseCompressedClassPointers               = true                                 {lp64_product} {ergonomic}
     bool UseCompressedOops                        = true                                 {lp64_product} {ergonomic}
     bool UseG1GC                                  = true                                      {product} {ergonomic}
     bool UseLargePagesIndividualAllocation        = false                                  {pd product} {ergonomic}

Logging:
Log output configuration:
 #0: stdout all=warning uptime,level,tags
 #1: stderr all=off uptime,level,tags

Environment Variables:
JAVA_HOME=C:\Program Files\Java\jdk1.8.0_111
PATH=C:\ProgramData\Oracle\Java\javapath;C:\Windows\system32;C:\Windows;C:\Windows\System32\Wbem;C:\Windows\System32\WindowsPowerShell\v1.0\;C:\Windows\System32\OpenSSH\;C:\Program Files (x86)\NVIDIA Corporation\PhysX\Common;C:\Program Files\NVIDIA Corporation\NVIDIA NvDLISR;C:\Program Files\Java\jdk1.8.0_111;C:\Program Files\Java\jdk1.8.0_111\bin;C:\WINDOWS\system32;C:\WINDOWS;C:\WINDOWS\System32\Wbem;C:\WINDOWS\System32\WindowsPowerShell\v1.0\;C:\WINDOWS\System32\OpenSSH\;C:\Program Files\nodejs\;C:\xampp\php\;C:\Program Files\Git\cmd;C:\Users\muham\AppData\Local\Microsoft\WindowsApps;C:\Users\muham\AppData\Local\Programs\Microsoft VS Code\bin;flutter\bin;C:\Users\muham\AppData\Roaming\npm;
USERNAME=muham
OS=Windows_NT
PROCESSOR_IDENTIFIER=Intel64 Family 6 Model 61 Stepping 4, GenuineIntel



---------------  S Y S T E M  ---------------

OS: Windows 10 , 64 bit Build 19041 (10.0.19041.1503)
OS uptime: 2 days 23:28 hours

CPU:total 4 (initial active 4) (2 cores per cpu, 2 threads per core) family 6 model 61 stepping 4 microcode 0x2d, cmov, cx8, fxsr, mmx, sse, sse2, sse3, ssse3, sse4.1, sse4.2, popcnt, avx, avx2, aes, clmul, erms, 3dnowpref, lzcnt, ht, tsc, tscinvbit, bmi1, bmi2, adx, fma

Memory: 4k page, system-wide physical 10139M (3335M free)
TotalPageFile size 11163M (AvailPageFile size 5M)
current process WorkingSet (physical memory assigned to process): 337M, peak: 344M
current process commit charge ("private bytes"): 383M, peak: 389M

vm_info: OpenJDK 64-Bit Server VM (11.0.14.1+1) for windows-amd64 JRE (11.0.14.1+1), built on Feb  9 2022 01:48:27 by "" with unknown MS VC++:1916

END.
