#
# There is insufficient memory for the Java Runtime Environment to continue.
# Native memory allocation (mmap) failed to map 33554432 bytes for Failed to commit area from 0x000000008a000000 to 0x000000008c000000 of length 33554432.
# Possible reasons:
#   The system is out of physical RAM or swap space
#   The process is running with CompressedOops enabled, and the Java Heap may be blocking the growth of the native heap
# Possible solutions:
#   Reduce memory load on the system
#   Increase physical memory or swap space
#   Check if swap backing store is full
#   Decrease Java heap size (-Xmx/-Xms)
#   Decrease number of Java threads
#   Decrease Java thread stack sizes (-Xss)
#   Set larger code cache with -XX:ReservedCodeCacheSize=
#   JVM is running with Unscaled Compressed Oops mode in which the Java heap is
#     placed in the first 4GB address space. The Java Heap base address is the
#     maximum limit for the native heap growth. Please use -XX:HeapBaseMinAddress
#     to set the Java Heap base and to place the Java Heap above 4GB virtual address.
# This output file may be truncated or incomplete.
#
#  Out of Memory Error (./src/hotspot/os/windows/os_windows.cpp:3387), pid=7912, tid=9908
#
# JRE version: OpenJDK Runtime Environment Temurin-11.0.14.1+1 (11.0.14.1+1) (build 11.0.14.1+1)
# Java VM: OpenJDK 64-Bit Server VM Temurin-11.0.14.1+1 (11.0.14.1+1, mixed mode, tiered, compressed oops, g1 gc, windows-amd64)
# No core dump will be written. Minidumps are not enabled by default on client versions of Windows
#

---------------  S U M M A R Y ------------

Command Line: --add-opens=java.base/java.util=ALL-UNNAMED --add-opens=java.base/java.lang=ALL-UNNAMED --add-opens=java.base/java.lang.invoke=ALL-UNNAMED --add-opens=java.base/java.util=ALL-UNNAMED --add-opens=java.prefs/java.util.prefs=ALL-UNNAMED --add-opens=java.prefs/java.util.prefs=ALL-UNNAMED --add-opens=java.base/java.nio.charset=ALL-UNNAMED --add-opens=java.base/java.net=ALL-UNNAMED --add-opens=java.base/java.util.concurrent.atomic=ALL-UNNAMED -Xmx2048m -Dfile.encoding=UTF-8 -Duser.country=ID -Duser.language=en -Duser.variant org.gradle.launcher.daemon.bootstrap.GradleDaemon 7.2

Host: Intel(R) Core(TM) i3-5010U CPU @ 2.10GHz, 4 cores, 9G,  Windows 10 , 64 bit Build 19041 (10.0.19041.1503)
Time: Thu Mar 10 11:48:44 2022 SE Asia Standard Time elapsed time: 2395.693702 seconds (0d 0h 39m 55s)

---------------  T H R E A D  ---------------

Current thread (0x00000239823e3000):  VMThread "VM Thread" [stack: 0x000000c170100000,0x000000c170200000] [id=9908]

Stack: [0x000000c170100000,0x000000c170200000]
[error occurred during error reporting (printing stack bounds), id 0xc0000005, EXCEPTION_ACCESS_VIOLATION (0xc0000005) at pc=0x00000239ebae112d]

Native frames: (J=compiled Java code, j=interpreted, Vv=VM code, C=native code)
V  [jvm.dll+0x61e59a]
V  [jvm.dll+0x7aaca9]
V  [jvm.dll+0x7ac398]
V  [jvm.dll+0x7ac9d5]
V  [jvm.dll+0x7ac98b]
V  [jvm.dll+0x61d927]
V  [jvm.dll+0x61e038]
C  [ntdll.dll+0xa20cf]
C  [ntdll.dll+0x51454]
C  [ntdll.dll+0xa0bfe]
C  0x00000239ebae112d

VM_Operation (0x000000c1712f4b00): G1CollectForAllocation, mode: safepoint, requested by thread 0x0000023988634000


---------------  P R O C E S S  ---------------

Threads class SMR info:
_java_thread_list=0x000002398a85b4e0, length=87, elements={
0x00000239e339c000, 0x00000239823e7800, 0x00000239823f3000, 0x0000023982405800,
0x0000023982406000, 0x0000023982408800, 0x000002398240b800, 0x000002398240c800,
0x0000023982412800, 0x0000023982ec2800, 0x0000023984fe3800, 0x000002398404f800,
0x000002398462c800, 0x00000239848fa000, 0x00000239848fb000, 0x00000239848f9800,
0x000002398649a000, 0x00000239864a0000, 0x000002398649e000, 0x000002398649d800,
0x00000239864a0800, 0x000002398649b000, 0x00000239864a2000, 0x00000239864a4000,
0x000002398863a800, 0x0000023988b43000, 0x0000023988632800, 0x0000023988633000,
0x0000023988630000, 0x0000023988634000, 0x0000023988630800, 0x0000023988631800,
0x000002398862e000, 0x0000023988634800, 0x000002398862f000, 0x0000023988635800,
0x0000023988638000, 0x000002398863b800, 0x0000023988636800, 0x0000023988637000,
0x0000023988639800, 0x000002398863c000, 0x000002398863d000, 0x0000023988639000,
0x0000023988b40800, 0x0000023988b3f000, 0x0000023988b46000, 0x0000023988b44800,
0x0000023988b41800, 0x0000023988b47000, 0x0000023988b45800, 0x0000023988b48000,
0x0000023988b48800, 0x0000023988b49800, 0x0000023988b44000, 0x0000023988b4a800,
0x0000023988b4b000, 0x0000023988b4c000, 0x0000023988b4d000, 0x0000023988b4d800,
0x000002398649f000, 0x00000239864a1800, 0x000002398649b800, 0x00000239864a3000,
0x00000239864a7000, 0x00000239864a5800, 0x00000239864a8000, 0x00000239864a8800,
0x00000239848fb800, 0x0000023982e6f800, 0x0000023982e72000, 0x0000023982e70000,
0x0000023982e72800, 0x0000023982e73800, 0x0000023982e6d800, 0x0000023982e6e800,
0x0000023982e71000, 0x0000023982e74000, 0x0000023982e75000, 0x0000023982e77800,
0x0000023982e7b800, 0x0000023982e7b000, 0x0000023982e7a000, 0x0000023982e78800,
0x0000023982e79000, 0x0000023982e76000, 0x000002398666b000
}

Java Threads: ( => current thread )
  0x00000239e339c000 JavaThread "main" [_thread_blocked, id=13176, stack(0x000000c16fb00000,0x000000c16fc00000)]
  0x00000239823e7800 JavaThread "Reference Handler" daemon [_thread_blocked, id=1172, stack(0x000000c170200000,0x000000c170300000)]
  0x00000239823f3000 JavaThread "Finalizer" daemon [_thread_blocked, id=15060, stack(0x000000c170300000,0x000000c170400000)]
  0x0000023982405800 JavaThread "Signal Dispatcher" daemon [_thread_blocked, id=5684, stack(0x000000c170400000,0x000000c170500000)]
  0x0000023982406000 JavaThread "Attach Listener" daemon [_thread_blocked, id=15092, stack(0x000000c170500000,0x000000c170600000)]
  0x0000023982408800 JavaThread "Service Thread" daemon [_thread_blocked, id=15116, stack(0x000000c170600000,0x000000c170700000)]
  0x000002398240b800 JavaThread "C2 CompilerThread0" daemon [_thread_in_native, id=9176, stack(0x000000c170700000,0x000000c170800000)]
  0x000002398240c800 JavaThread "C1 CompilerThread0" daemon [_thread_blocked, id=11712, stack(0x000000c170800000,0x000000c170900000)]
  0x0000023982412800 JavaThread "Sweeper thread" daemon [_thread_blocked, id=14004, stack(0x000000c170900000,0x000000c170a00000)]
  0x0000023982ec2800 JavaThread "Common-Cleaner" daemon [_thread_blocked, id=11476, stack(0x000000c170a00000,0x000000c170b00000)]
  0x0000023984fe3800 JavaThread "Daemon health stats" [_thread_blocked, id=14040, stack(0x000000c170f00000,0x000000c171000000)]
  0x000002398404f800 JavaThread "Incoming local TCP Connector on port 55901" [_thread_in_native, id=13404, stack(0x000000c170e00000,0x000000c170f00000)]
  0x000002398462c800 JavaThread "Daemon periodic checks" [_thread_blocked, id=12556, stack(0x000000c171000000,0x000000c171100000)]
  0x00000239848fa000 JavaThread "Cache worker for journal cache (C:\Users\muham\.gradle\caches\journal-1)" [_thread_blocked, id=12384, stack(0x000000c171900000,0x000000c171a00000)]
  0x00000239848fb000 JavaThread "File lock request listener" [_thread_in_native, id=15172, stack(0x000000c171a00000,0x000000c171b00000)]
  0x00000239848f9800 JavaThread "Cache worker for file hash cache (C:\Users\muham\.gradle\caches\7.2\fileHashes)" [_thread_blocked, id=5848, stack(0x000000c171b00000,0x000000c171c00000)]
  0x000002398649a000 JavaThread "File watcher server" daemon [_thread_blocked, id=3264, stack(0x000000c171d00000,0x000000c171e00000)]
  0x00000239864a0000 JavaThread "File watcher consumer" daemon [_thread_blocked, id=9396, stack(0x000000c171e00000,0x000000c171f00000)]
  0x000002398649e000 JavaThread "jar transforms" [_thread_blocked, id=14956, stack(0x000000c172000000,0x000000c172100000)]
  0x000002398649d800 JavaThread "jar transforms Thread 2" [_thread_blocked, id=10996, stack(0x000000c172100000,0x000000c172200000)]
  0x00000239864a0800 JavaThread "jar transforms Thread 3" [_thread_blocked, id=13472, stack(0x000000c172200000,0x000000c172300000)]
  0x000002398649b000 JavaThread "jar transforms Thread 4" [_thread_blocked, id=8864, stack(0x000000c172300000,0x000000c172400000)]
  0x00000239864a2000 JavaThread "Cache worker for execution history cache (C:\Users\muham\.gradle\caches\7.2\executionHistory)" [_thread_blocked, id=5496, stack(0x000000c172600000,0x000000c172700000)]
  0x00000239864a4000 JavaThread "Cache worker for file content cache (C:\Users\muham\.gradle\caches\7.2\fileContent)" [_thread_blocked, id=11996, stack(0x000000c172800000,0x000000c172900000)]
  0x000002398863a800 JavaThread "Memory manager" [_thread_blocked, id=14776, stack(0x000000c175300000,0x000000c175400000)]
  0x0000023988b43000 JavaThread "pool-3-thread-1" [_thread_blocked, id=12680, stack(0x000000c16fa00000,0x000000c16fb00000)]
  0x0000023988632800 JavaThread "Daemon Thread 2" [_thread_blocked, id=6104, stack(0x000000c16f800000,0x000000c16f900000)]
  0x0000023988633000 JavaThread "Handler for socket connection from /127.0.0.1:55901 to /127.0.0.1:56244" [_thread_in_native, id=13328, stack(0x000000c16f900000,0x000000c16fa00000)]
  0x0000023988630000 JavaThread "Cancel handler" [_thread_blocked, id=11856, stack(0x000000c171100000,0x000000c171200000)]
  0x0000023988634000 JavaThread "Daemon worker Thread 2" [_thread_blocked, id=7468, stack(0x000000c171200000,0x000000c171300000)]
  0x0000023988630800 JavaThread "Asynchronous log dispatcher for DefaultDaemonConnection: socket connection from /127.0.0.1:55901 to /127.0.0.1:56244" [_thread_blocked, id=8664, stack(0x000000c171300000,0x000000c171400000)]
  0x0000023988631800 JavaThread "Stdin handler" [_thread_blocked, id=14964, stack(0x000000c171400000,0x000000c171500000)]
  0x000002398862e000 JavaThread "Daemon client event forwarder" [_thread_blocked, id=14876, stack(0x000000c171600000,0x000000c171700000)]
  0x0000023988634800 JavaThread "Cache worker for file hash cache (D:\Data Kuliah\Semester 12\App\.gradle\7.2\fileHashes)" [_thread_blocked, id=6912, stack(0x000000c171700000,0x000000c171800000)]
  0x000002398862f000 JavaThread "Cache worker for checksums cache (D:\Data Kuliah\Semester 12\App\.gradle\checksums)" [_thread_blocked, id=8408, stack(0x000000c171800000,0x000000c171900000)]
  0x0000023988635800 JavaThread "Cache worker for cache directory md-supplier (C:\Users\muham\.gradle\caches\7.2\md-supplier)" [_thread_blocked, id=8500, stack(0x000000c171c00000,0x000000c171d00000)]
  0x0000023988638000 JavaThread "Cache worker for cache directory md-rule (C:\Users\muham\.gradle\caches\7.2\md-rule)" [_thread_blocked, id=14320, stack(0x000000c171f00000,0x000000c172000000)]
  0x000002398863b800 JavaThread "Cache worker for dependencies-accessors (D:\Data Kuliah\Semester 12\App\.gradle\7.2\dependencies-accessors)" [_thread_blocked, id=8944, stack(0x000000c172400000,0x000000c172500000)]
  0x0000023988636800 JavaThread "Cache worker for Build Output Cleanup Cache (D:\Data Kuliah\Semester 12\App\.gradle\buildOutputCleanup)" [_thread_blocked, id=10568, stack(0x000000c172700000,0x000000c172800000)]
  0x0000023988637000 JavaThread "Unconstrained build operations" [_thread_blocked, id=14456, stack(0x000000c172900000,0x000000c172a00000)]
  0x0000023988639800 JavaThread "Unconstrained build operations Thread 2" [_thread_blocked, id=9712, stack(0x000000c172a00000,0x000000c172b00000)]
  0x000002398863c000 JavaThread "Unconstrained build operations Thread 3" [_thread_blocked, id=6348, stack(0x000000c172b00000,0x000000c172c00000)]
  0x000002398863d000 JavaThread "Unconstrained build operations Thread 4" [_thread_blocked, id=12904, stack(0x000000c172c00000,0x000000c172d00000)]
  0x0000023988639000 JavaThread "Unconstrained build operations Thread 5" [_thread_blocked, id=836, stack(0x000000c172d00000,0x000000c172e00000)]
  0x0000023988b40800 JavaThread "Unconstrained build operations Thread 6" [_thread_blocked, id=14840, stack(0x000000c172e00000,0x000000c172f00000)]
  0x0000023988b3f000 JavaThread "Unconstrained build operations Thread 7" [_thread_blocked, id=7844, stack(0x000000c172f00000,0x000000c173000000)]
  0x0000023988b46000 JavaThread "Unconstrained build operations Thread 8" [_thread_blocked, id=13504, stack(0x000000c173000000,0x000000c173100000)]
  0x0000023988b44800 JavaThread "Unconstrained build operations Thread 9" [_thread_blocked, id=3332, stack(0x000000c173100000,0x000000c173200000)]
  0x0000023988b41800 JavaThread "Unconstrained build operations Thread 10" [_thread_blocked, id=792, stack(0x000000c173200000,0x000000c173300000)]
  0x0000023988b47000 JavaThread "Unconstrained build operations Thread 11" [_thread_blocked, id=9884, stack(0x000000c173300000,0x000000c173400000)]
  0x0000023988b45800 JavaThread "Unconstrained build operations Thread 12" [_thread_blocked, id=9364, stack(0x000000c173400000,0x000000c173500000)]
  0x0000023988b48000 JavaThread "Unconstrained build operations Thread 13" [_thread_blocked, id=11912, stack(0x000000c173500000,0x000000c173600000)]
  0x0000023988b48800 JavaThread "Unconstrained build operations Thread 14" [_thread_blocked, id=13604, stack(0x000000c173600000,0x000000c173700000)]
  0x0000023988b49800 JavaThread "Unconstrained build operations Thread 15" [_thread_blocked, id=9844, stack(0x000000c173700000,0x000000c173800000)]
  0x0000023988b44000 JavaThread "Unconstrained build operations Thread 16" [_thread_blocked, id=6480, stack(0x000000c173800000,0x000000c173900000)]
  0x0000023988b4a800 JavaThread "Unconstrained build operations Thread 17" [_thread_blocked, id=13908, stack(0x000000c173900000,0x000000c173a00000)]
  0x0000023988b4b000 JavaThread "Unconstrained build operations Thread 18" [_thread_blocked, id=13768, stack(0x000000c173a00000,0x000000c173b00000)]
  0x0000023988b4c000 JavaThread "Unconstrained build operations Thread 19" [_thread_blocked, id=11792, stack(0x000000c173b00000,0x000000c173c00000)]
  0x0000023988b4d000 JavaThread "Unconstrained build operations Thread 20" [_thread_blocked, id=13652, stack(0x000000c173c00000,0x000000c173d00000)]
  0x0000023988b4d800 JavaThread "Unconstrained build operations Thread 21" [_thread_blocked, id=5492, stack(0x000000c173d00000,0x000000c173e00000)]
  0x000002398649f000 JavaThread "Unconstrained build operations Thread 22" [_thread_blocked, id=4544, stack(0x000000c173e00000,0x000000c173f00000)]
  0x00000239864a1800 JavaThread "Unconstrained build operations Thread 23" [_thread_blocked, id=14644, stack(0x000000c173f00000,0x000000c174000000)]
  0x000002398649b800 JavaThread "Unconstrained build operations Thread 24" [_thread_blocked, id=6180, stack(0x000000c174000000,0x000000c174100000)]
  0x00000239864a3000 JavaThread "Unconstrained build operations Thread 25" [_thread_blocked, id=1708, stack(0x000000c174100000,0x000000c174200000)]
  0x00000239864a7000 JavaThread "Unconstrained build operations Thread 26" [_thread_blocked, id=8616, stack(0x000000c174200000,0x000000c174300000)]
  0x00000239864a5800 JavaThread "Unconstrained build operations Thread 27" [_thread_blocked, id=14740, stack(0x000000c174300000,0x000000c174400000)]
  0x00000239864a8000 JavaThread "Unconstrained build operations Thread 28" [_thread_blocked, id=5516, stack(0x000000c174400000,0x000000c174500000)]
  0x00000239864a8800 JavaThread "Unconstrained build operations Thread 29" [_thread_blocked, id=1276, stack(0x000000c174500000,0x000000c174600000)]
  0x00000239848fb800 JavaThread "Unconstrained build operations Thread 30" [_thread_blocked, id=6792, stack(0x000000c174600000,0x000000c174700000)]
  0x0000023982e6f800 JavaThread "Unconstrained build operations Thread 31" [_thread_blocked, id=8852, stack(0x000000c174700000,0x000000c174800000)]
  0x0000023982e72000 JavaThread "Unconstrained build operations Thread 32" [_thread_blocked, id=7936, stack(0x000000c174800000,0x000000c174900000)]
  0x0000023982e70000 JavaThread "Unconstrained build operations Thread 33" [_thread_blocked, id=10064, stack(0x000000c174900000,0x000000c174a00000)]
  0x0000023982e72800 JavaThread "Unconstrained build operations Thread 34" [_thread_blocked, id=9020, stack(0x000000c174a00000,0x000000c174b00000)]
  0x0000023982e73800 JavaThread "Unconstrained build operations Thread 35" [_thread_blocked, id=14148, stack(0x000000c174b00000,0x000000c174c00000)]
  0x0000023982e6d800 JavaThread "Unconstrained build operations Thread 36" [_thread_blocked, id=6132, stack(0x000000c174c00000,0x000000c174d00000)]
  0x0000023982e6e800 JavaThread "Unconstrained build operations Thread 37" [_thread_blocked, id=4372, stack(0x000000c174d00000,0x000000c174e00000)]
  0x0000023982e71000 JavaThread "Unconstrained build operations Thread 38" [_thread_blocked, id=2004, stack(0x000000c174e00000,0x000000c174f00000)]
  0x0000023982e74000 JavaThread "Unconstrained build operations Thread 39" [_thread_blocked, id=7556, stack(0x000000c174f00000,0x000000c175000000)]
  0x0000023982e75000 JavaThread "Unconstrained build operations Thread 40" [_thread_blocked, id=6800, stack(0x000000c175000000,0x000000c175100000)]
  0x0000023982e77800 JavaThread "build event listener" [_thread_blocked, id=12796, stack(0x000000c175100000,0x000000c175200000)]
  0x0000023982e7b800 JavaThread "pool-6-thread-1" [_thread_blocked, id=15288, stack(0x000000c175200000,0x000000c175300000)]
  0x0000023982e7b000 JavaThread "build event listener" [_thread_blocked, id=14624, stack(0x000000c175400000,0x000000c175500000)]
  0x0000023982e7a000 JavaThread "Execution worker for ':'" [_thread_blocked, id=9132, stack(0x000000c175500000,0x000000c175600000)]
  0x0000023982e78800 JavaThread "Execution worker for ':' Thread 2" [_thread_blocked, id=13952, stack(0x000000c175600000,0x000000c175700000)]
  0x0000023982e79000 JavaThread "Execution worker for ':' Thread 3" [_thread_blocked, id=12176, stack(0x000000c175700000,0x000000c175800000)]
  0x0000023982e76000 JavaThread "Cache worker for execution history cache (D:\Data Kuliah\Semester 12\App\.gradle\7.2\executionHistory)" [_thread_blocked, id=1484, stack(0x000000c175800000,0x000000c175900000)]
  0x000002398666b000 JavaThread "C2 CompilerThread1" daemon [_thread_blocked, id=12080, stack(0x000000c172500000,0x000000c172600000)]

Other Threads:
=>0x00000239823e3000 VMThread "VM Thread" [stack: 0x000000c170100000,0x000000c170200000] [id=9908]
  0x0000023982ecc000 WatcherThread [stack: 0x000000c170b00000,0x000000c170c00000] [id=6512]
  0x00000239e33b4000 GCTaskThread "GC Thread#0" [stack: 0x000000c16fc00000,0x000000c16fd00000] [id=6612]
  0x0000023983275000 GCTaskThread "GC Thread#1" [stack: 0x000000c170c00000,0x000000c170d00000] [id=15312]
  0x00000239832a5800 GCTaskThread "GC Thread#2" [stack: 0x000000c170d00000,0x000000c170e00000] [id=8096]
  0x000002398610c000 GCTaskThread "GC Thread#3" [stack: 0x000000c171500000,0x000000c171600000] [id=3008]
  0x00000239e33e8800 ConcurrentGCThread "G1 Main Marker" [stack: 0x000000c16fd00000,0x000000c16fe00000] [id=7364]
  0x00000239e33e9800 ConcurrentGCThread "G1 Conc#0" [stack: 0x000000c16fe00000,0x000000c16ff00000] [id=10964]
  0x0000023982232800 ConcurrentGCThread "G1 Refine#0" [stack: 0x000000c16ff00000,0x000000c170000000] [id=9788]
  0x0000023982233000 ConcurrentGCThread "G1 Young RemSet Sampling" [stack: 0x000000c170000000,0x000000c170100000] [id=12476]

Threads with active compile tasks:
C2 CompilerThread02395759 14706       4       com.android.ide.common.blame.MergingLogPersistUtil$$Lambda$1473/0x000000010078b440::accept (12 bytes)
C2 CompilerThread12395759 14723       4       com.android.ide.common.resources.NodeUtils::updateNamespace (161 bytes)

VM state:at safepoint (normal execution)

VM Mutex/Monitor currently owned by a thread:  ([mutex/lock_event])
[0x00000239e3397e30] Threads_lock - owner thread: 0x00000239823e3000
[0x00000239e33972f0] Heap_lock - owner thread: 0x0000023988634000

Heap address: 0x0000000080000000, size: 2048 MB, Compressed Oops mode: 32-bit
Narrow klass base: 0x0000000000000000, Narrow klass shift: 3
Compressed class space size: 1073741824 Address: 0x0000000100000000

Heap:
 garbage-first heap   total 196608K, used 145699K [0x0000000080000000, 0x0000000100000000)
  region size 1024K, 1 young (1024K), 1 survivors (1024K)
 Metaspace       used 111890K, capacity 114570K, committed 115204K, reserved 1148928K
  class space    used 13813K, capacity 14818K, committed 15028K, reserved 1048576K
Heap Regions: E=young(eden), S=young(survivor), O=old, HS=humongous(starts), HC=humongous(continues), CS=collection set, F=free, A=archive, TAMS=top-at-mark-start (previous, next)
|   0|0x0000000080000000, 0x0000000080100000, 0x0000000080100000|100%| O|  |TAMS 0x0000000080100000, 0x0000000080100000| Untracked 
|   1|0x0000000080100000, 0x0000000080200000, 0x0000000080200000|100%| O|  |TAMS 0x0000000080200000, 0x0000000080200000| Untracked 
|   2|0x0000000080200000, 0x0000000080300000, 0x0000000080300000|100%| O|  |TAMS 0x0000000080300000, 0x0000000080300000| Untracked 
|   3|0x0000000080300000, 0x0000000080400000, 0x0000000080400000|100%|HS|  |TAMS 0x0000000080400000, 0x0000000080400000| Complete 
|   4|0x0000000080400000, 0x0000000080500000, 0x0000000080500000|100%|HC|  |TAMS 0x0000000080500000, 0x0000000080500000| Complete 
|   5|0x0000000080500000, 0x0000000080600000, 0x0000000080600000|100%|HC|  |TAMS 0x0000000080600000, 0x0000000080600000| Complete 
|   6|0x0000000080600000, 0x0000000080700000, 0x0000000080700000|100%| O|  |TAMS 0x0000000080700000, 0x0000000080700000| Untracked 
|   7|0x0000000080700000, 0x0000000080800000, 0x0000000080800000|100%| O|  |TAMS 0x0000000080800000, 0x0000000080800000| Untracked 
|   8|0x0000000080800000, 0x0000000080900000, 0x0000000080900000|100%| O|  |TAMS 0x0000000080900000, 0x0000000080900000| Untracked 
|   9|0x0000000080900000, 0x0000000080a00000, 0x0000000080a00000|100%| O|  |TAMS 0x0000000080a00000, 0x0000000080a00000| Untracked 
|  10|0x0000000080a00000, 0x0000000080b00000, 0x0000000080b00000|100%| O|  |TAMS 0x0000000080b00000, 0x0000000080b00000| Untracked 
|  11|0x0000000080b00000, 0x0000000080c00000, 0x0000000080c00000|100%| O|  |TAMS 0x0000000080c00000, 0x0000000080c00000| Untracked 
|  12|0x0000000080c00000, 0x0000000080d00000, 0x0000000080d00000|100%| O|  |TAMS 0x0000000080d00000, 0x0000000080d00000| Untracked 
|  13|0x0000000080d00000, 0x0000000080e00000, 0x0000000080e00000|100%| O|  |TAMS 0x0000000080e00000, 0x0000000080e00000| Untracked 
|  14|0x0000000080e00000, 0x0000000080f00000, 0x0000000080f00000|100%| O|  |TAMS 0x0000000080f00000, 0x0000000080f00000| Untracked 
|  15|0x0000000080f00000, 0x0000000081000000, 0x0000000081000000|100%| O|  |TAMS 0x0000000081000000, 0x0000000081000000| Untracked 
|  16|0x0000000081000000, 0x0000000081100000, 0x0000000081100000|100%|HS|  |TAMS 0x0000000081100000, 0x0000000081100000| Complete 
|  17|0x0000000081100000, 0x0000000081200000, 0x0000000081200000|100%|HC|  |TAMS 0x0000000081200000, 0x0000000081200000| Complete 
|  18|0x0000000081200000, 0x0000000081300000, 0x0000000081300000|100%|HS|  |TAMS 0x0000000081300000, 0x0000000081300000| Complete 
|  19|0x0000000081300000, 0x0000000081400000, 0x0000000081400000|100%|HC|  |TAMS 0x0000000081400000, 0x0000000081400000| Complete 
|  20|0x0000000081400000, 0x0000000081500000, 0x0000000081500000|100%|HC|  |TAMS 0x0000000081500000, 0x0000000081500000| Complete 
|  21|0x0000000081500000, 0x0000000081600000, 0x0000000081600000|100%|HS|  |TAMS 0x0000000081600000, 0x0000000081600000| Complete 
|  22|0x0000000081600000, 0x0000000081700000, 0x0000000081700000|100%|HC|  |TAMS 0x0000000081700000, 0x0000000081700000| Complete 
|  23|0x0000000081700000, 0x0000000081800000, 0x0000000081800000|100%|HC|  |TAMS 0x0000000081800000, 0x0000000081800000| Complete 
|  24|0x0000000081800000, 0x0000000081900000, 0x0000000081900000|100%|HC|  |TAMS 0x0000000081900000, 0x0000000081900000| Complete 
|  25|0x0000000081900000, 0x0000000081a00000, 0x0000000081a00000|100%| O|  |TAMS 0x0000000081a00000, 0x0000000081a00000| Untracked 
|  26|0x0000000081a00000, 0x0000000081b00000, 0x0000000081b00000|100%| O|  |TAMS 0x0000000081b00000, 0x0000000081b00000| Untracked 
|  27|0x0000000081b00000, 0x0000000081c00000, 0x0000000081c00000|100%| O|  |TAMS 0x0000000081c00000, 0x0000000081c00000| Untracked 
|  28|0x0000000081c00000, 0x0000000081d00000, 0x0000000081d00000|100%| O|  |TAMS 0x0000000081d00000, 0x0000000081d00000| Untracked 
|  29|0x0000000081d00000, 0x0000000081e00000, 0x0000000081e00000|100%| O|  |TAMS 0x0000000081e00000, 0x0000000081e00000| Untracked 
|  30|0x0000000081e00000, 0x0000000081f00000, 0x0000000081f00000|100%| O|  |TAMS 0x0000000081f00000, 0x0000000081f00000| Untracked 
|  31|0x0000000081f00000, 0x0000000082000000, 0x0000000082000000|100%| O|  |TAMS 0x0000000082000000, 0x0000000082000000| Untracked 
|  32|0x0000000082000000, 0x0000000082100000, 0x0000000082100000|100%| O|  |TAMS 0x0000000082100000, 0x0000000082100000| Untracked 
|  33|0x0000000082100000, 0x0000000082200000, 0x0000000082200000|100%| O|  |TAMS 0x0000000082200000, 0x0000000082200000| Untracked 
|  34|0x0000000082200000, 0x0000000082300000, 0x0000000082300000|100%| O|  |TAMS 0x0000000082300000, 0x0000000082300000| Untracked 
|  35|0x0000000082300000, 0x0000000082400000, 0x0000000082400000|100%|HS|  |TAMS 0x0000000082400000, 0x0000000082400000| Complete 
|  36|0x0000000082400000, 0x0000000082500000, 0x0000000082500000|100%|HC|  |TAMS 0x0000000082500000, 0x0000000082500000| Complete 
|  37|0x0000000082500000, 0x0000000082600000, 0x0000000082600000|100%|HC|  |TAMS 0x0000000082600000, 0x0000000082600000| Complete 
|  38|0x0000000082600000, 0x0000000082700000, 0x0000000082700000|100%| O|  |TAMS 0x0000000082700000, 0x0000000082700000| Untracked 
|  39|0x0000000082700000, 0x0000000082800000, 0x0000000082800000|100%| O|  |TAMS 0x0000000082800000, 0x0000000082800000| Untracked 
|  40|0x0000000082800000, 0x0000000082900000, 0x0000000082900000|100%| O|  |TAMS 0x0000000082900000, 0x0000000082900000| Untracked 
|  41|0x0000000082900000, 0x0000000082a00000, 0x0000000082a00000|100%| O|  |TAMS 0x0000000082a00000, 0x0000000082a00000| Untracked 
|  42|0x0000000082a00000, 0x0000000082b00000, 0x0000000082b00000|100%| O|  |TAMS 0x0000000082b00000, 0x0000000082b00000| Untracked 
|  43|0x0000000082b00000, 0x0000000082c00000, 0x0000000082c00000|100%| O|  |TAMS 0x0000000082c00000, 0x0000000082c00000| Untracked 
|  44|0x0000000082c00000, 0x0000000082d00000, 0x0000000082d00000|100%| O|  |TAMS 0x0000000082d00000, 0x0000000082d00000| Untracked 
|  45|0x0000000082d00000, 0x0000000082e00000, 0x0000000082e00000|100%| O|  |TAMS 0x0000000082e00000, 0x0000000082e00000| Untracked 
|  46|0x0000000082e00000, 0x0000000082f00000, 0x0000000082f00000|100%|HS|  |TAMS 0x0000000082f00000, 0x0000000082f00000| Complete 
|  47|0x0000000082f00000, 0x0000000083000000, 0x0000000083000000|100%|HC|  |TAMS 0x0000000083000000, 0x0000000083000000| Complete 
|  48|0x0000000083000000, 0x0000000083100000, 0x0000000083100000|100%|HC|  |TAMS 0x0000000083100000, 0x0000000083100000| Complete 
|  49|0x0000000083100000, 0x0000000083200000, 0x0000000083200000|100%|HC|  |TAMS 0x0000000083200000, 0x0000000083200000| Complete 
|  50|0x0000000083200000, 0x0000000083300000, 0x0000000083300000|100%| O|  |TAMS 0x0000000083300000, 0x0000000083300000| Untracked 
|  51|0x0000000083300000, 0x0000000083400000, 0x0000000083400000|100%| O|  |TAMS 0x0000000083400000, 0x0000000083400000| Untracked 
|  52|0x0000000083400000, 0x0000000083500000, 0x0000000083500000|100%| O|  |TAMS 0x0000000083500000, 0x0000000083500000| Untracked 
|  53|0x0000000083500000, 0x0000000083600000, 0x0000000083600000|100%|HS|  |TAMS 0x0000000083600000, 0x0000000083600000| Complete 
|  54|0x0000000083600000, 0x0000000083700000, 0x0000000083700000|100%|HS|  |TAMS 0x0000000083700000, 0x0000000083700000| Complete 
|  55|0x0000000083700000, 0x0000000083800000, 0x0000000083800000|100%|HS|  |TAMS 0x0000000083800000, 0x0000000083800000| Complete 
|  56|0x0000000083800000, 0x0000000083900000, 0x0000000083900000|100%|HS|  |TAMS 0x0000000083900000, 0x0000000083900000| Complete 
|  57|0x0000000083900000, 0x0000000083a00000, 0x0000000083a00000|100%|HC|  |TAMS 0x0000000083a00000, 0x0000000083a00000| Complete 
|  58|0x0000000083a00000, 0x0000000083b00000, 0x0000000083b00000|100%| O|  |TAMS 0x0000000083b00000, 0x0000000083b00000| Untracked 
|  59|0x0000000083b00000, 0x0000000083c00000, 0x0000000083c00000|100%| O|  |TAMS 0x0000000083b00000, 0x0000000083c00000| Untracked 
|  60|0x0000000083c00000, 0x0000000083d00000, 0x0000000083d00000|100%| O|  |TAMS 0x0000000083d00000, 0x0000000083d00000| Untracked 
|  61|0x0000000083d00000, 0x0000000083e00000, 0x0000000083e00000|100%| O|  |TAMS 0x0000000083e00000, 0x0000000083e00000| Untracked 
|  62|0x0000000083e00000, 0x0000000083f00000, 0x0000000083f00000|100%| O|  |TAMS 0x0000000083f00000, 0x0000000083f00000| Untracked 
|  63|0x0000000083f00000, 0x0000000084000000, 0x0000000084000000|100%| O|  |TAMS 0x0000000084000000, 0x0000000084000000| Untracked 
|  64|0x0000000084000000, 0x0000000084100000, 0x0000000084100000|100%| O|  |TAMS 0x0000000084100000, 0x0000000084100000| Untracked 
|  65|0x0000000084100000, 0x0000000084200000, 0x0000000084200000|100%| O|  |TAMS 0x0000000084200000, 0x0000000084200000| Untracked 
|  66|0x0000000084200000, 0x0000000084300000, 0x0000000084300000|100%| O|  |TAMS 0x0000000084300000, 0x0000000084300000| Untracked 
|  67|0x0000000084300000, 0x0000000084400000, 0x0000000084400000|100%| O|  |TAMS 0x0000000084400000, 0x0000000084400000| Untracked 
|  68|0x0000000084400000, 0x0000000084500000, 0x0000000084500000|100%| O|  |TAMS 0x0000000084500000, 0x0000000084500000| Untracked 
|  69|0x0000000084500000, 0x0000000084600000, 0x0000000084600000|100%| O|  |TAMS 0x0000000084600000, 0x0000000084600000| Untracked 
|  70|0x0000000084600000, 0x0000000084700000, 0x0000000084700000|100%| O|  |TAMS 0x0000000084700000, 0x0000000084700000| Untracked 
|  71|0x0000000084700000, 0x0000000084800000, 0x0000000084800000|100%| O|  |TAMS 0x0000000084800000, 0x0000000084800000| Untracked 
|  72|0x0000000084800000, 0x0000000084900000, 0x0000000084900000|100%| O|  |TAMS 0x0000000084900000, 0x0000000084900000| Untracked 
|  73|0x0000000084900000, 0x0000000084a00000, 0x0000000084a00000|100%| O|  |TAMS 0x0000000084a00000, 0x0000000084a00000| Untracked 
|  74|0x0000000084a00000, 0x0000000084b00000, 0x0000000084b00000|100%| O|  |TAMS 0x0000000084a00000, 0x0000000084b00000| Untracked 
|  75|0x0000000084b00000, 0x0000000084c00000, 0x0000000084c00000|100%| O|  |TAMS 0x0000000084c00000, 0x0000000084c00000| Untracked 
|  76|0x0000000084c00000, 0x0000000084d00000, 0x0000000084d00000|100%| O|  |TAMS 0x0000000084d00000, 0x0000000084d00000| Untracked 
|  77|0x0000000084d00000, 0x0000000084e00000, 0x0000000084e00000|100%| O|  |TAMS 0x0000000084e00000, 0x0000000084e00000| Untracked 
|  78|0x0000000084e00000, 0x0000000084f00000, 0x0000000084f00000|100%| O|  |TAMS 0x0000000084f00000, 0x0000000084f00000| Untracked 
|  79|0x0000000084f00000, 0x0000000085000000, 0x0000000085000000|100%| O|  |TAMS 0x0000000085000000, 0x0000000085000000| Untracked 
|  80|0x0000000085000000, 0x0000000085100000, 0x0000000085100000|100%| O|  |TAMS 0x0000000085100000, 0x0000000085100000| Untracked 
|  81|0x0000000085100000, 0x0000000085200000, 0x0000000085200000|100%| O|  |TAMS 0x0000000085200000, 0x0000000085200000| Untracked 
|  82|0x0000000085200000, 0x0000000085300000, 0x0000000085300000|100%| O|  |TAMS 0x0000000085300000, 0x0000000085300000| Untracked 
|  83|0x0000000085300000, 0x0000000085400000, 0x0000000085400000|100%|HS|  |TAMS 0x0000000085400000, 0x0000000085400000| Complete 
|  84|0x0000000085400000, 0x0000000085500000, 0x0000000085500000|100%|HC|  |TAMS 0x0000000085500000, 0x0000000085500000| Complete 
|  85|0x0000000085500000, 0x0000000085600000, 0x0000000085600000|100%|HS|  |TAMS 0x0000000085600000, 0x0000000085600000| Complete 
|  86|0x0000000085600000, 0x0000000085700000, 0x0000000085700000|100%|HC|  |TAMS 0x0000000085700000, 0x0000000085700000| Complete 
|  87|0x0000000085700000, 0x0000000085800000, 0x0000000085800000|100%|HC|  |TAMS 0x0000000085800000, 0x0000000085800000| Complete 
|  88|0x0000000085800000, 0x0000000085900000, 0x0000000085900000|100%|HS|  |TAMS 0x0000000085900000, 0x0000000085900000| Complete 
|  89|0x0000000085900000, 0x0000000085a00000, 0x0000000085a00000|100%|HC|  |TAMS 0x0000000085a00000, 0x0000000085a00000| Complete 
|  90|0x0000000085a00000, 0x0000000085b00000, 0x0000000085b00000|100%|HC|  |TAMS 0x0000000085b00000, 0x0000000085b00000| Complete 
|  91|0x0000000085b00000, 0x0000000085c00000, 0x0000000085c00000|100%|HC|  |TAMS 0x0000000085c00000, 0x0000000085c00000| Complete 
|  92|0x0000000085c00000, 0x0000000085d00000, 0x0000000085d00000|100%| O|  |TAMS 0x0000000085c00000, 0x0000000085d00000| Untracked 
|  93|0x0000000085d00000, 0x0000000085e00000, 0x0000000085e00000|100%| O|  |TAMS 0x0000000085e00000, 0x0000000085e00000| Untracked 
|  94|0x0000000085e00000, 0x0000000085f00000, 0x0000000085f00000|100%| O|  |TAMS 0x0000000085f00000, 0x0000000085f00000| Untracked 
|  95|0x0000000085f00000, 0x0000000086000000, 0x0000000086000000|100%| O|  |TAMS 0x0000000086000000, 0x0000000086000000| Untracked 
|  96|0x0000000086000000, 0x0000000086100000, 0x0000000086100000|100%| O|  |TAMS 0x0000000086100000, 0x0000000086100000| Untracked 
|  97|0x0000000086100000, 0x0000000086200000, 0x0000000086200000|100%| O|  |TAMS 0x0000000086200000, 0x0000000086200000| Untracked 
|  98|0x0000000086200000, 0x0000000086300000, 0x0000000086300000|100%| O|  |TAMS 0x0000000086300000, 0x0000000086300000| Untracked 
|  99|0x0000000086300000, 0x0000000086400000, 0x0000000086400000|100%| O|  |TAMS 0x0000000086400000, 0x0000000086400000| Untracked 
| 100|0x0000000086400000, 0x0000000086500000, 0x0000000086500000|100%| O|  |TAMS 0x0000000086500000, 0x0000000086500000| Untracked 
| 101|0x0000000086500000, 0x0000000086600000, 0x0000000086600000|100%| O|  |TAMS 0x0000000086500000, 0x0000000086600000| Untracked 
| 102|0x0000000086600000, 0x0000000086700000, 0x0000000086700000|100%| O|  |TAMS 0x0000000086700000, 0x0000000086700000| Untracked 
| 103|0x0000000086700000, 0x0000000086800000, 0x0000000086800000|100%| O|  |TAMS 0x0000000086800000, 0x0000000086800000| Untracked 
| 104|0x0000000086800000, 0x0000000086900000, 0x0000000086900000|100%| O|  |TAMS 0x0000000086900000, 0x0000000086900000| Untracked 
| 105|0x0000000086900000, 0x0000000086a00000, 0x0000000086a00000|100%| O|  |TAMS 0x0000000086a00000, 0x0000000086a00000| Untracked 
| 106|0x0000000086a00000, 0x0000000086b00000, 0x0000000086b00000|100%| O|  |TAMS 0x0000000086b00000, 0x0000000086b00000| Untracked 
| 107|0x0000000086b00000, 0x0000000086c00000, 0x0000000086c00000|100%| O|  |TAMS 0x0000000086c00000, 0x0000000086c00000| Untracked 
| 108|0x0000000086c00000, 0x0000000086d00000, 0x0000000086d00000|100%| O|  |TAMS 0x0000000086d00000, 0x0000000086d00000| Untracked 
| 109|0x0000000086d00000, 0x0000000086e00000, 0x0000000086e00000|100%| O|  |TAMS 0x0000000086e00000, 0x0000000086e00000| Untracked 
| 110|0x0000000086e00000, 0x0000000086f00000, 0x0000000086f00000|100%| O|  |TAMS 0x0000000086f00000, 0x0000000086f00000| Untracked 
| 111|0x0000000086f00000, 0x0000000087000000, 0x0000000087000000|100%| O|  |TAMS 0x0000000087000000, 0x0000000087000000| Untracked 
| 112|0x0000000087000000, 0x0000000087100000, 0x0000000087100000|100%| O|  |TAMS 0x0000000087100000, 0x0000000087100000| Untracked 
| 113|0x0000000087100000, 0x0000000087200000, 0x0000000087200000|100%| O|  |TAMS 0x0000000087200000, 0x0000000087200000| Untracked 
| 114|0x0000000087200000, 0x0000000087300000, 0x0000000087300000|100%| O|  |TAMS 0x0000000087300000, 0x0000000087300000| Untracked 
| 115|0x0000000087300000, 0x0000000087400000, 0x0000000087400000|100%| O|  |TAMS 0x0000000087400000, 0x0000000087400000| Untracked 
| 116|0x0000000087400000, 0x0000000087500000, 0x0000000087500000|100%| O|  |TAMS 0x0000000087500000, 0x0000000087500000| Untracked 
| 117|0x0000000087500000, 0x0000000087600000, 0x0000000087600000|100%| O|  |TAMS 0x0000000087600000, 0x0000000087600000| Untracked 
| 118|0x0000000087600000, 0x0000000087700000, 0x0000000087700000|100%| O|  |TAMS 0x0000000087700000, 0x0000000087700000| Untracked 
| 119|0x0000000087700000, 0x0000000087800000, 0x0000000087800000|100%| O|  |TAMS 0x0000000087800000, 0x0000000087800000| Untracked 
| 120|0x0000000087800000, 0x0000000087900000, 0x0000000087900000|100%| O|  |TAMS 0x0000000087900000, 0x0000000087900000| Untracked 
| 121|0x0000000087900000, 0x0000000087a00000, 0x0000000087a00000|100%| O|  |TAMS 0x0000000087a00000, 0x0000000087a00000| Untracked 
| 122|0x0000000087a00000, 0x0000000087b00000, 0x0000000087b00000|100%| O|  |TAMS 0x0000000087b00000, 0x0000000087b00000| Untracked 
| 123|0x0000000087b00000, 0x0000000087c00000, 0x0000000087c00000|100%| O|  |TAMS 0x0000000087c00000, 0x0000000087c00000| Untracked 
| 124|0x0000000087c00000, 0x0000000087d00000, 0x0000000087d00000|100%| O|  |TAMS 0x0000000087d00000, 0x0000000087d00000| Untracked 
| 125|0x0000000087d00000, 0x0000000087e00000, 0x0000000087e00000|100%| O|  |TAMS 0x0000000087e00000, 0x0000000087e00000| Untracked 
| 126|0x0000000087e00000, 0x0000000087f00000, 0x0000000087f00000|100%| O|  |TAMS 0x0000000087f00000, 0x0000000087f00000| Untracked 
| 127|0x0000000087f00000, 0x0000000088000000, 0x0000000088000000|100%| O|  |TAMS 0x0000000088000000, 0x0000000088000000| Untracked 
| 128|0x0000000088000000, 0x0000000088100000, 0x0000000088100000|100%| O|  |TAMS 0x0000000088000000, 0x0000000088100000| Untracked 
| 129|0x0000000088100000, 0x0000000088200000, 0x0000000088200000|100%| O|  |TAMS 0x0000000088200000, 0x0000000088200000| Untracked 
| 130|0x0000000088200000, 0x0000000088300000, 0x0000000088300000|100%| O|  |TAMS 0x00000000882ddc00, 0x0000000088300000| Untracked 
| 131|0x0000000088300000, 0x0000000088400000, 0x0000000088400000|100%|HS|  |TAMS 0x0000000088300000, 0x0000000088400000| Complete 
| 132|0x0000000088400000, 0x0000000088500000, 0x0000000088500000|100%|HC|  |TAMS 0x0000000088400000, 0x0000000088500000| Complete 
| 133|0x0000000088500000, 0x0000000088600000, 0x0000000088600000|100%| O|  |TAMS 0x0000000088500000, 0x0000000088600000| Untracked 
| 134|0x0000000088600000, 0x0000000088700000, 0x0000000088700000|100%|HS|  |TAMS 0x0000000088600000, 0x0000000088700000| Complete 
| 135|0x0000000088700000, 0x0000000088800000, 0x0000000088800000|100%|HC|  |TAMS 0x0000000088700000, 0x0000000088800000| Complete 
| 136|0x0000000088800000, 0x0000000088900000, 0x0000000088900000|100%| O|  |TAMS 0x0000000088800000, 0x0000000088900000| Untracked 
| 137|0x0000000088900000, 0x0000000088a00000, 0x0000000088a00000|100%| O|  |TAMS 0x0000000088900000, 0x0000000088a00000| Untracked 
| 138|0x0000000088a00000, 0x0000000088b00000, 0x0000000088b00000|100%| O|  |TAMS 0x0000000088a00000, 0x0000000088b00000| Untracked 
| 139|0x0000000088b00000, 0x0000000088c00000, 0x0000000088c00000|100%| O|  |TAMS 0x0000000088b00000, 0x0000000088c00000| Untracked 
| 140|0x0000000088c00000, 0x0000000088d00000, 0x0000000088d00000|100%| O|  |TAMS 0x0000000088c00000, 0x0000000088d00000| Untracked 
| 141|0x0000000088d00000, 0x0000000088dc3400, 0x0000000088e00000| 76%| O|  |TAMS 0x0000000088d00000, 0x0000000088dc3400| Untracked 
| 142|0x0000000088e00000, 0x0000000088e00000, 0x0000000088f00000|  0%| F|  |TAMS 0x0000000088e00000, 0x0000000088e00000| Untracked 
| 143|0x0000000088f00000, 0x0000000088f00000, 0x0000000089000000|  0%| F|  |TAMS 0x0000000088f00000, 0x0000000088f00000| Untracked 
| 144|0x0000000089000000, 0x0000000089000000, 0x0000000089100000|  0%| F|  |TAMS 0x0000000089000000, 0x0000000089000000| Untracked 
| 145|0x0000000089100000, 0x0000000089100000, 0x0000000089200000|  0%| F|  |TAMS 0x0000000089100000, 0x0000000089100000| Untracked 
| 146|0x0000000089200000, 0x0000000089200000, 0x0000000089300000|  0%| F|  |TAMS 0x0000000089200000, 0x0000000089200000| Untracked 
| 147|0x0000000089300000, 0x0000000089300000, 0x0000000089400000|  0%| F|  |TAMS 0x0000000089300000, 0x0000000089300000| Untracked 
| 148|0x0000000089400000, 0x0000000089400000, 0x0000000089500000|  0%| F|  |TAMS 0x0000000089400000, 0x0000000089400000| Untracked 
| 149|0x0000000089500000, 0x0000000089500000, 0x0000000089600000|  0%| F|  |TAMS 0x0000000089500000, 0x0000000089500000| Untracked 
| 150|0x0000000089600000, 0x0000000089600000, 0x0000000089700000|  0%| F|  |TAMS 0x0000000089600000, 0x0000000089600000| Untracked 
| 151|0x0000000089700000, 0x0000000089700000, 0x0000000089800000|  0%| F|  |TAMS 0x0000000089700000, 0x0000000089700000| Untracked 
| 152|0x0000000089800000, 0x0000000089800000, 0x0000000089900000|  0%| F|  |TAMS 0x0000000089800000, 0x0000000089800000| Untracked 
| 153|0x0000000089900000, 0x0000000089900000, 0x0000000089a00000|  0%| F|  |TAMS 0x0000000089900000, 0x0000000089900000| Untracked 
| 154|0x0000000089a00000, 0x0000000089a00000, 0x0000000089b00000|  0%| F|  |TAMS 0x0000000089a00000, 0x0000000089a00000| Untracked 
| 155|0x0000000089b00000, 0x0000000089b00000, 0x0000000089c00000|  0%| F|  |TAMS 0x0000000089b00000, 0x0000000089b00000| Untracked 
| 156|0x0000000089c00000, 0x0000000089c00000, 0x0000000089d00000|  0%| F|  |TAMS 0x0000000089c00000, 0x0000000089c00000| Untracked 
| 157|0x0000000089d00000, 0x0000000089d00000, 0x0000000089e00000|  0%| F|  |TAMS 0x0000000089d00000, 0x0000000089d00000| Untracked 
| 158|0x0000000089e00000, 0x0000000089e858f8, 0x0000000089f00000| 52%| S|CS|TAMS 0x0000000089e00000, 0x0000000089e00000| Complete 
| 159|0x0000000089f00000, 0x0000000089f00000, 0x000000008a000000|  0%| F|  |TAMS 0x0000000089f00000, 0x0000000089f00000| Untracked 

Card table byte_map: [0x00000239fb500000,0x00000239fb900000] _byte_map_base: 0x00000239fb100000

Marking Bits (Prev, Next): (CMBitMap*) 0x00000239e33dfc80, (CMBitMap*) 0x00000239e33dfc48
 Prev Bits: [0x00000239fdd00000, 0x00000239ffd00000)
 Next Bits: [0x00000239fbd00000, 0x00000239fdd00000)

Polling page: 0x00000239e1b20000

Metaspace:

Usage:
  Non-class:     97.41 MB capacity,    95.78 MB ( 98%) used,     1.33 MB (  1%) free+waste,   309.88 KB ( <1%) overhead. 
      Class:     14.47 MB capacity,    13.49 MB ( 93%) used,   866.19 KB (  6%) free+waste,   137.94 KB ( <1%) overhead. 
       Both:    111.88 MB capacity,   109.27 MB ( 98%) used,     2.18 MB (  2%) free+waste,   447.81 KB ( <1%) overhead. 

Virtual space:
  Non-class space:       98.00 MB reserved,      97.83 MB (>99%) committed 
      Class space:        1.00 GB reserved,      14.68 MB (  1%) committed 
             Both:        1.10 GB reserved,     112.50 MB ( 10%) committed 

Chunk freelists:
   Non-Class:  296.00 KB
       Class:  126.00 KB
        Both:  422.00 KB

MaxMetaspaceSize: 17179869184.00 GB
CompressedClassSpaceSize: 1.00 GB
Initial GC threshold: 20.80 MB
Current GC threshold: 187.09 MB
CDS: off

CodeHeap 'non-profiled nmethods': size=120064Kb used=10448Kb max_used=10448Kb free=109615Kb
 bounds [0x00000239f35a0000, 0x00000239f3fe0000, 0x00000239faae0000]
CodeHeap 'profiled nmethods': size=120000Kb used=33334Kb max_used=33334Kb free=86665Kb
 bounds [0x00000239ec070000, 0x00000239ee100000, 0x00000239f35a0000]
CodeHeap 'non-nmethods': size=5696Kb used=2414Kb max_used=2495Kb free=3281Kb
 bounds [0x00000239ebae0000, 0x00000239ebd60000, 0x00000239ec070000]
 total_blobs=15546 nmethods=14608 adapters=850
 compilation: enabled
              stopped_count=0, restarted_count=0
 full_count=0

Compilation events (20 events):
Event: 2395.433 Thread 0x000002398240c800 14765       2       com.android.ide.common.resources.NodeUtils::getDocumentNamespaceAttributes (38 bytes)
Event: 2395.434 Thread 0x000002398240c800 nmethod 14765 0x00000239ee0f9990 code [0x00000239ee0f9b60, 0x00000239ee0f9ca8]
Event: 2395.436 Thread 0x000002398240c800 14766       2       com.android.ide.common.resources.NodeUtils::getPrefixForNs (71 bytes)
Event: 2395.437 Thread 0x000002398240c800 nmethod 14766 0x00000239ee0f9d90 code [0x00000239ee0f9fc0, 0x00000239ee0fa428]
Event: 2395.461 Thread 0x000002398240c800 14767       2       java.lang.StringUTF16::newString (50 bytes)
Event: 2395.462 Thread 0x000002398240c800 nmethod 14767 0x00000239ee0fa710 code [0x00000239ee0fa8e0, 0x00000239ee0fac98]
Event: 2395.508 Thread 0x000002398240c800 14769       2       com.android.ide.common.resources.DataFile::hasNotRemovedItems (48 bytes)
Event: 2395.509 Thread 0x000002398240c800 nmethod 14769 0x00000239ee0fae10 code [0x00000239ee0fb000, 0x00000239ee0fb278]
Event: 2395.509 Thread 0x000002398240c800 14770       2       com.android.ide.common.resources.DataSet::createFileElement (81 bytes)
Event: 2395.510 Thread 0x000002398240c800 nmethod 14770 0x00000239ee0fb410 code [0x00000239ee0fb680, 0x00000239ee0fbbd8]
Event: 2395.510 Thread 0x000002398240c800 14771       2       com.android.ide.common.resources.ResourceFile::addExtraAttributes (33 bytes)
Event: 2395.511 Thread 0x000002398240c800 nmethod 14771 0x00000239ee0fc010 code [0x00000239ee0fc1e0, 0x00000239ee0fc3a8]
Event: 2395.550 Thread 0x000002398240c800 14773       2       org.apache.xerces.dom.ElementImpl::setAttribute (116 bytes)
Event: 2395.552 Thread 0x000002398240c800 nmethod 14773 0x00000239ee0fc510 code [0x00000239ee0fc780, 0x00000239ee0fcdb8]
Event: 2395.552 Thread 0x000002398240c800 14774       2       org.apache.xerces.dom.AttrImpl::setNodeValue (6 bytes)
Event: 2395.553 Thread 0x000002398240c800 nmethod 14774 0x00000239ee0fd110 code [0x00000239ee0fd2c0, 0x00000239ee0fd3c8]
Event: 2395.618 Thread 0x000002398666b000 nmethod 14707 0x00000239f3fccc10 code [0x00000239f3fcd120, 0x00000239f3fd1f58]
Event: 2395.618 Thread 0x000002398666b000 14723       4       com.android.ide.common.resources.NodeUtils::updateNamespace (161 bytes)
Event: 2395.622 Thread 0x000002398240c800 14778       2       java.lang.StringUTF16::lastIndexOf (47 bytes)
Event: 2395.622 Thread 0x000002398240c800 nmethod 14778 0x00000239ee0fd490 code [0x00000239ee0fd640, 0x00000239ee0fd7e8]

GC Heap History (20 events):
Event: 2393.068 GC heap after
{Heap after GC invocations=63 (full 0):
 garbage-first heap   total 163840K, used 131463K [0x0000000080000000, 0x0000000100000000)
  region size 1024K, 1 young (1024K), 1 survivors (1024K)
 Metaspace       used 110704K, capacity 113367K, committed 114052K, reserved 1148928K
  class space    used 13704K, capacity 14718K, committed 14900K, reserved 1048576K
}
Event: 2393.497 GC heap before
{Heap before GC invocations=63 (full 0):
 garbage-first heap   total 163840K, used 138631K [0x0000000080000000, 0x0000000100000000)
  region size 1024K, 9 young (9216K), 1 survivors (1024K)
 Metaspace       used 111507K, capacity 114199K, committed 114948K, reserved 1148928K
  class space    used 13788K, capacity 14782K, committed 15028K, reserved 1048576K
}
Event: 2393.505 GC heap after
{Heap after GC invocations=64 (full 0):
 garbage-first heap   total 163840K, used 131692K [0x0000000080000000, 0x0000000100000000)
  region size 1024K, 1 young (1024K), 1 survivors (1024K)
 Metaspace       used 111507K, capacity 114199K, committed 114948K, reserved 1148928K
  class space    used 13788K, capacity 14782K, committed 15028K, reserved 1048576K
}
Event: 2394.172 GC heap before
{Heap before GC invocations=65 (full 0):
 garbage-first heap   total 163840K, used 140908K [0x0000000080000000, 0x0000000100000000)
  region size 1024K, 10 young (10240K), 1 survivors (1024K)
 Metaspace       used 111736K, capacity 114327K, committed 114948K, reserved 1148928K
  class space    used 13804K, capacity 14782K, committed 15028K, reserved 1048576K
}
Event: 2394.184 GC heap after
{Heap after GC invocations=66 (full 0):
 garbage-first heap   total 163840K, used 134523K [0x0000000080000000, 0x0000000100000000)
  region size 1024K, 2 young (2048K), 2 survivors (2048K)
 Metaspace       used 111736K, capacity 114327K, committed 114948K, reserved 1148928K
  class space    used 13804K, capacity 14782K, committed 15028K, reserved 1048576K
}
Event: 2394.577 GC heap before
{Heap before GC invocations=66 (full 0):
 garbage-first heap   total 163840K, used 147835K [0x0000000080000000, 0x0000000100000000)
  region size 1024K, 8 young (8192K), 2 survivors (2048K)
 Metaspace       used 111805K, capacity 114426K, committed 114948K, reserved 1148928K
  class space    used 13809K, capacity 14815K, committed 15028K, reserved 1048576K
}
Event: 2394.594 GC heap after
{Heap after GC invocations=67 (full 0):
 garbage-first heap   total 163840K, used 138442K [0x0000000080000000, 0x0000000100000000)
  region size 1024K, 1 young (1024K), 1 survivors (1024K)
 Metaspace       used 111805K, capacity 114426K, committed 114948K, reserved 1148928K
  class space    used 13809K, capacity 14815K, committed 15028K, reserved 1048576K
}
Event: 2394.764 GC heap before
{Heap before GC invocations=67 (full 0):
 garbage-first heap   total 163840K, used 145610K [0x0000000080000000, 0x0000000100000000)
  region size 1024K, 8 young (8192K), 1 survivors (1024K)
 Metaspace       used 111809K, capacity 114426K, committed 114948K, reserved 1148928K
  class space    used 13809K, capacity 14815K, committed 15028K, reserved 1048576K
}
Event: 2394.773 GC heap after
{Heap after GC invocations=68 (full 0):
 garbage-first heap   total 163840K, used 139399K [0x0000000080000000, 0x0000000100000000)
  region size 1024K, 1 young (1024K), 1 survivors (1024K)
 Metaspace       used 111809K, capacity 114426K, committed 114948K, reserved 1148928K
  class space    used 13809K, capacity 14815K, committed 15028K, reserved 1048576K
}
Event: 2394.934 GC heap before
{Heap before GC invocations=68 (full 0):
 garbage-first heap   total 163840K, used 146567K [0x0000000080000000, 0x0000000100000000)
  region size 1024K, 8 young (8192K), 1 survivors (1024K)
 Metaspace       used 111836K, capacity 114558K, committed 115204K, reserved 1148928K
  class space    used 13812K, capacity 14816K, committed 15028K, reserved 1048576K
}
Event: 2394.938 GC heap after
{Heap after GC invocations=69 (full 0):
 garbage-first heap   total 163840K, used 139704K [0x0000000080000000, 0x0000000100000000)
  region size 1024K, 1 young (1024K), 1 survivors (1024K)
 Metaspace       used 111836K, capacity 114558K, committed 115204K, reserved 1148928K
  class space    used 13812K, capacity 14816K, committed 15028K, reserved 1048576K
}
Event: 2395.035 GC heap before
{Heap before GC invocations=69 (full 0):
 garbage-first heap   total 163840K, used 146872K [0x0000000080000000, 0x0000000100000000)
  region size 1024K, 8 young (8192K), 1 survivors (1024K)
 Metaspace       used 111843K, capacity 114558K, committed 115204K, reserved 1148928K
  class space    used 13812K, capacity 14816K, committed 15028K, reserved 1048576K
}
Event: 2395.036 GC heap after
{Heap after GC invocations=70 (full 0):
 garbage-first heap   total 163840K, used 139713K [0x0000000080000000, 0x0000000100000000)
  region size 1024K, 1 young (1024K), 1 survivors (1024K)
 Metaspace       used 111843K, capacity 114558K, committed 115204K, reserved 1148928K
  class space    used 13812K, capacity 14816K, committed 15028K, reserved 1048576K
}
Event: 2395.131 GC heap before
{Heap before GC invocations=70 (full 0):
 garbage-first heap   total 163840K, used 146881K [0x0000000080000000, 0x0000000100000000)
  region size 1024K, 8 young (8192K), 1 survivors (1024K)
 Metaspace       used 111847K, capacity 114558K, committed 115204K, reserved 1148928K
  class space    used 13812K, capacity 14816K, committed 15028K, reserved 1048576K
}
Event: 2395.133 GC heap after
{Heap after GC invocations=71 (full 0):
 garbage-first heap   total 163840K, used 139691K [0x0000000080000000, 0x0000000100000000)
  region size 1024K, 1 young (1024K), 1 survivors (1024K)
 Metaspace       used 111847K, capacity 114558K, committed 115204K, reserved 1148928K
  class space    used 13812K, capacity 14816K, committed 15028K, reserved 1048576K
}
Event: 2395.214 GC heap before
{Heap before GC invocations=71 (full 0):
 garbage-first heap   total 163840K, used 146859K [0x0000000080000000, 0x0000000100000000)
  region size 1024K, 8 young (8192K), 1 survivors (1024K)
 Metaspace       used 111850K, capacity 114558K, committed 115204K, reserved 1148928K
  class space    used 13812K, capacity 14816K, committed 15028K, reserved 1048576K
}
Event: 2395.215 GC heap after
{Heap after GC invocations=72 (full 0):
 garbage-first heap   total 163840K, used 139610K [0x0000000080000000, 0x0000000100000000)
  region size 1024K, 1 young (1024K), 1 survivors (1024K)
 Metaspace       used 111850K, capacity 114558K, committed 115204K, reserved 1148928K
  class space    used 13812K, capacity 14816K, committed 15028K, reserved 1048576K
}
Event: 2395.588 GC heap before
{Heap before GC invocations=72 (full 0):
 garbage-first heap   total 163840K, used 145754K [0x0000000080000000, 0x0000000100000000)
  region size 1024K, 8 young (8192K), 1 survivors (1024K)
 Metaspace       used 111889K, capacity 114570K, committed 115204K, reserved 1148928K
  class space    used 13813K, capacity 14818K, committed 15028K, reserved 1048576K
}
Event: 2395.604 GC heap after
{Heap after GC invocations=73 (full 0):
 garbage-first heap   total 163840K, used 144811K [0x0000000080000000, 0x0000000100000000)
  region size 1024K, 1 young (1024K), 1 survivors (1024K)
 Metaspace       used 111889K, capacity 114570K, committed 115204K, reserved 1148928K
  class space    used 13813K, capacity 14818K, committed 15028K, reserved 1048576K
}
Event: 2395.624 GC heap before
{Heap before GC invocations=73 (full 0):
 garbage-first heap   total 163840K, used 144811K [0x0000000080000000, 0x0000000100000000)
  region size 1024K, 2 young (2048K), 1 survivors (1024K)
 Metaspace       used 111890K, capacity 114570K, committed 115204K, reserved 1148928K
  class space    used 13813K, capacity 14818K, committed 15028K, reserved 1048576K
}

Deoptimization events (20 events):
Event: 2395.266 Thread 0x0000023988634000 Uncommon trap: trap_request=0xffffff4d fr.pc=0x00000239f3f86a14 relative=0x00000000000003d4
Event: 2395.266 Thread 0x0000023988634000 Uncommon trap: reason=unstable_if action=reinterpret pc=0x00000239f3f86a14 method=org.apache.xerces.dom.ParentNode.nodeListItem(I)Lorg/w3c/dom/Node; @ 87 c2
Event: 2395.266 Thread 0x0000023988634000 DEOPT PACKING pc=0x00000239f3f86a14 sp=0x000000c1712f6a90
Event: 2395.266 Thread 0x0000023988634000 DEOPT UNPACKING pc=0x00000239ebb2a1af sp=0x000000c1712f69d8 mode 2
Event: 2395.299 Thread 0x0000023988634000 Uncommon trap: trap_request=0xffffffc6 fr.pc=0x00000239f3f8c9bc relative=0x00000000000002fc
Event: 2395.299 Thread 0x0000023988634000 Uncommon trap: reason=bimorphic_or_optimized_type_check action=maybe_recompile pc=0x00000239f3f8c9bc method=com.android.ide.common.resources.NodeUtils.processSingleNodeNamespace(Lorg/w3c/dom/Node;Lorg/w3c/dom/Document;)Z @ 100 c2
Event: 2395.299 Thread 0x0000023988634000 DEOPT PACKING pc=0x00000239f3f8c9bc sp=0x000000c1712f6b00
Event: 2395.299 Thread 0x0000023988634000 DEOPT UNPACKING pc=0x00000239ebb2a1af sp=0x000000c1712f6a98 mode 2
Event: 2395.315 Thread 0x0000023988634000 Uncommon trap: trap_request=0xffffffc6 fr.pc=0x00000239f3f8c9bc relative=0x00000000000002fc
Event: 2395.316 Thread 0x0000023988634000 Uncommon trap: reason=bimorphic_or_optimized_type_check action=maybe_recompile pc=0x00000239f3f8c9bc method=com.android.ide.common.resources.NodeUtils.processSingleNodeNamespace(Lorg/w3c/dom/Node;Lorg/w3c/dom/Document;)Z @ 100 c2
Event: 2395.316 Thread 0x0000023988634000 DEOPT PACKING pc=0x00000239f3f8c9bc sp=0x000000c1712f6b00
Event: 2395.316 Thread 0x0000023988634000 DEOPT UNPACKING pc=0x00000239ebb2a1af sp=0x000000c1712f6a98 mode 2
Event: 2395.316 Thread 0x0000023988634000 Uncommon trap: trap_request=0xffffffc6 fr.pc=0x00000239f3f8c9bc relative=0x00000000000002fc
Event: 2395.316 Thread 0x0000023988634000 Uncommon trap: reason=bimorphic_or_optimized_type_check action=maybe_recompile pc=0x00000239f3f8c9bc method=com.android.ide.common.resources.NodeUtils.processSingleNodeNamespace(Lorg/w3c/dom/Node;Lorg/w3c/dom/Document;)Z @ 100 c2
Event: 2395.316 Thread 0x0000023988634000 DEOPT PACKING pc=0x00000239f3f8c9bc sp=0x000000c1712f6b00
Event: 2395.316 Thread 0x0000023988634000 DEOPT UNPACKING pc=0x00000239ebb2a1af sp=0x000000c1712f6a98 mode 2
Event: 2395.317 Thread 0x0000023988634000 Uncommon trap: trap_request=0xffffffc6 fr.pc=0x00000239f3f8c9bc relative=0x00000000000002fc
Event: 2395.318 Thread 0x0000023988634000 Uncommon trap: reason=bimorphic_or_optimized_type_check action=maybe_recompile pc=0x00000239f3f8c9bc method=com.android.ide.common.resources.NodeUtils.processSingleNodeNamespace(Lorg/w3c/dom/Node;Lorg/w3c/dom/Document;)Z @ 100 c2
Event: 2395.318 Thread 0x0000023988634000 DEOPT PACKING pc=0x00000239f3f8c9bc sp=0x000000c1712f6b00
Event: 2395.318 Thread 0x0000023988634000 DEOPT UNPACKING pc=0x00000239ebb2a1af sp=0x000000c1712f6a98 mode 2

Classes redefined (0 events):
No events

Internal exceptions (20 events):
Event: 2388.090 Thread 0x0000023988634000 Exception <a 'sun/nio/fs/WindowsException'{0x0000000088f673d8}> (0x0000000088f673d8) thrown at [./src/hotspot/share/prims/jni.cpp, line 616]
Event: 2388.317 Thread 0x0000023988634000 Exception <a 'java/lang/NoSuchMethodError'{0x0000000088a3c218}: 'java.lang.Object java.lang.invoke.Invokers$Holder.linkToTargetMethod(java.lang.Object, int, int, java.lang.Object)'> (0x0000000088a3c218) thrown at [./src/hotspot/share/interpreter/linkResolver.cpp, line 773]
Event: 2388.959 Thread 0x0000023988634000 Exception <a 'java/lang/NoSuchMethodError'{0x0000000089ab69d8}: <clinit>> (0x0000000089ab69d8) thrown at [./src/hotspot/share/prims/jni.cpp, line 1366]
Event: 2388.974 Thread 0x0000023988634000 Exception <a 'java/lang/NoSuchMethodError'{0x0000000089afcb98}: <clinit>> (0x0000000089afcb98) thrown at [./src/hotspot/share/prims/jni.cpp, line 1366]
Event: 2388.996 Thread 0x0000023988634000 Exception <a 'sun/nio/fs/WindowsException'{0x0000000089979520}> (0x0000000089979520) thrown at [./src/hotspot/share/prims/jni.cpp, line 616]
Event: 2389.124 Thread 0x000002398862e000 Exception <a 'java/lang/NoSuchMethodError'{0x00000000897cb090}: <clinit>> (0x00000000897cb090) thrown at [./src/hotspot/share/prims/jni.cpp, line 1366]
Event: 2389.127 Thread 0x000002398862e000 Exception <a 'java/lang/NoSuchMethodError'{0x00000000897d4b60}: <clinit>> (0x00000000897d4b60) thrown at [./src/hotspot/share/prims/jni.cpp, line 1366]
Event: 2389.192 Thread 0x000002398862e000 Exception <a 'java/lang/NoSuchMethodError'{0x0000000089401540}: <clinit>> (0x0000000089401540) thrown at [./src/hotspot/share/prims/jni.cpp, line 1366]
Event: 2389.194 Thread 0x0000023982e77800 Exception <a 'java/lang/NoSuchMethodError'{0x00000000894194d8}: <clinit>> (0x00000000894194d8) thrown at [./src/hotspot/share/prims/jni.cpp, line 1366]
Event: 2389.206 Thread 0x0000023982e77800 Exception <a 'java/lang/NoSuchMethodError'{0x0000000089446be0}: <clinit>> (0x0000000089446be0) thrown at [./src/hotspot/share/prims/jni.cpp, line 1366]
Event: 2389.210 Thread 0x0000023982e77800 Exception <a 'java/lang/NoSuchMethodError'{0x0000000089469a28}: <clinit>> (0x0000000089469a28) thrown at [./src/hotspot/share/prims/jni.cpp, line 1366]
Event: 2389.219 Thread 0x000002398862e000 Exception <a 'java/lang/NoSuchMethodError'{0x00000000894a9908}: <clinit>> (0x00000000894a9908) thrown at [./src/hotspot/share/prims/jni.cpp, line 1366]
Event: 2389.220 Thread 0x000002398862e000 Exception <a 'java/lang/NoSuchMethodError'{0x00000000894aabe0}: <clinit>> (0x00000000894aabe0) thrown at [./src/hotspot/share/prims/jni.cpp, line 1366]
Event: 2389.497 Thread 0x000002398862e000 Exception <a 'java/lang/NoSuchMethodError'{0x000000008924f228}: <clinit>> (0x000000008924f228) thrown at [./src/hotspot/share/prims/jni.cpp, line 1366]
Event: 2389.499 Thread 0x0000023988634000 Exception <a 'java/lang/NoSuchMethodError'{0x000000008922b770}: 'java.lang.Object java.lang.invoke.DirectMethodHandle$Holder.invokeInterface(java.lang.Object, java.lang.Object, int)'> (0x000000008922b770) thrown at [./src/hotspot/share/interpreter/linkResolver.cpp, line 773]
Event: 2389.504 Thread 0x0000023988634000 Exception <a 'java/lang/NoSuchMethodError'{0x0000000089251ce8}: 'void java.lang.invoke.DirectMethodHandle$Holder.invokeStatic(java.lang.Object, java.lang.Object, java.lang.Object, int)'> (0x0000000089251ce8) thrown at [./src/hotspot/share/interpreter/linkResolver.cpp, line 773]
Event: 2390.183 Thread 0x0000023988637000 Implicit null exception at 0x00000239f3eb95a8 to 0x00000239f3ebab40
Event: 2391.093 Thread 0x0000023988b4a800 Implicit null exception at 0x00000239f3ef94b2 to 0x00000239f3ef987c
Event: 2391.488 Thread 0x000002398649a000 Implicit null exception at 0x00000239f39ed1b9 to 0x00000239f39ed700
Event: 2391.491 Thread 0x00000239864a0000 Implicit null exception at 0x00000239f3729eea to 0x00000239f372a398

Events (20 events):
Event: 2394.876 loading class com/android/ide/common/blame/SourceFileJsonTypeAdapter$1 done
Event: 2394.923 loading class com/android/ide/common/blame/MergingLogPersistUtil$SourcePositionsSerializer
Event: 2394.923 loading class com/android/ide/common/blame/MergingLogPersistUtil$SourcePositionsSerializer done
Event: 2394.925 loading class com/android/ide/common/blame/MergingLogPersistUtil$SourcePositionsSerializer$Kind
Event: 2394.925 loading class com/android/ide/common/blame/MergingLogPersistUtil$SourcePositionsSerializer$Kind done
Event: 2394.933 Executing VM operation: G1CollectForAllocation
Event: 2394.938 Executing VM operation: G1CollectForAllocation done
Event: 2394.981 Executing VM operation: RevokeBias
Event: 2394.982 Executing VM operation: RevokeBias done
Event: 2394.999 Executing VM operation: RevokeBias
Event: 2395.000 Executing VM operation: RevokeBias done
Event: 2395.034 Executing VM operation: G1CollectForAllocation
Event: 2395.036 Executing VM operation: G1CollectForAllocation done
Event: 2395.131 Executing VM operation: G1CollectForAllocation
Event: 2395.133 Executing VM operation: G1CollectForAllocation done
Event: 2395.214 Executing VM operation: G1CollectForAllocation
Event: 2395.215 Executing VM operation: G1CollectForAllocation done
Event: 2395.588 Executing VM operation: G1CollectForAllocation
Event: 2395.604 Executing VM operation: G1CollectForAllocation done
Event: 2395.624 Executing VM operation: G1CollectForAllocation


Dynamic libraries:
0x00007ff7ed920000 - 0x00007ff7ed92d000 	C:\Users\muham\.jdks\temurin-11.0.14.1\bin\java.exe
0x00007ffba8430000 - 0x00007ffba8625000 	C:\WINDOWS\SYSTEM32\ntdll.dll
0x00007ffba8330000 - 0x00007ffba83ee000 	C:\WINDOWS\System32\KERNEL32.DLL
0x00007ffba5e00000 - 0x00007ffba60c8000 	C:\WINDOWS\System32\KERNELBASE.dll
0x00007ffba6380000 - 0x00007ffba6480000 	C:\WINDOWS\System32\ucrtbase.dll
0x00007ffb9f1a0000 - 0x00007ffb9f1b7000 	C:\Users\muham\.jdks\temurin-11.0.14.1\bin\jli.dll
0x00007ffb99860000 - 0x00007ffb99875000 	C:\Users\muham\.jdks\temurin-11.0.14.1\bin\VCRUNTIME140.dll
0x00007ffba6c20000 - 0x00007ffba6dc0000 	C:\WINDOWS\System32\USER32.dll
0x00007ffb94870000 - 0x00007ffb94b0a000 	C:\WINDOWS\WinSxS\amd64_microsoft.windows.common-controls_6595b64144ccf1df_6.0.19041.1110_none_60b5254171f9507e\COMCTL32.dll
0x00007ffba6120000 - 0x00007ffba6142000 	C:\WINDOWS\System32\win32u.dll
0x00007ffba7a20000 - 0x00007ffba7abe000 	C:\WINDOWS\System32\msvcrt.dll
0x00007ffba7ac0000 - 0x00007ffba7aeb000 	C:\WINDOWS\System32\GDI32.dll
0x00007ffba5bb0000 - 0x00007ffba5cbd000 	C:\WINDOWS\System32\gdi32full.dll
0x00007ffba6150000 - 0x00007ffba61ed000 	C:\WINDOWS\System32\msvcp_win.dll
0x00007ffba7c30000 - 0x00007ffba7c60000 	C:\WINDOWS\System32\IMM32.DLL
0x00007ffb67090000 - 0x00007ffb6712b000 	C:\Users\muham\.jdks\temurin-11.0.14.1\bin\msvcp140.dll
0x00007ffb5b050000 - 0x00007ffb5bbd1000 	C:\Users\muham\.jdks\temurin-11.0.14.1\bin\server\jvm.dll
0x00007ffba6530000 - 0x00007ffba65de000 	C:\WINDOWS\System32\ADVAPI32.dll
0x00007ffba6b20000 - 0x00007ffba6bbc000 	C:\WINDOWS\System32\sechost.dll
0x00007ffba71a0000 - 0x00007ffba72c5000 	C:\WINDOWS\System32\RPCRT4.dll
0x00007ffba7af0000 - 0x00007ffba7af8000 	C:\WINDOWS\System32\PSAPI.DLL
0x00007ffba3b00000 - 0x00007ffba3b09000 	C:\WINDOWS\SYSTEM32\WSOCK32.dll
0x00007ffb98ba0000 - 0x00007ffb98bc7000 	C:\WINDOWS\SYSTEM32\WINMM.dll
0x00007ffba70c0000 - 0x00007ffba712b000 	C:\WINDOWS\System32\WS2_32.dll
0x00007ffb9d620000 - 0x00007ffb9d62a000 	C:\WINDOWS\SYSTEM32\VERSION.dll
0x00007ffba3c10000 - 0x00007ffba3c22000 	C:\WINDOWS\SYSTEM32\kernel.appcore.dll
0x00007ffb994a0000 - 0x00007ffb994b0000 	C:\Users\muham\.jdks\temurin-11.0.14.1\bin\verify.dll
0x00007ffba38f0000 - 0x00007ffba3ad4000 	C:\WINDOWS\SYSTEM32\DBGHELP.DLL
0x00007ffb88110000 - 0x00007ffb8813c000 	C:\WINDOWS\SYSTEM32\dbgcore.DLL
0x00007ffba5d70000 - 0x00007ffba5df2000 	C:\WINDOWS\System32\bcryptPrimitives.dll
0x00007ffb95590000 - 0x00007ffb955b8000 	C:\Users\muham\.jdks\temurin-11.0.14.1\bin\java.dll
0x00007ffb99490000 - 0x00007ffb9949a000 	C:\Users\muham\.jdks\temurin-11.0.14.1\bin\jimage.dll
0x00007ffb985c0000 - 0x00007ffb985d8000 	C:\Users\muham\.jdks\temurin-11.0.14.1\bin\zip.dll
0x00007ffba72d0000 - 0x00007ffba7a14000 	C:\WINDOWS\System32\SHELL32.dll
0x00007ffba3c30000 - 0x00007ffba43c4000 	C:\WINDOWS\SYSTEM32\windows.storage.dll
0x00007ffba6740000 - 0x00007ffba6a95000 	C:\WINDOWS\System32\combase.dll
0x00007ffba5590000 - 0x00007ffba55be000 	C:\WINDOWS\SYSTEM32\Wldp.dll
0x00007ffba6480000 - 0x00007ffba652d000 	C:\WINDOWS\System32\SHCORE.dll
0x00007ffba80e0000 - 0x00007ffba8135000 	C:\WINDOWS\System32\shlwapi.dll
0x00007ffba5a80000 - 0x00007ffba5a9f000 	C:\WINDOWS\SYSTEM32\profapi.dll
0x00007ffb993f0000 - 0x00007ffb99409000 	C:\Users\muham\.jdks\temurin-11.0.14.1\bin\net.dll
0x00007ffb981c0000 - 0x00007ffb982cc000 	C:\WINDOWS\SYSTEM32\WINHTTP.dll
0x00007ffba52f0000 - 0x00007ffba535a000 	C:\WINDOWS\system32\mswsock.dll
0x00007ffb97330000 - 0x00007ffb97343000 	C:\Users\muham\.jdks\temurin-11.0.14.1\bin\nio.dll
0x00007ffb97290000 - 0x00007ffb972b7000 	C:\Users\muham\.gradle\native\e1d6ef7f7dcc3fd88c89a11ec53ec762bb8ba0a96d01ffa2cd45eb1d1d8dd5c5\windows-amd64\native-platform.dll
0x00007ffb836b0000 - 0x00007ffb837f4000 	C:\Users\muham\.gradle\native\5664cfc778a61ccfe75a443a1ab52a65af34e5dc3c78e0209fed803814484fcb\windows-amd64\native-platform-file-events.dll
0x00007ffba27f0000 - 0x00007ffba27f9000 	C:\Users\muham\.jdks\temurin-11.0.14.1\bin\management.dll
0x00007ffba25d0000 - 0x00007ffba25db000 	C:\Users\muham\.jdks\temurin-11.0.14.1\bin\management_ext.dll
0x00007ffba54e0000 - 0x00007ffba54f8000 	C:\WINDOWS\SYSTEM32\CRYPTSP.dll
0x00007ffba4c00000 - 0x00007ffba4c34000 	C:\WINDOWS\system32\rsaenh.dll
0x00007ffba6350000 - 0x00007ffba6377000 	C:\WINDOWS\System32\bcrypt.dll
0x00007ffba5a00000 - 0x00007ffba5a2e000 	C:\WINDOWS\SYSTEM32\USERENV.dll
0x00007ffba5500000 - 0x00007ffba550c000 	C:\WINDOWS\SYSTEM32\CRYPTBASE.dll
0x00007ffba4f90000 - 0x00007ffba4fcb000 	C:\WINDOWS\SYSTEM32\IPHLPAPI.DLL
0x00007ffba7190000 - 0x00007ffba7198000 	C:\WINDOWS\System32\NSI.dll
0x00007ffb9a910000 - 0x00007ffb9a927000 	C:\WINDOWS\SYSTEM32\dhcpcsvc6.DLL
0x00007ffb9aa20000 - 0x00007ffb9aa3d000 	C:\WINDOWS\SYSTEM32\dhcpcsvc.DLL
0x00007ffba4fe0000 - 0x00007ffba50ab000 	C:\WINDOWS\SYSTEM32\DNSAPI.dll

dbghelp: loaded successfully - version: 4.0.5 - missing functions: none
symbol engine: initialized successfully - sym options: 0x614 - pdb path: .;C:\Users\muham\.jdks\temurin-11.0.14.1\bin;C:\WINDOWS\SYSTEM32;C:\WINDOWS\WinSxS\amd64_microsoft.windows.common-controls_6595b64144ccf1df_6.0.19041.1110_none_60b5254171f9507e;C:\Users\muham\.jdks\temurin-11.0.14.1\bin\server;C:\Users\muham\.gradle\native\e1d6ef7f7dcc3fd88c89a11ec53ec762bb8ba0a96d01ffa2cd45eb1d1d8dd5c5\windows-amd64;C:\Users\muham\.gradle\native\5664cfc778a61ccfe75a443a1ab52a65af34e5dc3c78e0209fed803814484fcb\windows-amd64

VM Arguments:
jvm_args: --add-opens=java.base/java.util=ALL-UNNAMED --add-opens=java.base/java.lang=ALL-UNNAMED --add-opens=java.base/java.lang.invoke=ALL-UNNAMED --add-opens=java.base/java.util=ALL-UNNAMED --add-opens=java.prefs/java.util.prefs=ALL-UNNAMED --add-opens=java.prefs/java.util.prefs=ALL-UNNAMED --add-opens=java.base/java.nio.charset=ALL-UNNAMED --add-opens=java.base/java.net=ALL-UNNAMED --add-opens=java.base/java.util.concurrent.atomic=ALL-UNNAMED -Xmx2048m -Dfile.encoding=UTF-8 -Duser.country=ID -Duser.language=en -Duser.variant 
java_command: org.gradle.launcher.daemon.bootstrap.GradleDaemon 7.2
java_class_path (initial): C:\Users\muham\.gradle\wrapper\dists\gradle-7.2-bin\2dnblmf4td7x66yl1d74lt32g\gradle-7.2\lib\gradle-launcher-7.2.jar
Launcher Type: SUN_STANDARD

[Global flags]
     intx CICompilerCount                          = 3                                         {product} {ergonomic}
     uint ConcGCThreads                            = 1                                         {product} {ergonomic}
     uint G1ConcRefinementThreads                  = 4                                         {product} {ergonomic}
   size_t G1HeapRegionSize                         = 1048576                                   {product} {ergonomic}
    uintx GCDrainStackTargetSize                   = 64                                        {product} {ergonomic}
   size_t InitialHeapSize                          = 167772160                                 {product} {ergonomic}
   size_t MarkStackSize                            = 4194304                                   {product} {ergonomic}
   size_t MaxHeapSize                              = 2147483648                                {product} {command line}
   size_t MaxNewSize                               = 1287651328                                {product} {ergonomic}
   size_t MinHeapDeltaBytes                        = 1048576                                   {product} {ergonomic}
    uintx NonNMethodCodeHeapSize                   = 5830732                                {pd product} {ergonomic}
    uintx NonProfiledCodeHeapSize                  = 122913754                              {pd product} {ergonomic}
    uintx ProfiledCodeHeapSize                     = 122913754                              {pd product} {ergonomic}
    uintx ReservedCodeCacheSize                    = 251658240                              {pd product} {ergonomic}
     bool SegmentedCodeCache                       = true                                      {product} {ergonomic}
     bool UseCompressedClassPointers               = true                                 {lp64_product} {ergonomic}
     bool UseCompressedOops                        = true                                 {lp64_product} {ergonomic}
     bool UseG1GC                                  = true                                      {product} {ergonomic}
     bool UseLargePagesIndividualAllocation        = false                                  {pd product} {ergonomic}

Logging:
Log output configuration:
 #0: stdout all=warning uptime,level,tags
 #1: stderr all=off uptime,level,tags

Environment Variables:
JAVA_HOME=C:\Program Files\Java\jdk1.8.0_111
PATH=C:\ProgramData\Oracle\Java\javapath;C:\Windows\system32;C:\Windows;C:\Windows\System32\Wbem;C:\Windows\System32\WindowsPowerShell\v1.0\;C:\Windows\System32\OpenSSH\;C:\Program Files (x86)\NVIDIA Corporation\PhysX\Common;C:\Program Files\NVIDIA Corporation\NVIDIA NvDLISR;C:\Program Files\Java\jdk1.8.0_111;C:\Program Files\Java\jdk1.8.0_111\bin;C:\WINDOWS\system32;C:\WINDOWS;C:\WINDOWS\System32\Wbem;C:\WINDOWS\System32\WindowsPowerShell\v1.0\;C:\WINDOWS\System32\OpenSSH\;C:\Program Files\nodejs\;C:\xampp\php\;C:\Program Files\Git\cmd;C:\Users\muham\AppData\Local\Microsoft\WindowsApps;C:\Users\muham\AppData\Local\Programs\Microsoft VS Code\bin;flutter\bin;C:\Users\muham\AppData\Roaming\npm;
USERNAME=muham
OS=Windows_NT
PROCESSOR_IDENTIFIER=Intel64 Family 6 Model 61 Stepping 4, GenuineIntel



---------------  S Y S T E M  ---------------

OS: Windows 10 , 64 bit Build 19041 (10.0.19041.1503)
OS uptime: 5 days 0:23 hours

CPU:total 4 (initial active 4) (2 cores per cpu, 2 threads per core) family 6 model 61 stepping 4 microcode 0x2d, cmov, cx8, fxsr, mmx, sse, sse2, sse3, ssse3, sse4.1, sse4.2, popcnt, avx, avx2, aes, clmul, erms, 3dnowpref, lzcnt, ht, tsc, tscinvbit, bmi1, bmi2, adx, fma

Memory: 4k page, system-wide physical 10139M (2488M free)
TotalPageFile size 11163M (AvailPageFile size 30M)
current process WorkingSet (physical memory assigned to process): 446M, peak: 463M
current process commit charge ("private bytes"): 487M, peak: 521M

vm_info: OpenJDK 64-Bit Server VM (11.0.14.1+1) for windows-amd64 JRE (11.0.14.1+1), built on Feb  9 2022 01:48:27 by "" with unknown MS VC++:1916

END.
