#
# There is insufficient memory for the Java Runtime Environment to continue.
# Native memory allocation (malloc) failed to allocate 1374416 bytes for Chunk::new
# Possible reasons:
#   The system is out of physical RAM or swap space
#   The process is running with CompressedOops enabled, and the Java Heap may be blocking the growth of the native heap
# Possible solutions:
#   Reduce memory load on the system
#   Increase physical memory or swap space
#   Check if swap backing store is full
#   Decrease Java heap size (-Xmx/-Xms)
#   Decrease number of Java threads
#   Decrease Java thread stack sizes (-Xss)
#   Set larger code cache with -XX:ReservedCodeCacheSize=
#   JVM is running with Unscaled Compressed Oops mode in which the Java heap is
#     placed in the first 4GB address space. The Java Heap base address is the
#     maximum limit for the native heap growth. Please use -XX:HeapBaseMinAddress
#     to set the Java Heap base and to place the Java Heap above 4GB virtual address.
# This output file may be truncated or incomplete.
#
#  Out of Memory Error (./src/hotspot/share/memory/arena.cpp:197), pid=13412, tid=9396
#
# JRE version: OpenJDK Runtime Environment Temurin-11.0.14.1+1 (11.0.14.1+1) (build 11.0.14.1+1)
# Java VM: OpenJDK 64-Bit Server VM Temurin-11.0.14.1+1 (11.0.14.1+1, mixed mode, tiered, compressed oops, g1 gc, windows-amd64)
# No core dump will be written. Minidumps are not enabled by default on client versions of Windows
#

---------------  S U M M A R Y ------------

Command Line: --add-opens=java.base/java.util=ALL-UNNAMED --add-opens=java.base/java.lang=ALL-UNNAMED --add-opens=java.base/java.lang.invoke=ALL-UNNAMED --add-opens=java.base/java.util=ALL-UNNAMED --add-opens=java.prefs/java.util.prefs=ALL-UNNAMED --add-opens=java.prefs/java.util.prefs=ALL-UNNAMED --add-opens=java.base/java.nio.charset=ALL-UNNAMED --add-opens=java.base/java.net=ALL-UNNAMED --add-opens=java.base/java.util.concurrent.atomic=ALL-UNNAMED -Xmx2048m -Dfile.encoding=UTF-8 -Duser.country=ID -Duser.language=en -Duser.variant org.gradle.launcher.daemon.bootstrap.GradleDaemon 7.2

Host: Intel(R) Core(TM) i3-5010U CPU @ 2.10GHz, 4 cores, 9G,  Windows 10 , 64 bit Build 19041 (10.0.19041.1503)
Time: Tue Mar  8 10:52:43 2022 SE Asia Standard Time elapsed time: 13.787187 seconds (0d 0h 0m 13s)

---------------  T H R E A D  ---------------

Current thread (0x000001afaf4bf800):  JavaThread "C2 CompilerThread1" daemon [_thread_in_native, id=9396, stack(0x0000007737d00000,0x0000007737e00000)]


Current CompileTask:
C2:  13787 5643       4       org.objectweb.asm.SymbolTable::addConstantMemberReference (147 bytes)

Stack: [0x0000007737d00000,0x0000007737e00000]
Native frames: (J=compiled Java code, j=interpreted, Vv=VM code, C=native code)
V  [jvm.dll+0x61e59a]
V  [jvm.dll+0x7aaca9]
V  [jvm.dll+0x7ac398]
V  [jvm.dll+0x7aca73]
V  [jvm.dll+0x24f9b8]
V  [jvm.dll+0xc260c]
V  [jvm.dll+0xc2bcc]
V  [jvm.dll+0x3599c2]
V  [jvm.dll+0x325b93]
V  [jvm.dll+0x324eca]
V  [jvm.dll+0x208c05]
V  [jvm.dll+0x207ded]
V  [jvm.dll+0x18a2c1]
V  [jvm.dll+0x217734]
V  [jvm.dll+0x21597b]
V  [jvm.dll+0x76d7c0]
V  [jvm.dll+0x766724]
V  [jvm.dll+0x61d3f6]
C  [ucrtbase.dll+0x21bb2]
C  [KERNEL32.DLL+0x17034]
C  [ntdll.dll+0x52651]


---------------  P R O C E S S  ---------------

Threads class SMR info:
_java_thread_list=0x000001afb0959ca0, length=78, elements={
0x000001af8e3dc800, 0x000001afad35b800, 0x000001afad368000, 0x000001afad358000,
0x000001afad369000, 0x000001afad36b800, 0x000001afadccc800, 0x000001afadccd800,
0x000001afadcd0800, 0x000001afade2d000, 0x000001afafd03000, 0x000001afaf30d000,
0x000001afb13cf800, 0x000001afaea23000, 0x000001afafc6b000, 0x000001afaed66000,
0x000001afb0008000, 0x000001afb068d800, 0x000001afafccd800, 0x000001afb010f800,
0x000001afb0962000, 0x000001afb0965000, 0x000001afb0963800, 0x000001afb0966800,
0x000001afb0968800, 0x000001afb0962800, 0x000001afb0964000, 0x000001afb0966000,
0x000001afb0967800, 0x000001afb1464800, 0x000001afaf4bf800, 0x000001afb1465800,
0x000001afb146c000, 0x000001afb1467000, 0x000001afb146d800, 0x000001afb1467800,
0x000001afb146e800, 0x000001afb1468800, 0x000001afb146f000, 0x000001afb1469800,
0x000001afb1470000, 0x000001afb1470800, 0x000001afb1473000, 0x000001afb1471800,
0x000001afb1472800, 0x000001afaf687000, 0x000001afaf687800, 0x000001afaf688800,
0x000001afaf689800, 0x000001afaf68a000, 0x000001afaf68b800, 0x000001afaf686000,
0x000001afaf68e000, 0x000001afaf68f000, 0x000001afaf68c800, 0x000001afaf690000,
0x000001afaf690800, 0x000001afaf68b000, 0x000001afaf691800, 0x000001afaf692800,
0x000001afaf68d800, 0x000001afaf694800, 0x000001afaf693000, 0x000001afaf694000,
0x000001afb0637000, 0x000001afb0637800, 0x000001afb0639800, 0x000001afb0638800,
0x000001afb0633800, 0x000001afb063a000, 0x000001afb0634800, 0x000001afb063b000,
0x000001afb0635800, 0x000001afb063c000, 0x000001afb0636000, 0x000001afb063c800,
0x000001afb0641800, 0x000001afb063d800
}

Java Threads: ( => current thread )
  0x000001af8e3dc800 JavaThread "main" [_thread_blocked, id=2564, stack(0x0000007735b00000,0x0000007735c00000)]
  0x000001afad35b800 JavaThread "Reference Handler" daemon [_thread_blocked, id=2824, stack(0x0000007736200000,0x0000007736300000)]
  0x000001afad368000 JavaThread "Finalizer" daemon [_thread_blocked, id=10220, stack(0x0000007736300000,0x0000007736400000)]
  0x000001afad358000 JavaThread "Signal Dispatcher" daemon [_thread_blocked, id=6824, stack(0x0000007736400000,0x0000007736500000)]
  0x000001afad369000 JavaThread "Attach Listener" daemon [_thread_blocked, id=9996, stack(0x0000007736500000,0x0000007736600000)]
  0x000001afad36b800 JavaThread "Service Thread" daemon [_thread_blocked, id=13224, stack(0x0000007736600000,0x0000007736700000)]
  0x000001afadccc800 JavaThread "C2 CompilerThread0" daemon [_thread_blocked, id=13896, stack(0x0000007736700000,0x0000007736800000)]
  0x000001afadccd800 JavaThread "C1 CompilerThread0" daemon [_thread_blocked, id=12900, stack(0x0000007736800000,0x0000007736900000)]
  0x000001afadcd0800 JavaThread "Sweeper thread" daemon [_thread_blocked, id=8700, stack(0x0000007736900000,0x0000007736a00000)]
  0x000001afade2d000 JavaThread "Common-Cleaner" daemon [_thread_blocked, id=4720, stack(0x0000007736a00000,0x0000007736b00000)]
  0x000001afafd03000 JavaThread "Daemon health stats" [_thread_blocked, id=7448, stack(0x0000007736f00000,0x0000007737000000)]
  0x000001afaf30d000 JavaThread "Incoming local TCP Connector on port 52650" [_thread_in_native, id=10452, stack(0x0000007736c00000,0x0000007736d00000)]
  0x000001afb13cf800 JavaThread "Daemon periodic checks" [_thread_blocked, id=1040, stack(0x0000007737000000,0x0000007737100000)]
  0x000001afaea23000 JavaThread "Daemon" [_thread_blocked, id=14172, stack(0x0000007737100000,0x0000007737200000)]
  0x000001afafc6b000 JavaThread "Handler for socket connection from /127.0.0.1:52650 to /127.0.0.1:52651" [_thread_in_native, id=11592, stack(0x0000007737200000,0x0000007737300000)]
  0x000001afaed66000 JavaThread "Cancel handler" [_thread_blocked, id=2852, stack(0x0000007737300000,0x0000007737400000)]
  0x000001afb0008000 JavaThread "Daemon worker" [_thread_in_vm, id=7528, stack(0x0000007737400000,0x0000007737500000)]
  0x000001afb068d800 JavaThread "Asynchronous log dispatcher for DefaultDaemonConnection: socket connection from /127.0.0.1:52650 to /127.0.0.1:52651" [_thread_blocked, id=11568, stack(0x0000007737500000,0x0000007737600000)]
  0x000001afafccd800 JavaThread "Stdin handler" [_thread_blocked, id=1500, stack(0x0000007737600000,0x0000007737700000)]
  0x000001afb010f800 JavaThread "Daemon client event forwarder" [_thread_blocked, id=10404, stack(0x0000007737700000,0x0000007737800000)]
  0x000001afb0962000 JavaThread "Cache worker for journal cache (C:\Users\muham\.gradle\caches\journal-1)" [_thread_blocked, id=13460, stack(0x0000007737900000,0x0000007737a00000)]
  0x000001afb0965000 JavaThread "File lock request listener" [_thread_in_native, id=7556, stack(0x0000007737a00000,0x0000007737b00000)]
  0x000001afb0963800 JavaThread "Cache worker for file hash cache (C:\Users\muham\.gradle\caches\7.2\fileHashes)" [_thread_blocked, id=2704, stack(0x0000007737b00000,0x0000007737c00000)]
  0x000001afb0966800 JavaThread "Cache worker for file hash cache (D:\Data Kuliah\Semester 12\App\.gradle\7.2\fileHashes)" [_thread_blocked, id=10156, stack(0x0000007737c00000,0x0000007737d00000)]
  0x000001afb0968800 JavaThread "File watcher server" daemon [_thread_in_native, id=13192, stack(0x0000007737e00000,0x0000007737f00000)]
  0x000001afb0962800 JavaThread "File watcher consumer" daemon [_thread_blocked, id=1660, stack(0x0000007737f00000,0x0000007738000000)]
  0x000001afb0964000 JavaThread "Cache worker for checksums cache (D:\Data Kuliah\Semester 12\App\.gradle\checksums)" [_thread_blocked, id=9416, stack(0x0000007738000000,0x0000007738100000)]
  0x000001afb0966000 JavaThread "Cache worker for cache directory md-supplier (C:\Users\muham\.gradle\caches\7.2\md-supplier)" [_thread_blocked, id=11444, stack(0x0000007738100000,0x0000007738200000)]
  0x000001afb0967800 JavaThread "Cache worker for cache directory md-rule (C:\Users\muham\.gradle\caches\7.2\md-rule)" [_thread_blocked, id=6888, stack(0x0000007738200000,0x0000007738300000)]
  0x000001afb1464800 JavaThread "Cache worker for execution history cache (C:\Users\muham\.gradle\caches\7.2\executionHistory)" [_thread_blocked, id=4876, stack(0x0000007738300000,0x0000007738400000)]
=>0x000001afaf4bf800 JavaThread "C2 CompilerThread1" daemon [_thread_in_native, id=9396, stack(0x0000007737d00000,0x0000007737e00000)]
  0x000001afb1465800 JavaThread "jar transforms" [_thread_blocked, id=384, stack(0x0000007738400000,0x0000007738500000)]
  0x000001afb146c000 JavaThread "Cache worker for file content cache (C:\Users\muham\.gradle\caches\7.2\fileContent)" [_thread_blocked, id=5812, stack(0x0000007738500000,0x0000007738600000)]
  0x000001afb1467000 JavaThread "jar transforms Thread 2" [_thread_blocked, id=736, stack(0x0000007738600000,0x0000007738700000)]
  0x000001afb146d800 JavaThread "Cache worker for dependencies-accessors (D:\Data Kuliah\Semester 12\App\.gradle\7.2\dependencies-accessors)" [_thread_blocked, id=10180, stack(0x0000007738700000,0x0000007738800000)]
  0x000001afb1467800 JavaThread "jar transforms Thread 3" [_thread_blocked, id=4604, stack(0x0000007738800000,0x0000007738900000)]
  0x000001afb146e800 JavaThread "Cache worker for Build Output Cleanup Cache (D:\Data Kuliah\Semester 12\App\.gradle\buildOutputCleanup)" [_thread_blocked, id=1932, stack(0x0000007738900000,0x0000007738a00000)]
  0x000001afb1468800 JavaThread "Unconstrained build operations" [_thread_blocked, id=11980, stack(0x0000007738a00000,0x0000007738b00000)]
  0x000001afb146f000 JavaThread "Unconstrained build operations Thread 2" [_thread_blocked, id=7068, stack(0x0000007738b00000,0x0000007738c00000)]
  0x000001afb1469800 JavaThread "Unconstrained build operations Thread 3" [_thread_blocked, id=11544, stack(0x0000007738c00000,0x0000007738d00000)]
  0x000001afb1470000 JavaThread "Unconstrained build operations Thread 4" [_thread_blocked, id=12012, stack(0x0000007738d00000,0x0000007738e00000)]
  0x000001afb1470800 JavaThread "Unconstrained build operations Thread 5" [_thread_blocked, id=13388, stack(0x0000007738e00000,0x0000007738f00000)]
  0x000001afb1473000 JavaThread "Unconstrained build operations Thread 6" [_thread_blocked, id=9064, stack(0x0000007738f00000,0x0000007739000000)]
  0x000001afb1471800 JavaThread "Unconstrained build operations Thread 7" [_thread_blocked, id=11288, stack(0x0000007739000000,0x0000007739100000)]
  0x000001afb1472800 JavaThread "Unconstrained build operations Thread 8" [_thread_blocked, id=3976, stack(0x0000007739100000,0x0000007739200000)]
  0x000001afaf687000 JavaThread "Unconstrained build operations Thread 9" [_thread_blocked, id=11688, stack(0x0000007739200000,0x0000007739300000)]
  0x000001afaf687800 JavaThread "Unconstrained build operations Thread 10" [_thread_blocked, id=9408, stack(0x0000007739300000,0x0000007739400000)]
  0x000001afaf688800 JavaThread "Unconstrained build operations Thread 11" [_thread_blocked, id=11376, stack(0x0000007739400000,0x0000007739500000)]
  0x000001afaf689800 JavaThread "Unconstrained build operations Thread 12" [_thread_blocked, id=228, stack(0x0000007739500000,0x0000007739600000)]
  0x000001afaf68a000 JavaThread "Unconstrained build operations Thread 13" [_thread_blocked, id=7316, stack(0x0000007739600000,0x0000007739700000)]
  0x000001afaf68b800 JavaThread "Unconstrained build operations Thread 14" [_thread_blocked, id=8196, stack(0x0000007739700000,0x0000007739800000)]
  0x000001afaf686000 JavaThread "Unconstrained build operations Thread 15" [_thread_blocked, id=9816, stack(0x0000007739800000,0x0000007739900000)]
  0x000001afaf68e000 JavaThread "Unconstrained build operations Thread 16" [_thread_blocked, id=9908, stack(0x0000007739900000,0x0000007739a00000)]
  0x000001afaf68f000 JavaThread "Unconstrained build operations Thread 17" [_thread_blocked, id=6644, stack(0x0000007739a00000,0x0000007739b00000)]
  0x000001afaf68c800 JavaThread "Unconstrained build operations Thread 18" [_thread_blocked, id=3696, stack(0x0000007739b00000,0x0000007739c00000)]
  0x000001afaf690000 JavaThread "Unconstrained build operations Thread 19" [_thread_blocked, id=10976, stack(0x0000007739c00000,0x0000007739d00000)]
  0x000001afaf690800 JavaThread "Unconstrained build operations Thread 20" [_thread_blocked, id=10516, stack(0x0000007739d00000,0x0000007739e00000)]
  0x000001afaf68b000 JavaThread "Unconstrained build operations Thread 21" [_thread_blocked, id=7940, stack(0x0000007739e00000,0x0000007739f00000)]
  0x000001afaf691800 JavaThread "Unconstrained build operations Thread 22" [_thread_blocked, id=14280, stack(0x0000007739f00000,0x000000773a000000)]
  0x000001afaf692800 JavaThread "Unconstrained build operations Thread 23" [_thread_blocked, id=6452, stack(0x000000773a000000,0x000000773a100000)]
  0x000001afaf68d800 JavaThread "Unconstrained build operations Thread 24" [_thread_blocked, id=12716, stack(0x000000773a100000,0x000000773a200000)]
  0x000001afaf694800 JavaThread "Unconstrained build operations Thread 25" [_thread_blocked, id=9696, stack(0x000000773a200000,0x000000773a300000)]
  0x000001afaf693000 JavaThread "Unconstrained build operations Thread 26" [_thread_blocked, id=8732, stack(0x000000773a300000,0x000000773a400000)]
  0x000001afaf694000 JavaThread "Unconstrained build operations Thread 27" [_thread_blocked, id=6548, stack(0x000000773a400000,0x000000773a500000)]
  0x000001afb0637000 JavaThread "Unconstrained build operations Thread 28" [_thread_blocked, id=12788, stack(0x000000773a500000,0x000000773a600000)]
  0x000001afb0637800 JavaThread "Unconstrained build operations Thread 29" [_thread_blocked, id=6676, stack(0x000000773a600000,0x000000773a700000)]
  0x000001afb0639800 JavaThread "Unconstrained build operations Thread 30" [_thread_blocked, id=3048, stack(0x000000773a700000,0x000000773a800000)]
  0x000001afb0638800 JavaThread "Unconstrained build operations Thread 31" [_thread_blocked, id=3036, stack(0x000000773a800000,0x000000773a900000)]
  0x000001afb0633800 JavaThread "Unconstrained build operations Thread 32" [_thread_blocked, id=6520, stack(0x000000773a900000,0x000000773aa00000)]
  0x000001afb063a000 JavaThread "Unconstrained build operations Thread 33" [_thread_blocked, id=6736, stack(0x000000773aa00000,0x000000773ab00000)]
  0x000001afb0634800 JavaThread "Unconstrained build operations Thread 34" [_thread_blocked, id=10556, stack(0x000000773ab00000,0x000000773ac00000)]
  0x000001afb063b000 JavaThread "Unconstrained build operations Thread 35" [_thread_blocked, id=13060, stack(0x000000773ac00000,0x000000773ad00000)]
  0x000001afb0635800 JavaThread "Unconstrained build operations Thread 36" [_thread_blocked, id=13952, stack(0x000000773ad00000,0x000000773ae00000)]
  0x000001afb063c000 JavaThread "Unconstrained build operations Thread 37" [_thread_blocked, id=7476, stack(0x000000773ae00000,0x000000773af00000)]
  0x000001afb0636000 JavaThread "Unconstrained build operations Thread 38" [_thread_blocked, id=5488, stack(0x000000773af00000,0x000000773b000000)]
  0x000001afb063c800 JavaThread "Unconstrained build operations Thread 39" [_thread_blocked, id=6088, stack(0x000000773b000000,0x000000773b100000)]
  0x000001afb0641800 JavaThread "Unconstrained build operations Thread 40" [_thread_blocked, id=1280, stack(0x000000773b100000,0x000000773b200000)]
  0x000001afb063d800 JavaThread "jar transforms Thread 4" [_thread_blocked, id=8532, stack(0x000000773b200000,0x000000773b300000)]

Other Threads:
  0x000001afad346000 VMThread "VM Thread" [stack: 0x0000007736100000,0x0000007736200000] [id=11076]
  0x000001afade26000 WatcherThread [stack: 0x0000007736b00000,0x0000007736c00000] [id=9900]
  0x000001af8e3f5000 GCTaskThread "GC Thread#0" [stack: 0x0000007735c00000,0x0000007735d00000] [id=11484]
  0x000001afae537000 GCTaskThread "GC Thread#1" [stack: 0x0000007736d00000,0x0000007736e00000] [id=7216]
  0x000001afae26d800 GCTaskThread "GC Thread#2" [stack: 0x0000007736e00000,0x0000007736f00000] [id=7420]
  0x000001afaeebd800 GCTaskThread "GC Thread#3" [stack: 0x0000007737800000,0x0000007737900000] [id=8796]
  0x000001af8e429000 ConcurrentGCThread "G1 Main Marker" [stack: 0x0000007735d00000,0x0000007735e00000] [id=1008]
  0x000001af8e42a000 ConcurrentGCThread "G1 Conc#0" [stack: 0x0000007735e00000,0x0000007735f00000] [id=2848]
  0x000001af8e4bd800 ConcurrentGCThread "G1 Refine#0" [stack: 0x0000007735f00000,0x0000007736000000] [id=8316]
  0x000001afad198800 ConcurrentGCThread "G1 Young RemSet Sampling" [stack: 0x0000007736000000,0x0000007736100000] [id=4932]

Threads with active compile tasks:
C2 CompilerThread1  13825 5643       4       org.objectweb.asm.SymbolTable::addConstantMemberReference (147 bytes)

VM state:not at safepoint (normal execution)

VM Mutex/Monitor currently owned by a thread: None

Heap address: 0x0000000080000000, size: 2048 MB, Compressed Oops mode: 32-bit
Narrow klass base: 0x0000000000000000, Narrow klass shift: 3
Compressed class space size: 1073741824 Address: 0x0000000100000000

Heap:
 garbage-first heap   total 196608K, used 107406K [0x0000000080000000, 0x0000000100000000)
  region size 1024K, 80 young (81920K), 10 survivors (10240K)
 Metaspace       used 54913K, capacity 56310K, committed 56400K, reserved 1097728K
  class space    used 6872K, capacity 7363K, committed 7424K, reserved 1048576K
Heap Regions: E=young(eden), S=young(survivor), O=old, HS=humongous(starts), HC=humongous(continues), CS=collection set, F=free, A=archive, TAMS=top-at-mark-start (previous, next)
|   0|0x0000000080000000, 0x0000000080100000, 0x0000000080100000|100%| O|  |TAMS 0x0000000080100000, 0x0000000080000000| Untracked 
|   1|0x0000000080100000, 0x0000000080200000, 0x0000000080200000|100%| O|  |TAMS 0x0000000080200000, 0x0000000080100000| Untracked 
|   2|0x0000000080200000, 0x0000000080300000, 0x0000000080300000|100%| O|  |TAMS 0x0000000080300000, 0x0000000080200000| Untracked 
|   3|0x0000000080300000, 0x0000000080400000, 0x0000000080400000|100%|HS|  |TAMS 0x0000000080400000, 0x0000000080300000| Complete 
|   4|0x0000000080400000, 0x0000000080500000, 0x0000000080500000|100%|HC|  |TAMS 0x0000000080500000, 0x0000000080400000| Complete 
|   5|0x0000000080500000, 0x0000000080600000, 0x0000000080600000|100%|HC|  |TAMS 0x0000000080600000, 0x0000000080500000| Complete 
|   6|0x0000000080600000, 0x0000000080700000, 0x0000000080700000|100%| O|  |TAMS 0x0000000080700000, 0x0000000080600000| Untracked 
|   7|0x0000000080700000, 0x0000000080800000, 0x0000000080800000|100%| O|  |TAMS 0x0000000080800000, 0x0000000080700000| Untracked 
|   8|0x0000000080800000, 0x0000000080900000, 0x0000000080900000|100%| O|  |TAMS 0x0000000080900000, 0x0000000080800000| Untracked 
|   9|0x0000000080900000, 0x0000000080a00000, 0x0000000080a00000|100%| O|  |TAMS 0x0000000080a00000, 0x0000000080900000| Untracked 
|  10|0x0000000080a00000, 0x0000000080b00000, 0x0000000080b00000|100%| O|  |TAMS 0x0000000080b00000, 0x0000000080a00000| Untracked 
|  11|0x0000000080b00000, 0x0000000080c00000, 0x0000000080c00000|100%| O|  |TAMS 0x0000000080c00000, 0x0000000080b00000| Untracked 
|  12|0x0000000080c00000, 0x0000000080d00000, 0x0000000080d00000|100%| O|  |TAMS 0x0000000080d00000, 0x0000000080c00000| Untracked 
|  13|0x0000000080d00000, 0x0000000080e00000, 0x0000000080e00000|100%| O|  |TAMS 0x0000000080e00000, 0x0000000080d00000| Untracked 
|  14|0x0000000080e00000, 0x0000000080f00000, 0x0000000080f00000|100%| O|  |TAMS 0x0000000080f00000, 0x0000000080e00000| Untracked 
|  15|0x0000000080f00000, 0x0000000081000000, 0x0000000081000000|100%| O|  |TAMS 0x0000000081000000, 0x0000000080f00000| Untracked 
|  16|0x0000000081000000, 0x0000000081100000, 0x0000000081100000|100%| O|  |TAMS 0x0000000081076e00, 0x0000000081000000| Untracked 
|  17|0x0000000081100000, 0x0000000081200000, 0x0000000081200000|100%|HS|  |TAMS 0x0000000081100000, 0x0000000081100000| Complete 
|  18|0x0000000081200000, 0x0000000081300000, 0x0000000081300000|100%| O|  |TAMS 0x0000000081200000, 0x0000000081200000| Untracked 
|  19|0x0000000081300000, 0x0000000081400000, 0x0000000081400000|100%| O|  |TAMS 0x0000000081300000, 0x0000000081300000| Untracked 
|  20|0x0000000081400000, 0x0000000081500000, 0x0000000081500000|100%| O|  |TAMS 0x0000000081400000, 0x0000000081400000| Untracked 
|  21|0x0000000081500000, 0x0000000081600000, 0x0000000081600000|100%| O|  |TAMS 0x0000000081500000, 0x0000000081500000| Untracked 
|  22|0x0000000081600000, 0x0000000081700000, 0x0000000081700000|100%| O|  |TAMS 0x0000000081600000, 0x0000000081600000| Untracked 
|  23|0x0000000081700000, 0x000000008176be00, 0x0000000081800000| 42%| O|  |TAMS 0x0000000081700000, 0x0000000081700000| Untracked 
|  24|0x0000000081800000, 0x0000000081900000, 0x0000000081900000|100%|HS|  |TAMS 0x0000000081800000, 0x0000000081800000| Complete 
|  25|0x0000000081900000, 0x0000000081a00000, 0x0000000081a00000|100%|HS|  |TAMS 0x0000000081900000, 0x0000000081900000| Complete 
|  26|0x0000000081a00000, 0x0000000081b00000, 0x0000000081b00000|100%|HS|  |TAMS 0x0000000081a00000, 0x0000000081a00000| Complete 
|  27|0x0000000081b00000, 0x0000000081c00000, 0x0000000081c00000|100%|HC|  |TAMS 0x0000000081b00000, 0x0000000081b00000| Complete 
|  28|0x0000000081c00000, 0x0000000081c00000, 0x0000000081d00000|  0%| F|  |TAMS 0x0000000081c00000, 0x0000000081c00000| Untracked 
|  29|0x0000000081d00000, 0x0000000081d00000, 0x0000000081e00000|  0%| F|  |TAMS 0x0000000081d00000, 0x0000000081d00000| Untracked 
|  30|0x0000000081e00000, 0x0000000081e00000, 0x0000000081f00000|  0%| F|  |TAMS 0x0000000081e00000, 0x0000000081e00000| Untracked 
|  31|0x0000000081f00000, 0x0000000081f00000, 0x0000000082000000|  0%| F|  |TAMS 0x0000000081f00000, 0x0000000081f00000| Untracked 
|  32|0x0000000082000000, 0x0000000082000000, 0x0000000082100000|  0%| F|  |TAMS 0x0000000082000000, 0x0000000082000000| Untracked 
|  33|0x0000000082100000, 0x0000000082100000, 0x0000000082200000|  0%| F|  |TAMS 0x0000000082100000, 0x0000000082100000| Untracked 
|  34|0x0000000082200000, 0x0000000082200000, 0x0000000082300000|  0%| F|  |TAMS 0x0000000082200000, 0x0000000082200000| Untracked 
|  35|0x0000000082300000, 0x0000000082300000, 0x0000000082400000|  0%| F|  |TAMS 0x0000000082300000, 0x0000000082300000| Untracked 
|  36|0x0000000082400000, 0x0000000082400000, 0x0000000082500000|  0%| F|  |TAMS 0x0000000082400000, 0x0000000082400000| Untracked 
|  37|0x0000000082500000, 0x0000000082500000, 0x0000000082600000|  0%| F|  |TAMS 0x0000000082500000, 0x0000000082500000| Untracked 
|  38|0x0000000082600000, 0x0000000082600000, 0x0000000082700000|  0%| F|  |TAMS 0x0000000082600000, 0x0000000082600000| Untracked 
|  39|0x0000000082700000, 0x0000000082700000, 0x0000000082800000|  0%| F|  |TAMS 0x0000000082700000, 0x0000000082700000| Untracked 
|  40|0x0000000082800000, 0x0000000082800000, 0x0000000082900000|  0%| F|  |TAMS 0x0000000082800000, 0x0000000082800000| Untracked 
|  41|0x0000000082900000, 0x0000000082900000, 0x0000000082a00000|  0%| F|  |TAMS 0x0000000082900000, 0x0000000082900000| Untracked 
|  42|0x0000000082a00000, 0x0000000082a00000, 0x0000000082b00000|  0%| F|  |TAMS 0x0000000082a00000, 0x0000000082a00000| Untracked 
|  43|0x0000000082b00000, 0x0000000082b00000, 0x0000000082c00000|  0%| F|  |TAMS 0x0000000082b00000, 0x0000000082b00000| Untracked 
|  44|0x0000000082c00000, 0x0000000082c00000, 0x0000000082d00000|  0%| F|  |TAMS 0x0000000082c00000, 0x0000000082c00000| Untracked 
|  45|0x0000000082d00000, 0x0000000082d00000, 0x0000000082e00000|  0%| F|  |TAMS 0x0000000082d00000, 0x0000000082d00000| Untracked 
|  46|0x0000000082e00000, 0x0000000082e00000, 0x0000000082f00000|  0%| F|  |TAMS 0x0000000082e00000, 0x0000000082e00000| Untracked 
|  47|0x0000000082f00000, 0x0000000082f00000, 0x0000000083000000|  0%| F|  |TAMS 0x0000000082f00000, 0x0000000082f00000| Untracked 
|  48|0x0000000083000000, 0x0000000083000000, 0x0000000083100000|  0%| F|  |TAMS 0x0000000083000000, 0x0000000083000000| Untracked 
|  49|0x0000000083100000, 0x0000000083100000, 0x0000000083200000|  0%| F|  |TAMS 0x0000000083100000, 0x0000000083100000| Untracked 
|  50|0x0000000083200000, 0x0000000083200000, 0x0000000083300000|  0%| F|  |TAMS 0x0000000083200000, 0x0000000083200000| Untracked 
|  51|0x0000000083300000, 0x0000000083300000, 0x0000000083400000|  0%| F|  |TAMS 0x0000000083300000, 0x0000000083300000| Untracked 
|  52|0x0000000083400000, 0x0000000083400000, 0x0000000083500000|  0%| F|  |TAMS 0x0000000083400000, 0x0000000083400000| Untracked 
|  53|0x0000000083500000, 0x0000000083500000, 0x0000000083600000|  0%| F|  |TAMS 0x0000000083500000, 0x0000000083500000| Untracked 
|  54|0x0000000083600000, 0x0000000083600000, 0x0000000083700000|  0%| F|  |TAMS 0x0000000083600000, 0x0000000083600000| Untracked 
|  55|0x0000000083700000, 0x0000000083700000, 0x0000000083800000|  0%| F|  |TAMS 0x0000000083700000, 0x0000000083700000| Untracked 
|  56|0x0000000083800000, 0x0000000083800000, 0x0000000083900000|  0%| F|  |TAMS 0x0000000083800000, 0x0000000083800000| Untracked 
|  57|0x0000000083900000, 0x0000000083900000, 0x0000000083a00000|  0%| F|  |TAMS 0x0000000083900000, 0x0000000083900000| Untracked 
|  58|0x0000000083a00000, 0x0000000083a00000, 0x0000000083b00000|  0%| F|  |TAMS 0x0000000083a00000, 0x0000000083a00000| Untracked 
|  59|0x0000000083b00000, 0x0000000083b00000, 0x0000000083c00000|  0%| F|  |TAMS 0x0000000083b00000, 0x0000000083b00000| Untracked 
|  60|0x0000000083c00000, 0x0000000083c00000, 0x0000000083d00000|  0%| F|  |TAMS 0x0000000083c00000, 0x0000000083c00000| Untracked 
|  61|0x0000000083d00000, 0x0000000083d00000, 0x0000000083e00000|  0%| F|  |TAMS 0x0000000083d00000, 0x0000000083d00000| Untracked 
|  62|0x0000000083e00000, 0x0000000083e00000, 0x0000000083f00000|  0%| F|  |TAMS 0x0000000083e00000, 0x0000000083e00000| Untracked 
|  63|0x0000000083f00000, 0x0000000083f00000, 0x0000000084000000|  0%| F|  |TAMS 0x0000000083f00000, 0x0000000083f00000| Untracked 
|  64|0x0000000084000000, 0x0000000084000000, 0x0000000084100000|  0%| F|  |TAMS 0x0000000084000000, 0x0000000084000000| Untracked 
|  65|0x0000000084100000, 0x0000000084100000, 0x0000000084200000|  0%| F|  |TAMS 0x0000000084100000, 0x0000000084100000| Untracked 
|  66|0x0000000084200000, 0x0000000084277c70, 0x0000000084300000| 46%| S|CS|TAMS 0x0000000084200000, 0x0000000084200000| Complete 
|  67|0x0000000084300000, 0x0000000084400000, 0x0000000084400000|100%| S|CS|TAMS 0x0000000084300000, 0x0000000084300000| Complete 
|  68|0x0000000084400000, 0x0000000084500000, 0x0000000084500000|100%| S|CS|TAMS 0x0000000084400000, 0x0000000084400000| Complete 
|  69|0x0000000084500000, 0x0000000084600000, 0x0000000084600000|100%| S|CS|TAMS 0x0000000084500000, 0x0000000084500000| Complete 
|  70|0x0000000084600000, 0x0000000084700000, 0x0000000084700000|100%| S|CS|TAMS 0x0000000084600000, 0x0000000084600000| Complete 
|  71|0x0000000084700000, 0x0000000084800000, 0x0000000084800000|100%| S|CS|TAMS 0x0000000084700000, 0x0000000084700000| Complete 
|  72|0x0000000084800000, 0x0000000084900000, 0x0000000084900000|100%| S|CS|TAMS 0x0000000084800000, 0x0000000084800000| Complete 
|  73|0x0000000084900000, 0x0000000084a00000, 0x0000000084a00000|100%| S|CS|TAMS 0x0000000084900000, 0x0000000084900000| Complete 
|  74|0x0000000084a00000, 0x0000000084b00000, 0x0000000084b00000|100%| S|CS|TAMS 0x0000000084a00000, 0x0000000084a00000| Complete 
|  75|0x0000000084b00000, 0x0000000084c00000, 0x0000000084c00000|100%| S|CS|TAMS 0x0000000084b00000, 0x0000000084b00000| Complete 
|  76|0x0000000084c00000, 0x0000000084c00000, 0x0000000084d00000|  0%| F|  |TAMS 0x0000000084c00000, 0x0000000084c00000| Untracked 
|  77|0x0000000084d00000, 0x0000000084d00000, 0x0000000084e00000|  0%| F|  |TAMS 0x0000000084d00000, 0x0000000084d00000| Untracked 
|  78|0x0000000084e00000, 0x0000000084e00000, 0x0000000084f00000|  0%| F|  |TAMS 0x0000000084e00000, 0x0000000084e00000| Untracked 
|  79|0x0000000084f00000, 0x0000000084f00000, 0x0000000085000000|  0%| F|  |TAMS 0x0000000084f00000, 0x0000000084f00000| Untracked 
|  80|0x0000000085000000, 0x0000000085000000, 0x0000000085100000|  0%| F|  |TAMS 0x0000000085000000, 0x0000000085000000| Untracked 
|  81|0x0000000085100000, 0x0000000085100000, 0x0000000085200000|  0%| F|  |TAMS 0x0000000085100000, 0x0000000085100000| Untracked 
|  82|0x0000000085200000, 0x0000000085200000, 0x0000000085300000|  0%| F|  |TAMS 0x0000000085200000, 0x0000000085200000| Untracked 
|  83|0x0000000085300000, 0x0000000085300000, 0x0000000085400000|  0%| F|  |TAMS 0x0000000085300000, 0x0000000085300000| Untracked 
|  84|0x0000000085400000, 0x0000000085400000, 0x0000000085500000|  0%| F|  |TAMS 0x0000000085400000, 0x0000000085400000| Untracked 
|  85|0x0000000085500000, 0x0000000085500000, 0x0000000085600000|  0%| F|  |TAMS 0x0000000085500000, 0x0000000085500000| Untracked 
|  86|0x0000000085600000, 0x0000000085600000, 0x0000000085700000|  0%| F|  |TAMS 0x0000000085600000, 0x0000000085600000| Untracked 
|  87|0x0000000085700000, 0x0000000085700000, 0x0000000085800000|  0%| F|  |TAMS 0x0000000085700000, 0x0000000085700000| Untracked 
|  88|0x0000000085800000, 0x0000000085800000, 0x0000000085900000|  0%| F|  |TAMS 0x0000000085800000, 0x0000000085800000| Untracked 
|  89|0x0000000085900000, 0x0000000085900000, 0x0000000085a00000|  0%| F|  |TAMS 0x0000000085900000, 0x0000000085900000| Untracked 
|  90|0x0000000085a00000, 0x0000000085a00000, 0x0000000085b00000|  0%| F|  |TAMS 0x0000000085a00000, 0x0000000085a00000| Untracked 
|  91|0x0000000085b00000, 0x0000000085b00000, 0x0000000085c00000|  0%| F|  |TAMS 0x0000000085b00000, 0x0000000085b00000| Untracked 
|  92|0x0000000085c00000, 0x0000000085c00000, 0x0000000085d00000|  0%| F|  |TAMS 0x0000000085c00000, 0x0000000085c00000| Untracked 
|  93|0x0000000085d00000, 0x0000000085d00000, 0x0000000085e00000|  0%| F|  |TAMS 0x0000000085d00000, 0x0000000085d00000| Untracked 
|  94|0x0000000085e00000, 0x0000000085e00000, 0x0000000085f00000|  0%| F|  |TAMS 0x0000000085e00000, 0x0000000085e00000| Untracked 
|  95|0x0000000085f00000, 0x0000000085f00000, 0x0000000086000000|  0%| F|  |TAMS 0x0000000085f00000, 0x0000000085f00000| Untracked 
|  96|0x0000000086000000, 0x0000000086000000, 0x0000000086100000|  0%| F|  |TAMS 0x0000000086000000, 0x0000000086000000| Untracked 
|  97|0x0000000086100000, 0x0000000086100000, 0x0000000086200000|  0%| F|  |TAMS 0x0000000086100000, 0x0000000086100000| Untracked 
|  98|0x0000000086200000, 0x0000000086200000, 0x0000000086300000|  0%| F|  |TAMS 0x0000000086200000, 0x0000000086200000| Untracked 
|  99|0x0000000086300000, 0x0000000086300000, 0x0000000086400000|  0%| F|  |TAMS 0x0000000086300000, 0x0000000086300000| Untracked 
| 100|0x0000000086400000, 0x0000000086400000, 0x0000000086500000|  0%| F|  |TAMS 0x0000000086400000, 0x0000000086400000| Untracked 
| 101|0x0000000086500000, 0x0000000086500000, 0x0000000086600000|  0%| F|  |TAMS 0x0000000086500000, 0x0000000086500000| Untracked 
| 102|0x0000000086600000, 0x0000000086600000, 0x0000000086700000|  0%| F|  |TAMS 0x0000000086600000, 0x0000000086600000| Untracked 
| 103|0x0000000086700000, 0x0000000086700000, 0x0000000086800000|  0%| F|  |TAMS 0x0000000086700000, 0x0000000086700000| Untracked 
| 104|0x0000000086800000, 0x0000000086800000, 0x0000000086900000|  0%| F|  |TAMS 0x0000000086800000, 0x0000000086800000| Untracked 
| 105|0x0000000086900000, 0x0000000086900000, 0x0000000086a00000|  0%| F|  |TAMS 0x0000000086900000, 0x0000000086900000| Untracked 
| 106|0x0000000086a00000, 0x0000000086a00000, 0x0000000086b00000|  0%| F|  |TAMS 0x0000000086a00000, 0x0000000086a00000| Untracked 
| 107|0x0000000086b00000, 0x0000000086b00000, 0x0000000086c00000|  0%| F|  |TAMS 0x0000000086b00000, 0x0000000086b00000| Untracked 
| 108|0x0000000086c00000, 0x0000000086c00000, 0x0000000086d00000|  0%| F|  |TAMS 0x0000000086c00000, 0x0000000086c00000| Untracked 
| 109|0x0000000086d00000, 0x0000000086d00000, 0x0000000086e00000|  0%| F|  |TAMS 0x0000000086d00000, 0x0000000086d00000| Untracked 
| 110|0x0000000086e00000, 0x0000000086e00000, 0x0000000086f00000|  0%| F|  |TAMS 0x0000000086e00000, 0x0000000086e00000| Untracked 
| 111|0x0000000086f00000, 0x0000000086f00000, 0x0000000087000000|  0%| F|  |TAMS 0x0000000086f00000, 0x0000000086f00000| Untracked 
| 112|0x0000000087000000, 0x0000000087000000, 0x0000000087100000|  0%| F|  |TAMS 0x0000000087000000, 0x0000000087000000| Untracked 
| 113|0x0000000087100000, 0x0000000087100000, 0x0000000087200000|  0%| F|  |TAMS 0x0000000087100000, 0x0000000087100000| Untracked 
| 114|0x0000000087200000, 0x0000000087200000, 0x0000000087300000|  0%| F|  |TAMS 0x0000000087200000, 0x0000000087200000| Untracked 
| 115|0x0000000087300000, 0x0000000087300000, 0x0000000087400000|  0%| F|  |TAMS 0x0000000087300000, 0x0000000087300000| Untracked 
| 116|0x0000000087400000, 0x0000000087400000, 0x0000000087500000|  0%| F|  |TAMS 0x0000000087400000, 0x0000000087400000| Untracked 
| 117|0x0000000087500000, 0x0000000087500000, 0x0000000087600000|  0%| F|  |TAMS 0x0000000087500000, 0x0000000087500000| Untracked 
| 118|0x0000000087600000, 0x0000000087600000, 0x0000000087700000|  0%| F|  |TAMS 0x0000000087600000, 0x0000000087600000| Untracked 
| 119|0x0000000087700000, 0x0000000087700000, 0x0000000087800000|  0%| F|  |TAMS 0x0000000087700000, 0x0000000087700000| Untracked 
| 120|0x0000000087800000, 0x0000000087800000, 0x0000000087900000|  0%| F|  |TAMS 0x0000000087800000, 0x0000000087800000| Untracked 
| 121|0x0000000087900000, 0x0000000087900000, 0x0000000087a00000|  0%| F|  |TAMS 0x0000000087900000, 0x0000000087900000| Untracked 
| 122|0x0000000087a00000, 0x0000000087b00000, 0x0000000087b00000|100%| E|  |TAMS 0x0000000087a00000, 0x0000000087a00000| Complete 
| 123|0x0000000087b00000, 0x0000000087c00000, 0x0000000087c00000|100%| E|CS|TAMS 0x0000000087b00000, 0x0000000087b00000| Complete 
| 124|0x0000000087c00000, 0x0000000087d00000, 0x0000000087d00000|100%| E|CS|TAMS 0x0000000087c00000, 0x0000000087c00000| Complete 
| 125|0x0000000087d00000, 0x0000000087e00000, 0x0000000087e00000|100%| E|CS|TAMS 0x0000000087d00000, 0x0000000087d00000| Complete 
| 126|0x0000000087e00000, 0x0000000087f00000, 0x0000000087f00000|100%| E|CS|TAMS 0x0000000087e00000, 0x0000000087e00000| Complete 
| 127|0x0000000087f00000, 0x0000000088000000, 0x0000000088000000|100%| E|CS|TAMS 0x0000000087f00000, 0x0000000087f00000| Complete 
| 128|0x0000000088000000, 0x0000000088100000, 0x0000000088100000|100%| E|CS|TAMS 0x0000000088000000, 0x0000000088000000| Complete 
| 129|0x0000000088100000, 0x0000000088200000, 0x0000000088200000|100%| E|CS|TAMS 0x0000000088100000, 0x0000000088100000| Complete 
| 130|0x0000000088200000, 0x0000000088300000, 0x0000000088300000|100%| E|CS|TAMS 0x0000000088200000, 0x0000000088200000| Complete 
| 131|0x0000000088300000, 0x0000000088400000, 0x0000000088400000|100%| E|CS|TAMS 0x0000000088300000, 0x0000000088300000| Complete 
| 132|0x0000000088400000, 0x0000000088500000, 0x0000000088500000|100%| E|CS|TAMS 0x0000000088400000, 0x0000000088400000| Complete 
| 133|0x0000000088500000, 0x0000000088600000, 0x0000000088600000|100%| E|CS|TAMS 0x0000000088500000, 0x0000000088500000| Complete 
| 134|0x0000000088600000, 0x0000000088700000, 0x0000000088700000|100%| E|CS|TAMS 0x0000000088600000, 0x0000000088600000| Complete 
| 135|0x0000000088700000, 0x0000000088800000, 0x0000000088800000|100%| E|CS|TAMS 0x0000000088700000, 0x0000000088700000| Complete 
| 136|0x0000000088800000, 0x0000000088900000, 0x0000000088900000|100%| E|CS|TAMS 0x0000000088800000, 0x0000000088800000| Complete 
| 137|0x0000000088900000, 0x0000000088a00000, 0x0000000088a00000|100%| E|CS|TAMS 0x0000000088900000, 0x0000000088900000| Complete 
| 138|0x0000000088a00000, 0x0000000088b00000, 0x0000000088b00000|100%| E|CS|TAMS 0x0000000088a00000, 0x0000000088a00000| Complete 
| 139|0x0000000088b00000, 0x0000000088c00000, 0x0000000088c00000|100%| E|CS|TAMS 0x0000000088b00000, 0x0000000088b00000| Complete 
| 140|0x0000000088c00000, 0x0000000088d00000, 0x0000000088d00000|100%| E|CS|TAMS 0x0000000088c00000, 0x0000000088c00000| Complete 
| 141|0x0000000088d00000, 0x0000000088e00000, 0x0000000088e00000|100%| E|CS|TAMS 0x0000000088d00000, 0x0000000088d00000| Complete 
| 142|0x0000000088e00000, 0x0000000088f00000, 0x0000000088f00000|100%| E|CS|TAMS 0x0000000088e00000, 0x0000000088e00000| Complete 
| 143|0x0000000088f00000, 0x0000000089000000, 0x0000000089000000|100%| E|CS|TAMS 0x0000000088f00000, 0x0000000088f00000| Complete 
| 144|0x0000000089000000, 0x0000000089100000, 0x0000000089100000|100%| E|CS|TAMS 0x0000000089000000, 0x0000000089000000| Complete 
| 145|0x0000000089100000, 0x0000000089200000, 0x0000000089200000|100%| E|CS|TAMS 0x0000000089100000, 0x0000000089100000| Complete 
| 146|0x0000000089200000, 0x0000000089300000, 0x0000000089300000|100%| E|CS|TAMS 0x0000000089200000, 0x0000000089200000| Complete 
| 147|0x0000000089300000, 0x0000000089400000, 0x0000000089400000|100%| E|CS|TAMS 0x0000000089300000, 0x0000000089300000| Complete 
| 148|0x0000000089400000, 0x0000000089500000, 0x0000000089500000|100%| E|CS|TAMS 0x0000000089400000, 0x0000000089400000| Complete 
| 149|0x0000000089500000, 0x0000000089600000, 0x0000000089600000|100%| E|CS|TAMS 0x0000000089500000, 0x0000000089500000| Complete 
| 150|0x0000000089600000, 0x0000000089700000, 0x0000000089700000|100%| E|CS|TAMS 0x0000000089600000, 0x0000000089600000| Complete 
| 151|0x0000000089700000, 0x0000000089800000, 0x0000000089800000|100%| E|CS|TAMS 0x0000000089700000, 0x0000000089700000| Complete 
| 152|0x0000000089800000, 0x0000000089900000, 0x0000000089900000|100%| E|CS|TAMS 0x0000000089800000, 0x0000000089800000| Complete 
| 153|0x0000000089900000, 0x0000000089a00000, 0x0000000089a00000|100%| E|CS|TAMS 0x0000000089900000, 0x0000000089900000| Complete 
| 154|0x0000000089a00000, 0x0000000089b00000, 0x0000000089b00000|100%| E|CS|TAMS 0x0000000089a00000, 0x0000000089a00000| Complete 
| 155|0x0000000089b00000, 0x0000000089c00000, 0x0000000089c00000|100%| E|CS|TAMS 0x0000000089b00000, 0x0000000089b00000| Complete 
| 156|0x0000000089c00000, 0x0000000089d00000, 0x0000000089d00000|100%| E|CS|TAMS 0x0000000089c00000, 0x0000000089c00000| Complete 
| 157|0x0000000089d00000, 0x0000000089e00000, 0x0000000089e00000|100%| E|CS|TAMS 0x0000000089d00000, 0x0000000089d00000| Complete 
| 158|0x0000000089e00000, 0x0000000089f00000, 0x0000000089f00000|100%| E|CS|TAMS 0x0000000089e00000, 0x0000000089e00000| Complete 
| 159|0x0000000089f00000, 0x000000008a000000, 0x000000008a000000|100%| E|CS|TAMS 0x0000000089f00000, 0x0000000089f00000| Complete 
| 160|0x000000008a000000, 0x000000008a100000, 0x000000008a100000|100%| E|CS|TAMS 0x000000008a000000, 0x000000008a000000| Complete 
| 161|0x000000008a100000, 0x000000008a200000, 0x000000008a200000|100%| E|CS|TAMS 0x000000008a100000, 0x000000008a100000| Complete 
| 162|0x000000008a200000, 0x000000008a300000, 0x000000008a300000|100%| E|CS|TAMS 0x000000008a200000, 0x000000008a200000| Complete 
| 163|0x000000008a300000, 0x000000008a400000, 0x000000008a400000|100%| E|CS|TAMS 0x000000008a300000, 0x000000008a300000| Complete 
| 164|0x000000008a400000, 0x000000008a500000, 0x000000008a500000|100%| E|CS|TAMS 0x000000008a400000, 0x000000008a400000| Complete 
| 165|0x000000008a500000, 0x000000008a600000, 0x000000008a600000|100%| E|CS|TAMS 0x000000008a500000, 0x000000008a500000| Complete 
| 166|0x000000008a600000, 0x000000008a700000, 0x000000008a700000|100%| E|CS|TAMS 0x000000008a600000, 0x000000008a600000| Complete 
| 167|0x000000008a700000, 0x000000008a800000, 0x000000008a800000|100%| E|CS|TAMS 0x000000008a700000, 0x000000008a700000| Complete 
| 168|0x000000008a800000, 0x000000008a900000, 0x000000008a900000|100%| E|CS|TAMS 0x000000008a800000, 0x000000008a800000| Complete 
| 169|0x000000008a900000, 0x000000008aa00000, 0x000000008aa00000|100%| E|CS|TAMS 0x000000008a900000, 0x000000008a900000| Complete 
| 170|0x000000008aa00000, 0x000000008ab00000, 0x000000008ab00000|100%| E|CS|TAMS 0x000000008aa00000, 0x000000008aa00000| Complete 
| 171|0x000000008ab00000, 0x000000008ac00000, 0x000000008ac00000|100%| E|CS|TAMS 0x000000008ab00000, 0x000000008ab00000| Complete 
| 172|0x000000008ac00000, 0x000000008ad00000, 0x000000008ad00000|100%| E|CS|TAMS 0x000000008ac00000, 0x000000008ac00000| Complete 
| 173|0x000000008ad00000, 0x000000008ae00000, 0x000000008ae00000|100%| E|CS|TAMS 0x000000008ad00000, 0x000000008ad00000| Complete 
| 174|0x000000008ae00000, 0x000000008af00000, 0x000000008af00000|100%| E|CS|TAMS 0x000000008ae00000, 0x000000008ae00000| Complete 
| 175|0x000000008af00000, 0x000000008b000000, 0x000000008b000000|100%| E|CS|TAMS 0x000000008af00000, 0x000000008af00000| Complete 
| 176|0x000000008b000000, 0x000000008b100000, 0x000000008b100000|100%| E|CS|TAMS 0x000000008b000000, 0x000000008b000000| Complete 
| 177|0x000000008b100000, 0x000000008b200000, 0x000000008b200000|100%| E|CS|TAMS 0x000000008b100000, 0x000000008b100000| Complete 
| 178|0x000000008b200000, 0x000000008b300000, 0x000000008b300000|100%| E|CS|TAMS 0x000000008b200000, 0x000000008b200000| Complete 
| 179|0x000000008b300000, 0x000000008b400000, 0x000000008b400000|100%| E|CS|TAMS 0x000000008b300000, 0x000000008b300000| Complete 
| 180|0x000000008b400000, 0x000000008b500000, 0x000000008b500000|100%| E|CS|TAMS 0x000000008b400000, 0x000000008b400000| Complete 
| 181|0x000000008b500000, 0x000000008b600000, 0x000000008b600000|100%| E|CS|TAMS 0x000000008b500000, 0x000000008b500000| Complete 
| 182|0x000000008b600000, 0x000000008b700000, 0x000000008b700000|100%| E|  |TAMS 0x000000008b600000, 0x000000008b600000| Complete 
| 183|0x000000008b700000, 0x000000008b800000, 0x000000008b800000|100%| E|CS|TAMS 0x000000008b700000, 0x000000008b700000| Complete 
| 184|0x000000008b800000, 0x000000008b900000, 0x000000008b900000|100%| E|CS|TAMS 0x000000008b800000, 0x000000008b800000| Complete 
| 185|0x000000008b900000, 0x000000008ba00000, 0x000000008ba00000|100%| E|CS|TAMS 0x000000008b900000, 0x000000008b900000| Complete 
| 186|0x000000008ba00000, 0x000000008bb00000, 0x000000008bb00000|100%| E|CS|TAMS 0x000000008ba00000, 0x000000008ba00000| Complete 
| 187|0x000000008bb00000, 0x000000008bc00000, 0x000000008bc00000|100%| E|CS|TAMS 0x000000008bb00000, 0x000000008bb00000| Complete 
| 188|0x000000008bc00000, 0x000000008bd00000, 0x000000008bd00000|100%| E|CS|TAMS 0x000000008bc00000, 0x000000008bc00000| Complete 
| 189|0x000000008bd00000, 0x000000008be00000, 0x000000008be00000|100%| E|CS|TAMS 0x000000008bd00000, 0x000000008bd00000| Complete 
| 190|0x000000008be00000, 0x000000008bf00000, 0x000000008bf00000|100%| E|CS|TAMS 0x000000008be00000, 0x000000008be00000| Complete 
| 191|0x000000008bf00000, 0x000000008c000000, 0x000000008c000000|100%| E|CS|TAMS 0x000000008bf00000, 0x000000008bf00000| Complete 

Card table byte_map: [0x000001afa6540000,0x000001afa6940000] _byte_map_base: 0x000001afa6140000

Marking Bits (Prev, Next): (CMBitMap*) 0x000001af8e41ffb8, (CMBitMap*) 0x000001af8e41fff0
 Prev Bits: [0x000001afa6d40000, 0x000001afa8d40000)
 Next Bits: [0x000001afa8d40000, 0x000001afaad40000)

Polling page: 0x000001af8cb20000

Metaspace:

Usage:
  Non-class:     47.80 MB capacity,    46.96 MB ( 98%) used,   712.70 KB (  1%) free+waste,   142.44 KB ( <1%) overhead. 
      Class:      7.22 MB capacity,     6.72 MB ( 93%) used,   446.80 KB (  6%) free+waste,    67.31 KB ( <1%) overhead. 
       Both:     55.02 MB capacity,    53.68 MB ( 98%) used,     1.13 MB (  2%) free+waste,   209.75 KB ( <1%) overhead. 

Virtual space:
  Non-class space:       48.00 MB reserved,      47.83 MB (>99%) committed 
      Class space:        1.00 GB reserved,       7.25 MB ( <1%) committed 
             Both:        1.05 GB reserved,      55.08 MB (  5%) committed 

Chunk freelists:
   Non-Class:  29.00 KB
       Class:  29.00 KB
        Both:  58.00 KB

MaxMetaspaceSize: 17179869184.00 GB
CompressedClassSpaceSize: 1.00 GB
Initial GC threshold: 20.80 MB
Current GC threshold: 58.88 MB
CDS: off

CodeHeap 'non-profiled nmethods': size=120064Kb used=2994Kb max_used=2994Kb free=117070Kb
 bounds [0x000001af9e5e0000, 0x000001af9e8d0000, 0x000001afa5b20000]
CodeHeap 'profiled nmethods': size=120000Kb used=11680Kb max_used=11680Kb free=108320Kb
 bounds [0x000001af970b0000, 0x000001af97c20000, 0x000001af9e5e0000]
CodeHeap 'non-nmethods': size=5696Kb used=2309Kb max_used=2348Kb free=3386Kb
 bounds [0x000001af96b20000, 0x000001af96d90000, 0x000001af970b0000]
 total_blobs=6447 nmethods=5635 adapters=724
 compilation: enabled
              stopped_count=0, restarted_count=0
 full_count=0

Compilation events (20 events):
Event: 13.692 Thread 0x000001afadccd800 5653       3       java.lang.AbstractStringBuilder::getBytes (44 bytes)
Event: 13.692 Thread 0x000001afadccd800 nmethod 5653 0x000001af97c14d10 code [0x000001af97c14ee0, 0x000001af97c151b8]
Event: 13.703 Thread 0x000001afadccd800 5656       1       com.google.common.collect.RegularImmutableList::internalArray (5 bytes)
Event: 13.703 Thread 0x000001afadccd800 nmethod 5656 0x000001af9e8c3c90 code [0x000001af9e8c3e40, 0x000001af9e8c3ef8]
Event: 13.703 Thread 0x000001afadccd800 5658       3       com.google.common.cache.LocalCache$LocalManualCache::getIfPresent (9 bytes)
Event: 13.703 Thread 0x000001afadccd800 nmethod 5658 0x000001af97c15290 code [0x000001af97c15440, 0x000001af97c15568]
Event: 13.703 Thread 0x000001afadccd800 5657       1       com.google.common.collect.RegularImmutableList::internalArrayStart (2 bytes)
Event: 13.704 Thread 0x000001afadccd800 nmethod 5657 0x000001af9e8c3f90 code [0x000001af9e8c4140, 0x000001af9e8c41f8]
Event: 13.704 Thread 0x000001afadccd800 5659       3       org.gradle.internal.event.DefaultListenerManager$EventBroadcast$ListenerDispatch::dispatch (9 bytes)
Event: 13.704 Thread 0x000001afadccd800 nmethod 5659 0x000001af97c15610 code [0x000001af97c157e0, 0x000001af97c15a08]
Event: 13.705 Thread 0x000001afadccd800 5660       3       org.gradle.internal.instantiation.generator.AbstractClassGenerator$InjectionAnnotationValidator::validateMethod (166 bytes)
Event: 13.707 Thread 0x000001afadccd800 nmethod 5660 0x000001af97c15b10 code [0x000001af97c15ea0, 0x000001af97c17528]
Event: 13.722 Thread 0x000001afadccd800 5661       1       org.gradle.internal.instantiation.generator.AbstractClassGenerator$MethodMetadata::getGenericReturnType (5 bytes)
Event: 13.722 Thread 0x000001afadccd800 nmethod 5661 0x000001af9e8c4290 code [0x000001af9e8c4440, 0x000001af9e8c44f8]
Event: 13.725 Thread 0x000001afadccd800 5662       3       org.gradle.api.internal.provider.AbstractMinimalProvider::<init> (5 bytes)
Event: 13.725 Thread 0x000001afadccd800 nmethod 5662 0x000001af97c17c10 code [0x000001af97c17dc0, 0x000001af97c17f18]
Event: 13.745 Thread 0x000001afadccc800 nmethod 5637 0x000001af9e8c4590 code [0x000001af9e8c49c0, 0x000001af9e8c7ac8]
Event: 13.746 Thread 0x000001afadccc800 5654       4       org.objectweb.asm.ByteVector::putUTF8 (144 bytes)
Event: 13.769 Thread 0x000001afadccc800 nmethod 5654 0x000001af9e8c9510 code [0x000001af9e8c96e0, 0x000001af9e8c9f58]
Event: 13.769 Thread 0x000001afadccc800 5650       4       java.util.WeakHashMap::put (162 bytes)

GC Heap History (18 events):
Event: 0.931 GC heap before
{Heap before GC invocations=0 (full 0):
 garbage-first heap   total 163840K, used 19456K [0x0000000080000000, 0x0000000100000000)
  region size 1024K, 14 young (14336K), 0 survivors (0K)
 Metaspace       used 6737K, capacity 6933K, committed 7168K, reserved 1056768K
  class space    used 570K, capacity 650K, committed 768K, reserved 1048576K
}
Event: 0.937 GC heap after
{Heap after GC invocations=1 (full 0):
 garbage-first heap   total 163840K, used 7896K [0x0000000080000000, 0x0000000100000000)
  region size 1024K, 2 young (2048K), 2 survivors (2048K)
 Metaspace       used 6737K, capacity 6933K, committed 7168K, reserved 1056768K
  class space    used 570K, capacity 650K, committed 768K, reserved 1048576K
}
Event: 1.580 GC heap before
{Heap before GC invocations=1 (full 0):
 garbage-first heap   total 163840K, used 19160K [0x0000000080000000, 0x0000000100000000)
  region size 1024K, 13 young (13312K), 2 survivors (2048K)
 Metaspace       used 10233K, capacity 10497K, committed 10624K, reserved 1058816K
  class space    used 1042K, capacity 1139K, committed 1152K, reserved 1048576K
}
Event: 1.588 GC heap after
{Heap after GC invocations=2 (full 0):
 garbage-first heap   total 163840K, used 9644K [0x0000000080000000, 0x0000000100000000)
  region size 1024K, 2 young (2048K), 2 survivors (2048K)
 Metaspace       used 10233K, capacity 10497K, committed 10624K, reserved 1058816K
  class space    used 1042K, capacity 1139K, committed 1152K, reserved 1048576K
}
Event: 2.666 GC heap before
{Heap before GC invocations=2 (full 0):
 garbage-first heap   total 163840K, used 38316K [0x0000000080000000, 0x0000000100000000)
  region size 1024K, 29 young (29696K), 2 survivors (2048K)
 Metaspace       used 11252K, capacity 11452K, committed 11520K, reserved 1058816K
  class space    used 1144K, capacity 1244K, committed 1280K, reserved 1048576K
}
Event: 2.673 GC heap after
{Heap after GC invocations=3 (full 0):
 garbage-first heap   total 163840K, used 13455K [0x0000000080000000, 0x0000000100000000)
  region size 1024K, 4 young (4096K), 4 survivors (4096K)
 Metaspace       used 11252K, capacity 11452K, committed 11520K, reserved 1058816K
  class space    used 1144K, capacity 1244K, committed 1280K, reserved 1048576K
}
Event: 5.027 GC heap before
{Heap before GC invocations=3 (full 0):
 garbage-first heap   total 163840K, used 53391K [0x0000000080000000, 0x0000000100000000)
  region size 1024K, 43 young (44032K), 4 survivors (4096K)
 Metaspace       used 17877K, capacity 18259K, committed 18432K, reserved 1064960K
  class space    used 2089K, capacity 2219K, committed 2304K, reserved 1048576K
}
Event: 5.037 GC heap after
{Heap after GC invocations=4 (full 0):
 garbage-first heap   total 163840K, used 16906K [0x0000000080000000, 0x0000000100000000)
  region size 1024K, 6 young (6144K), 6 survivors (6144K)
 Metaspace       used 17877K, capacity 18259K, committed 18432K, reserved 1064960K
  class space    used 2089K, capacity 2219K, committed 2304K, reserved 1048576K
}
Event: 5.466 GC heap before
{Heap before GC invocations=4 (full 0):
 garbage-first heap   total 163840K, used 39434K [0x0000000080000000, 0x0000000100000000)
  region size 1024K, 29 young (29696K), 6 survivors (6144K)
 Metaspace       used 20730K, capacity 21195K, committed 21296K, reserved 1069056K
  class space    used 2501K, capacity 2669K, committed 2688K, reserved 1048576K
}
Event: 5.475 GC heap after
{Heap after GC invocations=5 (full 0):
 garbage-first heap   total 163840K, used 17926K [0x0000000080000000, 0x0000000100000000)
  region size 1024K, 4 young (4096K), 4 survivors (4096K)
 Metaspace       used 20730K, capacity 21195K, committed 21296K, reserved 1069056K
  class space    used 2501K, capacity 2669K, committed 2688K, reserved 1048576K
}
Event: 6.475 GC heap before
{Heap before GC invocations=6 (full 0):
 garbage-first heap   total 163840K, used 71174K [0x0000000080000000, 0x0000000100000000)
  region size 1024K, 56 young (57344K), 4 survivors (4096K)
 Metaspace       used 26065K, capacity 26645K, committed 26800K, reserved 1073152K
  class space    used 3351K, capacity 3552K, committed 3584K, reserved 1048576K
}
Event: 6.488 GC heap after
{Heap after GC invocations=7 (full 0):
 garbage-first heap   total 163840K, used 20095K [0x0000000080000000, 0x0000000100000000)
  region size 1024K, 4 young (4096K), 4 survivors (4096K)
 Metaspace       used 26065K, capacity 26645K, committed 26800K, reserved 1073152K
  class space    used 3351K, capacity 3552K, committed 3584K, reserved 1048576K
}
Event: 7.999 GC heap before
{Heap before GC invocations=7 (full 0):
 garbage-first heap   total 163840K, used 79487K [0x0000000080000000, 0x0000000100000000)
  region size 1024K, 63 young (64512K), 4 survivors (4096K)
 Metaspace       used 35020K, capacity 35798K, committed 35920K, reserved 1081344K
  class space    used 4480K, capacity 4799K, committed 4864K, reserved 1048576K
}
Event: 8.019 GC heap after
{Heap after GC invocations=8 (full 0):
 garbage-first heap   total 163840K, used 23293K [0x0000000080000000, 0x0000000100000000)
  region size 1024K, 7 young (7168K), 7 survivors (7168K)
 Metaspace       used 35020K, capacity 35798K, committed 35920K, reserved 1081344K
  class space    used 4480K, capacity 4799K, committed 4864K, reserved 1048576K
}
Event: 10.047 GC heap before
{Heap before GC invocations=9 (full 0):
 garbage-first heap   total 163840K, used 116477K [0x0000000080000000, 0x0000000100000000)
  region size 1024K, 96 young (98304K), 7 survivors (7168K)
 Metaspace       used 41839K, capacity 42968K, committed 43216K, reserved 1087488K
  class space    used 5321K, capacity 5726K, committed 5760K, reserved 1048576K
}
Event: 10.076 GC heap after
{Heap after GC invocations=10 (full 0):
 garbage-first heap   total 163840K, used 29315K [0x0000000080000000, 0x0000000100000000)
  region size 1024K, 12 young (12288K), 12 survivors (12288K)
 Metaspace       used 41839K, capacity 42968K, committed 43216K, reserved 1087488K
  class space    used 5321K, capacity 5726K, committed 5760K, reserved 1048576K
}
Event: 12.025 GC heap before
{Heap before GC invocations=10 (full 0):
 garbage-first heap   total 163840K, used 115331K [0x0000000080000000, 0x0000000100000000)
  region size 1024K, 96 young (98304K), 12 survivors (12288K)
 Metaspace       used 47629K, capacity 48898K, committed 49104K, reserved 1091584K
  class space    used 5990K, capacity 6420K, committed 6528K, reserved 1048576K
}
Event: 12.053 GC heap after
{Heap after GC invocations=11 (full 0):
 garbage-first heap   total 196608K, used 32654K [0x0000000080000000, 0x0000000100000000)
  region size 1024K, 10 young (10240K), 10 survivors (10240K)
 Metaspace       used 47629K, capacity 48898K, committed 49104K, reserved 1091584K
  class space    used 5990K, capacity 6420K, committed 6528K, reserved 1048576K
}

Deoptimization events (20 events):
Event: 13.481 Thread 0x000001afb0008000 DEOPT PACKING pc=0x000001af9734f397 sp=0x00000077374f6530
Event: 13.481 Thread 0x000001afb0008000 DEOPT UNPACKING pc=0x000001af96b6a95e sp=0x00000077374f5ab8 mode 0
Event: 13.487 Thread 0x000001afb0008000 DEOPT PACKING pc=0x000001af9734f397 sp=0x00000077374f6340
Event: 13.487 Thread 0x000001afb0008000 DEOPT UNPACKING pc=0x000001af96b6a95e sp=0x00000077374f58c8 mode 0
Event: 13.496 Thread 0x000001afb0008000 DEOPT PACKING pc=0x000001af9734f397 sp=0x00000077374f6340
Event: 13.496 Thread 0x000001afb0008000 DEOPT UNPACKING pc=0x000001af96b6a95e sp=0x00000077374f58c8 mode 0
Event: 13.502 Thread 0x000001afb0008000 DEOPT PACKING pc=0x000001af9734f397 sp=0x00000077374f6530
Event: 13.502 Thread 0x000001afb0008000 DEOPT UNPACKING pc=0x000001af96b6a95e sp=0x00000077374f5ab8 mode 0
Event: 13.505 Thread 0x000001afb0008000 DEOPT PACKING pc=0x000001af9734f397 sp=0x00000077374f6350
Event: 13.505 Thread 0x000001afb0008000 DEOPT UNPACKING pc=0x000001af96b6a95e sp=0x00000077374f58d8 mode 0
Event: 13.507 Thread 0x000001afb0008000 DEOPT PACKING pc=0x000001af9734f397 sp=0x00000077374f6350
Event: 13.507 Thread 0x000001afb0008000 DEOPT UNPACKING pc=0x000001af96b6a95e sp=0x00000077374f58d8 mode 0
Event: 13.510 Thread 0x000001afb0008000 DEOPT PACKING pc=0x000001af9734f397 sp=0x00000077374f6350
Event: 13.510 Thread 0x000001afb0008000 DEOPT UNPACKING pc=0x000001af96b6a95e sp=0x00000077374f58d8 mode 0
Event: 13.512 Thread 0x000001afb0008000 DEOPT PACKING pc=0x000001af9734f397 sp=0x00000077374f6350
Event: 13.512 Thread 0x000001afb0008000 DEOPT UNPACKING pc=0x000001af96b6a95e sp=0x00000077374f58d8 mode 0
Event: 13.691 Thread 0x000001afb0008000 Uncommon trap: trap_request=0xffffff4d fr.pc=0x000001af9e89d908 relative=0x0000000000000328
Event: 13.691 Thread 0x000001afb0008000 Uncommon trap: reason=unstable_if action=reinterpret pc=0x000001af9e89d908 method=org.gradle.internal.instantiation.generator.AbstractClassGenerator$InjectionAnnotationValidator.validateMethod(Ljava/lang/reflect/Method;Lorg/gradle/internal/reflect/Propert
Event: 13.691 Thread 0x000001afb0008000 DEOPT PACKING pc=0x000001af9e89d908 sp=0x00000077374f7910
Event: 13.691 Thread 0x000001afb0008000 DEOPT UNPACKING pc=0x000001af96b6a1af sp=0x00000077374f78d8 mode 2

Classes redefined (0 events):
No events

Internal exceptions (20 events):
Event: 12.541 Thread 0x000001afb0008000 Exception <a 'java/lang/ClassNotFoundException'{0x000000008ab044f8}: org/gradle/api/tasks/Delete_DecoratedCustomizer> (0x000000008ab044f8) thrown at [./src/hotspot/share/classfile/systemDictionary.cpp, line 230]
Event: 12.581 Thread 0x000001afb0008000 Exception <a 'java/lang/NoSuchMethodError'{0x000000008aa1cd90}: 'long java.lang.invoke.DirectMethodHandle$Holder.invokeVirtual(java.lang.Object, java.lang.Object)'> (0x000000008aa1cd90) thrown at [./src/hotspot/share/interpreter/linkResolver.cpp, line 773]
Event: 12.588 Thread 0x000001afb010f800 Exception <a 'java/lang/NoSuchMethodError'{0x000000008bf091b8}: <clinit>> (0x000000008bf091b8) thrown at [./src/hotspot/share/prims/jni.cpp, line 1366]
Event: 12.601 Thread 0x000001afb010f800 Exception <a 'java/lang/NoSuchMethodError'{0x000000008aac65e0}: <clinit>> (0x000000008aac65e0) thrown at [./src/hotspot/share/prims/jni.cpp, line 1366]
Event: 12.601 Thread 0x000001afb010f800 Exception <a 'java/lang/NoSuchMethodError'{0x000000008aac76f0}: <clinit>> (0x000000008aac76f0) thrown at [./src/hotspot/share/prims/jni.cpp, line 1366]
Event: 12.604 Thread 0x000001afb010f800 Exception <a 'java/lang/NoSuchMethodError'{0x000000008aac89f8}: <clinit>> (0x000000008aac89f8) thrown at [./src/hotspot/share/prims/jni.cpp, line 1366]
Event: 12.604 Thread 0x000001afb010f800 Exception <a 'java/lang/NoSuchMethodError'{0x000000008aac9a18}: <clinit>> (0x000000008aac9a18) thrown at [./src/hotspot/share/prims/jni.cpp, line 1366]
Event: 12.607 Thread 0x000001afb010f800 Exception <a 'java/lang/NoSuchMethodError'{0x000000008aadbd60}: <clinit>> (0x000000008aadbd60) thrown at [./src/hotspot/share/prims/jni.cpp, line 1366]
Event: 12.609 Thread 0x000001afb010f800 Exception <a 'java/lang/NoSuchMethodError'{0x000000008aae6088}: <clinit>> (0x000000008aae6088) thrown at [./src/hotspot/share/prims/jni.cpp, line 1366]
Event: 12.614 Thread 0x000001afb010f800 Exception <a 'java/lang/NoSuchMethodError'{0x000000008aaf9a88}: <clinit>> (0x000000008aaf9a88) thrown at [./src/hotspot/share/prims/jni.cpp, line 1366]
Event: 12.630 Thread 0x000001afb0008000 Exception <a 'java/lang/ClassNotFoundException'{0x000000008a9ab618}: build_7w2y2khbuiq3syfxea984jt0aBeanInfo> (0x000000008a9ab618) thrown at [./src/hotspot/share/classfile/systemDictionary.cpp, line 230]
Event: 12.630 Thread 0x000001afb0008000 Exception <a 'java/lang/ClassNotFoundException'{0x000000008a9b65d0}: build_7w2y2khbuiq3syfxea984jt0aCustomizer> (0x000000008a9b65d0) thrown at [./src/hotspot/share/classfile/systemDictionary.cpp, line 230]
Event: 12.667 Thread 0x000001afb0008000 Exception <a 'java/lang/ClassNotFoundException'{0x000000008a73f940}: org/gradle/api/internal/plugins/DefaultObjectConfigurationActionBeanInfo> (0x000000008a73f940) thrown at [./src/hotspot/share/classfile/systemDictionary.cpp, line 230]
Event: 12.670 Thread 0x000001afb0008000 Exception <a 'java/lang/ClassNotFoundException'{0x000000008a774a30}: org/gradle/api/internal/plugins/DefaultObjectConfigurationActionCustomizer> (0x000000008a774a30) thrown at [./src/hotspot/share/classfile/systemDictionary.cpp, line 230]
Event: 12.894 Thread 0x000001afb0008000 Exception <a 'java/lang/NoSuchMethodError'{0x0000000089dea188}: 'java.lang.Object java.lang.invoke.DirectMethodHandle$Holder.invokeStatic(java.lang.Object, java.lang.Object, java.lang.Object, java.lang.Object, int)'> (0x0000000089dea188) thrown at [./src/hotspot/share/interpreter/linkResolver.cpp, line 773]
Event: 12.895 Thread 0x000001afb0008000 Exception <a 'java/lang/NoSuchMethodError'{0x0000000089deeb80}: 'java.lang.Object java.lang.invoke.DirectMethodHandle$Holder.invokeSpecial(java.lang.Object, java.lang.Object, java.lang.Object, java.lang.Object, java.lang.Object, int)'> (0x0000000089deeb80) thrown at [./src/hotspot/share/interpreter/linkResolver.cpp, line 773]
Event: 12.895 Thread 0x000001afb0008000 Exception <a 'java/lang/NoSuchMethodError'{0x0000000089df31c0}: 'java.lang.Object java.lang.invoke.Invokers$Holder.linkToTargetMethod(java.lang.Object, java.lang.Object, java.lang.Object, int, java.lang.Object)'> (0x0000000089df31c0) thrown at [./src/hotspot/share/interpreter/linkResolver.cpp, line 773]
Event: 13.249 Thread 0x000001afb0008000 Exception <a 'java/lang/NoSuchMethodError'{0x0000000088d47940}: 'java.lang.Object java.lang.invoke.DirectMethodHandle$Holder.invokeSpecial(java.lang.Object, java.lang.Object, int, int, java.lang.Object, java.lang.Object, java.lang.Object)'> (0x0000000088d47940) thrown at [./src/hotspot/share/interpreter/linkResolver.cpp, line 773]
Event: 13.249 Thread 0x000001afb0008000 Exception <a 'java/lang/NoSuchMethodError'{0x0000000088d4bec0}: 'java.lang.Object java.lang.invoke.DelegatingMethodHandle$Holder.reinvoke_L(java.lang.Object, int, int, java.lang.Object, java.lang.Object, java.lang.Object)'> (0x0000000088d4bec0) thrown at [./src/hotspot/share/interpreter/linkResolver.cpp, line 773]
Event: 13.643 Thread 0x000001afb0008000 Exception <a 'java/lang/NoSuchMethodError'{0x00000000881f0028}: 'int java.lang.invoke.DirectMethodHandle$Holder.invokeInterface(java.lang.Object, java.lang.Object, java.lang.Object, java.lang.Object)'> (0x00000000881f0028) thrown at [./src/hotspot/share/interpreter/linkResolver.cpp, line 773]

Events (20 events):
Event: 13.771 loading class com/google/protobuf/AbstractMessage$BuilderParent
Event: 13.771 loading class com/google/protobuf/AbstractMessage$BuilderParent done
Event: 13.772 loading class com/google/protobuf/LazyStringList
Event: 13.772 loading class com/google/protobuf/LazyStringList done
Event: 13.772 loading class com/google/protobuf/ProtocolStringList
Event: 13.772 loading class com/google/protobuf/ProtocolStringList done
Event: 13.773 loading class com/google/protobuf/Parser
Event: 13.773 loading class com/google/protobuf/Parser done
Event: 13.775 loading class com/google/wireless/android/sdk/stats/InstantRunStatusOrBuilder
Event: 13.775 loading class com/google/wireless/android/sdk/stats/InstantRunStatusOrBuilder done
Event: 13.776 loading class com/google/protobuf/UnknownFieldSet
Event: 13.776 loading class com/google/protobuf/UnknownFieldSet done
Event: 13.777 loading class com/google/protobuf/UnknownFieldSet$Parser
Event: 13.777 loading class com/google/protobuf/UnknownFieldSet$Parser done
Event: 13.777 loading class com/google/protobuf/AbstractParser
Event: 13.777 loading class com/google/protobuf/AbstractParser done
Event: 13.779 loading class com/google/protobuf/AbstractMessageLite$Builder$LimitedInputStream
Event: 13.779 loading class com/google/protobuf/AbstractMessageLite$Builder$LimitedInputStream done
Event: 13.780 loading class com/google/protobuf/ExtensionRegistryLite
Event: 13.780 loading class com/google/protobuf/ExtensionRegistryLite done


Dynamic libraries:
0x00007ff79a430000 - 0x00007ff79a43d000 	C:\Users\muham\.jdks\temurin-11.0.14.1\bin\java.exe
0x00007ffba8430000 - 0x00007ffba8625000 	C:\WINDOWS\SYSTEM32\ntdll.dll
0x00007ffba8330000 - 0x00007ffba83ee000 	C:\WINDOWS\System32\KERNEL32.DLL
0x00007ffba5e00000 - 0x00007ffba60c8000 	C:\WINDOWS\System32\KERNELBASE.dll
0x00007ffba6380000 - 0x00007ffba6480000 	C:\WINDOWS\System32\ucrtbase.dll
0x00007ffb992c0000 - 0x00007ffb992d5000 	C:\Users\muham\.jdks\temurin-11.0.14.1\bin\VCRUNTIME140.dll
0x00007ffb968c0000 - 0x00007ffb968d7000 	C:\Users\muham\.jdks\temurin-11.0.14.1\bin\jli.dll
0x00007ffba6c20000 - 0x00007ffba6dc0000 	C:\WINDOWS\System32\USER32.dll
0x00007ffb94870000 - 0x00007ffb94b0a000 	C:\WINDOWS\WinSxS\amd64_microsoft.windows.common-controls_6595b64144ccf1df_6.0.19041.1110_none_60b5254171f9507e\COMCTL32.dll
0x00007ffba6120000 - 0x00007ffba6142000 	C:\WINDOWS\System32\win32u.dll
0x00007ffba7a20000 - 0x00007ffba7abe000 	C:\WINDOWS\System32\msvcrt.dll
0x00007ffba7ac0000 - 0x00007ffba7aeb000 	C:\WINDOWS\System32\GDI32.dll
0x00007ffba5bb0000 - 0x00007ffba5cbd000 	C:\WINDOWS\System32\gdi32full.dll
0x00007ffba6150000 - 0x00007ffba61ed000 	C:\WINDOWS\System32\msvcp_win.dll
0x00007ffba7c30000 - 0x00007ffba7c60000 	C:\WINDOWS\System32\IMM32.DLL
0x00007ffb65ab0000 - 0x00007ffb65b4b000 	C:\Users\muham\.jdks\temurin-11.0.14.1\bin\msvcp140.dll
0x00007ffb60e60000 - 0x00007ffb619e1000 	C:\Users\muham\.jdks\temurin-11.0.14.1\bin\server\jvm.dll
0x00007ffba6530000 - 0x00007ffba65de000 	C:\WINDOWS\System32\ADVAPI32.dll
0x00007ffba6b20000 - 0x00007ffba6bbc000 	C:\WINDOWS\System32\sechost.dll
0x00007ffba71a0000 - 0x00007ffba72c5000 	C:\WINDOWS\System32\RPCRT4.dll
0x00007ffba7af0000 - 0x00007ffba7af8000 	C:\WINDOWS\System32\PSAPI.DLL
0x00007ffba3b00000 - 0x00007ffba3b09000 	C:\WINDOWS\SYSTEM32\WSOCK32.dll
0x00007ffba70c0000 - 0x00007ffba712b000 	C:\WINDOWS\System32\WS2_32.dll
0x00007ffb98ba0000 - 0x00007ffb98bc7000 	C:\WINDOWS\SYSTEM32\WINMM.dll
0x00007ffb9d620000 - 0x00007ffb9d62a000 	C:\WINDOWS\SYSTEM32\VERSION.dll
0x00007ffba3c10000 - 0x00007ffba3c22000 	C:\WINDOWS\SYSTEM32\kernel.appcore.dll
0x00007ffb984f0000 - 0x00007ffb98500000 	C:\Users\muham\.jdks\temurin-11.0.14.1\bin\verify.dll
0x00007ffba38f0000 - 0x00007ffba3ad4000 	C:\WINDOWS\SYSTEM32\DBGHELP.DLL
0x00007ffb88110000 - 0x00007ffb8813c000 	C:\WINDOWS\SYSTEM32\dbgcore.DLL
0x00007ffba5d70000 - 0x00007ffba5df2000 	C:\WINDOWS\System32\bcryptPrimitives.dll
0x00007ffb79990000 - 0x00007ffb799b8000 	C:\Users\muham\.jdks\temurin-11.0.14.1\bin\java.dll
0x00007ffb98390000 - 0x00007ffb9839a000 	C:\Users\muham\.jdks\temurin-11.0.14.1\bin\jimage.dll
0x00007ffb94b10000 - 0x00007ffb94b28000 	C:\Users\muham\.jdks\temurin-11.0.14.1\bin\zip.dll
0x00007ffba72d0000 - 0x00007ffba7a14000 	C:\WINDOWS\System32\SHELL32.dll
0x00007ffba3c30000 - 0x00007ffba43c4000 	C:\WINDOWS\SYSTEM32\windows.storage.dll
0x00007ffba6740000 - 0x00007ffba6a95000 	C:\WINDOWS\System32\combase.dll
0x00007ffba5590000 - 0x00007ffba55be000 	C:\WINDOWS\SYSTEM32\Wldp.dll
0x00007ffba6480000 - 0x00007ffba652d000 	C:\WINDOWS\System32\SHCORE.dll
0x00007ffba80e0000 - 0x00007ffba8135000 	C:\WINDOWS\System32\shlwapi.dll
0x00007ffba5a80000 - 0x00007ffba5a9f000 	C:\WINDOWS\SYSTEM32\profapi.dll
0x00007ffb80430000 - 0x00007ffb80449000 	C:\Users\muham\.jdks\temurin-11.0.14.1\bin\net.dll
0x00007ffb981c0000 - 0x00007ffb982cc000 	C:\WINDOWS\SYSTEM32\WINHTTP.dll
0x00007ffba52f0000 - 0x00007ffba535a000 	C:\WINDOWS\system32\mswsock.dll
0x00007ffb7c150000 - 0x00007ffb7c163000 	C:\Users\muham\.jdks\temurin-11.0.14.1\bin\nio.dll
0x00007ffb799c0000 - 0x00007ffb799e7000 	C:\Users\muham\.gradle\native\e1d6ef7f7dcc3fd88c89a11ec53ec762bb8ba0a96d01ffa2cd45eb1d1d8dd5c5\windows-amd64\native-platform.dll
0x00007ffb65960000 - 0x00007ffb65aa4000 	C:\Users\muham\.gradle\native\5664cfc778a61ccfe75a443a1ab52a65af34e5dc3c78e0209fed803814484fcb\windows-amd64\native-platform-file-events.dll
0x00007ffb97340000 - 0x00007ffb97349000 	C:\Users\muham\.jdks\temurin-11.0.14.1\bin\management.dll
0x00007ffb972a0000 - 0x00007ffb972ab000 	C:\Users\muham\.jdks\temurin-11.0.14.1\bin\management_ext.dll
0x00007ffba54e0000 - 0x00007ffba54f8000 	C:\WINDOWS\SYSTEM32\CRYPTSP.dll
0x00007ffba4c00000 - 0x00007ffba4c34000 	C:\WINDOWS\system32\rsaenh.dll
0x00007ffba6350000 - 0x00007ffba6377000 	C:\WINDOWS\System32\bcrypt.dll
0x00007ffba5a00000 - 0x00007ffba5a2e000 	C:\WINDOWS\SYSTEM32\USERENV.dll
0x00007ffba5500000 - 0x00007ffba550c000 	C:\WINDOWS\SYSTEM32\CRYPTBASE.dll
0x00007ffba4f90000 - 0x00007ffba4fcb000 	C:\WINDOWS\SYSTEM32\IPHLPAPI.DLL
0x00007ffba7190000 - 0x00007ffba7198000 	C:\WINDOWS\System32\NSI.dll
0x00007ffb9a910000 - 0x00007ffb9a927000 	C:\WINDOWS\SYSTEM32\dhcpcsvc6.DLL
0x00007ffb9aa20000 - 0x00007ffb9aa3d000 	C:\WINDOWS\SYSTEM32\dhcpcsvc.DLL
0x00007ffba4fe0000 - 0x00007ffba50ab000 	C:\WINDOWS\SYSTEM32\DNSAPI.dll

dbghelp: loaded successfully - version: 4.0.5 - missing functions: none
symbol engine: initialized successfully - sym options: 0x614 - pdb path: .;C:\Users\muham\.jdks\temurin-11.0.14.1\bin;C:\WINDOWS\SYSTEM32;C:\WINDOWS\WinSxS\amd64_microsoft.windows.common-controls_6595b64144ccf1df_6.0.19041.1110_none_60b5254171f9507e;C:\Users\muham\.jdks\temurin-11.0.14.1\bin\server;C:\Users\muham\.gradle\native\e1d6ef7f7dcc3fd88c89a11ec53ec762bb8ba0a96d01ffa2cd45eb1d1d8dd5c5\windows-amd64;C:\Users\muham\.gradle\native\5664cfc778a61ccfe75a443a1ab52a65af34e5dc3c78e0209fed803814484fcb\windows-amd64

VM Arguments:
jvm_args: --add-opens=java.base/java.util=ALL-UNNAMED --add-opens=java.base/java.lang=ALL-UNNAMED --add-opens=java.base/java.lang.invoke=ALL-UNNAMED --add-opens=java.base/java.util=ALL-UNNAMED --add-opens=java.prefs/java.util.prefs=ALL-UNNAMED --add-opens=java.prefs/java.util.prefs=ALL-UNNAMED --add-opens=java.base/java.nio.charset=ALL-UNNAMED --add-opens=java.base/java.net=ALL-UNNAMED --add-opens=java.base/java.util.concurrent.atomic=ALL-UNNAMED -Xmx2048m -Dfile.encoding=UTF-8 -Duser.country=ID -Duser.language=en -Duser.variant 
java_command: org.gradle.launcher.daemon.bootstrap.GradleDaemon 7.2
java_class_path (initial): C:\Users\muham\.gradle\wrapper\dists\gradle-7.2-bin\2dnblmf4td7x66yl1d74lt32g\gradle-7.2\lib\gradle-launcher-7.2.jar
Launcher Type: SUN_STANDARD

[Global flags]
     intx CICompilerCount                          = 3                                         {product} {ergonomic}
     uint ConcGCThreads                            = 1                                         {product} {ergonomic}
     uint G1ConcRefinementThreads                  = 4                                         {product} {ergonomic}
   size_t G1HeapRegionSize                         = 1048576                                   {product} {ergonomic}
    uintx GCDrainStackTargetSize                   = 64                                        {product} {ergonomic}
   size_t InitialHeapSize                          = 167772160                                 {product} {ergonomic}
   size_t MarkStackSize                            = 4194304                                   {product} {ergonomic}
   size_t MaxHeapSize                              = 2147483648                                {product} {command line}
   size_t MaxNewSize                               = 1287651328                                {product} {ergonomic}
   size_t MinHeapDeltaBytes                        = 1048576                                   {product} {ergonomic}
    uintx NonNMethodCodeHeapSize                   = 5830732                                {pd product} {ergonomic}
    uintx NonProfiledCodeHeapSize                  = 122913754                              {pd product} {ergonomic}
    uintx ProfiledCodeHeapSize                     = 122913754                              {pd product} {ergonomic}
    uintx ReservedCodeCacheSize                    = 251658240                              {pd product} {ergonomic}
     bool SegmentedCodeCache                       = true                                      {product} {ergonomic}
     bool UseCompressedClassPointers               = true                                 {lp64_product} {ergonomic}
     bool UseCompressedOops                        = true                                 {lp64_product} {ergonomic}
     bool UseG1GC                                  = true                                      {product} {ergonomic}
     bool UseLargePagesIndividualAllocation        = false                                  {pd product} {ergonomic}

Logging:
Log output configuration:
 #0: stdout all=warning uptime,level,tags
 #1: stderr all=off uptime,level,tags

Environment Variables:
JAVA_HOME=C:\Program Files\Java\jdk1.8.0_111
PATH=C:\ProgramData\Oracle\Java\javapath;C:\Windows\system32;C:\Windows;C:\Windows\System32\Wbem;C:\Windows\System32\WindowsPowerShell\v1.0\;C:\Windows\System32\OpenSSH\;C:\Program Files (x86)\NVIDIA Corporation\PhysX\Common;C:\Program Files\NVIDIA Corporation\NVIDIA NvDLISR;C:\Program Files\Java\jdk1.8.0_111;C:\Program Files\Java\jdk1.8.0_111\bin;C:\WINDOWS\system32;C:\WINDOWS;C:\WINDOWS\System32\Wbem;C:\WINDOWS\System32\WindowsPowerShell\v1.0\;C:\WINDOWS\System32\OpenSSH\;C:\Program Files\nodejs\;C:\xampp\php\;C:\Program Files\Git\cmd;C:\Users\muham\AppData\Local\Microsoft\WindowsApps;C:\Users\muham\AppData\Local\Programs\Microsoft VS Code\bin;flutter\bin;C:\Users\muham\AppData\Roaming\npm;
USERNAME=muham
OS=Windows_NT
PROCESSOR_IDENTIFIER=Intel64 Family 6 Model 61 Stepping 4, GenuineIntel



---------------  S Y S T E M  ---------------

OS: Windows 10 , 64 bit Build 19041 (10.0.19041.1503)
OS uptime: 2 days 23:27 hours

CPU:total 4 (initial active 4) (2 cores per cpu, 2 threads per core) family 6 model 61 stepping 4 microcode 0x2d, cmov, cx8, fxsr, mmx, sse, sse2, sse3, ssse3, sse4.1, sse4.2, popcnt, avx, avx2, aes, clmul, erms, 3dnowpref, lzcnt, ht, tsc, tscinvbit, bmi1, bmi2, adx, fma

Memory: 4k page, system-wide physical 10139M (3359M free)
TotalPageFile size 11163M (AvailPageFile size 5M)
current process WorkingSet (physical memory assigned to process): 353M, peak: 353M
current process commit charge ("private bytes"): 416M, peak: 416M

vm_info: OpenJDK 64-Bit Server VM (11.0.14.1+1) for windows-amd64 JRE (11.0.14.1+1), built on Feb  9 2022 01:48:27 by "" with unknown MS VC++:1916

END.
