#
# There is insufficient memory for the Java Runtime Environment to continue.
# Native memory allocation (mmap) failed to map 40894464 bytes for Failed to commit area from 0x000000008c000000 to 0x000000008e700000 of length 40894464.
# Possible reasons:
#   The system is out of physical RAM or swap space
#   The process is running with CompressedOops enabled, and the Java Heap may be blocking the growth of the native heap
# Possible solutions:
#   Reduce memory load on the system
#   Increase physical memory or swap space
#   Check if swap backing store is full
#   Decrease Java heap size (-Xmx/-Xms)
#   Decrease number of Java threads
#   Decrease Java thread stack sizes (-Xss)
#   Set larger code cache with -XX:ReservedCodeCacheSize=
#   JVM is running with Unscaled Compressed Oops mode in which the Java heap is
#     placed in the first 4GB address space. The Java Heap base address is the
#     maximum limit for the native heap growth. Please use -XX:HeapBaseMinAddress
#     to set the Java Heap base and to place the Java Heap above 4GB virtual address.
# This output file may be truncated or incomplete.
#
#  Out of Memory Error (./src/hotspot/os/windows/os_windows.cpp:3387), pid=9560, tid=9972
#
# JRE version: OpenJDK Runtime Environment Temurin-11.0.14.1+1 (11.0.14.1+1) (build 11.0.14.1+1)
# Java VM: OpenJDK 64-Bit Server VM Temurin-11.0.14.1+1 (11.0.14.1+1, mixed mode, tiered, compressed oops, g1 gc, windows-amd64)
# No core dump will be written. Minidumps are not enabled by default on client versions of Windows
#

---------------  S U M M A R Y ------------

Command Line: --add-opens=java.base/java.util=ALL-UNNAMED --add-opens=java.base/java.lang=ALL-UNNAMED --add-opens=java.base/java.lang.invoke=ALL-UNNAMED --add-opens=java.base/java.util=ALL-UNNAMED --add-opens=java.prefs/java.util.prefs=ALL-UNNAMED --add-opens=java.prefs/java.util.prefs=ALL-UNNAMED --add-opens=java.base/java.nio.charset=ALL-UNNAMED --add-opens=java.base/java.net=ALL-UNNAMED --add-opens=java.base/java.util.concurrent.atomic=ALL-UNNAMED -Xmx2048m -Dfile.encoding=UTF-8 -Duser.country=ID -Duser.language=en -Duser.variant org.gradle.launcher.daemon.bootstrap.GradleDaemon 7.2

Host: Intel(R) Core(TM) i3-5010U CPU @ 2.10GHz, 4 cores, 9G,  Windows 10 , 64 bit Build 19041 (10.0.19041.1503)
Time: Tue Mar  8 10:52:04 2022 SE Asia Standard Time elapsed time: 24.492270 seconds (0d 0h 0m 24s)

---------------  T H R E A D  ---------------

Current thread (0x000001e07b8d6000):  VMThread "VM Thread" [stack: 0x000000d3a4800000,0x000000d3a4900000] [id=9972]

Stack: [0x000000d3a4800000,0x000000d3a4900000]
[error occurred during error reporting (printing stack bounds), id 0xc0000005, EXCEPTION_ACCESS_VIOLATION (0xc0000005) at pc=0x000001e06505112d]

Native frames: (J=compiled Java code, j=interpreted, Vv=VM code, C=native code)
V  [jvm.dll+0x61e59a]
V  [jvm.dll+0x7aaca9]
V  [jvm.dll+0x7ac398]
V  [jvm.dll+0x7ac9d5]
V  [jvm.dll+0x7ac98b]
V  [jvm.dll+0x61d927]
V  [jvm.dll+0x61e038]
C  [ntdll.dll+0xa20cf]
C  [ntdll.dll+0x51454]
C  [ntdll.dll+0xa0bfe]
C  0x000001e06505112d

VM_Operation (0x000000d3a5bf2ae0): CollectForMetadataAllocation, mode: safepoint, requested by thread 0x000001e07d9ea800


---------------  P R O C E S S  ---------------

Threads class SMR info:
_java_thread_list=0x000001e003041180, length=77, elements={
0x000001e05c8ea000, 0x000001e07b8dd000, 0x000001e07b8de000, 0x000001e07b8f8800,
0x000001e07b8f9800, 0x000001e07b8fb800, 0x000001e07b903800, 0x000001e07b905000,
0x000001e07b90e000, 0x000001e07c3b8800, 0x000001e07dd7e800, 0x000001e0003a9000,
0x000001e07dc30800, 0x000001e07d96a000, 0x000001e07d4b4000, 0x000001e07e5aa800,
0x000001e07d9ea800, 0x000001e07e697800, 0x000001e07e053800, 0x000001e07e054000,
0x000001e07e1f4000, 0x000001e07e1f5000, 0x000001e07e1f8000, 0x000001e07e1f9000,
0x000001e07e1f7800, 0x000001e07e1f3800, 0x000001e07e1f6800, 0x000001e07e1fa000,
0x000001e07e1f5800, 0x000001e07e857800, 0x000001e07e85c800, 0x000001e07e85e000,
0x000001e07e85b000, 0x000001e07e858800, 0x000001e07e85f000, 0x000001e07e859000,
0x000001e07e85f800, 0x000001e07e85a000, 0x000001e07e860800, 0x000001e07e861800,
0x000001e07e85b800, 0x000001e07e863000, 0x000001e07e864000, 0x000001e07e864800,
0x000001e07e862000, 0x000001e07e865800, 0x000001e07e866000, 0x000001e001d68000,
0x000001e001d69800, 0x000001e001d68800, 0x000001e001d6a800, 0x000001e001d64800,
0x000001e001d6b000, 0x000001e001d65800, 0x000001e001d6c000, 0x000001e001d66800,
0x000001e001d6d000, 0x000001e001d67000, 0x000001e001d70000, 0x000001e001d71000,
0x000001e001d71800, 0x000001e001d72800, 0x000001e001d73800, 0x000001e001d6d800,
0x000001e001d6e800, 0x000001e001d6f000, 0x000001e07c54f000, 0x000001e07c54b800,
0x000001e07c54c800, 0x000001e07c54d800, 0x000001e07c550800, 0x000001e07c54f800,
0x000001e07c54b000, 0x000001e07c551800, 0x000001e07c552000, 0x000001e07c553000,
0x000001e07c554000
}

Java Threads: ( => current thread )
  0x000001e05c8ea000 JavaThread "main" [_thread_blocked, id=12204, stack(0x000000d3a4200000,0x000000d3a4300000)]
  0x000001e07b8dd000 JavaThread "Reference Handler" daemon [_thread_blocked, id=12616, stack(0x000000d3a4900000,0x000000d3a4a00000)]
  0x000001e07b8de000 JavaThread "Finalizer" daemon [_thread_blocked, id=13376, stack(0x000000d3a4a00000,0x000000d3a4b00000)]
  0x000001e07b8f8800 JavaThread "Signal Dispatcher" daemon [_thread_blocked, id=13612, stack(0x000000d3a4b00000,0x000000d3a4c00000)]
  0x000001e07b8f9800 JavaThread "Attach Listener" daemon [_thread_blocked, id=11104, stack(0x000000d3a4c00000,0x000000d3a4d00000)]
  0x000001e07b8fb800 JavaThread "Service Thread" daemon [_thread_blocked, id=11404, stack(0x000000d3a4d00000,0x000000d3a4e00000)]
  0x000001e07b903800 JavaThread "C2 CompilerThread0" daemon [_thread_blocked, id=2116, stack(0x000000d3a4e00000,0x000000d3a4f00000)]
  0x000001e07b905000 JavaThread "C1 CompilerThread0" daemon [_thread_blocked, id=8276, stack(0x000000d3a4f00000,0x000000d3a5000000)]
  0x000001e07b90e000 JavaThread "Sweeper thread" daemon [_thread_blocked, id=12384, stack(0x000000d3a5000000,0x000000d3a5100000)]
  0x000001e07c3b8800 JavaThread "Common-Cleaner" daemon [_thread_blocked, id=12128, stack(0x000000d3a5100000,0x000000d3a5200000)]
  0x000001e07dd7e800 JavaThread "Daemon health stats" [_thread_blocked, id=10756, stack(0x000000d3a5600000,0x000000d3a5700000)]
  0x000001e0003a9000 JavaThread "Incoming local TCP Connector on port 52644" [_thread_in_native, id=4532, stack(0x000000d3a5300000,0x000000d3a5400000)]
  0x000001e07dc30800 JavaThread "Daemon periodic checks" [_thread_blocked, id=12452, stack(0x000000d3a5700000,0x000000d3a5800000)]
  0x000001e07d96a000 JavaThread "Daemon" [_thread_blocked, id=7144, stack(0x000000d3a5800000,0x000000d3a5900000)]
  0x000001e07d4b4000 JavaThread "Handler for socket connection from /127.0.0.1:52644 to /127.0.0.1:52645" [_thread_in_native, id=5956, stack(0x000000d3a5900000,0x000000d3a5a00000)]
  0x000001e07e5aa800 JavaThread "Cancel handler" [_thread_blocked, id=7932, stack(0x000000d3a5a00000,0x000000d3a5b00000)]
  0x000001e07d9ea800 JavaThread "Daemon worker" [_thread_blocked, id=2984, stack(0x000000d3a5b00000,0x000000d3a5c00000)]
  0x000001e07e697800 JavaThread "Asynchronous log dispatcher for DefaultDaemonConnection: socket connection from /127.0.0.1:52644 to /127.0.0.1:52645" [_thread_blocked, id=6456, stack(0x000000d3a5c00000,0x000000d3a5d00000)]
  0x000001e07e053800 JavaThread "Stdin handler" [_thread_blocked, id=13052, stack(0x000000d3a5d00000,0x000000d3a5e00000)]
  0x000001e07e054000 JavaThread "Daemon client event forwarder" [_thread_blocked, id=5556, stack(0x000000d3a5e00000,0x000000d3a5f00000)]
  0x000001e07e1f4000 JavaThread "Cache worker for journal cache (C:\Users\muham\.gradle\caches\journal-1)" [_thread_blocked, id=8040, stack(0x000000d3a6000000,0x000000d3a6100000)]
  0x000001e07e1f5000 JavaThread "File lock request listener" [_thread_in_native, id=6940, stack(0x000000d3a6100000,0x000000d3a6200000)]
  0x000001e07e1f8000 JavaThread "Cache worker for file hash cache (C:\Users\muham\.gradle\caches\7.2\fileHashes)" [_thread_blocked, id=1420, stack(0x000000d3a6200000,0x000000d3a6300000)]
  0x000001e07e1f9000 JavaThread "Cache worker for file hash cache (D:\Data Kuliah\Semester 12\App\.gradle\7.2\fileHashes)" [_thread_blocked, id=7136, stack(0x000000d3a6300000,0x000000d3a6400000)]
  0x000001e07e1f7800 JavaThread "File watcher server" daemon [_thread_in_native, id=11024, stack(0x000000d3a6500000,0x000000d3a6600000)]
  0x000001e07e1f3800 JavaThread "File watcher consumer" daemon [_thread_blocked, id=9964, stack(0x000000d3a6600000,0x000000d3a6700000)]
  0x000001e07e1f6800 JavaThread "Cache worker for checksums cache (D:\Data Kuliah\Semester 12\App\.gradle\checksums)" [_thread_blocked, id=6760, stack(0x000000d3a6700000,0x000000d3a6800000)]
  0x000001e07e1fa000 JavaThread "Cache worker for cache directory md-supplier (C:\Users\muham\.gradle\caches\7.2\md-supplier)" [_thread_blocked, id=8096, stack(0x000000d3a6800000,0x000000d3a6900000)]
  0x000001e07e1f5800 JavaThread "Cache worker for cache directory md-rule (C:\Users\muham\.gradle\caches\7.2\md-rule)" [_thread_blocked, id=12908, stack(0x000000d3a6900000,0x000000d3a6a00000)]
  0x000001e07e857800 JavaThread "Cache worker for execution history cache (C:\Users\muham\.gradle\caches\7.2\executionHistory)" [_thread_blocked, id=11108, stack(0x000000d3a6a00000,0x000000d3a6b00000)]
  0x000001e07e85c800 JavaThread "jar transforms" [_thread_blocked, id=4468, stack(0x000000d3a6b00000,0x000000d3a6c00000)]
  0x000001e07e85e000 JavaThread "Cache worker for file content cache (C:\Users\muham\.gradle\caches\7.2\fileContent)" [_thread_blocked, id=5924, stack(0x000000d3a6c00000,0x000000d3a6d00000)]
  0x000001e07e85b000 JavaThread "jar transforms Thread 2" [_thread_blocked, id=13456, stack(0x000000d3a6d00000,0x000000d3a6e00000)]
  0x000001e07e858800 JavaThread "Cache worker for dependencies-accessors (D:\Data Kuliah\Semester 12\App\.gradle\7.2\dependencies-accessors)" [_thread_blocked, id=6700, stack(0x000000d3a6e00000,0x000000d3a6f00000)]
  0x000001e07e85f000 JavaThread "jar transforms Thread 3" [_thread_blocked, id=12312, stack(0x000000d3a6f00000,0x000000d3a7000000)]
  0x000001e07e859000 JavaThread "Cache worker for Build Output Cleanup Cache (D:\Data Kuliah\Semester 12\App\.gradle\buildOutputCleanup)" [_thread_blocked, id=13516, stack(0x000000d3a7000000,0x000000d3a7100000)]
  0x000001e07e85f800 JavaThread "Unconstrained build operations" [_thread_blocked, id=3332, stack(0x000000d3a7100000,0x000000d3a7200000)]
  0x000001e07e85a000 JavaThread "Unconstrained build operations Thread 2" [_thread_blocked, id=12596, stack(0x000000d3a7200000,0x000000d3a7300000)]
  0x000001e07e860800 JavaThread "Unconstrained build operations Thread 3" [_thread_blocked, id=7156, stack(0x000000d3a7300000,0x000000d3a7400000)]
  0x000001e07e861800 JavaThread "Unconstrained build operations Thread 4" [_thread_blocked, id=11416, stack(0x000000d3a7400000,0x000000d3a7500000)]
  0x000001e07e85b800 JavaThread "Unconstrained build operations Thread 5" [_thread_blocked, id=8664, stack(0x000000d3a7500000,0x000000d3a7600000)]
  0x000001e07e863000 JavaThread "Unconstrained build operations Thread 6" [_thread_blocked, id=5672, stack(0x000000d3a7600000,0x000000d3a7700000)]
  0x000001e07e864000 JavaThread "Unconstrained build operations Thread 7" [_thread_blocked, id=12800, stack(0x000000d3a7700000,0x000000d3a7800000)]
  0x000001e07e864800 JavaThread "Unconstrained build operations Thread 8" [_thread_blocked, id=13796, stack(0x000000d3a7800000,0x000000d3a7900000)]
  0x000001e07e862000 JavaThread "Unconstrained build operations Thread 9" [_thread_blocked, id=12120, stack(0x000000d3a7900000,0x000000d3a7a00000)]
  0x000001e07e865800 JavaThread "Unconstrained build operations Thread 10" [_thread_blocked, id=12244, stack(0x000000d3a7a00000,0x000000d3a7b00000)]
  0x000001e07e866000 JavaThread "Unconstrained build operations Thread 11" [_thread_blocked, id=8428, stack(0x000000d3a7b00000,0x000000d3a7c00000)]
  0x000001e001d68000 JavaThread "Unconstrained build operations Thread 12" [_thread_blocked, id=14144, stack(0x000000d3a7c00000,0x000000d3a7d00000)]
  0x000001e001d69800 JavaThread "Unconstrained build operations Thread 13" [_thread_blocked, id=3848, stack(0x000000d3a7d00000,0x000000d3a7e00000)]
  0x000001e001d68800 JavaThread "Unconstrained build operations Thread 14" [_thread_blocked, id=1736, stack(0x000000d3a7e00000,0x000000d3a7f00000)]
  0x000001e001d6a800 JavaThread "Unconstrained build operations Thread 15" [_thread_blocked, id=11776, stack(0x000000d3a7f00000,0x000000d3a8000000)]
  0x000001e001d64800 JavaThread "Unconstrained build operations Thread 16" [_thread_blocked, id=2588, stack(0x000000d3a8000000,0x000000d3a8100000)]
  0x000001e001d6b000 JavaThread "Unconstrained build operations Thread 17" [_thread_blocked, id=6920, stack(0x000000d3a8100000,0x000000d3a8200000)]
  0x000001e001d65800 JavaThread "Unconstrained build operations Thread 18" [_thread_blocked, id=13064, stack(0x000000d3a8200000,0x000000d3a8300000)]
  0x000001e001d6c000 JavaThread "Unconstrained build operations Thread 19" [_thread_blocked, id=7164, stack(0x000000d3a8300000,0x000000d3a8400000)]
  0x000001e001d66800 JavaThread "Unconstrained build operations Thread 20" [_thread_blocked, id=9232, stack(0x000000d3a8400000,0x000000d3a8500000)]
  0x000001e001d6d000 JavaThread "Unconstrained build operations Thread 21" [_thread_blocked, id=8060, stack(0x000000d3a8500000,0x000000d3a8600000)]
  0x000001e001d67000 JavaThread "Unconstrained build operations Thread 22" [_thread_blocked, id=4672, stack(0x000000d3a8600000,0x000000d3a8700000)]
  0x000001e001d70000 JavaThread "Unconstrained build operations Thread 23" [_thread_blocked, id=1708, stack(0x000000d3a8700000,0x000000d3a8800000)]
  0x000001e001d71000 JavaThread "Unconstrained build operations Thread 24" [_thread_blocked, id=13096, stack(0x000000d3a8800000,0x000000d3a8900000)]
  0x000001e001d71800 JavaThread "Unconstrained build operations Thread 25" [_thread_blocked, id=2316, stack(0x000000d3a8900000,0x000000d3a8a00000)]
  0x000001e001d72800 JavaThread "Unconstrained build operations Thread 26" [_thread_blocked, id=11880, stack(0x000000d3a8a00000,0x000000d3a8b00000)]
  0x000001e001d73800 JavaThread "Unconstrained build operations Thread 27" [_thread_blocked, id=12564, stack(0x000000d3a8b00000,0x000000d3a8c00000)]
  0x000001e001d6d800 JavaThread "Unconstrained build operations Thread 28" [_thread_blocked, id=8108, stack(0x000000d3a8c00000,0x000000d3a8d00000)]
  0x000001e001d6e800 JavaThread "Unconstrained build operations Thread 29" [_thread_blocked, id=2244, stack(0x000000d3a8d00000,0x000000d3a8e00000)]
  0x000001e001d6f000 JavaThread "Unconstrained build operations Thread 30" [_thread_blocked, id=4664, stack(0x000000d3a8e00000,0x000000d3a8f00000)]
  0x000001e07c54f000 JavaThread "Unconstrained build operations Thread 31" [_thread_blocked, id=11392, stack(0x000000d3a8f00000,0x000000d3a9000000)]
  0x000001e07c54b800 JavaThread "Unconstrained build operations Thread 32" [_thread_blocked, id=10836, stack(0x000000d3a9000000,0x000000d3a9100000)]
  0x000001e07c54c800 JavaThread "Unconstrained build operations Thread 33" [_thread_blocked, id=4868, stack(0x000000d3a9100000,0x000000d3a9200000)]
  0x000001e07c54d800 JavaThread "Unconstrained build operations Thread 34" [_thread_blocked, id=12876, stack(0x000000d3a9200000,0x000000d3a9300000)]
  0x000001e07c550800 JavaThread "Unconstrained build operations Thread 35" [_thread_blocked, id=7408, stack(0x000000d3a9300000,0x000000d3a9400000)]
  0x000001e07c54f800 JavaThread "Unconstrained build operations Thread 36" [_thread_blocked, id=12796, stack(0x000000d3a9400000,0x000000d3a9500000)]
  0x000001e07c54b000 JavaThread "Unconstrained build operations Thread 37" [_thread_blocked, id=2800, stack(0x000000d3a9500000,0x000000d3a9600000)]
  0x000001e07c551800 JavaThread "Unconstrained build operations Thread 38" [_thread_blocked, id=9476, stack(0x000000d3a9600000,0x000000d3a9700000)]
  0x000001e07c552000 JavaThread "Unconstrained build operations Thread 39" [_thread_blocked, id=12836, stack(0x000000d3a9700000,0x000000d3a9800000)]
  0x000001e07c553000 JavaThread "Unconstrained build operations Thread 40" [_thread_blocked, id=13632, stack(0x000000d3a9800000,0x000000d3a9900000)]
  0x000001e07c554000 JavaThread "jar transforms Thread 4" [_thread_blocked, id=5528, stack(0x000000d3a6400000,0x000000d3a6500000)]

Other Threads:
=>0x000001e07b8d6000 VMThread "VM Thread" [stack: 0x000000d3a4800000,0x000000d3a4900000] [id=9972]
  0x000001e07c3d9800 WatcherThread [stack: 0x000000d3a5200000,0x000000d3a5300000] [id=11760]
  0x000001e05c903800 GCTaskThread "GC Thread#0" [stack: 0x000000d3a4300000,0x000000d3a4400000] [id=12532]
  0x000001e07cb40800 GCTaskThread "GC Thread#1" [stack: 0x000000d3a5400000,0x000000d3a5500000] [id=3764]
  0x000001e07cdc5000 GCTaskThread "GC Thread#2" [stack: 0x000000d3a5500000,0x000000d3a5600000] [id=7328]
  0x000001e07d9eb800 GCTaskThread "GC Thread#3" [stack: 0x000000d3a5f00000,0x000000d3a6000000] [id=5936]
  0x000001e05c936000 ConcurrentGCThread "G1 Main Marker" [stack: 0x000000d3a4400000,0x000000d3a4500000] [id=12136]
  0x000001e05c937800 ConcurrentGCThread "G1 Conc#0" [stack: 0x000000d3a4500000,0x000000d3a4600000] [id=12552]
  0x000001e05c9ce800 ConcurrentGCThread "G1 Refine#0" [stack: 0x000000d3a4600000,0x000000d3a4700000] [id=13548]
  0x000001e07b724800 ConcurrentGCThread "G1 Young RemSet Sampling" [stack: 0x000000d3a4700000,0x000000d3a4800000] [id=9488]

Threads with active compile tasks:

VM state:at safepoint (normal execution)

VM Mutex/Monitor currently owned by a thread:  ([mutex/lock_event])
[0x000001e05c8e6b10] Threads_lock - owner thread: 0x000001e07b8d6000
[0x000001e05c8e6c30] Heap_lock - owner thread: 0x000001e07d9ea800

Heap address: 0x0000000080000000, size: 2048 MB, Compressed Oops mode: 32-bit
Narrow klass base: 0x0000000000000000, Narrow klass shift: 3
Compressed class space size: 1073741824 Address: 0x0000000100000000

Heap:
 garbage-first heap   total 236544K, used 47104K [0x0000000080000000, 0x0000000100000000)
  region size 1024K, 13 young (13312K), 13 survivors (13312K)
 Metaspace       used 58981K, capacity 60365K, committed 60508K, reserved 1101824K
  class space    used 7343K, capacity 7858K, committed 7968K, reserved 1048576K
Heap Regions: E=young(eden), S=young(survivor), O=old, HS=humongous(starts), HC=humongous(continues), CS=collection set, F=free, A=archive, TAMS=top-at-mark-start (previous, next)
|   0|0x0000000080000000, 0x0000000080100000, 0x0000000080100000|100%| O|  |TAMS 0x0000000080100000, 0x0000000080100000| Untracked 
|   1|0x0000000080100000, 0x0000000080200000, 0x0000000080200000|100%| O|  |TAMS 0x0000000080200000, 0x0000000080200000| Untracked 
|   2|0x0000000080200000, 0x0000000080300000, 0x0000000080300000|100%| O|  |TAMS 0x0000000080300000, 0x0000000080300000| Untracked 
|   3|0x0000000080300000, 0x0000000080400000, 0x0000000080400000|100%|HS|  |TAMS 0x0000000080400000, 0x0000000080400000| Complete 
|   4|0x0000000080400000, 0x0000000080500000, 0x0000000080500000|100%|HC|  |TAMS 0x0000000080500000, 0x0000000080500000| Complete 
|   5|0x0000000080500000, 0x0000000080600000, 0x0000000080600000|100%|HC|  |TAMS 0x0000000080600000, 0x0000000080600000| Complete 
|   6|0x0000000080600000, 0x0000000080700000, 0x0000000080700000|100%| O|  |TAMS 0x0000000080700000, 0x0000000080700000| Untracked 
|   7|0x0000000080700000, 0x0000000080800000, 0x0000000080800000|100%| O|  |TAMS 0x0000000080800000, 0x0000000080800000| Untracked 
|   8|0x0000000080800000, 0x0000000080900000, 0x0000000080900000|100%| O|  |TAMS 0x0000000080900000, 0x0000000080900000| Untracked 
|   9|0x0000000080900000, 0x0000000080a00000, 0x0000000080a00000|100%| O|  |TAMS 0x0000000080a00000, 0x0000000080a00000| Untracked 
|  10|0x0000000080a00000, 0x0000000080b00000, 0x0000000080b00000|100%| O|  |TAMS 0x0000000080b00000, 0x0000000080b00000| Untracked 
|  11|0x0000000080b00000, 0x0000000080c00000, 0x0000000080c00000|100%| O|  |TAMS 0x0000000080c00000, 0x0000000080c00000| Untracked 
|  12|0x0000000080c00000, 0x0000000080d00000, 0x0000000080d00000|100%| O|  |TAMS 0x0000000080d00000, 0x0000000080d00000| Untracked 
|  13|0x0000000080d00000, 0x0000000080e00000, 0x0000000080e00000|100%| O|  |TAMS 0x0000000080e00000, 0x0000000080e00000| Untracked 
|  14|0x0000000080e00000, 0x0000000080f00000, 0x0000000080f00000|100%| O|  |TAMS 0x0000000080f00000, 0x0000000080f00000| Untracked 
|  15|0x0000000080f00000, 0x0000000081000000, 0x0000000081000000|100%| O|  |TAMS 0x0000000080fbe800, 0x0000000081000000| Untracked 
|  16|0x0000000081000000, 0x0000000081100000, 0x0000000081100000|100%| O|  |TAMS 0x0000000081000000, 0x0000000081100000| Untracked 
|  17|0x0000000081100000, 0x0000000081200000, 0x0000000081200000|100%|HS|  |TAMS 0x0000000081100000, 0x0000000081200000| Complete 
|  18|0x0000000081200000, 0x0000000081300000, 0x0000000081300000|100%|HS|  |TAMS 0x0000000081200000, 0x0000000081300000| Complete 
|  19|0x0000000081300000, 0x0000000081400000, 0x0000000081400000|100%| O|  |TAMS 0x0000000081300000, 0x0000000081400000| Untracked 
|  20|0x0000000081400000, 0x0000000081500000, 0x0000000081500000|100%|HS|  |TAMS 0x0000000081400000, 0x0000000081500000| Complete 
|  21|0x0000000081500000, 0x0000000081600000, 0x0000000081600000|100%| O|  |TAMS 0x0000000081500000, 0x0000000081600000| Untracked 
|  22|0x0000000081600000, 0x0000000081700000, 0x0000000081700000|100%| O|  |TAMS 0x0000000081600000, 0x0000000081700000| Untracked 
|  23|0x0000000081700000, 0x0000000081800000, 0x0000000081800000|100%| O|  |TAMS 0x0000000081700000, 0x0000000081800000| Untracked 
|  24|0x0000000081800000, 0x0000000081900000, 0x0000000081900000|100%| O|  |TAMS 0x0000000081800000, 0x0000000081900000| Untracked 
|  25|0x0000000081900000, 0x0000000081a00000, 0x0000000081a00000|100%| O|  |TAMS 0x0000000081900000, 0x0000000081a00000| Untracked 
|  26|0x0000000081a00000, 0x0000000081b00000, 0x0000000081b00000|100%| O|  |TAMS 0x0000000081a00000, 0x0000000081b00000| Untracked 
|  27|0x0000000081b00000, 0x0000000081c00000, 0x0000000081c00000|100%|HS|  |TAMS 0x0000000081b00000, 0x0000000081c00000| Complete 
|  28|0x0000000081c00000, 0x0000000081d00000, 0x0000000081d00000|100%|HC|  |TAMS 0x0000000081c00000, 0x0000000081d00000| Complete 
|  29|0x0000000081d00000, 0x0000000081e00000, 0x0000000081e00000|100%| O|  |TAMS 0x0000000081d00000, 0x0000000081e00000| Untracked 
|  30|0x0000000081e00000, 0x0000000081f00000, 0x0000000081f00000|100%| O|  |TAMS 0x0000000081e00000, 0x0000000081f00000| Untracked 
|  31|0x0000000081f00000, 0x0000000082000000, 0x0000000082000000|100%| O|  |TAMS 0x0000000081f00000, 0x0000000082000000| Untracked 
|  32|0x0000000082000000, 0x0000000082100000, 0x0000000082100000|100%| O|  |TAMS 0x0000000082000000, 0x0000000082100000| Untracked 
|  33|0x0000000082100000, 0x0000000082100000, 0x0000000082200000|  0%| F|  |TAMS 0x0000000082100000, 0x0000000082100000| Untracked 
|  34|0x0000000082200000, 0x0000000082200000, 0x0000000082300000|  0%| F|  |TAMS 0x0000000082200000, 0x0000000082200000| Untracked 
|  35|0x0000000082300000, 0x0000000082300000, 0x0000000082400000|  0%| F|  |TAMS 0x0000000082300000, 0x0000000082300000| Untracked 
|  36|0x0000000082400000, 0x0000000082400000, 0x0000000082500000|  0%| F|  |TAMS 0x0000000082400000, 0x0000000082400000| Untracked 
|  37|0x0000000082500000, 0x0000000082500000, 0x0000000082600000|  0%| F|  |TAMS 0x0000000082500000, 0x0000000082500000| Untracked 
|  38|0x0000000082600000, 0x0000000082600000, 0x0000000082700000|  0%| F|  |TAMS 0x0000000082600000, 0x0000000082600000| Untracked 
|  39|0x0000000082700000, 0x0000000082700000, 0x0000000082800000|  0%| F|  |TAMS 0x0000000082700000, 0x0000000082700000| Untracked 
|  40|0x0000000082800000, 0x0000000082800000, 0x0000000082900000|  0%| F|  |TAMS 0x0000000082800000, 0x0000000082800000| Untracked 
|  41|0x0000000082900000, 0x0000000082900000, 0x0000000082a00000|  0%| F|  |TAMS 0x0000000082900000, 0x0000000082900000| Untracked 
|  42|0x0000000082a00000, 0x0000000082a00000, 0x0000000082b00000|  0%| F|  |TAMS 0x0000000082a00000, 0x0000000082a00000| Untracked 
|  43|0x0000000082b00000, 0x0000000082b00000, 0x0000000082c00000|  0%| F|  |TAMS 0x0000000082b00000, 0x0000000082b00000| Untracked 
|  44|0x0000000082c00000, 0x0000000082c00000, 0x0000000082d00000|  0%| F|  |TAMS 0x0000000082c00000, 0x0000000082c00000| Untracked 
|  45|0x0000000082d00000, 0x0000000082d00000, 0x0000000082e00000|  0%| F|  |TAMS 0x0000000082d00000, 0x0000000082d00000| Untracked 
|  46|0x0000000082e00000, 0x0000000082e00000, 0x0000000082f00000|  0%| F|  |TAMS 0x0000000082e00000, 0x0000000082e00000| Untracked 
|  47|0x0000000082f00000, 0x0000000082f00000, 0x0000000083000000|  0%| F|  |TAMS 0x0000000082f00000, 0x0000000082f00000| Untracked 
|  48|0x0000000083000000, 0x0000000083000000, 0x0000000083100000|  0%| F|  |TAMS 0x0000000083000000, 0x0000000083000000| Untracked 
|  49|0x0000000083100000, 0x0000000083100000, 0x0000000083200000|  0%| F|  |TAMS 0x0000000083100000, 0x0000000083100000| Untracked 
|  50|0x0000000083200000, 0x0000000083200000, 0x0000000083300000|  0%| F|  |TAMS 0x0000000083200000, 0x0000000083200000| Untracked 
|  51|0x0000000083300000, 0x0000000083300000, 0x0000000083400000|  0%| F|  |TAMS 0x0000000083300000, 0x0000000083300000| Untracked 
|  52|0x0000000083400000, 0x0000000083400000, 0x0000000083500000|  0%| F|  |TAMS 0x0000000083400000, 0x0000000083400000| Untracked 
|  53|0x0000000083500000, 0x0000000083500000, 0x0000000083600000|  0%| F|  |TAMS 0x0000000083500000, 0x0000000083500000| Untracked 
|  54|0x0000000083600000, 0x0000000083600000, 0x0000000083700000|  0%| F|  |TAMS 0x0000000083600000, 0x0000000083600000| Untracked 
|  55|0x0000000083700000, 0x0000000083700000, 0x0000000083800000|  0%| F|  |TAMS 0x0000000083700000, 0x0000000083700000| Untracked 
|  56|0x0000000083800000, 0x0000000083800000, 0x0000000083900000|  0%| F|  |TAMS 0x0000000083800000, 0x0000000083800000| Untracked 
|  57|0x0000000083900000, 0x0000000083900000, 0x0000000083a00000|  0%| F|  |TAMS 0x0000000083900000, 0x0000000083900000| Untracked 
|  58|0x0000000083a00000, 0x0000000083a00000, 0x0000000083b00000|  0%| F|  |TAMS 0x0000000083a00000, 0x0000000083a00000| Untracked 
|  59|0x0000000083b00000, 0x0000000083b00000, 0x0000000083c00000|  0%| F|  |TAMS 0x0000000083b00000, 0x0000000083b00000| Untracked 
|  60|0x0000000083c00000, 0x0000000083c00000, 0x0000000083d00000|  0%| F|  |TAMS 0x0000000083c00000, 0x0000000083c00000| Untracked 
|  61|0x0000000083d00000, 0x0000000083d00000, 0x0000000083e00000|  0%| F|  |TAMS 0x0000000083d00000, 0x0000000083d00000| Untracked 
|  62|0x0000000083e00000, 0x0000000083e00000, 0x0000000083f00000|  0%| F|  |TAMS 0x0000000083e00000, 0x0000000083e00000| Untracked 
|  63|0x0000000083f00000, 0x0000000083f00000, 0x0000000084000000|  0%| F|  |TAMS 0x0000000083f00000, 0x0000000083f00000| Untracked 
|  64|0x0000000084000000, 0x0000000084000000, 0x0000000084100000|  0%| F|  |TAMS 0x0000000084000000, 0x0000000084000000| Untracked 
|  65|0x0000000084100000, 0x0000000084100000, 0x0000000084200000|  0%| F|  |TAMS 0x0000000084100000, 0x0000000084100000| Untracked 
|  66|0x0000000084200000, 0x0000000084200000, 0x0000000084300000|  0%| F|  |TAMS 0x0000000084200000, 0x0000000084200000| Untracked 
|  67|0x0000000084300000, 0x0000000084300000, 0x0000000084400000|  0%| F|  |TAMS 0x0000000084300000, 0x0000000084300000| Untracked 
|  68|0x0000000084400000, 0x0000000084400000, 0x0000000084500000|  0%| F|  |TAMS 0x0000000084400000, 0x0000000084400000| Untracked 
|  69|0x0000000084500000, 0x0000000084500000, 0x0000000084600000|  0%| F|  |TAMS 0x0000000084500000, 0x0000000084500000| Untracked 
|  70|0x0000000084600000, 0x0000000084600000, 0x0000000084700000|  0%| F|  |TAMS 0x0000000084600000, 0x0000000084600000| Untracked 
|  71|0x0000000084700000, 0x0000000084700000, 0x0000000084800000|  0%| F|  |TAMS 0x0000000084700000, 0x0000000084700000| Untracked 
|  72|0x0000000084800000, 0x0000000084800000, 0x0000000084900000|  0%| F|  |TAMS 0x0000000084800000, 0x0000000084800000| Untracked 
|  73|0x0000000084900000, 0x0000000084900000, 0x0000000084a00000|  0%| F|  |TAMS 0x0000000084900000, 0x0000000084900000| Untracked 
|  74|0x0000000084a00000, 0x0000000084a00000, 0x0000000084b00000|  0%| F|  |TAMS 0x0000000084a00000, 0x0000000084a00000| Untracked 
|  75|0x0000000084b00000, 0x0000000084b00000, 0x0000000084c00000|  0%| F|  |TAMS 0x0000000084b00000, 0x0000000084b00000| Untracked 
|  76|0x0000000084c00000, 0x0000000084c00000, 0x0000000084d00000|  0%| F|  |TAMS 0x0000000084c00000, 0x0000000084c00000| Untracked 
|  77|0x0000000084d00000, 0x0000000084d00000, 0x0000000084e00000|  0%| F|  |TAMS 0x0000000084d00000, 0x0000000084d00000| Untracked 
|  78|0x0000000084e00000, 0x0000000084e00000, 0x0000000084f00000|  0%| F|  |TAMS 0x0000000084e00000, 0x0000000084e00000| Untracked 
|  79|0x0000000084f00000, 0x0000000084f00000, 0x0000000085000000|  0%| F|  |TAMS 0x0000000084f00000, 0x0000000084f00000| Untracked 
|  80|0x0000000085000000, 0x0000000085000000, 0x0000000085100000|  0%| F|  |TAMS 0x0000000085000000, 0x0000000085000000| Untracked 
|  81|0x0000000085100000, 0x0000000085100000, 0x0000000085200000|  0%| F|  |TAMS 0x0000000085100000, 0x0000000085100000| Untracked 
|  82|0x0000000085200000, 0x0000000085200000, 0x0000000085300000|  0%| F|  |TAMS 0x0000000085200000, 0x0000000085200000| Untracked 
|  83|0x0000000085300000, 0x0000000085300000, 0x0000000085400000|  0%| F|  |TAMS 0x0000000085300000, 0x0000000085300000| Untracked 
|  84|0x0000000085400000, 0x0000000085400000, 0x0000000085500000|  0%| F|  |TAMS 0x0000000085400000, 0x0000000085400000| Untracked 
|  85|0x0000000085500000, 0x0000000085500000, 0x0000000085600000|  0%| F|  |TAMS 0x0000000085500000, 0x0000000085500000| Untracked 
|  86|0x0000000085600000, 0x0000000085600000, 0x0000000085700000|  0%| F|  |TAMS 0x0000000085600000, 0x0000000085600000| Untracked 
|  87|0x0000000085700000, 0x0000000085700000, 0x0000000085800000|  0%| F|  |TAMS 0x0000000085700000, 0x0000000085700000| Untracked 
|  88|0x0000000085800000, 0x0000000085800000, 0x0000000085900000|  0%| F|  |TAMS 0x0000000085800000, 0x0000000085800000| Untracked 
|  89|0x0000000085900000, 0x0000000085900000, 0x0000000085a00000|  0%| F|  |TAMS 0x0000000085900000, 0x0000000085900000| Untracked 
|  90|0x0000000085a00000, 0x0000000085a00000, 0x0000000085b00000|  0%| F|  |TAMS 0x0000000085a00000, 0x0000000085a00000| Untracked 
|  91|0x0000000085b00000, 0x0000000085b00000, 0x0000000085c00000|  0%| F|  |TAMS 0x0000000085b00000, 0x0000000085b00000| Untracked 
|  92|0x0000000085c00000, 0x0000000085c00000, 0x0000000085d00000|  0%| F|  |TAMS 0x0000000085c00000, 0x0000000085c00000| Untracked 
|  93|0x0000000085d00000, 0x0000000085e00000, 0x0000000085e00000|100%| S|CS|TAMS 0x0000000085d00000, 0x0000000085d00000| Complete 
|  94|0x0000000085e00000, 0x0000000085f00000, 0x0000000085f00000|100%| S|CS|TAMS 0x0000000085e00000, 0x0000000085e00000| Complete 
|  95|0x0000000085f00000, 0x0000000086000000, 0x0000000086000000|100%| S|CS|TAMS 0x0000000085f00000, 0x0000000085f00000| Complete 
|  96|0x0000000086000000, 0x0000000086100000, 0x0000000086100000|100%| S|CS|TAMS 0x0000000086000000, 0x0000000086000000| Complete 
|  97|0x0000000086100000, 0x0000000086200000, 0x0000000086200000|100%| S|CS|TAMS 0x0000000086100000, 0x0000000086100000| Complete 
|  98|0x0000000086200000, 0x0000000086300000, 0x0000000086300000|100%| S|CS|TAMS 0x0000000086200000, 0x0000000086200000| Complete 
|  99|0x0000000086300000, 0x0000000086400000, 0x0000000086400000|100%| S|CS|TAMS 0x0000000086300000, 0x0000000086300000| Complete 
| 100|0x0000000086400000, 0x0000000086500000, 0x0000000086500000|100%| S|CS|TAMS 0x0000000086400000, 0x0000000086400000| Complete 
| 101|0x0000000086500000, 0x0000000086600000, 0x0000000086600000|100%| S|CS|TAMS 0x0000000086500000, 0x0000000086500000| Complete 
| 102|0x0000000086600000, 0x0000000086700000, 0x0000000086700000|100%| S|CS|TAMS 0x0000000086600000, 0x0000000086600000| Complete 
| 103|0x0000000086700000, 0x0000000086800000, 0x0000000086800000|100%| S|CS|TAMS 0x0000000086700000, 0x0000000086700000| Complete 
| 104|0x0000000086800000, 0x0000000086900000, 0x0000000086900000|100%| S|CS|TAMS 0x0000000086800000, 0x0000000086800000| Complete 
| 105|0x0000000086900000, 0x0000000086a00000, 0x0000000086a00000|100%| S|CS|TAMS 0x0000000086900000, 0x0000000086900000| Complete 
| 106|0x0000000086a00000, 0x0000000086a00000, 0x0000000086b00000|  0%| F|  |TAMS 0x0000000086a00000, 0x0000000086a00000| Untracked 
| 107|0x0000000086b00000, 0x0000000086b00000, 0x0000000086c00000|  0%| F|  |TAMS 0x0000000086b00000, 0x0000000086b00000| Untracked 
| 108|0x0000000086c00000, 0x0000000086c00000, 0x0000000086d00000|  0%| F|  |TAMS 0x0000000086c00000, 0x0000000086c00000| Untracked 
| 109|0x0000000086d00000, 0x0000000086d00000, 0x0000000086e00000|  0%| F|  |TAMS 0x0000000086d00000, 0x0000000086d00000| Untracked 
| 110|0x0000000086e00000, 0x0000000086e00000, 0x0000000086f00000|  0%| F|  |TAMS 0x0000000086e00000, 0x0000000086e00000| Untracked 
| 111|0x0000000086f00000, 0x0000000086f00000, 0x0000000087000000|  0%| F|  |TAMS 0x0000000086f00000, 0x0000000086f00000| Untracked 
| 112|0x0000000087000000, 0x0000000087000000, 0x0000000087100000|  0%| F|  |TAMS 0x0000000087000000, 0x0000000087000000| Untracked 
| 113|0x0000000087100000, 0x0000000087100000, 0x0000000087200000|  0%| F|  |TAMS 0x0000000087100000, 0x0000000087100000| Untracked 
| 114|0x0000000087200000, 0x0000000087200000, 0x0000000087300000|  0%| F|  |TAMS 0x0000000087200000, 0x0000000087200000| Untracked 
| 115|0x0000000087300000, 0x0000000087300000, 0x0000000087400000|  0%| F|  |TAMS 0x0000000087300000, 0x0000000087300000| Untracked 
| 116|0x0000000087400000, 0x0000000087400000, 0x0000000087500000|  0%| F|  |TAMS 0x0000000087400000, 0x0000000087400000| Untracked 
| 117|0x0000000087500000, 0x0000000087500000, 0x0000000087600000|  0%| F|  |TAMS 0x0000000087500000, 0x0000000087500000| Untracked 
| 118|0x0000000087600000, 0x0000000087600000, 0x0000000087700000|  0%| F|  |TAMS 0x0000000087600000, 0x0000000087600000| Untracked 
| 119|0x0000000087700000, 0x0000000087700000, 0x0000000087800000|  0%| F|  |TAMS 0x0000000087700000, 0x0000000087700000| Untracked 
| 120|0x0000000087800000, 0x0000000087800000, 0x0000000087900000|  0%| F|  |TAMS 0x0000000087800000, 0x0000000087800000| Untracked 
| 121|0x0000000087900000, 0x0000000087900000, 0x0000000087a00000|  0%| F|  |TAMS 0x0000000087900000, 0x0000000087900000| Untracked 
| 122|0x0000000087a00000, 0x0000000087a00000, 0x0000000087b00000|  0%| F|  |TAMS 0x0000000087a00000, 0x0000000087a00000| Untracked 
| 123|0x0000000087b00000, 0x0000000087b00000, 0x0000000087c00000|  0%| F|  |TAMS 0x0000000087b00000, 0x0000000087b00000| Untracked 
| 124|0x0000000087c00000, 0x0000000087c00000, 0x0000000087d00000|  0%| F|  |TAMS 0x0000000087c00000, 0x0000000087c00000| Untracked 
| 125|0x0000000087d00000, 0x0000000087d00000, 0x0000000087e00000|  0%| F|  |TAMS 0x0000000087d00000, 0x0000000087d00000| Untracked 
| 126|0x0000000087e00000, 0x0000000087e00000, 0x0000000087f00000|  0%| F|  |TAMS 0x0000000087e00000, 0x0000000087e00000| Untracked 
| 127|0x0000000087f00000, 0x0000000087f00000, 0x0000000088000000|  0%| F|  |TAMS 0x0000000087f00000, 0x0000000087f00000| Untracked 
| 128|0x0000000088000000, 0x0000000088000000, 0x0000000088100000|  0%| F|  |TAMS 0x0000000088000000, 0x0000000088000000| Untracked 
| 129|0x0000000088100000, 0x0000000088100000, 0x0000000088200000|  0%| F|  |TAMS 0x0000000088100000, 0x0000000088100000| Untracked 
| 130|0x0000000088200000, 0x0000000088200000, 0x0000000088300000|  0%| F|  |TAMS 0x0000000088200000, 0x0000000088200000| Untracked 
| 131|0x0000000088300000, 0x0000000088300000, 0x0000000088400000|  0%| F|  |TAMS 0x0000000088300000, 0x0000000088300000| Untracked 
| 132|0x0000000088400000, 0x0000000088400000, 0x0000000088500000|  0%| F|  |TAMS 0x0000000088400000, 0x0000000088400000| Untracked 
| 133|0x0000000088500000, 0x0000000088500000, 0x0000000088600000|  0%| F|  |TAMS 0x0000000088500000, 0x0000000088500000| Untracked 
| 134|0x0000000088600000, 0x0000000088600000, 0x0000000088700000|  0%| F|  |TAMS 0x0000000088600000, 0x0000000088600000| Untracked 
| 135|0x0000000088700000, 0x0000000088700000, 0x0000000088800000|  0%| F|  |TAMS 0x0000000088700000, 0x0000000088700000| Untracked 
| 136|0x0000000088800000, 0x0000000088800000, 0x0000000088900000|  0%| F|  |TAMS 0x0000000088800000, 0x0000000088800000| Untracked 
| 137|0x0000000088900000, 0x0000000088900000, 0x0000000088a00000|  0%| F|  |TAMS 0x0000000088900000, 0x0000000088900000| Untracked 
| 138|0x0000000088a00000, 0x0000000088a00000, 0x0000000088b00000|  0%| F|  |TAMS 0x0000000088a00000, 0x0000000088a00000| Untracked 
| 139|0x0000000088b00000, 0x0000000088b00000, 0x0000000088c00000|  0%| F|  |TAMS 0x0000000088b00000, 0x0000000088b00000| Untracked 
| 140|0x0000000088c00000, 0x0000000088c00000, 0x0000000088d00000|  0%| F|  |TAMS 0x0000000088c00000, 0x0000000088c00000| Untracked 
| 141|0x0000000088d00000, 0x0000000088d00000, 0x0000000088e00000|  0%| F|  |TAMS 0x0000000088d00000, 0x0000000088d00000| Untracked 
| 142|0x0000000088e00000, 0x0000000088e00000, 0x0000000088f00000|  0%| F|  |TAMS 0x0000000088e00000, 0x0000000088e00000| Untracked 
| 143|0x0000000088f00000, 0x0000000088f00000, 0x0000000089000000|  0%| F|  |TAMS 0x0000000088f00000, 0x0000000088f00000| Untracked 
| 144|0x0000000089000000, 0x0000000089000000, 0x0000000089100000|  0%| F|  |TAMS 0x0000000089000000, 0x0000000089000000| Untracked 
| 145|0x0000000089100000, 0x0000000089100000, 0x0000000089200000|  0%| F|  |TAMS 0x0000000089100000, 0x0000000089100000| Untracked 
| 146|0x0000000089200000, 0x0000000089200000, 0x0000000089300000|  0%| F|  |TAMS 0x0000000089200000, 0x0000000089200000| Untracked 
| 147|0x0000000089300000, 0x0000000089300000, 0x0000000089400000|  0%| F|  |TAMS 0x0000000089300000, 0x0000000089300000| Untracked 
| 148|0x0000000089400000, 0x0000000089400000, 0x0000000089500000|  0%| F|  |TAMS 0x0000000089400000, 0x0000000089400000| Untracked 
| 149|0x0000000089500000, 0x0000000089500000, 0x0000000089600000|  0%| F|  |TAMS 0x0000000089500000, 0x0000000089500000| Untracked 
| 150|0x0000000089600000, 0x0000000089600000, 0x0000000089700000|  0%| F|  |TAMS 0x0000000089600000, 0x0000000089600000| Untracked 
| 151|0x0000000089700000, 0x0000000089700000, 0x0000000089800000|  0%| F|  |TAMS 0x0000000089700000, 0x0000000089700000| Untracked 
| 152|0x0000000089800000, 0x0000000089800000, 0x0000000089900000|  0%| F|  |TAMS 0x0000000089800000, 0x0000000089800000| Untracked 
| 153|0x0000000089900000, 0x0000000089900000, 0x0000000089a00000|  0%| F|  |TAMS 0x0000000089900000, 0x0000000089900000| Untracked 
| 154|0x0000000089a00000, 0x0000000089a00000, 0x0000000089b00000|  0%| F|  |TAMS 0x0000000089a00000, 0x0000000089a00000| Untracked 
| 155|0x0000000089b00000, 0x0000000089b00000, 0x0000000089c00000|  0%| F|  |TAMS 0x0000000089b00000, 0x0000000089b00000| Untracked 
| 156|0x0000000089c00000, 0x0000000089c00000, 0x0000000089d00000|  0%| F|  |TAMS 0x0000000089c00000, 0x0000000089c00000| Untracked 
| 157|0x0000000089d00000, 0x0000000089d00000, 0x0000000089e00000|  0%| F|  |TAMS 0x0000000089d00000, 0x0000000089d00000| Untracked 
| 158|0x0000000089e00000, 0x0000000089e00000, 0x0000000089f00000|  0%| F|  |TAMS 0x0000000089e00000, 0x0000000089e00000| Untracked 
| 159|0x0000000089f00000, 0x0000000089f00000, 0x000000008a000000|  0%| F|  |TAMS 0x0000000089f00000, 0x0000000089f00000| Untracked 
| 160|0x000000008a000000, 0x000000008a000000, 0x000000008a100000|  0%| F|  |TAMS 0x000000008a000000, 0x000000008a000000| Untracked 
| 161|0x000000008a100000, 0x000000008a100000, 0x000000008a200000|  0%| F|  |TAMS 0x000000008a100000, 0x000000008a100000| Untracked 
| 162|0x000000008a200000, 0x000000008a200000, 0x000000008a300000|  0%| F|  |TAMS 0x000000008a200000, 0x000000008a200000| Untracked 
| 163|0x000000008a300000, 0x000000008a300000, 0x000000008a400000|  0%| F|  |TAMS 0x000000008a300000, 0x000000008a300000| Untracked 
| 164|0x000000008a400000, 0x000000008a400000, 0x000000008a500000|  0%| F|  |TAMS 0x000000008a400000, 0x000000008a400000| Untracked 
| 165|0x000000008a500000, 0x000000008a500000, 0x000000008a600000|  0%| F|  |TAMS 0x000000008a500000, 0x000000008a500000| Untracked 
| 166|0x000000008a600000, 0x000000008a600000, 0x000000008a700000|  0%| F|  |TAMS 0x000000008a600000, 0x000000008a600000| Untracked 
| 167|0x000000008a700000, 0x000000008a700000, 0x000000008a800000|  0%| F|  |TAMS 0x000000008a700000, 0x000000008a700000| Untracked 
| 168|0x000000008a800000, 0x000000008a800000, 0x000000008a900000|  0%| F|  |TAMS 0x000000008a800000, 0x000000008a800000| Untracked 
| 169|0x000000008a900000, 0x000000008a900000, 0x000000008aa00000|  0%| F|  |TAMS 0x000000008a900000, 0x000000008a900000| Untracked 
| 170|0x000000008aa00000, 0x000000008aa00000, 0x000000008ab00000|  0%| F|  |TAMS 0x000000008aa00000, 0x000000008aa00000| Untracked 
| 171|0x000000008ab00000, 0x000000008ab00000, 0x000000008ac00000|  0%| F|  |TAMS 0x000000008ab00000, 0x000000008ab00000| Untracked 
| 172|0x000000008ac00000, 0x000000008ac00000, 0x000000008ad00000|  0%| F|  |TAMS 0x000000008ac00000, 0x000000008ac00000| Untracked 
| 173|0x000000008ad00000, 0x000000008ad00000, 0x000000008ae00000|  0%| F|  |TAMS 0x000000008ad00000, 0x000000008ad00000| Untracked 
| 174|0x000000008ae00000, 0x000000008ae00000, 0x000000008af00000|  0%| F|  |TAMS 0x000000008ae00000, 0x000000008ae00000| Untracked 
| 175|0x000000008af00000, 0x000000008af00000, 0x000000008b000000|  0%| F|  |TAMS 0x000000008af00000, 0x000000008af00000| Untracked 
| 176|0x000000008b000000, 0x000000008b000000, 0x000000008b100000|  0%| F|  |TAMS 0x000000008b000000, 0x000000008b000000| Untracked 
| 177|0x000000008b100000, 0x000000008b100000, 0x000000008b200000|  0%| F|  |TAMS 0x000000008b100000, 0x000000008b100000| Untracked 
| 178|0x000000008b200000, 0x000000008b200000, 0x000000008b300000|  0%| F|  |TAMS 0x000000008b200000, 0x000000008b200000| Untracked 
| 179|0x000000008b300000, 0x000000008b300000, 0x000000008b400000|  0%| F|  |TAMS 0x000000008b300000, 0x000000008b300000| Untracked 
| 180|0x000000008b400000, 0x000000008b400000, 0x000000008b500000|  0%| F|  |TAMS 0x000000008b400000, 0x000000008b400000| Untracked 
| 181|0x000000008b500000, 0x000000008b500000, 0x000000008b600000|  0%| F|  |TAMS 0x000000008b500000, 0x000000008b500000| Untracked 
| 182|0x000000008b600000, 0x000000008b600000, 0x000000008b700000|  0%| F|  |TAMS 0x000000008b600000, 0x000000008b600000| Untracked 
| 183|0x000000008b700000, 0x000000008b700000, 0x000000008b800000|  0%| F|  |TAMS 0x000000008b700000, 0x000000008b700000| Untracked 
| 184|0x000000008b800000, 0x000000008b800000, 0x000000008b900000|  0%| F|  |TAMS 0x000000008b800000, 0x000000008b800000| Untracked 
| 185|0x000000008b900000, 0x000000008b900000, 0x000000008ba00000|  0%| F|  |TAMS 0x000000008b900000, 0x000000008b900000| Untracked 
| 186|0x000000008ba00000, 0x000000008ba00000, 0x000000008bb00000|  0%| F|  |TAMS 0x000000008ba00000, 0x000000008ba00000| Untracked 
| 187|0x000000008bb00000, 0x000000008bb00000, 0x000000008bc00000|  0%| F|  |TAMS 0x000000008bb00000, 0x000000008bb00000| Untracked 
| 188|0x000000008bc00000, 0x000000008bc00000, 0x000000008bd00000|  0%| F|  |TAMS 0x000000008bc00000, 0x000000008bc00000| Untracked 
| 189|0x000000008bd00000, 0x000000008bd00000, 0x000000008be00000|  0%| F|  |TAMS 0x000000008bd00000, 0x000000008bd00000| Untracked 
| 190|0x000000008be00000, 0x000000008be00000, 0x000000008bf00000|  0%| F|  |TAMS 0x000000008be00000, 0x000000008be00000| Untracked 
| 191|0x000000008bf00000, 0x000000008bf00000, 0x000000008c000000|  0%| F|  |TAMS 0x000000008bf00000, 0x000000008bf00000| Untracked 

Card table byte_map: [0x000001e074a80000,0x000001e074e80000] _byte_map_base: 0x000001e074680000

Marking Bits (Prev, Next): (CMBitMap*) 0x000001e05c92d218, (CMBitMap*) 0x000001e05c92d250
 Prev Bits: [0x000001e075280000, 0x000001e077280000)
 Next Bits: [0x000001e077280000, 0x000001e079280000)

Polling page: 0x000001e05c9d0000

Metaspace:

Usage:
  Non-class:     51.28 MB capacity,    50.43 MB ( 98%) used,   718.23 KB (  1%) free+waste,   151.38 KB ( <1%) overhead. 
      Class:      7.67 MB capacity,     7.17 MB ( 93%) used,   442.96 KB (  6%) free+waste,    71.06 KB ( <1%) overhead. 
       Both:     58.95 MB capacity,    57.60 MB ( 98%) used,     1.13 MB (  2%) free+waste,   222.44 KB ( <1%) overhead. 

Virtual space:
  Non-class space:       52.00 MB reserved,      51.31 MB ( 99%) committed 
      Class space:        1.00 GB reserved,       7.78 MB ( <1%) committed 
             Both:        1.05 GB reserved,      59.09 MB (  5%) committed 

Chunk freelists:
   Non-Class:  21.00 KB
       Class:  14.00 KB
        Both:  35.00 KB

MaxMetaspaceSize: 17179869184.00 GB
CompressedClassSpaceSize: 1.00 GB
Initial GC threshold: 20.80 MB
Current GC threshold: 59.09 MB
CDS: off

CodeHeap 'non-profiled nmethods': size=120064Kb used=3462Kb max_used=3462Kb free=116601Kb
 bounds [0x000001e06cb10000, 0x000001e06ce80000, 0x000001e074050000]
CodeHeap 'profiled nmethods': size=120000Kb used=12615Kb max_used=12615Kb free=107384Kb
 bounds [0x000001e0655e0000, 0x000001e066240000, 0x000001e06cb10000]
CodeHeap 'non-nmethods': size=5696Kb used=2317Kb max_used=2351Kb free=3378Kb
 bounds [0x000001e065050000, 0x000001e0652c0000, 0x000001e0655e0000]
 total_blobs=6812 nmethods=5991 adapters=733
 compilation: enabled
              stopped_count=0, restarted_count=0
 full_count=0

Compilation events (20 events):
Event: 24.305 Thread 0x000001e07b905000 5991       3       org.gradle.cache.Cache::get (14 bytes)
Event: 24.306 Thread 0x000001e07b905000 nmethod 5991 0x000001e06622cd10 code [0x000001e06622cf20, 0x000001e06622d588]
Event: 24.306 Thread 0x000001e07b905000 5992       3       org.gradle.cache.Cache$$Lambda$70/0x0000000100175440::get$Lambda (9 bytes)
Event: 24.306 Thread 0x000001e07b905000 nmethod 5992 0x000001e06622d790 code [0x000001e06622d960, 0x000001e06622dbb8]
Event: 24.306 Thread 0x000001e07b905000 5993       3       org.gradle.cache.Cache$$Lambda$70/0x0000000100175440::<init> (10 bytes)
Event: 24.306 Thread 0x000001e07b905000 nmethod 5993 0x000001e06622dc90 code [0x000001e06622de40, 0x000001e06622dff8]
Event: 24.306 Thread 0x000001e07b905000 5994       3       com.google.common.reflect.Types::newParameterizedTypeWithOwner (44 bytes)
Event: 24.307 Thread 0x000001e07b905000 nmethod 5994 0x000001e06622e090 code [0x000001e06622e360, 0x000001e06622f008]
Event: 24.307 Thread 0x000001e07b905000 5997       3       java.lang.reflect.AccessibleObject::checkAccess (40 bytes)
Event: 24.308 Thread 0x000001e07b905000 nmethod 5997 0x000001e06622f490 code [0x000001e06622f680, 0x000001e06622f9b8]
Event: 24.308 Thread 0x000001e07b905000 5995       3       com.google.common.reflect.Types::newParameterizedType (17 bytes)
Event: 24.308 Thread 0x000001e07b905000 nmethod 5995 0x000001e06622fb10 code [0x000001e06622fd40, 0x000001e0662302d8]
Event: 24.308 Thread 0x000001e07b905000 5996       3       com.google.common.reflect.Types$ParameterizedTypeImpl::<init> (55 bytes)
Event: 24.309 Thread 0x000001e07b905000 nmethod 5996 0x000001e066230510 code [0x000001e0662307a0, 0x000001e066231328]
Event: 24.309 Thread 0x000001e07b905000 5998       3       org.gradle.api.internal.provider.AbstractProperty::getValidationDisplayName (16 bytes)
Event: 24.309 Thread 0x000001e07b905000 nmethod 5998 0x000001e066231710 code [0x000001e0662318c0, 0x000001e066231a18]
Event: 24.409 Thread 0x000001e07b905000 5999       3       java.util.logging.LogManager::getProperty (9 bytes)
Event: 24.410 Thread 0x000001e07b905000 nmethod 5999 0x000001e066231a90 code [0x000001e066231c40, 0x000001e066231e08]
Event: 24.413 Thread 0x000001e07b903800 6000       4       java.lang.invoke.LambdaForm$BasicType::basicType (19 bytes)
Event: 24.420 Thread 0x000001e07b903800 nmethod 6000 0x000001e06ce71290 code [0x000001e06ce71460, 0x000001e06ce71728]

GC Heap History (19 events):
Event: 0.891 GC heap before
{Heap before GC invocations=0 (full 0):
 garbage-first heap   total 163840K, used 19456K [0x0000000080000000, 0x0000000100000000)
  region size 1024K, 14 young (14336K), 0 survivors (0K)
 Metaspace       used 6742K, capacity 6933K, committed 7168K, reserved 1056768K
  class space    used 570K, capacity 650K, committed 768K, reserved 1048576K
}
Event: 0.897 GC heap after
{Heap after GC invocations=1 (full 0):
 garbage-first heap   total 163840K, used 7612K [0x0000000080000000, 0x0000000100000000)
  region size 1024K, 2 young (2048K), 2 survivors (2048K)
 Metaspace       used 6742K, capacity 6933K, committed 7168K, reserved 1056768K
  class space    used 570K, capacity 650K, committed 768K, reserved 1048576K
}
Event: 1.382 GC heap before
{Heap before GC invocations=1 (full 0):
 garbage-first heap   total 163840K, used 18876K [0x0000000080000000, 0x0000000100000000)
  region size 1024K, 13 young (13312K), 2 survivors (2048K)
 Metaspace       used 10199K, capacity 10433K, committed 10624K, reserved 1058816K
  class space    used 1042K, capacity 1139K, committed 1152K, reserved 1048576K
}
Event: 1.387 GC heap after
{Heap after GC invocations=2 (full 0):
 garbage-first heap   total 163840K, used 9341K [0x0000000080000000, 0x0000000100000000)
  region size 1024K, 2 young (2048K), 2 survivors (2048K)
 Metaspace       used 10199K, capacity 10433K, committed 10624K, reserved 1058816K
  class space    used 1042K, capacity 1139K, committed 1152K, reserved 1048576K
}
Event: 2.209 GC heap before
{Heap before GC invocations=2 (full 0):
 garbage-first heap   total 163840K, used 36989K [0x0000000080000000, 0x0000000100000000)
  region size 1024K, 28 young (28672K), 2 survivors (2048K)
 Metaspace       used 11204K, capacity 11452K, committed 11520K, reserved 1058816K
  class space    used 1143K, capacity 1244K, committed 1280K, reserved 1048576K
}
Event: 2.217 GC heap after
{Heap after GC invocations=3 (full 0):
 garbage-first heap   total 163840K, used 12623K [0x0000000080000000, 0x0000000100000000)
  region size 1024K, 4 young (4096K), 4 survivors (4096K)
 Metaspace       used 11204K, capacity 11452K, committed 11520K, reserved 1058816K
  class space    used 1143K, capacity 1244K, committed 1280K, reserved 1048576K
}
Event: 4.433 GC heap before
{Heap before GC invocations=3 (full 0):
 garbage-first heap   total 163840K, used 51535K [0x0000000080000000, 0x0000000100000000)
  region size 1024K, 42 young (43008K), 4 survivors (4096K)
 Metaspace       used 17572K, capacity 17966K, committed 18176K, reserved 1064960K
  class space    used 2044K, capacity 2185K, committed 2304K, reserved 1048576K
}
Event: 4.442 GC heap after
{Heap after GC invocations=4 (full 0):
 garbage-first heap   total 163840K, used 16446K [0x0000000080000000, 0x0000000100000000)
  region size 1024K, 6 young (6144K), 6 survivors (6144K)
 Metaspace       used 17572K, capacity 17966K, committed 18176K, reserved 1064960K
  class space    used 2044K, capacity 2185K, committed 2304K, reserved 1048576K
}
Event: 4.935 GC heap before
{Heap before GC invocations=4 (full 0):
 garbage-first heap   total 163840K, used 41022K [0x0000000080000000, 0x0000000100000000)
  region size 1024K, 31 young (31744K), 6 survivors (6144K)
 Metaspace       used 20759K, capacity 21195K, committed 21296K, reserved 1069056K
  class space    used 2505K, capacity 2669K, committed 2688K, reserved 1048576K
}
Event: 4.946 GC heap after
{Heap after GC invocations=5 (full 0):
 garbage-first heap   total 163840K, used 17139K [0x0000000080000000, 0x0000000100000000)
  region size 1024K, 4 young (4096K), 4 survivors (4096K)
 Metaspace       used 20759K, capacity 21195K, committed 21296K, reserved 1069056K
  class space    used 2505K, capacity 2669K, committed 2688K, reserved 1048576K
}
Event: 5.913 GC heap before
{Heap before GC invocations=6 (full 0):
 garbage-first heap   total 163840K, used 68339K [0x0000000080000000, 0x0000000100000000)
  region size 1024K, 54 young (55296K), 4 survivors (4096K)
 Metaspace       used 25847K, capacity 26450K, committed 26620K, reserved 1073152K
  class space    used 3332K, capacity 3551K, committed 3660K, reserved 1048576K
}
Event: 5.926 GC heap after
{Heap after GC invocations=7 (full 0):
 garbage-first heap   total 196608K, used 19124K [0x0000000080000000, 0x0000000100000000)
  region size 1024K, 3 young (3072K), 3 survivors (3072K)
 Metaspace       used 25847K, capacity 26450K, committed 26620K, reserved 1073152K
  class space    used 3332K, capacity 3551K, committed 3660K, reserved 1048576K
}
Event: 7.494 GC heap before
{Heap before GC invocations=7 (full 0):
 garbage-first heap   total 196608K, used 81588K [0x0000000080000000, 0x0000000100000000)
  region size 1024K, 65 young (66560K), 3 survivors (3072K)
 Metaspace       used 35186K, capacity 35990K, committed 36048K, reserved 1081344K
  class space    used 4509K, capacity 4863K, committed 4896K, reserved 1048576K
}
Event: 7.513 GC heap after
{Heap after GC invocations=8 (full 0):
 garbage-first heap   total 196608K, used 22683K [0x0000000080000000, 0x0000000100000000)
  region size 1024K, 7 young (7168K), 7 survivors (7168K)
 Metaspace       used 35186K, capacity 35990K, committed 36048K, reserved 1081344K
  class space    used 4509K, capacity 4863K, committed 4896K, reserved 1048576K
}
Event: 10.106 GC heap before
{Heap before GC invocations=9 (full 0):
 garbage-first heap   total 196608K, used 107675K [0x0000000080000000, 0x0000000100000000)
  region size 1024K, 88 young (90112K), 7 survivors (7168K)
 Metaspace       used 41076K, capacity 42065K, committed 42192K, reserved 1085440K
  class space    used 5202K, capacity 5553K, committed 5664K, reserved 1048576K
}
Event: 10.131 GC heap after
{Heap after GC invocations=10 (full 0):
 garbage-first heap   total 196608K, used 28651K [0x0000000080000000, 0x0000000100000000)
  region size 1024K, 11 young (11264K), 11 survivors (11264K)
 Metaspace       used 41076K, capacity 42065K, committed 42192K, reserved 1085440K
  class space    used 5202K, capacity 5553K, committed 5664K, reserved 1048576K
}
Event: 18.326 GC heap before
{Heap before GC invocations=10 (full 0):
 garbage-first heap   total 196608K, used 135147K [0x0000000080000000, 0x0000000100000000)
  region size 1024K, 112 young (114688K), 11 survivors (11264K)
 Metaspace       used 47839K, capacity 49078K, committed 49232K, reserved 1091584K
  class space    used 6012K, capacity 6457K, committed 6560K, reserved 1048576K
}
Event: 18.357 GC heap after
{Heap after GC invocations=11 (full 0):
 garbage-first heap   total 196608K, used 39107K [0x0000000080000000, 0x0000000100000000)
  region size 1024K, 13 young (13312K), 13 survivors (13312K)
 Metaspace       used 47839K, capacity 49078K, committed 49232K, reserved 1091584K
  class space    used 6012K, capacity 6457K, committed 6560K, reserved 1048576K
}
Event: 24.457 GC heap before
{Heap before GC invocations=11 (full 0):
 garbage-first heap   total 196608K, used 127171K [0x0000000080000000, 0x0000000100000000)
  region size 1024K, 99 young (101376K), 13 survivors (13312K)
 Metaspace       used 58981K, capacity 60365K, committed 60508K, reserved 1101824K
  class space    used 7343K, capacity 7858K, committed 7968K, reserved 1048576K
}

Deoptimization events (20 events):
Event: 22.242 Thread 0x000001e07d9ea800 DEOPT PACKING pc=0x000001e065847397 sp=0x000000d3a5bf6b30
Event: 22.242 Thread 0x000001e07d9ea800 DEOPT UNPACKING pc=0x000001e06509a95e sp=0x000000d3a5bf60b8 mode 0
Event: 22.247 Thread 0x000001e07d9ea800 DEOPT PACKING pc=0x000001e065847397 sp=0x000000d3a5bf6940
Event: 22.247 Thread 0x000001e07d9ea800 DEOPT UNPACKING pc=0x000001e06509a95e sp=0x000000d3a5bf5ec8 mode 0
Event: 22.250 Thread 0x000001e07d9ea800 DEOPT PACKING pc=0x000001e065847397 sp=0x000000d3a5bf6940
Event: 22.250 Thread 0x000001e07d9ea800 DEOPT UNPACKING pc=0x000001e06509a95e sp=0x000000d3a5bf5ec8 mode 0
Event: 22.253 Thread 0x000001e07d9ea800 DEOPT PACKING pc=0x000001e065847397 sp=0x000000d3a5bf6b30
Event: 22.253 Thread 0x000001e07d9ea800 DEOPT UNPACKING pc=0x000001e06509a95e sp=0x000000d3a5bf60b8 mode 0
Event: 22.255 Thread 0x000001e07d9ea800 DEOPT PACKING pc=0x000001e065847397 sp=0x000000d3a5bf6a20
Event: 22.255 Thread 0x000001e07d9ea800 DEOPT UNPACKING pc=0x000001e06509a95e sp=0x000000d3a5bf5fa8 mode 0
Event: 22.257 Thread 0x000001e07d9ea800 DEOPT PACKING pc=0x000001e065847397 sp=0x000000d3a5bf6a20
Event: 22.257 Thread 0x000001e07d9ea800 DEOPT UNPACKING pc=0x000001e06509a95e sp=0x000000d3a5bf5fa8 mode 0
Event: 22.258 Thread 0x000001e07d9ea800 DEOPT PACKING pc=0x000001e065847397 sp=0x000000d3a5bf6a20
Event: 22.258 Thread 0x000001e07d9ea800 DEOPT UNPACKING pc=0x000001e06509a95e sp=0x000000d3a5bf5fa8 mode 0
Event: 22.260 Thread 0x000001e07d9ea800 DEOPT PACKING pc=0x000001e065847397 sp=0x000000d3a5bf6a20
Event: 22.260 Thread 0x000001e07d9ea800 DEOPT UNPACKING pc=0x000001e06509a95e sp=0x000000d3a5bf5fa8 mode 0
Event: 22.536 Thread 0x000001e07d9ea800 Uncommon trap: trap_request=0xffffff4d fr.pc=0x000001e06ce25304 relative=0x0000000000000324
Event: 22.536 Thread 0x000001e07d9ea800 Uncommon trap: reason=unstable_if action=reinterpret pc=0x000001e06ce25304 method=org.gradle.internal.instantiation.generator.AbstractClassGenerator$InjectionAnnotationValidator.validateMethod(Ljava/lang/reflect/Method;Lorg/gradle/internal/reflect/Propert
Event: 22.536 Thread 0x000001e07d9ea800 DEOPT PACKING pc=0x000001e06ce25304 sp=0x000000d3a5bf7f10
Event: 22.536 Thread 0x000001e07d9ea800 DEOPT UNPACKING pc=0x000001e06509a1af sp=0x000000d3a5bf7ed8 mode 2

Classes redefined (0 events):
No events

Internal exceptions (20 events):
Event: 20.227 Thread 0x000001e07e054000 Exception <a 'java/lang/NoSuchMethodError'{0x000000008bf67a10}: <clinit>> (0x000000008bf67a10) thrown at [./src/hotspot/share/prims/jni.cpp, line 1366]
Event: 20.237 Thread 0x000001e07e054000 Exception <a 'java/lang/NoSuchMethodError'{0x000000008b38f360}: <clinit>> (0x000000008b38f360) thrown at [./src/hotspot/share/prims/jni.cpp, line 1366]
Event: 20.238 Thread 0x000001e07e054000 Exception <a 'java/lang/NoSuchMethodError'{0x000000008b390470}: <clinit>> (0x000000008b390470) thrown at [./src/hotspot/share/prims/jni.cpp, line 1366]
Event: 20.238 Thread 0x000001e07e054000 Exception <a 'java/lang/NoSuchMethodError'{0x000000008b391778}: <clinit>> (0x000000008b391778) thrown at [./src/hotspot/share/prims/jni.cpp, line 1366]
Event: 20.238 Thread 0x000001e07e054000 Exception <a 'java/lang/NoSuchMethodError'{0x000000008b392798}: <clinit>> (0x000000008b392798) thrown at [./src/hotspot/share/prims/jni.cpp, line 1366]
Event: 20.240 Thread 0x000001e07e054000 Exception <a 'java/lang/NoSuchMethodError'{0x000000008b3db4e8}: <clinit>> (0x000000008b3db4e8) thrown at [./src/hotspot/share/prims/jni.cpp, line 1366]
Event: 20.242 Thread 0x000001e07e054000 Exception <a 'java/lang/NoSuchMethodError'{0x000000008b3e57f0}: <clinit>> (0x000000008b3e57f0) thrown at [./src/hotspot/share/prims/jni.cpp, line 1366]
Event: 20.246 Thread 0x000001e07e054000 Exception <a 'java/lang/NoSuchMethodError'{0x000000008b3f9160}: <clinit>> (0x000000008b3f9160) thrown at [./src/hotspot/share/prims/jni.cpp, line 1366]
Event: 20.367 Thread 0x000001e07d9ea800 Exception <a 'java/lang/ClassNotFoundException'{0x000000008b2b3408}: build_7w2y2khbuiq3syfxea984jt0aBeanInfo> (0x000000008b2b3408) thrown at [./src/hotspot/share/classfile/systemDictionary.cpp, line 230]
Event: 20.367 Thread 0x000001e07d9ea800 Exception <a 'java/lang/ClassNotFoundException'{0x000000008b2be3c0}: build_7w2y2khbuiq3syfxea984jt0aCustomizer> (0x000000008b2be3c0) thrown at [./src/hotspot/share/classfile/systemDictionary.cpp, line 230]
Event: 20.440 Thread 0x000001e07d9ea800 Exception <a 'java/lang/ClassNotFoundException'{0x000000008b047460}: org/gradle/api/internal/plugins/DefaultObjectConfigurationActionBeanInfo> (0x000000008b047460) thrown at [./src/hotspot/share/classfile/systemDictionary.cpp, line 230]
Event: 20.441 Thread 0x000001e07d9ea800 Exception <a 'java/lang/ClassNotFoundException'{0x000000008b07c550}: org/gradle/api/internal/plugins/DefaultObjectConfigurationActionCustomizer> (0x000000008b07c550) thrown at [./src/hotspot/share/classfile/systemDictionary.cpp, line 230]
Event: 21.275 Thread 0x000001e07d9ea800 Exception <a 'java/lang/NoSuchMethodError'{0x000000008a6edd68}: 'java.lang.Object java.lang.invoke.DirectMethodHandle$Holder.invokeStatic(java.lang.Object, java.lang.Object, java.lang.Object, java.lang.Object, int)'> (0x000000008a6edd68) thrown at [./src/hotspot/share/interpreter/linkResolver.cpp, line 773]
Event: 21.276 Thread 0x000001e07d9ea800 Exception <a 'java/lang/NoSuchMethodError'{0x000000008a6f2760}: 'java.lang.Object java.lang.invoke.DirectMethodHandle$Holder.invokeSpecial(java.lang.Object, java.lang.Object, java.lang.Object, java.lang.Object, java.lang.Object, int)'> (0x000000008a6f2760) thrown at [./src/hotspot/share/interpreter/linkResolver.cpp, line 773]
Event: 21.276 Thread 0x000001e07d9ea800 Exception <a 'java/lang/NoSuchMethodError'{0x000000008a6f6da0}: 'java.lang.Object java.lang.invoke.Invokers$Holder.linkToTargetMethod(java.lang.Object, java.lang.Object, java.lang.Object, int, java.lang.Object)'> (0x000000008a6f6da0) thrown at [./src/hotspot/share/interpreter/linkResolver.cpp, line 773]
Event: 22.026 Thread 0x000001e07d9ea800 Exception <a 'java/lang/NoSuchMethodError'{0x00000000896113e0}: 'java.lang.Object java.lang.invoke.DirectMethodHandle$Holder.invokeSpecial(java.lang.Object, java.lang.Object, int, int, java.lang.Object, java.lang.Object, java.lang.Object)'> (0x00000000896113e0) thrown at [./src/hotspot/share/interpreter/linkResolver.cpp, line 773]
Event: 22.027 Thread 0x000001e07d9ea800 Exception <a 'java/lang/NoSuchMethodError'{0x0000000089615960}: 'java.lang.Object java.lang.invoke.DelegatingMethodHandle$Holder.reinvoke_L(java.lang.Object, int, int, java.lang.Object, java.lang.Object, java.lang.Object)'> (0x0000000089615960) thrown at [./src/hotspot/share/interpreter/linkResolver.cpp, line 773]
Event: 22.505 Thread 0x000001e07d9ea800 Exception <a 'java/lang/NoSuchMethodError'{0x0000000088a838d0}: 'int java.lang.invoke.DirectMethodHandle$Holder.invokeInterface(java.lang.Object, java.lang.Object, java.lang.Object, java.lang.Object)'> (0x0000000088a838d0) thrown at [./src/hotspot/share/interpreter/linkResolver.cpp, line 773]
Event: 24.014 Thread 0x000001e07d9ea800 Exception <a 'java/lang/NoSuchMethodError'{0x000000008732a518}: 'void java.lang.invoke.DirectMethodHandle$Holder.invokeInterface(java.lang.Object, java.lang.Object, java.lang.Object, java.lang.Object)'> (0x000000008732a518) thrown at [./src/hotspot/share/interpreter/linkResolver.cpp, line 773]
Event: 24.413 Thread 0x000001e07d9ea800 Exception <a 'java/lang/IncompatibleClassChangeError'{0x0000000086a03448}: Found class java.lang.Object, but interface was expected> (0x0000000086a03448) thrown at [./src/hotspot/share/interpreter/linkResolver.cpp, line 839]

Events (20 events):
Event: 24.437 loading class javax/management/openmbean/TabularData
Event: 24.437 loading class javax/management/openmbean/TabularData done
Event: 24.437 loading class com/sun/jmx/mbeanserver/DefaultMXBeanMappingFactory$IdentityMapping
Event: 24.438 loading class com/sun/jmx/mbeanserver/DefaultMXBeanMappingFactory$NonNullMXBeanMapping
Event: 24.438 loading class com/sun/jmx/mbeanserver/MXBeanMapping
Event: 24.439 loading class com/sun/jmx/mbeanserver/MXBeanMapping done
Event: 24.439 loading class com/sun/jmx/mbeanserver/DefaultMXBeanMappingFactory$NonNullMXBeanMapping done
Event: 24.439 loading class com/sun/jmx/mbeanserver/DefaultMXBeanMappingFactory$IdentityMapping done
Event: 24.439 loading class javax/management/openmbean/ArrayType
Event: 24.441 loading class javax/management/openmbean/ArrayType done
Event: 24.442 loading class com/sun/jmx/mbeanserver/MBeanAnalyzer$AttrMethods
Event: 24.442 loading class com/sun/jmx/mbeanserver/MBeanAnalyzer$AttrMethods done
Event: 24.442 loading class com/sun/jmx/mbeanserver/DefaultMXBeanMappingFactory$CollectionMapping
Event: 24.443 loading class com/sun/jmx/mbeanserver/DefaultMXBeanMappingFactory$CollectionMapping done
Event: 24.443 loading class javax/management/openmbean/CompositeType
Event: 24.456 loading class javax/management/openmbean/CompositeType done
Event: 24.456 loading class javax/management/openmbean/TabularType
Event: 24.457 loading class javax/management/openmbean/TabularType done
Event: 24.457 loading class com/sun/jmx/mbeanserver/DefaultMXBeanMappingFactory$TabularMapping
Event: 24.457 Executing VM operation: CollectForMetadataAllocation


Dynamic libraries:
0x00007ff79a430000 - 0x00007ff79a43d000 	C:\Users\muham\.jdks\temurin-11.0.14.1\bin\java.exe
0x00007ffba8430000 - 0x00007ffba8625000 	C:\WINDOWS\SYSTEM32\ntdll.dll
0x00007ffba8330000 - 0x00007ffba83ee000 	C:\WINDOWS\System32\KERNEL32.DLL
0x00007ffba5e00000 - 0x00007ffba60c8000 	C:\WINDOWS\System32\KERNELBASE.dll
0x00007ffba6380000 - 0x00007ffba6480000 	C:\WINDOWS\System32\ucrtbase.dll
0x00007ffb968c0000 - 0x00007ffb968d7000 	C:\Users\muham\.jdks\temurin-11.0.14.1\bin\jli.dll
0x00007ffb992c0000 - 0x00007ffb992d5000 	C:\Users\muham\.jdks\temurin-11.0.14.1\bin\VCRUNTIME140.dll
0x00007ffba6c20000 - 0x00007ffba6dc0000 	C:\WINDOWS\System32\USER32.dll
0x00007ffb94870000 - 0x00007ffb94b0a000 	C:\WINDOWS\WinSxS\amd64_microsoft.windows.common-controls_6595b64144ccf1df_6.0.19041.1110_none_60b5254171f9507e\COMCTL32.dll
0x00007ffba6120000 - 0x00007ffba6142000 	C:\WINDOWS\System32\win32u.dll
0x00007ffba7ac0000 - 0x00007ffba7aeb000 	C:\WINDOWS\System32\GDI32.dll
0x00007ffba7a20000 - 0x00007ffba7abe000 	C:\WINDOWS\System32\msvcrt.dll
0x00007ffba5bb0000 - 0x00007ffba5cbd000 	C:\WINDOWS\System32\gdi32full.dll
0x00007ffba6150000 - 0x00007ffba61ed000 	C:\WINDOWS\System32\msvcp_win.dll
0x00007ffba7c30000 - 0x00007ffba7c60000 	C:\WINDOWS\System32\IMM32.DLL
0x00007ffb65ab0000 - 0x00007ffb65b4b000 	C:\Users\muham\.jdks\temurin-11.0.14.1\bin\msvcp140.dll
0x00007ffb60e60000 - 0x00007ffb619e1000 	C:\Users\muham\.jdks\temurin-11.0.14.1\bin\server\jvm.dll
0x00007ffba6530000 - 0x00007ffba65de000 	C:\WINDOWS\System32\ADVAPI32.dll
0x00007ffba6b20000 - 0x00007ffba6bbc000 	C:\WINDOWS\System32\sechost.dll
0x00007ffba71a0000 - 0x00007ffba72c5000 	C:\WINDOWS\System32\RPCRT4.dll
0x00007ffba7af0000 - 0x00007ffba7af8000 	C:\WINDOWS\System32\PSAPI.DLL
0x00007ffba3b00000 - 0x00007ffba3b09000 	C:\WINDOWS\SYSTEM32\WSOCK32.dll
0x00007ffb98ba0000 - 0x00007ffb98bc7000 	C:\WINDOWS\SYSTEM32\WINMM.dll
0x00007ffba70c0000 - 0x00007ffba712b000 	C:\WINDOWS\System32\WS2_32.dll
0x00007ffb9d620000 - 0x00007ffb9d62a000 	C:\WINDOWS\SYSTEM32\VERSION.dll
0x00007ffba3c10000 - 0x00007ffba3c22000 	C:\WINDOWS\SYSTEM32\kernel.appcore.dll
0x00007ffb984f0000 - 0x00007ffb98500000 	C:\Users\muham\.jdks\temurin-11.0.14.1\bin\verify.dll
0x00007ffba38f0000 - 0x00007ffba3ad4000 	C:\WINDOWS\SYSTEM32\DBGHELP.DLL
0x00007ffb88110000 - 0x00007ffb8813c000 	C:\WINDOWS\SYSTEM32\dbgcore.DLL
0x00007ffba5d70000 - 0x00007ffba5df2000 	C:\WINDOWS\System32\bcryptPrimitives.dll
0x00007ffb79990000 - 0x00007ffb799b8000 	C:\Users\muham\.jdks\temurin-11.0.14.1\bin\java.dll
0x00007ffb98390000 - 0x00007ffb9839a000 	C:\Users\muham\.jdks\temurin-11.0.14.1\bin\jimage.dll
0x00007ffb94b10000 - 0x00007ffb94b28000 	C:\Users\muham\.jdks\temurin-11.0.14.1\bin\zip.dll
0x00007ffba72d0000 - 0x00007ffba7a14000 	C:\WINDOWS\System32\SHELL32.dll
0x00007ffba3c30000 - 0x00007ffba43c4000 	C:\WINDOWS\SYSTEM32\windows.storage.dll
0x00007ffba6740000 - 0x00007ffba6a95000 	C:\WINDOWS\System32\combase.dll
0x00007ffba5590000 - 0x00007ffba55be000 	C:\WINDOWS\SYSTEM32\Wldp.dll
0x00007ffba6480000 - 0x00007ffba652d000 	C:\WINDOWS\System32\SHCORE.dll
0x00007ffba80e0000 - 0x00007ffba8135000 	C:\WINDOWS\System32\shlwapi.dll
0x00007ffba5a80000 - 0x00007ffba5a9f000 	C:\WINDOWS\SYSTEM32\profapi.dll
0x00007ffb80430000 - 0x00007ffb80449000 	C:\Users\muham\.jdks\temurin-11.0.14.1\bin\net.dll
0x00007ffb981c0000 - 0x00007ffb982cc000 	C:\WINDOWS\SYSTEM32\WINHTTP.dll
0x00007ffba52f0000 - 0x00007ffba535a000 	C:\WINDOWS\system32\mswsock.dll
0x00007ffb7c150000 - 0x00007ffb7c163000 	C:\Users\muham\.jdks\temurin-11.0.14.1\bin\nio.dll
0x00007ffb799c0000 - 0x00007ffb799e7000 	C:\Users\muham\.gradle\native\e1d6ef7f7dcc3fd88c89a11ec53ec762bb8ba0a96d01ffa2cd45eb1d1d8dd5c5\windows-amd64\native-platform.dll
0x00007ffb65960000 - 0x00007ffb65aa4000 	C:\Users\muham\.gradle\native\5664cfc778a61ccfe75a443a1ab52a65af34e5dc3c78e0209fed803814484fcb\windows-amd64\native-platform-file-events.dll
0x00007ffb97340000 - 0x00007ffb97349000 	C:\Users\muham\.jdks\temurin-11.0.14.1\bin\management.dll
0x00007ffb972a0000 - 0x00007ffb972ab000 	C:\Users\muham\.jdks\temurin-11.0.14.1\bin\management_ext.dll
0x00007ffba54e0000 - 0x00007ffba54f8000 	C:\WINDOWS\SYSTEM32\CRYPTSP.dll
0x00007ffba4c00000 - 0x00007ffba4c34000 	C:\WINDOWS\system32\rsaenh.dll
0x00007ffba6350000 - 0x00007ffba6377000 	C:\WINDOWS\System32\bcrypt.dll
0x00007ffba5a00000 - 0x00007ffba5a2e000 	C:\WINDOWS\SYSTEM32\USERENV.dll
0x00007ffba5500000 - 0x00007ffba550c000 	C:\WINDOWS\SYSTEM32\CRYPTBASE.dll
0x00007ffba4f90000 - 0x00007ffba4fcb000 	C:\WINDOWS\SYSTEM32\IPHLPAPI.DLL
0x00007ffba7190000 - 0x00007ffba7198000 	C:\WINDOWS\System32\NSI.dll
0x00007ffb9a910000 - 0x00007ffb9a927000 	C:\WINDOWS\SYSTEM32\dhcpcsvc6.DLL
0x00007ffb9aa20000 - 0x00007ffb9aa3d000 	C:\WINDOWS\SYSTEM32\dhcpcsvc.DLL
0x00007ffba4fe0000 - 0x00007ffba50ab000 	C:\WINDOWS\SYSTEM32\DNSAPI.dll

dbghelp: loaded successfully - version: 4.0.5 - missing functions: none
symbol engine: initialized successfully - sym options: 0x614 - pdb path: .;C:\Users\muham\.jdks\temurin-11.0.14.1\bin;C:\WINDOWS\SYSTEM32;C:\WINDOWS\WinSxS\amd64_microsoft.windows.common-controls_6595b64144ccf1df_6.0.19041.1110_none_60b5254171f9507e;C:\Users\muham\.jdks\temurin-11.0.14.1\bin\server;C:\Users\muham\.gradle\native\e1d6ef7f7dcc3fd88c89a11ec53ec762bb8ba0a96d01ffa2cd45eb1d1d8dd5c5\windows-amd64;C:\Users\muham\.gradle\native\5664cfc778a61ccfe75a443a1ab52a65af34e5dc3c78e0209fed803814484fcb\windows-amd64

VM Arguments:
jvm_args: --add-opens=java.base/java.util=ALL-UNNAMED --add-opens=java.base/java.lang=ALL-UNNAMED --add-opens=java.base/java.lang.invoke=ALL-UNNAMED --add-opens=java.base/java.util=ALL-UNNAMED --add-opens=java.prefs/java.util.prefs=ALL-UNNAMED --add-opens=java.prefs/java.util.prefs=ALL-UNNAMED --add-opens=java.base/java.nio.charset=ALL-UNNAMED --add-opens=java.base/java.net=ALL-UNNAMED --add-opens=java.base/java.util.concurrent.atomic=ALL-UNNAMED -Xmx2048m -Dfile.encoding=UTF-8 -Duser.country=ID -Duser.language=en -Duser.variant 
java_command: org.gradle.launcher.daemon.bootstrap.GradleDaemon 7.2
java_class_path (initial): C:\Users\muham\.gradle\wrapper\dists\gradle-7.2-bin\2dnblmf4td7x66yl1d74lt32g\gradle-7.2\lib\gradle-launcher-7.2.jar
Launcher Type: SUN_STANDARD

[Global flags]
     intx CICompilerCount                          = 3                                         {product} {ergonomic}
     uint ConcGCThreads                            = 1                                         {product} {ergonomic}
     uint G1ConcRefinementThreads                  = 4                                         {product} {ergonomic}
   size_t G1HeapRegionSize                         = 1048576                                   {product} {ergonomic}
    uintx GCDrainStackTargetSize                   = 64                                        {product} {ergonomic}
   size_t InitialHeapSize                          = 167772160                                 {product} {ergonomic}
   size_t MarkStackSize                            = 4194304                                   {product} {ergonomic}
   size_t MaxHeapSize                              = 2147483648                                {product} {command line}
   size_t MaxNewSize                               = 1287651328                                {product} {ergonomic}
   size_t MinHeapDeltaBytes                        = 1048576                                   {product} {ergonomic}
    uintx NonNMethodCodeHeapSize                   = 5830732                                {pd product} {ergonomic}
    uintx NonProfiledCodeHeapSize                  = 122913754                              {pd product} {ergonomic}
    uintx ProfiledCodeHeapSize                     = 122913754                              {pd product} {ergonomic}
    uintx ReservedCodeCacheSize                    = 251658240                              {pd product} {ergonomic}
     bool SegmentedCodeCache                       = true                                      {product} {ergonomic}
     bool UseCompressedClassPointers               = true                                 {lp64_product} {ergonomic}
     bool UseCompressedOops                        = true                                 {lp64_product} {ergonomic}
     bool UseG1GC                                  = true                                      {product} {ergonomic}
     bool UseLargePagesIndividualAllocation        = false                                  {pd product} {ergonomic}

Logging:
Log output configuration:
 #0: stdout all=warning uptime,level,tags
 #1: stderr all=off uptime,level,tags

Environment Variables:
JAVA_HOME=C:\Program Files\Java\jdk1.8.0_111
PATH=C:\ProgramData\Oracle\Java\javapath;C:\Windows\system32;C:\Windows;C:\Windows\System32\Wbem;C:\Windows\System32\WindowsPowerShell\v1.0\;C:\Windows\System32\OpenSSH\;C:\Program Files (x86)\NVIDIA Corporation\PhysX\Common;C:\Program Files\NVIDIA Corporation\NVIDIA NvDLISR;C:\Program Files\Java\jdk1.8.0_111;C:\Program Files\Java\jdk1.8.0_111\bin;C:\WINDOWS\system32;C:\WINDOWS;C:\WINDOWS\System32\Wbem;C:\WINDOWS\System32\WindowsPowerShell\v1.0\;C:\WINDOWS\System32\OpenSSH\;C:\Program Files\nodejs\;C:\xampp\php\;C:\Program Files\Git\cmd;C:\Users\muham\AppData\Local\Microsoft\WindowsApps;C:\Users\muham\AppData\Local\Programs\Microsoft VS Code\bin;flutter\bin;C:\Users\muham\AppData\Roaming\npm;
USERNAME=muham
OS=Windows_NT
PROCESSOR_IDENTIFIER=Intel64 Family 6 Model 61 Stepping 4, GenuineIntel



---------------  S Y S T E M  ---------------

OS: Windows 10 , 64 bit Build 19041 (10.0.19041.1503)
OS uptime: 2 days 23:27 hours

CPU:total 4 (initial active 4) (2 cores per cpu, 2 threads per core) family 6 model 61 stepping 4 microcode 0x2d, cmov, cx8, fxsr, mmx, sse, sse2, sse3, ssse3, sse4.1, sse4.2, popcnt, avx, avx2, aes, clmul, erms, 3dnowpref, lzcnt, ht, tsc, tscinvbit, bmi1, bmi2, adx, fma

Memory: 4k page, system-wide physical 10139M (3390M free)
TotalPageFile size 11163M (AvailPageFile size 24M)
current process WorkingSet (physical memory assigned to process): 329M, peak: 329M
current process commit charge ("private bytes"): 403M, peak: 442M

vm_info: OpenJDK 64-Bit Server VM (11.0.14.1+1) for windows-amd64 JRE (11.0.14.1+1), built on Feb  9 2022 01:48:27 by "" with unknown MS VC++:1916

END.
