#
# There is insufficient memory for the Java Runtime Environment to continue.
# Native memory allocation (malloc) failed to allocate 507056 bytes for Chunk::new
# Possible reasons:
#   The system is out of physical RAM or swap space
#   The process is running with CompressedOops enabled, and the Java Heap may be blocking the growth of the native heap
# Possible solutions:
#   Reduce memory load on the system
#   Increase physical memory or swap space
#   Check if swap backing store is full
#   Decrease Java heap size (-Xmx/-Xms)
#   Decrease number of Java threads
#   Decrease Java thread stack sizes (-Xss)
#   Set larger code cache with -XX:ReservedCodeCacheSize=
#   JVM is running with Unscaled Compressed Oops mode in which the Java heap is
#     placed in the first 4GB address space. The Java Heap base address is the
#     maximum limit for the native heap growth. Please use -XX:HeapBaseMinAddress
#     to set the Java Heap base and to place the Java Heap above 4GB virtual address.
# This output file may be truncated or incomplete.
#
#  Out of Memory Error (./src/hotspot/share/memory/arena.cpp:197), pid=15156, tid=4224
#
# JRE version: OpenJDK Runtime Environment (11.0.12+7) (build 11.0.12+7-b1504.28-7817840)
# Java VM: OpenJDK 64-Bit Server VM (11.0.12+7-b1504.28-7817840, mixed mode, tiered, compressed oops, g1 gc, windows-amd64)
# No core dump will be written. Minidumps are not enabled by default on client versions of Windows
#

---------------  S U M M A R Y ------------

Command Line: --add-opens=java.base/java.util=ALL-UNNAMED --add-opens=java.base/java.lang=ALL-UNNAMED --add-opens=java.base/java.lang.invoke=ALL-UNNAMED --add-opens=java.base/java.util=ALL-UNNAMED --add-opens=java.prefs/java.util.prefs=ALL-UNNAMED --add-opens=java.prefs/java.util.prefs=ALL-UNNAMED --add-opens=java.base/java.nio.charset=ALL-UNNAMED --add-opens=java.base/java.net=ALL-UNNAMED --add-opens=java.base/java.util.concurrent.atomic=ALL-UNNAMED -Xmx2048m -Dfile.encoding=UTF-8 -Duser.country=ID -Duser.language=en -Duser.variant org.gradle.launcher.daemon.bootstrap.GradleDaemon 7.5.1

Host: Intel(R) Core(TM) i3-5010U CPU @ 2.10GHz, 4 cores, 9G,  Windows 10 , 64 bit Build 19041 (10.0.19041.1806)
Time: Wed Sep 28 07:51:33 2022 SE Asia Standard Time elapsed time: 23.186496 seconds (0d 0h 0m 23s)

---------------  T H R E A D  ---------------

Current thread (0x0000025ee29e2000):  JavaThread "C2 CompilerThread0" daemon [_thread_in_native, id=4224, stack(0x000000a45c400000,0x000000a45c500000)]


Current CompileTask:
C2:  23186 5938       4       java.util.zip.ZipFile$Source::initCEN (697 bytes)

Stack: [0x000000a45c400000,0x000000a45c500000]
Native frames: (J=compiled Java code, j=interpreted, Vv=VM code, C=native code)
V  [jvm.dll+0x5fbcea]
V  [jvm.dll+0x731905]
V  [jvm.dll+0x732f1d]
V  [jvm.dll+0x7335d3]
V  [jvm.dll+0x247bf8]
V  [jvm.dll+0xc018c]
V  [jvm.dll+0xc06cc]
V  [jvm.dll+0x35b31d]
V  [jvm.dll+0x19d0bc]
V  [jvm.dll+0x20070e]
V  [jvm.dll+0x1ff794]
V  [jvm.dll+0x18868c]
V  [jvm.dll+0x20e0d7]
V  [jvm.dll+0x20c901]
V  [jvm.dll+0x6f9b7f]
V  [jvm.dll+0x6f26a5]
V  [jvm.dll+0x5fabf6]
C  [ucrtbase.dll+0x21bb2]
C  [KERNEL32.DLL+0x17034]
C  [ntdll.dll+0x52651]


---------------  P R O C E S S  ---------------

Threads class SMR info:
_java_thread_list=0x0000025ee9819b80, length=36, elements={
0x0000025ec8452800, 0x0000025ee2059000, 0x0000025ee205d000, 0x0000025ee29d4800,
0x0000025ee29d8000, 0x0000025ee29d9800, 0x0000025ee29e2000, 0x0000025ee2072000,
0x0000025ee2074000, 0x0000025ee2b2d000, 0x0000025ee4a03000, 0x0000025ee2d8c000,
0x0000025ee49ae800, 0x0000025ee4aab800, 0x0000025ee39a9800, 0x0000025ee49ed800,
0x0000025ee437f800, 0x0000025ee4380000, 0x0000025ee37f7000, 0x0000025ee4f75000,
0x0000025ee4f6f000, 0x0000025ee4f70000, 0x0000025ee4f72800, 0x0000025ee4f71800,
0x0000025ee4f75800, 0x0000025ee4f71000, 0x0000025ee4f73800, 0x0000025ee4f74000,
0x0000025ee7ef4800, 0x0000025ee7ef5000, 0x0000025ee7ef6000, 0x0000025ee7ef3800,
0x0000025ee7ef0800, 0x0000025ee7ef2800, 0x0000025ee7ef7000, 0x0000025ee4f77000
}

Java Threads: ( => current thread )
  0x0000025ec8452800 JavaThread "main" [_thread_blocked, id=7980, stack(0x000000a45b800000,0x000000a45b900000)]
  0x0000025ee2059000 JavaThread "Reference Handler" daemon [_thread_blocked, id=11080, stack(0x000000a45bf00000,0x000000a45c000000)]
  0x0000025ee205d000 JavaThread "Finalizer" daemon [_thread_blocked, id=4124, stack(0x000000a45c000000,0x000000a45c100000)]
  0x0000025ee29d4800 JavaThread "Signal Dispatcher" daemon [_thread_blocked, id=2148, stack(0x000000a45c100000,0x000000a45c200000)]
  0x0000025ee29d8000 JavaThread "Attach Listener" daemon [_thread_blocked, id=14028, stack(0x000000a45c200000,0x000000a45c300000)]
  0x0000025ee29d9800 JavaThread "Service Thread" daemon [_thread_blocked, id=7496, stack(0x000000a45c300000,0x000000a45c400000)]
=>0x0000025ee29e2000 JavaThread "C2 CompilerThread0" daemon [_thread_in_native, id=4224, stack(0x000000a45c400000,0x000000a45c500000)]
  0x0000025ee2072000 JavaThread "C1 CompilerThread0" daemon [_thread_in_vm, id=14240, stack(0x000000a45c500000,0x000000a45c600000)]
  0x0000025ee2074000 JavaThread "Sweeper thread" daemon [_thread_blocked, id=6108, stack(0x000000a45c600000,0x000000a45c700000)]
  0x0000025ee2b2d000 JavaThread "Common-Cleaner" daemon [_thread_blocked, id=14340, stack(0x000000a45c700000,0x000000a45c800000)]
  0x0000025ee4a03000 JavaThread "Daemon health stats" [_thread_blocked, id=8512, stack(0x000000a45cc00000,0x000000a45cd00000)]
  0x0000025ee2d8c000 JavaThread "Incoming local TCP Connector on port 49829" [_thread_in_native, id=13732, stack(0x000000a45c900000,0x000000a45ca00000)]
  0x0000025ee49ae800 JavaThread "Daemon periodic checks" [_thread_blocked, id=14432, stack(0x000000a45cd00000,0x000000a45ce00000)]
  0x0000025ee4aab800 JavaThread "Daemon" [_thread_blocked, id=8912, stack(0x000000a45ce00000,0x000000a45cf00000)]
  0x0000025ee39a9800 JavaThread "Handler for socket connection from /127.0.0.1:49829 to /127.0.0.1:49830" [_thread_in_native, id=8688, stack(0x000000a45cf00000,0x000000a45d000000)]
  0x0000025ee49ed800 JavaThread "Cancel handler" [_thread_blocked, id=5828, stack(0x000000a45d100000,0x000000a45d200000)]
  0x0000025ee437f800 JavaThread "Daemon worker" [_thread_blocked, id=12696, stack(0x000000a45d200000,0x000000a45d300000)]
  0x0000025ee4380000 JavaThread "Asynchronous log dispatcher for DefaultDaemonConnection: socket connection from /127.0.0.1:49829 to /127.0.0.1:49830" [_thread_blocked, id=10916, stack(0x000000a45d300000,0x000000a45d400000)]
  0x0000025ee37f7000 JavaThread "Stdin handler" [_thread_blocked, id=3476, stack(0x000000a45d400000,0x000000a45d500000)]
  0x0000025ee4f75000 JavaThread "Daemon client event forwarder" [_thread_blocked, id=10204, stack(0x000000a45d500000,0x000000a45d600000)]
  0x0000025ee4f6f000 JavaThread "Cache worker for journal cache (C:\Users\muham\.gradle\caches\journal-1)" [_thread_in_native, id=15172, stack(0x000000a45d700000,0x000000a45d800000)]
  0x0000025ee4f70000 JavaThread "File lock request listener" [_thread_in_native, id=3092, stack(0x000000a45d800000,0x000000a45d900000)]
  0x0000025ee4f72800 JavaThread "Cache worker for file hash cache (C:\Users\muham\.gradle\caches\7.5.1\fileHashes)" [_thread_blocked, id=14144, stack(0x000000a45d900000,0x000000a45da00000)]
  0x0000025ee4f71800 JavaThread "File watcher server" daemon [_thread_in_native, id=6932, stack(0x000000a45da00000,0x000000a45db00000)]
  0x0000025ee4f75800 JavaThread "File watcher consumer" daemon [_thread_blocked, id=5184, stack(0x000000a45db00000,0x000000a45dc00000)]
  0x0000025ee4f71000 JavaThread "jar transforms" [_thread_in_Java, id=9500, stack(0x000000a45dc00000,0x000000a45dd00000)]
  0x0000025ee4f73800 JavaThread "jar transforms Thread 2" [_thread_in_native, id=10500, stack(0x000000a45dd00000,0x000000a45de00000)]
  0x0000025ee4f74000 JavaThread "jar transforms Thread 3" [_thread_in_native, id=12308, stack(0x000000a45de00000,0x000000a45df00000)]
  0x0000025ee7ef4800 JavaThread "jar transforms Thread 4" [_thread_in_native, id=14596, stack(0x000000a45df00000,0x000000a45e000000)]
  0x0000025ee7ef5000 JavaThread "Cache worker for checksums cache (D:\Data Kuliah\Semester 12\App\.gradle\7.5.1\checksums)" [_thread_blocked, id=8616, stack(0x000000a45e000000,0x000000a45e100000)]
  0x0000025ee7ef6000 JavaThread "Cache worker for cache directory md-rule (C:\Users\muham\.gradle\caches\7.5.1\md-rule)" [_thread_blocked, id=10844, stack(0x000000a45e100000,0x000000a45e200000)]
  0x0000025ee7ef3800 JavaThread "Cache worker for file content cache (C:\Users\muham\.gradle\caches\7.5.1\fileContent)" [_thread_blocked, id=4656, stack(0x000000a45e200000,0x000000a45e300000)]
  0x0000025ee7ef0800 JavaThread "Cache worker for file hash cache (D:\Data Kuliah\Semester 12\App\.gradle\7.5.1\fileHashes)" [_thread_blocked, id=2016, stack(0x000000a45e300000,0x000000a45e400000)]
  0x0000025ee7ef2800 JavaThread "Cache worker for cache directory md-supplier (C:\Users\muham\.gradle\caches\7.5.1\md-supplier)" [_thread_blocked, id=2152, stack(0x000000a45e400000,0x000000a45e500000)]
  0x0000025ee7ef7000 JavaThread "Cache worker for execution history cache (C:\Users\muham\.gradle\caches\7.5.1\executionHistory)" [_thread_blocked, id=10904, stack(0x000000a45e500000,0x000000a45e600000)]
  0x0000025ee4f77000 JavaThread "C2 CompilerThread1" daemon [_thread_in_native, id=9468, stack(0x000000a45d600000,0x000000a45d700000)]

Other Threads:
  0x0000025ee2054800 VMThread "VM Thread" [stack: 0x000000a45be00000,0x000000a45bf00000] [id=2184]
  0x0000025ee2b40800 WatcherThread [stack: 0x000000a45c800000,0x000000a45c900000] [id=8428]
  0x0000025ec8466800 GCTaskThread "GC Thread#0" [stack: 0x000000a45b900000,0x000000a45ba00000] [id=11332]
  0x0000025ee3484000 GCTaskThread "GC Thread#1" [stack: 0x000000a45ca00000,0x000000a45cb00000] [id=11928]
  0x0000025ee34ca800 GCTaskThread "GC Thread#2" [stack: 0x000000a45cb00000,0x000000a45cc00000] [id=4572]
  0x0000025ee39aa000 GCTaskThread "GC Thread#3" [stack: 0x000000a45d000000,0x000000a45d100000] [id=2468]
  0x0000025ec8497800 ConcurrentGCThread "G1 Main Marker" [stack: 0x000000a45ba00000,0x000000a45bb00000] [id=10496]
  0x0000025ec849a000 ConcurrentGCThread "G1 Conc#0" [stack: 0x000000a45bb00000,0x000000a45bc00000] [id=12384]
  0x0000025ee1ea2800 ConcurrentGCThread "G1 Refine#0" [stack: 0x000000a45bc00000,0x000000a45bd00000] [id=6908]
  0x0000025ee1ea3000 ConcurrentGCThread "G1 Young RemSet Sampling" [stack: 0x000000a45bd00000,0x000000a45be00000] [id=9332]

Threads with active compile tasks:
C2 CompilerThread0  23283 5938       4       java.util.zip.ZipFile$Source::initCEN (697 bytes)
C2 CompilerThread1  23283 5950 %     4       org.objectweb.asm.ClassReader::readCode @ 1738 (5109 bytes)

VM state:not at safepoint (normal execution)

VM Mutex/Monitor currently owned by a thread: None

Heap address: 0x0000000080000000, size: 2048 MB, Compressed Oops mode: 32-bit
Narrow klass base: 0x0000000000000000, Narrow klass shift: 3
Compressed class space size: 1073741824 Address: 0x0000000100000000

Heap:
 garbage-first heap   total 236544K, used 77360K [0x0000000080000000, 0x0000000100000000)
  region size 1024K, 28 young (28672K), 7 survivors (7168K)
 Metaspace       used 50798K, capacity 52124K, committed 52224K, reserved 1093632K
  class space    used 6565K, capacity 7100K, committed 7168K, reserved 1048576K
Heap Regions: E=young(eden), S=young(survivor), O=old, HS=humongous(starts), HC=humongous(continues), CS=collection set, F=free, A=archive, TAMS=top-at-mark-start (previous, next)
|   0|0x0000000080000000, 0x0000000080100000, 0x0000000080100000|100%|HS|  |TAMS 0x0000000080100000, 0x0000000080000000| Complete 
|   1|0x0000000080100000, 0x0000000080200000, 0x0000000080200000|100%|HC|  |TAMS 0x0000000080200000, 0x0000000080100000| Complete 
|   2|0x0000000080200000, 0x0000000080300000, 0x0000000080300000|100%|HC|  |TAMS 0x0000000080300000, 0x0000000080200000| Complete 
|   3|0x0000000080300000, 0x0000000080400000, 0x0000000080400000|100%| O|  |TAMS 0x0000000080400000, 0x0000000080300000| Untracked 
|   4|0x0000000080400000, 0x0000000080500000, 0x0000000080500000|100%| O|  |TAMS 0x0000000080500000, 0x0000000080400000| Untracked 
|   5|0x0000000080500000, 0x0000000080600000, 0x0000000080600000|100%| O|  |TAMS 0x0000000080600000, 0x0000000080500000| Untracked 
|   6|0x0000000080600000, 0x0000000080700000, 0x0000000080700000|100%| O|  |TAMS 0x0000000080700000, 0x0000000080600000| Untracked 
|   7|0x0000000080700000, 0x0000000080800000, 0x0000000080800000|100%| O|  |TAMS 0x0000000080800000, 0x0000000080700000| Untracked 
|   8|0x0000000080800000, 0x0000000080900000, 0x0000000080900000|100%| O|  |TAMS 0x0000000080900000, 0x0000000080800000| Untracked 
|   9|0x0000000080900000, 0x0000000080a00000, 0x0000000080a00000|100%| O|  |TAMS 0x0000000080a00000, 0x0000000080900000| Untracked 
|  10|0x0000000080a00000, 0x0000000080b00000, 0x0000000080b00000|100%| O|  |TAMS 0x0000000080b00000, 0x0000000080a00000| Untracked 
|  11|0x0000000080b00000, 0x0000000080c00000, 0x0000000080c00000|100%| O|  |TAMS 0x0000000080c00000, 0x0000000080b00000| Untracked 
|  12|0x0000000080c00000, 0x0000000080d00000, 0x0000000080d00000|100%| O|  |TAMS 0x0000000080d00000, 0x0000000080c00000| Untracked 
|  13|0x0000000080d00000, 0x0000000080e00000, 0x0000000080e00000|100%| O|  |TAMS 0x0000000080e00000, 0x0000000080d00000| Untracked 
|  14|0x0000000080e00000, 0x0000000080f00000, 0x0000000080f00000|100%| O|  |TAMS 0x0000000080f00000, 0x0000000080e00000| Untracked 
|  15|0x0000000080f00000, 0x0000000081000000, 0x0000000081000000|100%| O|  |TAMS 0x0000000081000000, 0x0000000080f00000| Untracked 
|  16|0x0000000081000000, 0x0000000081100000, 0x0000000081100000|100%|HS|  |TAMS 0x0000000081100000, 0x0000000081000000| Complete 
|  17|0x0000000081100000, 0x0000000081200000, 0x0000000081200000|100%|HC|  |TAMS 0x0000000081200000, 0x0000000081100000| Complete 
|  18|0x0000000081200000, 0x0000000081300000, 0x0000000081300000|100%|HS|  |TAMS 0x0000000081300000, 0x0000000081200000| Complete 
|  19|0x0000000081300000, 0x0000000081400000, 0x0000000081400000|100%|HC|  |TAMS 0x0000000081400000, 0x0000000081300000| Complete 
|  20|0x0000000081400000, 0x0000000081500000, 0x0000000081500000|100%|HC|  |TAMS 0x0000000081500000, 0x0000000081400000| Complete 
|  21|0x0000000081500000, 0x0000000081600000, 0x0000000081600000|100%|HS|  |TAMS 0x0000000081600000, 0x0000000081500000| Complete 
|  22|0x0000000081600000, 0x0000000081700000, 0x0000000081700000|100%|HS|  |TAMS 0x0000000081700000, 0x0000000081600000| Complete 
|  23|0x0000000081700000, 0x0000000081800000, 0x0000000081800000|100%|HC|  |TAMS 0x0000000081800000, 0x0000000081700000| Complete 
|  24|0x0000000081800000, 0x0000000081900000, 0x0000000081900000|100%|HC|  |TAMS 0x0000000081900000, 0x0000000081800000| Complete 
|  25|0x0000000081900000, 0x0000000081a00000, 0x0000000081a00000|100%|HC|  |TAMS 0x0000000081a00000, 0x0000000081900000| Complete 
|  26|0x0000000081a00000, 0x0000000081b00000, 0x0000000081b00000|100%| O|  |TAMS 0x0000000081b00000, 0x0000000081a00000| Untracked 
|  27|0x0000000081b00000, 0x0000000081c00000, 0x0000000081c00000|100%| O|  |TAMS 0x0000000081c00000, 0x0000000081b00000| Untracked 
|  28|0x0000000081c00000, 0x0000000081d00000, 0x0000000081d00000|100%| O|  |TAMS 0x0000000081d00000, 0x0000000081c00000| Untracked 
|  29|0x0000000081d00000, 0x0000000081e00000, 0x0000000081e00000|100%| O|  |TAMS 0x0000000081d88200, 0x0000000081d00000| Untracked 
|  30|0x0000000081e00000, 0x0000000081f00000, 0x0000000081f00000|100%| O|  |TAMS 0x0000000081e00000, 0x0000000081e00000| Untracked 
|  31|0x0000000081f00000, 0x0000000082000000, 0x0000000082000000|100%| O|  |TAMS 0x0000000081f00000, 0x0000000081f00000| Untracked 
|  32|0x0000000082000000, 0x0000000082100000, 0x0000000082100000|100%| O|  |TAMS 0x0000000082000000, 0x0000000082000000| Untracked 
|  33|0x0000000082100000, 0x0000000082200000, 0x0000000082200000|100%| O|  |TAMS 0x0000000082100000, 0x0000000082100000| Untracked 
|  34|0x0000000082200000, 0x0000000082300000, 0x0000000082300000|100%| O|  |TAMS 0x0000000082200000, 0x0000000082200000| Untracked 
|  35|0x0000000082300000, 0x0000000082400000, 0x0000000082400000|100%| O|  |TAMS 0x0000000082300000, 0x0000000082300000| Untracked 
|  36|0x0000000082400000, 0x0000000082500000, 0x0000000082500000|100%| O|  |TAMS 0x0000000082400000, 0x0000000082400000| Untracked 
|  37|0x0000000082500000, 0x0000000082600000, 0x0000000082600000|100%|HS|  |TAMS 0x0000000082500000, 0x0000000082500000| Complete 
|  38|0x0000000082600000, 0x0000000082700000, 0x0000000082700000|100%|HC|  |TAMS 0x0000000082600000, 0x0000000082600000| Complete 
|  39|0x0000000082700000, 0x0000000082800000, 0x0000000082800000|100%|HC|  |TAMS 0x0000000082700000, 0x0000000082700000| Complete 
|  40|0x0000000082800000, 0x0000000082900000, 0x0000000082900000|100%|HC|  |TAMS 0x0000000082800000, 0x0000000082800000| Complete 
|  41|0x0000000082900000, 0x0000000082a00000, 0x0000000082a00000|100%| O|  |TAMS 0x0000000082900000, 0x0000000082900000| Untracked 
|  42|0x0000000082a00000, 0x0000000082b00000, 0x0000000082b00000|100%| O|  |TAMS 0x0000000082a00000, 0x0000000082a00000| Untracked 
|  43|0x0000000082b00000, 0x0000000082c00000, 0x0000000082c00000|100%| O|  |TAMS 0x0000000082b00000, 0x0000000082b00000| Untracked 
|  44|0x0000000082c00000, 0x0000000082d00000, 0x0000000082d00000|100%| O|  |TAMS 0x0000000082c00000, 0x0000000082c00000| Untracked 
|  45|0x0000000082d00000, 0x0000000082e00000, 0x0000000082e00000|100%| O|  |TAMS 0x0000000082d00000, 0x0000000082d00000| Untracked 
|  46|0x0000000082e00000, 0x0000000082f00000, 0x0000000082f00000|100%| O|  |TAMS 0x0000000082e00000, 0x0000000082e00000| Untracked 
|  47|0x0000000082f00000, 0x0000000082f00000, 0x0000000083000000|  0%| F|  |TAMS 0x0000000082f00000, 0x0000000082f00000| Untracked 
|  48|0x0000000083000000, 0x0000000083100000, 0x0000000083100000|100%|HS|  |TAMS 0x0000000083000000, 0x0000000083000000| Complete 
|  49|0x0000000083100000, 0x0000000083100000, 0x0000000083200000|  0%| F|  |TAMS 0x0000000083100000, 0x0000000083100000| Untracked 
|  50|0x0000000083200000, 0x0000000083200000, 0x0000000083300000|  0%| F|  |TAMS 0x0000000083200000, 0x0000000083200000| Untracked 
|  51|0x0000000083300000, 0x00000000833a7e00, 0x0000000083400000| 65%| O|  |TAMS 0x0000000083300000, 0x0000000083300000| Untracked 
|  52|0x0000000083400000, 0x0000000083400000, 0x0000000083500000|  0%| F|  |TAMS 0x0000000083400000, 0x0000000083400000| Untracked 
|  53|0x0000000083500000, 0x0000000083500000, 0x0000000083600000|  0%| F|  |TAMS 0x0000000083500000, 0x0000000083500000| Untracked 
|  54|0x0000000083600000, 0x0000000083600000, 0x0000000083700000|  0%| F|  |TAMS 0x0000000083600000, 0x0000000083600000| Untracked 
|  55|0x0000000083700000, 0x0000000083700000, 0x0000000083800000|  0%| F|  |TAMS 0x0000000083700000, 0x0000000083700000| Untracked 
|  56|0x0000000083800000, 0x0000000083800000, 0x0000000083900000|  0%| F|  |TAMS 0x0000000083800000, 0x0000000083800000| Untracked 
|  57|0x0000000083900000, 0x0000000083900000, 0x0000000083a00000|  0%| F|  |TAMS 0x0000000083900000, 0x0000000083900000| Untracked 
|  58|0x0000000083a00000, 0x0000000083a00000, 0x0000000083b00000|  0%| F|  |TAMS 0x0000000083a00000, 0x0000000083a00000| Untracked 
|  59|0x0000000083b00000, 0x0000000083b00000, 0x0000000083c00000|  0%| F|  |TAMS 0x0000000083b00000, 0x0000000083b00000| Untracked 
|  60|0x0000000083c00000, 0x0000000083c00000, 0x0000000083d00000|  0%| F|  |TAMS 0x0000000083c00000, 0x0000000083c00000| Untracked 
|  61|0x0000000083d00000, 0x0000000083d00000, 0x0000000083e00000|  0%| F|  |TAMS 0x0000000083d00000, 0x0000000083d00000| Untracked 
|  62|0x0000000083e00000, 0x0000000083e00000, 0x0000000083f00000|  0%| F|  |TAMS 0x0000000083e00000, 0x0000000083e00000| Untracked 
|  63|0x0000000083f00000, 0x0000000083f00000, 0x0000000084000000|  0%| F|  |TAMS 0x0000000083f00000, 0x0000000083f00000| Untracked 
|  64|0x0000000084000000, 0x0000000084000000, 0x0000000084100000|  0%| F|  |TAMS 0x0000000084000000, 0x0000000084000000| Untracked 
|  65|0x0000000084100000, 0x0000000084100000, 0x0000000084200000|  0%| F|  |TAMS 0x0000000084100000, 0x0000000084100000| Untracked 
|  66|0x0000000084200000, 0x0000000084200000, 0x0000000084300000|  0%| F|  |TAMS 0x0000000084200000, 0x0000000084200000| Untracked 
|  67|0x0000000084300000, 0x0000000084300000, 0x0000000084400000|  0%| F|  |TAMS 0x0000000084300000, 0x0000000084300000| Untracked 
|  68|0x0000000084400000, 0x0000000084400000, 0x0000000084500000|  0%| F|  |TAMS 0x0000000084400000, 0x0000000084400000| Untracked 
|  69|0x0000000084500000, 0x0000000084500000, 0x0000000084600000|  0%| F|  |TAMS 0x0000000084500000, 0x0000000084500000| Untracked 
|  70|0x0000000084600000, 0x0000000084600000, 0x0000000084700000|  0%| F|  |TAMS 0x0000000084600000, 0x0000000084600000| Untracked 
|  71|0x0000000084700000, 0x0000000084700000, 0x0000000084800000|  0%| F|  |TAMS 0x0000000084700000, 0x0000000084700000| Untracked 
|  72|0x0000000084800000, 0x0000000084800000, 0x0000000084900000|  0%| F|  |TAMS 0x0000000084800000, 0x0000000084800000| Untracked 
|  73|0x0000000084900000, 0x0000000084900000, 0x0000000084a00000|  0%| F|  |TAMS 0x0000000084900000, 0x0000000084900000| Untracked 
|  74|0x0000000084a00000, 0x0000000084a00000, 0x0000000084b00000|  0%| F|  |TAMS 0x0000000084a00000, 0x0000000084a00000| Untracked 
|  75|0x0000000084b00000, 0x0000000084b00000, 0x0000000084c00000|  0%| F|  |TAMS 0x0000000084b00000, 0x0000000084b00000| Untracked 
|  76|0x0000000084c00000, 0x0000000084c00000, 0x0000000084d00000|  0%| F|  |TAMS 0x0000000084c00000, 0x0000000084c00000| Untracked 
|  77|0x0000000084d00000, 0x0000000084d00000, 0x0000000084e00000|  0%| F|  |TAMS 0x0000000084d00000, 0x0000000084d00000| Untracked 
|  78|0x0000000084e00000, 0x0000000084e00000, 0x0000000084f00000|  0%| F|  |TAMS 0x0000000084e00000, 0x0000000084e00000| Untracked 
|  79|0x0000000084f00000, 0x0000000084f00000, 0x0000000085000000|  0%| F|  |TAMS 0x0000000084f00000, 0x0000000084f00000| Untracked 
|  80|0x0000000085000000, 0x0000000085000000, 0x0000000085100000|  0%| F|  |TAMS 0x0000000085000000, 0x0000000085000000| Untracked 
|  81|0x0000000085100000, 0x0000000085100000, 0x0000000085200000|  0%| F|  |TAMS 0x0000000085100000, 0x0000000085100000| Untracked 
|  82|0x0000000085200000, 0x0000000085200000, 0x0000000085300000|  0%| F|  |TAMS 0x0000000085200000, 0x0000000085200000| Untracked 
|  83|0x0000000085300000, 0x0000000085300000, 0x0000000085400000|  0%| F|  |TAMS 0x0000000085300000, 0x0000000085300000| Untracked 
|  84|0x0000000085400000, 0x0000000085400000, 0x0000000085500000|  0%| F|  |TAMS 0x0000000085400000, 0x0000000085400000| Untracked 
|  85|0x0000000085500000, 0x0000000085500000, 0x0000000085600000|  0%| F|  |TAMS 0x0000000085500000, 0x0000000085500000| Untracked 
|  86|0x0000000085600000, 0x00000000856e4380, 0x0000000085700000| 89%| S|CS|TAMS 0x0000000085600000, 0x0000000085600000| Complete 
|  87|0x0000000085700000, 0x0000000085800000, 0x0000000085800000|100%| S|CS|TAMS 0x0000000085700000, 0x0000000085700000| Complete 
|  88|0x0000000085800000, 0x0000000085900000, 0x0000000085900000|100%| S|CS|TAMS 0x0000000085800000, 0x0000000085800000| Complete 
|  89|0x0000000085900000, 0x0000000085a00000, 0x0000000085a00000|100%| S|CS|TAMS 0x0000000085900000, 0x0000000085900000| Complete 
|  90|0x0000000085a00000, 0x0000000085b00000, 0x0000000085b00000|100%| S|CS|TAMS 0x0000000085a00000, 0x0000000085a00000| Complete 
|  91|0x0000000085b00000, 0x0000000085c00000, 0x0000000085c00000|100%| S|CS|TAMS 0x0000000085b00000, 0x0000000085b00000| Complete 
|  92|0x0000000085c00000, 0x0000000085d00000, 0x0000000085d00000|100%| S|CS|TAMS 0x0000000085c00000, 0x0000000085c00000| Complete 
|  93|0x0000000085d00000, 0x0000000085d00000, 0x0000000085e00000|  0%| F|  |TAMS 0x0000000085d00000, 0x0000000085d00000| Untracked 
|  94|0x0000000085e00000, 0x0000000085e00000, 0x0000000085f00000|  0%| F|  |TAMS 0x0000000085e00000, 0x0000000085e00000| Untracked 
|  95|0x0000000085f00000, 0x0000000085f00000, 0x0000000086000000|  0%| F|  |TAMS 0x0000000085f00000, 0x0000000085f00000| Untracked 
|  96|0x0000000086000000, 0x0000000086000000, 0x0000000086100000|  0%| F|  |TAMS 0x0000000086000000, 0x0000000086000000| Untracked 
|  97|0x0000000086100000, 0x0000000086100000, 0x0000000086200000|  0%| F|  |TAMS 0x0000000086100000, 0x0000000086100000| Untracked 
|  98|0x0000000086200000, 0x0000000086200000, 0x0000000086300000|  0%| F|  |TAMS 0x0000000086200000, 0x0000000086200000| Untracked 
|  99|0x0000000086300000, 0x0000000086300000, 0x0000000086400000|  0%| F|  |TAMS 0x0000000086300000, 0x0000000086300000| Untracked 
| 100|0x0000000086400000, 0x0000000086400000, 0x0000000086500000|  0%| F|  |TAMS 0x0000000086400000, 0x0000000086400000| Untracked 
| 101|0x0000000086500000, 0x0000000086500000, 0x0000000086600000|  0%| F|  |TAMS 0x0000000086500000, 0x0000000086500000| Untracked 
| 102|0x0000000086600000, 0x0000000086600000, 0x0000000086700000|  0%| F|  |TAMS 0x0000000086600000, 0x0000000086600000| Untracked 
| 103|0x0000000086700000, 0x0000000086700000, 0x0000000086800000|  0%| F|  |TAMS 0x0000000086700000, 0x0000000086700000| Untracked 
| 104|0x0000000086800000, 0x0000000086800000, 0x0000000086900000|  0%| F|  |TAMS 0x0000000086800000, 0x0000000086800000| Untracked 
| 105|0x0000000086900000, 0x0000000086900000, 0x0000000086a00000|  0%| F|  |TAMS 0x0000000086900000, 0x0000000086900000| Untracked 
| 106|0x0000000086a00000, 0x0000000086a00000, 0x0000000086b00000|  0%| F|  |TAMS 0x0000000086a00000, 0x0000000086a00000| Untracked 
| 107|0x0000000086b00000, 0x0000000086b00000, 0x0000000086c00000|  0%| F|  |TAMS 0x0000000086b00000, 0x0000000086b00000| Untracked 
| 108|0x0000000086c00000, 0x0000000086c00000, 0x0000000086d00000|  0%| F|  |TAMS 0x0000000086c00000, 0x0000000086c00000| Untracked 
| 109|0x0000000086d00000, 0x0000000086d00000, 0x0000000086e00000|  0%| F|  |TAMS 0x0000000086d00000, 0x0000000086d00000| Untracked 
| 110|0x0000000086e00000, 0x0000000086e00000, 0x0000000086f00000|  0%| F|  |TAMS 0x0000000086e00000, 0x0000000086e00000| Untracked 
| 111|0x0000000086f00000, 0x0000000086f00000, 0x0000000087000000|  0%| F|  |TAMS 0x0000000086f00000, 0x0000000086f00000| Untracked 
| 112|0x0000000087000000, 0x0000000087000000, 0x0000000087100000|  0%| F|  |TAMS 0x0000000087000000, 0x0000000087000000| Untracked 
| 113|0x0000000087100000, 0x0000000087100000, 0x0000000087200000|  0%| F|  |TAMS 0x0000000087100000, 0x0000000087100000| Untracked 
| 114|0x0000000087200000, 0x0000000087200000, 0x0000000087300000|  0%| F|  |TAMS 0x0000000087200000, 0x0000000087200000| Untracked 
| 115|0x0000000087300000, 0x0000000087300000, 0x0000000087400000|  0%| F|  |TAMS 0x0000000087300000, 0x0000000087300000| Untracked 
| 116|0x0000000087400000, 0x0000000087400000, 0x0000000087500000|  0%| F|  |TAMS 0x0000000087400000, 0x0000000087400000| Untracked 
| 117|0x0000000087500000, 0x0000000087500000, 0x0000000087600000|  0%| F|  |TAMS 0x0000000087500000, 0x0000000087500000| Untracked 
| 118|0x0000000087600000, 0x0000000087600000, 0x0000000087700000|  0%| F|  |TAMS 0x0000000087600000, 0x0000000087600000| Untracked 
| 119|0x0000000087700000, 0x0000000087700000, 0x0000000087800000|  0%| F|  |TAMS 0x0000000087700000, 0x0000000087700000| Untracked 
| 120|0x0000000087800000, 0x0000000087800000, 0x0000000087900000|  0%| F|  |TAMS 0x0000000087800000, 0x0000000087800000| Untracked 
| 121|0x0000000087900000, 0x0000000087900000, 0x0000000087a00000|  0%| F|  |TAMS 0x0000000087900000, 0x0000000087900000| Untracked 
| 122|0x0000000087a00000, 0x0000000087a00000, 0x0000000087b00000|  0%| F|  |TAMS 0x0000000087a00000, 0x0000000087a00000| Untracked 
| 123|0x0000000087b00000, 0x0000000087b00000, 0x0000000087c00000|  0%| F|  |TAMS 0x0000000087b00000, 0x0000000087b00000| Untracked 
| 124|0x0000000087c00000, 0x0000000087c00000, 0x0000000087d00000|  0%| F|  |TAMS 0x0000000087c00000, 0x0000000087c00000| Untracked 
| 125|0x0000000087d00000, 0x0000000087d00000, 0x0000000087e00000|  0%| F|  |TAMS 0x0000000087d00000, 0x0000000087d00000| Untracked 
| 126|0x0000000087e00000, 0x0000000087e00000, 0x0000000087f00000|  0%| F|  |TAMS 0x0000000087e00000, 0x0000000087e00000| Untracked 
| 127|0x0000000087f00000, 0x0000000087f00000, 0x0000000088000000|  0%| F|  |TAMS 0x0000000087f00000, 0x0000000087f00000| Untracked 
| 128|0x0000000088000000, 0x0000000088000000, 0x0000000088100000|  0%| F|  |TAMS 0x0000000088000000, 0x0000000088000000| Untracked 
| 129|0x0000000088100000, 0x0000000088100000, 0x0000000088200000|  0%| F|  |TAMS 0x0000000088100000, 0x0000000088100000| Untracked 
| 130|0x0000000088200000, 0x0000000088200000, 0x0000000088300000|  0%| F|  |TAMS 0x0000000088200000, 0x0000000088200000| Untracked 
| 131|0x0000000088300000, 0x0000000088300000, 0x0000000088400000|  0%| F|  |TAMS 0x0000000088300000, 0x0000000088300000| Untracked 
| 132|0x0000000088400000, 0x0000000088400000, 0x0000000088500000|  0%| F|  |TAMS 0x0000000088400000, 0x0000000088400000| Untracked 
| 133|0x0000000088500000, 0x0000000088500000, 0x0000000088600000|  0%| F|  |TAMS 0x0000000088500000, 0x0000000088500000| Untracked 
| 134|0x0000000088600000, 0x0000000088600000, 0x0000000088700000|  0%| F|  |TAMS 0x0000000088600000, 0x0000000088600000| Untracked 
| 135|0x0000000088700000, 0x0000000088700000, 0x0000000088800000|  0%| F|  |TAMS 0x0000000088700000, 0x0000000088700000| Untracked 
| 136|0x0000000088800000, 0x0000000088800000, 0x0000000088900000|  0%| F|  |TAMS 0x0000000088800000, 0x0000000088800000| Untracked 
| 137|0x0000000088900000, 0x0000000088900000, 0x0000000088a00000|  0%| F|  |TAMS 0x0000000088900000, 0x0000000088900000| Untracked 
| 138|0x0000000088a00000, 0x0000000088a00000, 0x0000000088b00000|  0%| F|  |TAMS 0x0000000088a00000, 0x0000000088a00000| Untracked 
| 139|0x0000000088b00000, 0x0000000088b00000, 0x0000000088c00000|  0%| F|  |TAMS 0x0000000088b00000, 0x0000000088b00000| Untracked 
| 140|0x0000000088c00000, 0x0000000088c00000, 0x0000000088d00000|  0%| F|  |TAMS 0x0000000088c00000, 0x0000000088c00000| Untracked 
| 141|0x0000000088d00000, 0x0000000088d00000, 0x0000000088e00000|  0%| F|  |TAMS 0x0000000088d00000, 0x0000000088d00000| Untracked 
| 142|0x0000000088e00000, 0x0000000088e00000, 0x0000000088f00000|  0%| F|  |TAMS 0x0000000088e00000, 0x0000000088e00000| Untracked 
| 143|0x0000000088f00000, 0x0000000088f00000, 0x0000000089000000|  0%| F|  |TAMS 0x0000000088f00000, 0x0000000088f00000| Untracked 
| 144|0x0000000089000000, 0x0000000089000000, 0x0000000089100000|  0%| F|  |TAMS 0x0000000089000000, 0x0000000089000000| Untracked 
| 145|0x0000000089100000, 0x0000000089100000, 0x0000000089200000|  0%| F|  |TAMS 0x0000000089100000, 0x0000000089100000| Untracked 
| 146|0x0000000089200000, 0x0000000089200000, 0x0000000089300000|  0%| F|  |TAMS 0x0000000089200000, 0x0000000089200000| Untracked 
| 147|0x0000000089300000, 0x0000000089300000, 0x0000000089400000|  0%| F|  |TAMS 0x0000000089300000, 0x0000000089300000| Untracked 
| 148|0x0000000089400000, 0x0000000089400000, 0x0000000089500000|  0%| F|  |TAMS 0x0000000089400000, 0x0000000089400000| Untracked 
| 149|0x0000000089500000, 0x0000000089500000, 0x0000000089600000|  0%| F|  |TAMS 0x0000000089500000, 0x0000000089500000| Untracked 
| 150|0x0000000089600000, 0x0000000089600000, 0x0000000089700000|  0%| F|  |TAMS 0x0000000089600000, 0x0000000089600000| Untracked 
| 151|0x0000000089700000, 0x0000000089700000, 0x0000000089800000|  0%| F|  |TAMS 0x0000000089700000, 0x0000000089700000| Untracked 
| 152|0x0000000089800000, 0x0000000089800000, 0x0000000089900000|  0%| F|  |TAMS 0x0000000089800000, 0x0000000089800000| Untracked 
| 153|0x0000000089900000, 0x0000000089900000, 0x0000000089a00000|  0%| F|  |TAMS 0x0000000089900000, 0x0000000089900000| Untracked 
| 154|0x0000000089a00000, 0x0000000089a00000, 0x0000000089b00000|  0%| F|  |TAMS 0x0000000089a00000, 0x0000000089a00000| Untracked 
| 155|0x0000000089b00000, 0x0000000089b00000, 0x0000000089c00000|  0%| F|  |TAMS 0x0000000089b00000, 0x0000000089b00000| Untracked 
| 156|0x0000000089c00000, 0x0000000089c00000, 0x0000000089d00000|  0%| F|  |TAMS 0x0000000089c00000, 0x0000000089c00000| Untracked 
| 157|0x0000000089d00000, 0x0000000089d00000, 0x0000000089e00000|  0%| F|  |TAMS 0x0000000089d00000, 0x0000000089d00000| Untracked 
| 158|0x0000000089e00000, 0x0000000089e00000, 0x0000000089f00000|  0%| F|  |TAMS 0x0000000089e00000, 0x0000000089e00000| Untracked 
| 159|0x0000000089f00000, 0x0000000089f00000, 0x000000008a000000|  0%| F|  |TAMS 0x0000000089f00000, 0x0000000089f00000| Untracked 
| 160|0x000000008a000000, 0x000000008a000000, 0x000000008a100000|  0%| F|  |TAMS 0x000000008a000000, 0x000000008a000000| Untracked 
| 161|0x000000008a100000, 0x000000008a100000, 0x000000008a200000|  0%| F|  |TAMS 0x000000008a100000, 0x000000008a100000| Untracked 
| 162|0x000000008a200000, 0x000000008a200000, 0x000000008a300000|  0%| F|  |TAMS 0x000000008a200000, 0x000000008a200000| Untracked 
| 163|0x000000008a300000, 0x000000008a300000, 0x000000008a400000|  0%| F|  |TAMS 0x000000008a300000, 0x000000008a300000| Untracked 
| 164|0x000000008a400000, 0x000000008a400000, 0x000000008a500000|  0%| F|  |TAMS 0x000000008a400000, 0x000000008a400000| Untracked 
| 165|0x000000008a500000, 0x000000008a500000, 0x000000008a600000|  0%| F|  |TAMS 0x000000008a500000, 0x000000008a500000| Untracked 
| 166|0x000000008a600000, 0x000000008a600000, 0x000000008a700000|  0%| F|  |TAMS 0x000000008a600000, 0x000000008a600000| Untracked 
| 167|0x000000008a700000, 0x000000008a700000, 0x000000008a800000|  0%| F|  |TAMS 0x000000008a700000, 0x000000008a700000| Untracked 
| 168|0x000000008a800000, 0x000000008a800000, 0x000000008a900000|  0%| F|  |TAMS 0x000000008a800000, 0x000000008a800000| Untracked 
| 169|0x000000008a900000, 0x000000008a900000, 0x000000008aa00000|  0%| F|  |TAMS 0x000000008a900000, 0x000000008a900000| Untracked 
| 170|0x000000008aa00000, 0x000000008aa00000, 0x000000008ab00000|  0%| F|  |TAMS 0x000000008aa00000, 0x000000008aa00000| Untracked 
| 171|0x000000008ab00000, 0x000000008ab00000, 0x000000008ac00000|  0%| F|  |TAMS 0x000000008ab00000, 0x000000008ab00000| Untracked 
| 172|0x000000008ac00000, 0x000000008ac00000, 0x000000008ad00000|  0%| F|  |TAMS 0x000000008ac00000, 0x000000008ac00000| Untracked 
| 173|0x000000008ad00000, 0x000000008ad00000, 0x000000008ae00000|  0%| F|  |TAMS 0x000000008ad00000, 0x000000008ad00000| Untracked 
| 174|0x000000008ae00000, 0x000000008ae00000, 0x000000008af00000|  0%| F|  |TAMS 0x000000008ae00000, 0x000000008ae00000| Untracked 
| 175|0x000000008af00000, 0x000000008af00000, 0x000000008b000000|  0%| F|  |TAMS 0x000000008af00000, 0x000000008af00000| Untracked 
| 176|0x000000008b000000, 0x000000008b000000, 0x000000008b100000|  0%| F|  |TAMS 0x000000008b000000, 0x000000008b000000| Untracked 
| 177|0x000000008b100000, 0x000000008b100000, 0x000000008b200000|  0%| F|  |TAMS 0x000000008b100000, 0x000000008b100000| Untracked 
| 178|0x000000008b200000, 0x000000008b200000, 0x000000008b300000|  0%| F|  |TAMS 0x000000008b200000, 0x000000008b200000| Untracked 
| 179|0x000000008b300000, 0x000000008b300000, 0x000000008b400000|  0%| F|  |TAMS 0x000000008b300000, 0x000000008b300000| Untracked 
| 180|0x000000008b400000, 0x000000008b400000, 0x000000008b500000|  0%| F|  |TAMS 0x000000008b400000, 0x000000008b400000| Untracked 
| 181|0x000000008b500000, 0x000000008b500000, 0x000000008b600000|  0%| F|  |TAMS 0x000000008b500000, 0x000000008b500000| Untracked 
| 182|0x000000008b600000, 0x000000008b600000, 0x000000008b700000|  0%| F|  |TAMS 0x000000008b600000, 0x000000008b600000| Untracked 
| 183|0x000000008b700000, 0x000000008b700000, 0x000000008b800000|  0%| F|  |TAMS 0x000000008b700000, 0x000000008b700000| Untracked 
| 184|0x000000008b800000, 0x000000008b800000, 0x000000008b900000|  0%| F|  |TAMS 0x000000008b800000, 0x000000008b800000| Untracked 
| 185|0x000000008b900000, 0x000000008b900000, 0x000000008ba00000|  0%| F|  |TAMS 0x000000008b900000, 0x000000008b900000| Untracked 
| 186|0x000000008ba00000, 0x000000008ba00000, 0x000000008bb00000|  0%| F|  |TAMS 0x000000008ba00000, 0x000000008ba00000| Untracked 
| 187|0x000000008bb00000, 0x000000008bb00000, 0x000000008bc00000|  0%| F|  |TAMS 0x000000008bb00000, 0x000000008bb00000| Untracked 
| 188|0x000000008bc00000, 0x000000008bc00000, 0x000000008bd00000|  0%| F|  |TAMS 0x000000008bc00000, 0x000000008bc00000| Untracked 
| 189|0x000000008bd00000, 0x000000008bd00000, 0x000000008be00000|  0%| F|  |TAMS 0x000000008bd00000, 0x000000008bd00000| Untracked 
| 190|0x000000008be00000, 0x000000008be00000, 0x000000008bf00000|  0%| F|  |TAMS 0x000000008be00000, 0x000000008be00000| Untracked 
| 191|0x000000008bf00000, 0x000000008bf00000, 0x000000008c000000|  0%| F|  |TAMS 0x000000008bf00000, 0x000000008bf00000| Untracked 
| 192|0x000000008c000000, 0x000000008c000000, 0x000000008c100000|  0%| F|  |TAMS 0x000000008c000000, 0x000000008c000000| Untracked 
| 193|0x000000008c100000, 0x000000008c100000, 0x000000008c200000|  0%| F|  |TAMS 0x000000008c100000, 0x000000008c100000| Untracked 
| 194|0x000000008c200000, 0x000000008c200000, 0x000000008c300000|  0%| F|  |TAMS 0x000000008c200000, 0x000000008c200000| Untracked 
| 195|0x000000008c300000, 0x000000008c300000, 0x000000008c400000|  0%| F|  |TAMS 0x000000008c300000, 0x000000008c300000| Untracked 
| 196|0x000000008c400000, 0x000000008c400000, 0x000000008c500000|  0%| F|  |TAMS 0x000000008c400000, 0x000000008c400000| Untracked 
| 197|0x000000008c500000, 0x000000008c500000, 0x000000008c600000|  0%| F|  |TAMS 0x000000008c500000, 0x000000008c500000| Untracked 
| 198|0x000000008c600000, 0x000000008c600000, 0x000000008c700000|  0%| F|  |TAMS 0x000000008c600000, 0x000000008c600000| Untracked 
| 199|0x000000008c700000, 0x000000008c700000, 0x000000008c800000|  0%| F|  |TAMS 0x000000008c700000, 0x000000008c700000| Untracked 
| 200|0x000000008c800000, 0x000000008c800000, 0x000000008c900000|  0%| F|  |TAMS 0x000000008c800000, 0x000000008c800000| Untracked 
| 201|0x000000008c900000, 0x000000008c900000, 0x000000008ca00000|  0%| F|  |TAMS 0x000000008c900000, 0x000000008c900000| Untracked 
| 202|0x000000008ca00000, 0x000000008ca00000, 0x000000008cb00000|  0%| F|  |TAMS 0x000000008ca00000, 0x000000008ca00000| Untracked 
| 203|0x000000008cb00000, 0x000000008cb00000, 0x000000008cc00000|  0%| F|  |TAMS 0x000000008cb00000, 0x000000008cb00000| Untracked 
| 204|0x000000008cc00000, 0x000000008cc00000, 0x000000008cd00000|  0%| F|  |TAMS 0x000000008cc00000, 0x000000008cc00000| Untracked 
| 205|0x000000008cd00000, 0x000000008cd00000, 0x000000008ce00000|  0%| F|  |TAMS 0x000000008cd00000, 0x000000008cd00000| Untracked 
| 206|0x000000008ce00000, 0x000000008ce00000, 0x000000008cf00000|  0%| F|  |TAMS 0x000000008ce00000, 0x000000008ce00000| Untracked 
| 207|0x000000008cf00000, 0x000000008cf00000, 0x000000008d000000|  0%| F|  |TAMS 0x000000008cf00000, 0x000000008cf00000| Untracked 
| 208|0x000000008d000000, 0x000000008d000000, 0x000000008d100000|  0%| F|  |TAMS 0x000000008d000000, 0x000000008d000000| Untracked 
| 209|0x000000008d100000, 0x000000008d180800, 0x000000008d200000| 50%| E|  |TAMS 0x000000008d100000, 0x000000008d100000| Complete 
| 210|0x000000008d200000, 0x000000008d300000, 0x000000008d300000|100%| E|CS|TAMS 0x000000008d200000, 0x000000008d200000| Complete 
| 211|0x000000008d300000, 0x000000008d400000, 0x000000008d400000|100%| E|CS|TAMS 0x000000008d300000, 0x000000008d300000| Complete 
| 212|0x000000008d400000, 0x000000008d500000, 0x000000008d500000|100%| E|CS|TAMS 0x000000008d400000, 0x000000008d400000| Complete 
| 213|0x000000008d500000, 0x000000008d600000, 0x000000008d600000|100%| E|CS|TAMS 0x000000008d500000, 0x000000008d500000| Complete 
| 214|0x000000008d600000, 0x000000008d700000, 0x000000008d700000|100%| E|CS|TAMS 0x000000008d600000, 0x000000008d600000| Complete 
| 215|0x000000008d700000, 0x000000008d800000, 0x000000008d800000|100%| E|CS|TAMS 0x000000008d700000, 0x000000008d700000| Complete 
| 216|0x000000008d800000, 0x000000008d900000, 0x000000008d900000|100%| E|CS|TAMS 0x000000008d800000, 0x000000008d800000| Complete 
| 217|0x000000008d900000, 0x000000008da00000, 0x000000008da00000|100%| E|CS|TAMS 0x000000008d900000, 0x000000008d900000| Complete 
| 218|0x000000008da00000, 0x000000008db00000, 0x000000008db00000|100%| E|CS|TAMS 0x000000008da00000, 0x000000008da00000| Complete 
| 219|0x000000008db00000, 0x000000008dc00000, 0x000000008dc00000|100%| E|CS|TAMS 0x000000008db00000, 0x000000008db00000| Complete 
| 220|0x000000008dc00000, 0x000000008dd00000, 0x000000008dd00000|100%| E|CS|TAMS 0x000000008dc00000, 0x000000008dc00000| Complete 
| 221|0x000000008dd00000, 0x000000008de00000, 0x000000008de00000|100%| E|CS|TAMS 0x000000008dd00000, 0x000000008dd00000| Complete 
| 222|0x000000008de00000, 0x000000008df00000, 0x000000008df00000|100%| E|CS|TAMS 0x000000008de00000, 0x000000008de00000| Complete 
| 223|0x000000008df00000, 0x000000008e000000, 0x000000008e000000|100%| E|CS|TAMS 0x000000008df00000, 0x000000008df00000| Complete 
| 224|0x000000008e000000, 0x000000008e100000, 0x000000008e100000|100%| E|CS|TAMS 0x000000008e000000, 0x000000008e000000| Complete 
| 225|0x000000008e100000, 0x000000008e200000, 0x000000008e200000|100%| E|CS|TAMS 0x000000008e100000, 0x000000008e100000| Complete 
| 226|0x000000008e200000, 0x000000008e300000, 0x000000008e300000|100%| E|CS|TAMS 0x000000008e200000, 0x000000008e200000| Complete 
| 227|0x000000008e300000, 0x000000008e400000, 0x000000008e400000|100%| E|CS|TAMS 0x000000008e300000, 0x000000008e300000| Complete 
| 228|0x000000008e400000, 0x000000008e500000, 0x000000008e500000|100%| E|CS|TAMS 0x000000008e400000, 0x000000008e400000| Complete 
| 229|0x000000008e500000, 0x000000008e600000, 0x000000008e600000|100%| E|CS|TAMS 0x000000008e500000, 0x000000008e500000| Complete 
| 230|0x000000008e600000, 0x000000008e700000, 0x000000008e700000|100%| E|CS|TAMS 0x000000008e600000, 0x000000008e600000| Complete 

Card table byte_map: [0x0000025edb360000,0x0000025edb760000] _byte_map_base: 0x0000025edaf60000

Marking Bits (Prev, Next): (CMBitMap*) 0x0000025ec848eb90, (CMBitMap*) 0x0000025ec848eb58
 Prev Bits: [0x0000025eddb60000, 0x0000025edfb60000)
 Next Bits: [0x0000025edbb60000, 0x0000025eddb60000)

Polling page: 0x0000025ec6340000

Metaspace:

Usage:
  Non-class:     43.97 MB capacity,    43.20 MB ( 98%) used,   649.15 KB (  1%) free+waste,   141.75 KB ( <1%) overhead. 
      Class:      6.93 MB capacity,     6.41 MB ( 92%) used,   466.14 KB (  7%) free+waste,    68.25 KB ( <1%) overhead. 
       Both:     50.90 MB capacity,    49.61 MB ( 97%) used,     1.09 MB (  2%) free+waste,   210.00 KB ( <1%) overhead. 

Virtual space:
  Non-class space:       44.00 MB reserved,      44.00 MB (100%) committed 
      Class space:        1.00 GB reserved,       7.00 MB ( <1%) committed 
             Both:        1.04 GB reserved,      51.00 MB (  5%) committed 

Chunk freelists:
   Non-Class:  0 bytes
       Class:  0 bytes
        Both:  0 bytes

MaxMetaspaceSize: 17179869184.00 GB
CompressedClassSpaceSize: 1.00 GB
Initial GC threshold: 20.80 MB
Current GC threshold: 74.38 MB
CDS: off

CodeHeap 'non-profiled nmethods': size=120064Kb used=4470Kb max_used=4470Kb free=115593Kb
 bounds [0x0000025ed3a20000, 0x0000025ed3e80000, 0x0000025edaf60000]
CodeHeap 'profiled nmethods': size=120000Kb used=12978Kb max_used=12978Kb free=107021Kb
 bounds [0x0000025ecc4f0000, 0x0000025ecd1a0000, 0x0000025ed3a20000]
CodeHeap 'non-nmethods': size=5696Kb used=2307Kb max_used=2362Kb free=3388Kb
 bounds [0x0000025ecbf60000, 0x0000025ecc1d0000, 0x0000025ecc4f0000]
 total_blobs=6698 nmethods=5893 adapters=716
 compilation: enabled
              stopped_count=0, restarted_count=0
 full_count=0

Compilation events (20 events):
Event: 23.056 Thread 0x0000025ee2072000 nmethod 5961 0x0000025ecd184b90 code [0x0000025ecd184e60, 0x0000025ecd185748]
Event: 23.056 Thread 0x0000025ee2072000 5963 %     3       org.objectweb.asm.ClassWriter::toByteArray @ 51 (1535 bytes)
Event: 23.067 Thread 0x0000025ee2072000 nmethod 5963% 0x0000025ecd185e10 code [0x0000025ecd186720, 0x0000025ecd18a828]
Event: 23.067 Thread 0x0000025ee2072000 5957       2       org.objectweb.asm.Attribute::putAttributes (78 bytes)
Event: 23.067 Thread 0x0000025ee2072000 nmethod 5957 0x0000025ecd18c910 code [0x0000025ecd18cb40, 0x0000025ecd18ce38]
Event: 23.068 Thread 0x0000025ee2072000 5960       2       org.objectweb.asm.Attribute::computeAttributesSize (62 bytes)
Event: 23.068 Thread 0x0000025ee2072000 nmethod 5960 0x0000025ecd18d110 code [0x0000025ecd18d2e0, 0x0000025ecd18d4e8]
Event: 23.068 Thread 0x0000025ee2072000 5964       2       org.objectweb.asm.Context::<init> (5 bytes)
Event: 23.068 Thread 0x0000025ee2072000 nmethod 5964 0x0000025ecd18d690 code [0x0000025ecd18d840, 0x0000025ecd18d938]
Event: 23.068 Thread 0x0000025ee2072000 5965       2       org.objectweb.asm.SymbolTable::computeBootstrapMethodsSize (27 bytes)
Event: 23.068 Thread 0x0000025ee2072000 nmethod 5965 0x0000025ecd18da10 code [0x0000025ecd18dbc0, 0x0000025ecd18dd28]
Event: 23.068 Thread 0x0000025ee2072000 5966       2       org.objectweb.asm.SymbolTable::getConstantPoolLength (8 bytes)
Event: 23.068 Thread 0x0000025ee2072000 nmethod 5966 0x0000025ecd18de10 code [0x0000025ecd18dfc0, 0x0000025ecd18e0b8]
Event: 23.069 Thread 0x0000025ee2072000 5967       2       org.objectweb.asm.ByteVector::<init> (12 bytes)
Event: 23.069 Thread 0x0000025ee2072000 nmethod 5967 0x0000025ecd18e190 code [0x0000025ecd18e340, 0x0000025ecd18e518]
Event: 23.069 Thread 0x0000025ee2072000 5970       2       org.objectweb.asm.SymbolTable::putConstantPool (28 bytes)
Event: 23.069 Thread 0x0000025ee2072000 nmethod 5970 0x0000025ecd18e610 code [0x0000025ecd18e7e0, 0x0000025ecd18e958]
Event: 23.128 Thread 0x0000025ee2072000 5977 %     3       org.objectweb.asm.ClassWriter::toByteArray @ 824 (1535 bytes)
Event: 23.140 Thread 0x0000025ee2072000 nmethod 5977% 0x0000025ecd18ea90 code [0x0000025ecd18f3a0, 0x0000025ecd193448]
Event: 23.144 Thread 0x0000025ee2072000 5978       3       org.objectweb.asm.ClassWriter::toByteArray (1535 bytes)

GC Heap History (20 events):
Event: 12.989 GC heap before
{Heap before GC invocations=15 (full 0):
 garbage-first heap   total 196608K, used 157588K [0x0000000080000000, 0x0000000100000000)
  region size 1024K, 106 young (108544K), 3 survivors (3072K)
 Metaspace       used 44747K, capacity 45949K, committed 46208K, reserved 1089536K
  class space    used 5765K, capacity 6226K, committed 6272K, reserved 1048576K
}
Event: 13.012 GC heap after
{Heap after GC invocations=16 (full 0):
 garbage-first heap   total 196608K, used 53546K [0x0000000080000000, 0x0000000100000000)
  region size 1024K, 8 young (8192K), 8 survivors (8192K)
 Metaspace       used 44747K, capacity 45949K, committed 46208K, reserved 1089536K
  class space    used 5765K, capacity 6226K, committed 6272K, reserved 1048576K
}
Event: 13.741 GC heap before
{Heap before GC invocations=16 (full 0):
 garbage-first heap   total 196608K, used 154922K [0x0000000080000000, 0x0000000100000000)
  region size 1024K, 107 young (109568K), 8 survivors (8192K)
 Metaspace       used 44757K, capacity 45949K, committed 46208K, reserved 1089536K
  class space    used 5765K, capacity 6226K, committed 6272K, reserved 1048576K
}
Event: 13.758 GC heap after
{Heap after GC invocations=17 (full 0):
 garbage-first heap   total 236544K, used 54323K [0x0000000080000000, 0x0000000100000000)
  region size 1024K, 8 young (8192K), 8 survivors (8192K)
 Metaspace       used 44757K, capacity 45949K, committed 46208K, reserved 1089536K
  class space    used 5765K, capacity 6226K, committed 6272K, reserved 1048576K
}
Event: 14.460 GC heap before
{Heap before GC invocations=17 (full 0):
 garbage-first heap   total 236544K, used 170035K [0x0000000080000000, 0x0000000100000000)
  region size 1024K, 121 young (123904K), 8 survivors (8192K)
 Metaspace       used 44803K, capacity 46013K, committed 46208K, reserved 1089536K
  class space    used 5774K, capacity 6226K, committed 6272K, reserved 1048576K
}
Event: 14.473 GC heap after
{Heap after GC invocations=18 (full 0):
 garbage-first heap   total 236544K, used 55479K [0x0000000080000000, 0x0000000100000000)
  region size 1024K, 9 young (9216K), 9 survivors (9216K)
 Metaspace       used 44803K, capacity 46013K, committed 46208K, reserved 1089536K
  class space    used 5774K, capacity 6226K, committed 6272K, reserved 1048576K
}
Event: 15.090 GC heap before
{Heap before GC invocations=18 (full 0):
 garbage-first heap   total 236544K, used 177335K [0x0000000080000000, 0x0000000100000000)
  region size 1024K, 128 young (131072K), 9 survivors (9216K)
 Metaspace       used 44812K, capacity 46013K, committed 46208K, reserved 1089536K
  class space    used 5774K, capacity 6226K, committed 6272K, reserved 1048576K
}
Event: 15.103 GC heap after
{Heap after GC invocations=19 (full 0):
 garbage-first heap   total 236544K, used 56425K [0x0000000080000000, 0x0000000100000000)
  region size 1024K, 10 young (10240K), 10 survivors (10240K)
 Metaspace       used 44812K, capacity 46013K, committed 46208K, reserved 1089536K
  class space    used 5774K, capacity 6226K, committed 6272K, reserved 1048576K
}
Event: 15.742 GC heap before
{Heap before GC invocations=19 (full 0):
 garbage-first heap   total 236544K, used 183401K [0x0000000080000000, 0x0000000100000000)
  region size 1024K, 134 young (137216K), 10 survivors (10240K)
 Metaspace       used 44813K, capacity 46013K, committed 46208K, reserved 1089536K
  class space    used 5774K, capacity 6226K, committed 6272K, reserved 1048576K
}
Event: 15.760 GC heap after
{Heap after GC invocations=20 (full 0):
 garbage-first heap   total 236544K, used 57663K [0x0000000080000000, 0x0000000100000000)
  region size 1024K, 10 young (10240K), 10 survivors (10240K)
 Metaspace       used 44813K, capacity 46013K, committed 46208K, reserved 1089536K
  class space    used 5774K, capacity 6226K, committed 6272K, reserved 1048576K
}
Event: 16.409 GC heap before
{Heap before GC invocations=20 (full 0):
 garbage-first heap   total 236544K, used 188735K [0x0000000080000000, 0x0000000100000000)
  region size 1024K, 138 young (141312K), 10 survivors (10240K)
 Metaspace       used 44814K, capacity 46013K, committed 46208K, reserved 1089536K
  class space    used 5774K, capacity 6226K, committed 6272K, reserved 1048576K
}
Event: 16.424 GC heap after
{Heap after GC invocations=21 (full 0):
 garbage-first heap   total 236544K, used 58260K [0x0000000080000000, 0x0000000100000000)
  region size 1024K, 11 young (11264K), 11 survivors (11264K)
 Metaspace       used 44814K, capacity 46013K, committed 46208K, reserved 1089536K
  class space    used 5774K, capacity 6226K, committed 6272K, reserved 1048576K
}
Event: 19.055 GC heap before
{Heap before GC invocations=21 (full 0):
 garbage-first heap   total 236544K, used 191380K [0x0000000080000000, 0x0000000100000000)
  region size 1024K, 138 young (141312K), 11 survivors (11264K)
 Metaspace       used 45078K, capacity 46289K, committed 46592K, reserved 1089536K
  class space    used 5802K, capacity 6273K, committed 6400K, reserved 1048576K
}
Event: 19.061 GC heap after
{Heap after GC invocations=22 (full 0):
 garbage-first heap   total 236544K, used 52345K [0x0000000080000000, 0x0000000100000000)
  region size 1024K, 4 young (4096K), 4 survivors (4096K)
 Metaspace       used 45078K, capacity 46289K, committed 46592K, reserved 1089536K
  class space    used 5802K, capacity 6273K, committed 6400K, reserved 1048576K
}
Event: 19.551 GC heap before
{Heap before GC invocations=22 (full 0):
 garbage-first heap   total 236544K, used 189561K [0x0000000080000000, 0x0000000100000000)
  region size 1024K, 138 young (141312K), 4 survivors (4096K)
 Metaspace       used 45080K, capacity 46289K, committed 46592K, reserved 1089536K
  class space    used 5803K, capacity 6273K, committed 6400K, reserved 1048576K
}
Event: 19.557 GC heap after
{Heap after GC invocations=23 (full 0):
 garbage-first heap   total 236544K, used 53919K [0x0000000080000000, 0x0000000100000000)
  region size 1024K, 5 young (5120K), 5 survivors (5120K)
 Metaspace       used 45080K, capacity 46289K, committed 46592K, reserved 1089536K
  class space    used 5803K, capacity 6273K, committed 6400K, reserved 1048576K
}
Event: 20.724 GC heap before
{Heap before GC invocations=23 (full 0):
 garbage-first heap   total 236544K, used 193183K [0x0000000080000000, 0x0000000100000000)
  region size 1024K, 138 young (141312K), 5 survivors (5120K)
 Metaspace       used 47884K, capacity 49107K, committed 49280K, reserved 1091584K
  class space    used 6262K, capacity 6745K, committed 6784K, reserved 1048576K
}
Event: 20.731 GC heap after
{Heap after GC invocations=24 (full 0):
 garbage-first heap   total 236544K, used 52065K [0x0000000080000000, 0x0000000100000000)
  region size 1024K, 4 young (4096K), 4 survivors (4096K)
 Metaspace       used 47884K, capacity 49107K, committed 49280K, reserved 1091584K
  class space    used 6262K, capacity 6745K, committed 6784K, reserved 1048576K
}
Event: 23.162 GC heap before
{Heap before GC invocations=24 (full 0):
 garbage-first heap   total 236544K, used 191329K [0x0000000080000000, 0x0000000100000000)
  region size 1024K, 138 young (141312K), 4 survivors (4096K)
 Metaspace       used 50795K, capacity 52124K, committed 52224K, reserved 1093632K
  class space    used 6565K, capacity 7100K, committed 7168K, reserved 1048576K
}
Event: 23.177 GC heap after
{Heap after GC invocations=25 (full 0):
 garbage-first heap   total 236544K, used 56880K [0x0000000080000000, 0x0000000100000000)
  region size 1024K, 7 young (7168K), 7 survivors (7168K)
 Metaspace       used 50795K, capacity 52124K, committed 52224K, reserved 1093632K
  class space    used 6565K, capacity 7100K, committed 7168K, reserved 1048576K
}

Deoptimization events (20 events):
Event: 23.045 Thread 0x0000025ee4f71000 Uncommon trap: trap_request=0xffffff4d fr.pc=0x0000025ed3cff0b8 relative=0x00000000000044d8
Event: 23.045 Thread 0x0000025ee4f71000 Uncommon trap: reason=unstable_if action=reinterpret pc=0x0000025ed3cff0b8 method=org.objectweb.asm.MethodWriter.putMethodInfo(Lorg/objectweb/asm/ByteVector;)V @ 9 c2
Event: 23.045 Thread 0x0000025ee4f71000 DEOPT PACKING pc=0x0000025ed3cff0b8 sp=0x000000a45dcfe700
Event: 23.045 Thread 0x0000025ee4f71000 DEOPT UNPACKING pc=0x0000025ecbfaa1af sp=0x000000a45dcfe6f0 mode 2
Event: 23.050 Thread 0x0000025ee4f71000 Uncommon trap: trap_request=0xffffff4d fr.pc=0x0000025ed3ca1bbc relative=0x000000000000007c
Event: 23.050 Thread 0x0000025ee4f71000 Uncommon trap: reason=unstable_if action=reinterpret pc=0x0000025ed3ca1bbc method=org.objectweb.asm.Attribute.computeAttributesSize(Lorg/objectweb/asm/SymbolTable;II)I @ 16 c2
Event: 23.050 Thread 0x0000025ee4f71000 DEOPT PACKING pc=0x0000025ed3ca1bbc sp=0x000000a45dcfe6f0
Event: 23.050 Thread 0x0000025ee4f71000 DEOPT UNPACKING pc=0x0000025ecbfaa1af sp=0x000000a45dcfe668 mode 2
Event: 23.050 Thread 0x0000025ee4f71000 Uncommon trap: trap_request=0xffffff4d fr.pc=0x0000025ed3ceea04 relative=0x00000000000004a4
Event: 23.050 Thread 0x0000025ee4f71000 Uncommon trap: reason=unstable_if action=reinterpret pc=0x0000025ed3ceea04 method=org.objectweb.asm.Attribute.computeAttributesSize(Lorg/objectweb/asm/SymbolTable;II)I @ 16 c2
Event: 23.050 Thread 0x0000025ee4f71000 DEOPT PACKING pc=0x0000025ed3ceea04 sp=0x000000a45dcfe770
Event: 23.050 Thread 0x0000025ee4f71000 DEOPT UNPACKING pc=0x0000025ecbfaa1af sp=0x000000a45dcfe698 mode 2
Event: 23.050 Thread 0x0000025ee4f71000 Uncommon trap: trap_request=0xffffff4d fr.pc=0x0000025ed3ca5fc8 relative=0x00000000000001a8
Event: 23.050 Thread 0x0000025ee4f71000 Uncommon trap: reason=unstable_if action=reinterpret pc=0x0000025ed3ca5fc8 method=org.objectweb.asm.Attribute.putAttributes(Lorg/objectweb/asm/SymbolTable;IILorg/objectweb/asm/ByteVector;)V @ 14 c2
Event: 23.050 Thread 0x0000025ee4f71000 DEOPT PACKING pc=0x0000025ed3ca5fc8 sp=0x000000a45dcfe670
Event: 23.050 Thread 0x0000025ee4f71000 DEOPT UNPACKING pc=0x0000025ecbfaa1af sp=0x000000a45dcfe658 mode 2
Event: 23.051 Thread 0x0000025ee4f71000 DEOPT PACKING pc=0x0000025eccea5172 sp=0x000000a45dcfe2b0
Event: 23.051 Thread 0x0000025ee4f71000 DEOPT UNPACKING pc=0x0000025ecbfaa95e sp=0x000000a45dcfd940 mode 0
Event: 23.178 Thread 0x0000025ee4f71000 DEOPT PACKING pc=0x0000025eccea607a sp=0x000000a45dcfe2b0
Event: 23.178 Thread 0x0000025ee4f71000 DEOPT UNPACKING pc=0x0000025ecbfaa95e sp=0x000000a45dcfd940 mode 0

Classes redefined (0 events):
No events

Internal exceptions (20 events):
Event: 20.989 Thread 0x0000025ee437f800 Exception <a 'java/lang/ClassNotFoundException'{0x000000008d5bca38}: org/apache/groovy/parser/antlr4/util/StringUtils$3BeanInfo> (0x000000008d5bca38) thrown at [./src/hotspot/share/classfile/systemDictionary.cpp, line 231]
Event: 20.995 Thread 0x0000025ee437f800 Exception <a 'java/lang/ClassNotFoundException'{0x000000008d4fdcf8}: org/apache/groovy/parser/antlr4/util/StringUtils$3Customizer> (0x000000008d4fdcf8) thrown at [./src/hotspot/share/classfile/systemDictionary.cpp, line 231]
Event: 21.028 Thread 0x0000025ee437f800 Exception <a 'java/lang/NoSuchMethodError'{0x000000008d3b4558}: 'void java.lang.invoke.DirectMethodHandle$Holder.invokeSpecialIFC(java.lang.Object, java.lang.Object, java.lang.Object)'> (0x000000008d3b4558) thrown at [./src/hotspot/share/interpreter/linkResolver.cpp, line 773]
Event: 21.264 Thread 0x0000025ee437f800 Exception <a 'java/lang/NoSuchMethodError'{0x000000008cef87b8}: 'int java.lang.invoke.DirectMethodHandle$Holder.invokeStatic(java.lang.Object, int, java.lang.Object, java.lang.Object)'> (0x000000008cef87b8) thrown at [./src/hotspot/share/interpreter/linkResolver.cpp, line 773]
Event: 21.519 Thread 0x0000025ee4f74000 Exception <a 'sun/nio/fs/WindowsException'{0x000000008c60fc30}> (0x000000008c60fc30) thrown at [./src/hotspot/share/prims/jni.cpp, line 615]
Event: 21.529 Thread 0x0000025ee4f74000 Exception <a 'sun/nio/fs/WindowsException'{0x000000008c62dab0}> (0x000000008c62dab0) thrown at [./src/hotspot/share/prims/jni.cpp, line 615]
Event: 21.531 Thread 0x0000025ee4f74000 Exception <a 'sun/nio/fs/WindowsException'{0x000000008c62dc18}> (0x000000008c62dc18) thrown at [./src/hotspot/share/prims/jni.cpp, line 615]
Event: 21.543 Thread 0x0000025ee437f800 Exception <a 'java/lang/ClassNotFoundException'{0x000000008c6a44f8}: sync_studio_tooling1013_7y65ml8vyameu4a6kmbek27k0BeanInfo> (0x000000008c6a44f8) thrown at [./src/hotspot/share/classfile/systemDictionary.cpp, line 231]
Event: 21.544 Thread 0x0000025ee437f800 Exception <a 'java/lang/ClassNotFoundException'{0x000000008c6b20e0}: sync_studio_tooling1013_7y65ml8vyameu4a6kmbek27k0Customizer> (0x000000008c6b20e0) thrown at [./src/hotspot/share/classfile/systemDictionary.cpp, line 231]
Event: 22.648 Thread 0x0000025ee4f73800 Exception <a 'sun/nio/fs/WindowsException'{0x0000000086f877a8}> (0x0000000086f877a8) thrown at [./src/hotspot/share/prims/jni.cpp, line 615]
Event: 22.655 Thread 0x0000025ee4f73800 Exception <a 'sun/nio/fs/WindowsException'{0x0000000086fc6c90}> (0x0000000086fc6c90) thrown at [./src/hotspot/share/prims/jni.cpp, line 615]
Event: 22.657 Thread 0x0000025ee4f73800 Exception <a 'sun/nio/fs/WindowsException'{0x0000000086fc6e08}> (0x0000000086fc6e08) thrown at [./src/hotspot/share/prims/jni.cpp, line 615]
Event: 22.677 Thread 0x0000025ee437f800 Exception <a 'java/lang/ClassNotFoundException'{0x0000000086e3a6e0}: ijinit1_1ob02zerxgd5vu0rrokd66uq6BeanInfo> (0x0000000086e3a6e0) thrown at [./src/hotspot/share/classfile/systemDictionary.cpp, line 231]
Event: 22.677 Thread 0x0000025ee437f800 Exception <a 'java/lang/ClassNotFoundException'{0x0000000086e46fb8}: ijinit1_1ob02zerxgd5vu0rrokd66uq6Customizer> (0x0000000086e46fb8) thrown at [./src/hotspot/share/classfile/systemDictionary.cpp, line 231]
Event: 22.686 Thread 0x0000025ee437f800 Exception <a 'java/lang/ClassNotFoundException'{0x0000000086e9cca0}: ijinit1_1ob02zerxgd5vu0rrokd66uq6$_run_closure1BeanInfo> (0x0000000086e9cca0) thrown at [./src/hotspot/share/classfile/systemDictionary.cpp, line 231]
Event: 22.687 Thread 0x0000025ee437f800 Exception <a 'java/lang/ClassNotFoundException'{0x0000000086ea3cd8}: ijinit1_1ob02zerxgd5vu0rrokd66uq6$_run_closure1Customizer> (0x0000000086ea3cd8) thrown at [./src/hotspot/share/classfile/systemDictionary.cpp, line 231]
Event: 23.005 Thread 0x0000025ee4f73800 Exception <a 'sun/nio/fs/WindowsException'{0x0000000086c15a40}> (0x0000000086c15a40) thrown at [./src/hotspot/share/prims/jni.cpp, line 615]
Event: 23.007 Thread 0x0000025ee7ef4800 Exception <a 'sun/nio/fs/WindowsException'{0x0000000086d1ff88}> (0x0000000086d1ff88) thrown at [./src/hotspot/share/prims/jni.cpp, line 615]
Event: 23.018 Thread 0x0000025ee4f71000 Exception <a 'sun/nio/fs/WindowsException'{0x0000000086a9ac48}> (0x0000000086a9ac48) thrown at [./src/hotspot/share/prims/jni.cpp, line 615]
Event: 23.020 Thread 0x0000025ee4f74000 Exception <a 'sun/nio/fs/WindowsException'{0x0000000086c268f0}> (0x0000000086c268f0) thrown at [./src/hotspot/share/prims/jni.cpp, line 615]

Events (20 events):
Event: 22.677 loading class ijinit1_1ob02zerxgd5vu0rrokd66uq6BeanInfo
Event: 22.677 loading class ijinit1_1ob02zerxgd5vu0rrokd66uq6BeanInfo done
Event: 22.677 loading class ijinit1_1ob02zerxgd5vu0rrokd66uq6Customizer
Event: 22.677 loading class ijinit1_1ob02zerxgd5vu0rrokd66uq6Customizer done
Event: 22.677 loading class ijinit1_1ob02zerxgd5vu0rrokd66uq6Customizer
Event: 22.677 loading class ijinit1_1ob02zerxgd5vu0rrokd66uq6Customizer done
Event: 22.681 loading class groovy/runtime/metaclass/ijinit1_1ob02zerxgd5vu0rrokd66uq6$_run_closure1MetaClass
Event: 22.681 loading class groovy/runtime/metaclass/ijinit1_1ob02zerxgd5vu0rrokd66uq6$_run_closure1MetaClass done
Event: 22.682 loading class groovy/runtime/metaclass/ijinit1_1ob02zerxgd5vu0rrokd66uq6$_run_closure1$_closure2MetaClass
Event: 22.682 loading class groovy/runtime/metaclass/ijinit1_1ob02zerxgd5vu0rrokd66uq6$_run_closure1$_closure2MetaClass done
Event: 22.686 loading class ijinit1_1ob02zerxgd5vu0rrokd66uq6$_run_closure1BeanInfo
Event: 22.686 loading class ijinit1_1ob02zerxgd5vu0rrokd66uq6$_run_closure1BeanInfo done
Event: 22.686 loading class ijinit1_1ob02zerxgd5vu0rrokd66uq6$_run_closure1BeanInfo
Event: 22.686 loading class ijinit1_1ob02zerxgd5vu0rrokd66uq6$_run_closure1BeanInfo done
Event: 22.686 loading class ijinit1_1ob02zerxgd5vu0rrokd66uq6$_run_closure1Customizer
Event: 22.686 loading class ijinit1_1ob02zerxgd5vu0rrokd66uq6$_run_closure1Customizer done
Event: 22.687 loading class ijinit1_1ob02zerxgd5vu0rrokd66uq6$_run_closure1Customizer
Event: 22.687 loading class ijinit1_1ob02zerxgd5vu0rrokd66uq6$_run_closure1Customizer done
Event: 23.154 Executing VM operation: G1CollectForAllocation
Event: 23.177 Executing VM operation: G1CollectForAllocation done


Dynamic libraries:
0x00007ff7a5370000 - 0x00007ff7a537a000 	C:\Program Files\Android\Android Studio\jre\bin\java.exe
0x00007fff8b310000 - 0x00007fff8b508000 	C:\WINDOWS\SYSTEM32\ntdll.dll
0x00007fff8a240000 - 0x00007fff8a2fd000 	C:\WINDOWS\System32\KERNEL32.DLL
0x00007fff88f90000 - 0x00007fff8925e000 	C:\WINDOWS\System32\KERNELBASE.dll
0x00007fff88a30000 - 0x00007fff88b30000 	C:\WINDOWS\System32\ucrtbase.dll
0x00007fff51270000 - 0x00007fff51287000 	C:\Program Files\Android\Android Studio\jre\bin\VCRUNTIME140.dll
0x00007fff51290000 - 0x00007fff512a9000 	C:\Program Files\Android\Android Studio\jre\bin\jli.dll
0x00007fff8a300000 - 0x00007fff8a4a0000 	C:\WINDOWS\System32\USER32.dll
0x00007fff88c40000 - 0x00007fff88c62000 	C:\WINDOWS\System32\win32u.dll
0x00007fff78d30000 - 0x00007fff78fca000 	C:\WINDOWS\WinSxS\amd64_microsoft.windows.common-controls_6595b64144ccf1df_6.0.19041.1110_none_60b5254171f9507e\COMCTL32.dll
0x00007fff8b0f0000 - 0x00007fff8b11a000 	C:\WINDOWS\System32\GDI32.dll
0x00007fff8b120000 - 0x00007fff8b1be000 	C:\WINDOWS\System32\msvcrt.dll
0x00007fff88b30000 - 0x00007fff88c3b000 	C:\WINDOWS\System32\gdi32full.dll
0x00007fff892d0000 - 0x00007fff8936d000 	C:\WINDOWS\System32\msvcp_win.dll
0x00007fff89470000 - 0x00007fff894a0000 	C:\WINDOWS\System32\IMM32.DLL
0x00007fff4da90000 - 0x00007fff4db2d000 	C:\Program Files\Android\Android Studio\jre\bin\msvcp140.dll
0x00007fff18930000 - 0x00007fff19415000 	C:\Program Files\Android\Android Studio\jre\bin\server\jvm.dll
0x00007fff8b1c0000 - 0x00007fff8b26e000 	C:\WINDOWS\System32\ADVAPI32.dll
0x00007fff89fb0000 - 0x00007fff8a04c000 	C:\WINDOWS\System32\sechost.dll
0x00007fff89570000 - 0x00007fff89695000 	C:\WINDOWS\System32\RPCRT4.dll
0x00007fff89e70000 - 0x00007fff89e78000 	C:\WINDOWS\System32\PSAPI.DLL
0x00007fff86a00000 - 0x00007fff86a09000 	C:\WINDOWS\SYSTEM32\WSOCK32.dll
0x00007fff7f790000 - 0x00007fff7f79a000 	C:\WINDOWS\SYSTEM32\VERSION.dll
0x00007fff7bfc0000 - 0x00007fff7bfe7000 	C:\WINDOWS\SYSTEM32\WINMM.dll
0x00007fff8a1d0000 - 0x00007fff8a23b000 	C:\WINDOWS\System32\WS2_32.dll
0x00007fff86b10000 - 0x00007fff86b22000 	C:\WINDOWS\SYSTEM32\kernel.appcore.dll
0x00007fff6a330000 - 0x00007fff6a341000 	C:\Program Files\Android\Android Studio\jre\bin\verify.dll
0x00007fff867f0000 - 0x00007fff869d4000 	C:\WINDOWS\SYSTEM32\DBGHELP.DLL
0x00007fff6a3c0000 - 0x00007fff6a3ec000 	C:\WINDOWS\SYSTEM32\dbgcore.DLL
0x00007fff88da0000 - 0x00007fff88e22000 	C:\WINDOWS\System32\bcryptPrimitives.dll
0x00007fff540b0000 - 0x00007fff540d9000 	C:\Program Files\Android\Android Studio\jre\bin\java.dll
0x00007fff7a920000 - 0x00007fff7a92b000 	C:\Program Files\Android\Android Studio\jre\bin\jimage.dll
0x00007fff52830000 - 0x00007fff52848000 	C:\Program Files\Android\Android Studio\jre\bin\zip.dll
0x00007fff8a610000 - 0x00007fff8ad54000 	C:\WINDOWS\System32\SHELL32.dll
0x00007fff86b30000 - 0x00007fff872c4000 	C:\WINDOWS\SYSTEM32\windows.storage.dll
0x00007fff89b10000 - 0x00007fff89e64000 	C:\WINDOWS\System32\combase.dll
0x00007fff88490000 - 0x00007fff884c0000 	C:\WINDOWS\SYSTEM32\Wldp.dll
0x00007fff89f00000 - 0x00007fff89fad000 	C:\WINDOWS\System32\SHCORE.dll
0x00007fff8b270000 - 0x00007fff8b2c5000 	C:\WINDOWS\System32\shlwapi.dll
0x00007fff88970000 - 0x00007fff8898f000 	C:\WINDOWS\SYSTEM32\profapi.dll
0x00007fff52810000 - 0x00007fff5282a000 	C:\Program Files\Android\Android Studio\jre\bin\net.dll
0x00007fff7ad50000 - 0x00007fff7ae5a000 	C:\WINDOWS\SYSTEM32\WINHTTP.dll
0x00007fff881f0000 - 0x00007fff8825a000 	C:\WINDOWS\system32\mswsock.dll
0x00007fff52400000 - 0x00007fff52414000 	C:\Program Files\Android\Android Studio\jre\bin\nio.dll
0x00007fff512b0000 - 0x00007fff512d7000 	C:\Users\muham\.gradle\native\e1d6ef7f7dcc3fd88c89a11ec53ec762bb8ba0a96d01ffa2cd45eb1d1d8dd5c5\windows-amd64\native-platform.dll
0x00007fff46ad0000 - 0x00007fff46c14000 	C:\Users\muham\.gradle\native\0d407fdbe67a94daf76414ababcb853783967236a71b16ec16e742cd7a986fd3\windows-amd64\native-platform-file-events.dll
0x00007fff6a3b0000 - 0x00007fff6a3ba000 	C:\Program Files\Android\Android Studio\jre\bin\management.dll
0x00007fff657b0000 - 0x00007fff657bd000 	C:\Program Files\Android\Android Studio\jre\bin\management_ext.dll
0x00007fff883e0000 - 0x00007fff883f8000 	C:\WINDOWS\SYSTEM32\CRYPTSP.dll
0x00007fff87b00000 - 0x00007fff87b34000 	C:\WINDOWS\system32\rsaenh.dll
0x00007fff88d20000 - 0x00007fff88d47000 	C:\WINDOWS\System32\bcrypt.dll
0x00007fff888f0000 - 0x00007fff8891e000 	C:\WINDOWS\SYSTEM32\USERENV.dll
0x00007fff88400000 - 0x00007fff8840c000 	C:\WINDOWS\SYSTEM32\CRYPTBASE.dll
0x00007fff87e90000 - 0x00007fff87ecb000 	C:\WINDOWS\SYSTEM32\IPHLPAPI.DLL
0x00007fff8a510000 - 0x00007fff8a518000 	C:\WINDOWS\System32\NSI.dll
0x00007fff7d720000 - 0x00007fff7d737000 	C:\WINDOWS\SYSTEM32\dhcpcsvc6.DLL
0x00007fff7daf0000 - 0x00007fff7db0d000 	C:\WINDOWS\SYSTEM32\dhcpcsvc.DLL
0x00007fff87ed0000 - 0x00007fff87f9b000 	C:\WINDOWS\SYSTEM32\DNSAPI.dll

dbghelp: loaded successfully - version: 4.0.5 - missing functions: none
symbol engine: initialized successfully - sym options: 0x614 - pdb path: .;C:\Program Files\Android\Android Studio\jre\bin;C:\WINDOWS\SYSTEM32;C:\WINDOWS\WinSxS\amd64_microsoft.windows.common-controls_6595b64144ccf1df_6.0.19041.1110_none_60b5254171f9507e;C:\Program Files\Android\Android Studio\jre\bin\server;C:\Users\muham\.gradle\native\e1d6ef7f7dcc3fd88c89a11ec53ec762bb8ba0a96d01ffa2cd45eb1d1d8dd5c5\windows-amd64;C:\Users\muham\.gradle\native\0d407fdbe67a94daf76414ababcb853783967236a71b16ec16e742cd7a986fd3\windows-amd64

VM Arguments:
jvm_args: --add-opens=java.base/java.util=ALL-UNNAMED --add-opens=java.base/java.lang=ALL-UNNAMED --add-opens=java.base/java.lang.invoke=ALL-UNNAMED --add-opens=java.base/java.util=ALL-UNNAMED --add-opens=java.prefs/java.util.prefs=ALL-UNNAMED --add-opens=java.prefs/java.util.prefs=ALL-UNNAMED --add-opens=java.base/java.nio.charset=ALL-UNNAMED --add-opens=java.base/java.net=ALL-UNNAMED --add-opens=java.base/java.util.concurrent.atomic=ALL-UNNAMED -Xmx2048m -Dfile.encoding=UTF-8 -Duser.country=ID -Duser.language=en -Duser.variant 
java_command: org.gradle.launcher.daemon.bootstrap.GradleDaemon 7.5.1
java_class_path (initial): C:\Users\muham\.gradle\wrapper\dists\gradle-7.5.1-bin\7jzzequgds1hbszbhq3npc5ng\gradle-7.5.1\lib\gradle-launcher-7.5.1.jar
Launcher Type: SUN_STANDARD

[Global flags]
     intx CICompilerCount                          = 3                                         {product} {ergonomic}
     uint ConcGCThreads                            = 1                                         {product} {ergonomic}
     uint G1ConcRefinementThreads                  = 4                                         {product} {ergonomic}
   size_t G1HeapRegionSize                         = 1048576                                   {product} {ergonomic}
    uintx GCDrainStackTargetSize                   = 64                                        {product} {ergonomic}
   size_t InitialHeapSize                          = 167772160                                 {product} {ergonomic}
   size_t MarkStackSize                            = 4194304                                   {product} {ergonomic}
   size_t MaxHeapSize                              = 2147483648                                {product} {command line}
   size_t MaxNewSize                               = 1287651328                                {product} {ergonomic}
   size_t MinHeapDeltaBytes                        = 1048576                                   {product} {ergonomic}
    uintx NonNMethodCodeHeapSize                   = 5830732                                {pd product} {ergonomic}
    uintx NonProfiledCodeHeapSize                  = 122913754                              {pd product} {ergonomic}
    uintx ProfiledCodeHeapSize                     = 122913754                              {pd product} {ergonomic}
    uintx ReservedCodeCacheSize                    = 251658240                              {pd product} {ergonomic}
     bool SegmentedCodeCache                       = true                                      {product} {ergonomic}
     bool UseCompressedClassPointers               = true                                 {lp64_product} {ergonomic}
     bool UseCompressedOops                        = true                                 {lp64_product} {ergonomic}
     bool UseG1GC                                  = true                                      {product} {ergonomic}
     bool UseLargePagesIndividualAllocation        = false                                  {pd product} {ergonomic}

Logging:
Log output configuration:
 #0: stdout all=warning uptime,level,tags
 #1: stderr all=off uptime,level,tags

Environment Variables:
JAVA_HOME=C:\Program Files\Java\jdk1.8.0_111
PATH=C:\ProgramData\Oracle\Java\javapath;C:\Windows\system32;C:\Windows;C:\Windows\System32\Wbem;C:\Windows\System32\WindowsPowerShell\v1.0\;C:\Windows\System32\OpenSSH\;C:\Program Files (x86)\NVIDIA Corporation\PhysX\Common;C:\Program Files\NVIDIA Corporation\NVIDIA NvDLISR;C:\Program Files\Java\jdk1.8.0_111;C:\Program Files\Java\jdk1.8.0_111\bin;C:\WINDOWS\system32;C:\WINDOWS;C:\WINDOWS\System32\Wbem;C:\WINDOWS\System32\WindowsPowerShell\v1.0\;C:\WINDOWS\System32\OpenSSH\;C:\Program Files\nodejs\;C:\xampp\php\;C:\composer;C:\Program Files\Git\cmd;C:\Users\muham\AppData\Local\Microsoft\WindowsApps;C:\Users\muham\AppData\Local\Programs\Microsoft VS Code\bin;flutter\bin;C:\Users\muham\AppData\Roaming\npm;C:\Users\muham\AppData\Roaming\Composer\vendor\bin;C:\Program Files\heroku\bin
USERNAME=muham
OS=Windows_NT
PROCESSOR_IDENTIFIER=Intel64 Family 6 Model 61 Stepping 4, GenuineIntel



---------------  S Y S T E M  ---------------

OS: Windows 10 , 64 bit Build 19041 (10.0.19041.1806)
OS uptime: 0 days 14:43 hours

CPU:total 4 (initial active 4) (2 cores per cpu, 2 threads per core) family 6 model 61 stepping 4 microcode 0x2d, cmov, cx8, fxsr, mmx, sse, sse2, sse3, ssse3, sse4.1, sse4.2, popcnt, avx, avx2, aes, clmul, erms, 3dnowpref, lzcnt, ht, tsc, tscinvbit, bmi1, bmi2, adx, fma

Memory: 4k page, system-wide physical 10139M (1192M free)
TotalPageFile size 11163M (AvailPageFile size 3M)
current process WorkingSet (physical memory assigned to process): 393M, peak: 398M
current process commit charge ("private bytes"): 438M, peak: 445M

vm_info: OpenJDK 64-Bit Server VM (11.0.12+7-b1504.28-7817840) for windows-amd64 JRE (11.0.12+7-b1504.28-7817840), built on Oct 13 2021 22:12:33 by "builder" with MS VC++ 14.0 (VS2015)

END.
