#
# There is insufficient memory for the Java Runtime Environment to continue.
# Native memory allocation (malloc) failed to allocate 32744 bytes for ChunkPool::allocate
# Possible reasons:
#   The system is out of physical RAM or swap space
#   The process is running with CompressedOops enabled, and the Java Heap may be blocking the growth of the native heap
# Possible solutions:
#   Reduce memory load on the system
#   Increase physical memory or swap space
#   Check if swap backing store is full
#   Decrease Java heap size (-Xmx/-Xms)
#   Decrease number of Java threads
#   Decrease Java thread stack sizes (-Xss)
#   Set larger code cache with -XX:ReservedCodeCacheSize=
#   JVM is running with Zero Based Compressed Oops mode in which the Java heap is
#     placed in the first 32GB address space. The Java Heap base address is the
#     maximum limit for the native heap growth. Please use -XX:HeapBaseMinAddress
#     to set the Java Heap base and to place the Java Heap above 32GB virtual address.
# This output file may be truncated or incomplete.
#
#  Out of Memory Error (./src/hotspot/share/memory/arena.cpp:81), pid=3392, tid=10064
#
# JRE version: OpenJDK Runtime Environment (11.0.12+7) (build 11.0.12+7-b1504.28-7817840)
# Java VM: OpenJDK 64-Bit Server VM (11.0.12+7-b1504.28-7817840, mixed mode, tiered, compressed oops, g1 gc, windows-amd64)
# No core dump will be written. Minidumps are not enabled by default on client versions of Windows
#

---------------  S U M M A R Y ------------

Command Line: git4idea.http.GitAskPassApp Username for 'https://github.com': 

Host: Intel(R) Core(TM) i3-5010U CPU @ 2.10GHz, 4 cores, 9G,  Windows 10 , 64 bit Build 19041 (10.0.19041.1806)
Time: Tue Sep 13 01:26:29 2022 SE Asia Standard Time elapsed time: 0.288635 seconds (0d 0h 0m 0s)

---------------  T H R E A D  ---------------

Current thread (0x000001cf9bd2d000):  JavaThread "C1 CompilerThread0" daemon [_thread_in_native, id=10064, stack(0x0000005502100000,0x0000005502200000)]


Current CompileTask:
C1:    288  197       3       jdk.internal.org.objectweb.asm.Frame::execute (2264 bytes)

Stack: [0x0000005502100000,0x0000005502200000]
Native frames: (J=compiled Java code, j=interpreted, Vv=VM code, C=native code)
V  [jvm.dll+0x5fbcea]
V  [jvm.dll+0x731905]
V  [jvm.dll+0x732f1d]
V  [jvm.dll+0x7335d3]
V  [jvm.dll+0x247bf8]
V  [jvm.dll+0xc041b]
V  [jvm.dll+0xc06cc]
V  [jvm.dll+0x5e8dce]
V  [jvm.dll+0x13e461]
V  [jvm.dll+0x144247]
V  [jvm.dll+0x14466c]
V  [jvm.dll+0x144933]
V  [jvm.dll+0x14477b]
V  [jvm.dll+0x128894]
V  [jvm.dll+0x1285b5]
V  [jvm.dll+0x1286d3]
V  [jvm.dll+0x1279e7]
V  [jvm.dll+0x1295b7]
V  [jvm.dll+0x20e0d7]
V  [jvm.dll+0x20c901]
V  [jvm.dll+0x6f9b7f]
V  [jvm.dll+0x6f26a5]
V  [jvm.dll+0x5fabf6]
C  [ucrtbase.dll+0x21bb2]
C  [KERNEL32.DLL+0x17034]
C  [ntdll.dll+0x52651]


---------------  P R O C E S S  ---------------

Threads class SMR info:
_java_thread_list=0x000001cf9be7ea10, length=10, elements={
0x000001cffe60b000, 0x000001cf9b48d800, 0x000001cf9b4c5000, 0x000001cf9bcd5000,
0x000001cf9bcd7000, 0x000001cf9bcd9800, 0x000001cf9bcdc800, 0x000001cf9bd2d000,
0x000001cf9bd30000, 0x000001cf9be8f000
}

Java Threads: ( => current thread )
  0x000001cffe60b000 JavaThread "main" [_thread_blocked, id=14300, stack(0x0000005501400000,0x0000005501500000)]
  0x000001cf9b48d800 JavaThread "Reference Handler" daemon [_thread_blocked, id=37460, stack(0x0000005501b00000,0x0000005501c00000)]
  0x000001cf9b4c5000 JavaThread "Finalizer" daemon [_thread_blocked, id=36708, stack(0x0000005501c00000,0x0000005501d00000)]
  0x000001cf9bcd5000 JavaThread "Signal Dispatcher" daemon [_thread_blocked, id=20728, stack(0x0000005501d00000,0x0000005501e00000)]
  0x000001cf9bcd7000 JavaThread "Attach Listener" daemon [_thread_blocked, id=16636, stack(0x0000005501e00000,0x0000005501f00000)]
  0x000001cf9bcd9800 JavaThread "Service Thread" daemon [_thread_blocked, id=38228, stack(0x0000005501f00000,0x0000005502000000)]
  0x000001cf9bcdc800 JavaThread "C2 CompilerThread0" daemon [_thread_blocked, id=12024, stack(0x0000005502000000,0x0000005502100000)]
=>0x000001cf9bd2d000 JavaThread "C1 CompilerThread0" daemon [_thread_in_native, id=10064, stack(0x0000005502100000,0x0000005502200000)]
  0x000001cf9bd30000 JavaThread "Sweeper thread" daemon [_thread_blocked, id=38072, stack(0x0000005502200000,0x0000005502300000)]
  0x000001cf9be8f000 JavaThread "Common-Cleaner" daemon [_thread_blocked, id=26684, stack(0x0000005502400000,0x0000005502500000)]

Other Threads:
  0x000001cf9b48c000 VMThread "VM Thread" [stack: 0x0000005501a00000,0x0000005501b00000] [id=17120]
  0x000001cf9be87000 WatcherThread [stack: 0x0000005502300000,0x0000005502400000] [id=19180]
  0x000001cffe624000 GCTaskThread "GC Thread#0" [stack: 0x0000005501500000,0x0000005501600000] [id=11100]
  0x000001cf9c026000 GCTaskThread "GC Thread#1" [stack: 0x0000005502500000,0x0000005502600000] [id=16296]
  0x000001cf9bf45800 GCTaskThread "GC Thread#2" [stack: 0x0000005502600000,0x0000005502700000] [id=36696]
  0x000001cffe65f800 ConcurrentGCThread "G1 Main Marker" [stack: 0x0000005501600000,0x0000005501700000] [id=14028]
  0x000001cffe662800 ConcurrentGCThread "G1 Conc#0" [stack: 0x0000005501700000,0x0000005501800000] [id=37652]
  0x000001cf9b2f4800 ConcurrentGCThread "G1 Refine#0" [stack: 0x0000005501800000,0x0000005501900000] [id=9088]
  0x000001cf9b2f5000 ConcurrentGCThread "G1 Young RemSet Sampling" [stack: 0x0000005501900000,0x0000005501a00000] [id=36224]

Threads with active compile tasks:
C1 CompilerThread0    495  197       3       jdk.internal.org.objectweb.asm.Frame::execute (2264 bytes)

VM state:at safepoint (normal execution)

VM Mutex/Monitor currently owned by a thread:  ([mutex/lock_event])
[0x000001cffe6074e0] Threads_lock - owner thread: 0x000001cf9b48c000
[0x000001cffe607060] Heap_lock - owner thread: 0x000001cffe60b000

Heap address: 0x0000000761800000, size: 2536 MB, Compressed Oops mode: Zero based, Oop shift amount: 3
Narrow klass base: 0x0000000800000000, Narrow klass shift: 0
Compressed class space size: 1073741824 Address: 0x0000000800000000

Heap:
 garbage-first heap   total 163840K, used 760K [0x0000000761800000, 0x0000000800000000)
  region size 1024K, 1 young (1024K), 1 survivors (1024K)
 Metaspace       used 5855K, capacity 5898K, committed 6016K, reserved 1064960K
  class space    used 504K, capacity 537K, committed 640K, reserved 1048576K
Heap Regions: E=young(eden), S=young(survivor), O=old, HS=humongous(starts), HC=humongous(continues), CS=collection set, F=free, A=archive, TAMS=top-at-mark-start (previous, next)
|   0|0x0000000761800000, 0x0000000761800000, 0x0000000761900000|  0%| F|  |TAMS 0x0000000761800000, 0x0000000761800000| Untracked 
|   1|0x0000000761900000, 0x0000000761900000, 0x0000000761a00000|  0%| F|  |TAMS 0x0000000761900000, 0x0000000761900000| Untracked 
|   2|0x0000000761a00000, 0x0000000761a00000, 0x0000000761b00000|  0%| F|  |TAMS 0x0000000761a00000, 0x0000000761a00000| Untracked 
|   3|0x0000000761b00000, 0x0000000761b00000, 0x0000000761c00000|  0%| F|  |TAMS 0x0000000761b00000, 0x0000000761b00000| Untracked 
|   4|0x0000000761c00000, 0x0000000761c00000, 0x0000000761d00000|  0%| F|  |TAMS 0x0000000761c00000, 0x0000000761c00000| Untracked 
|   5|0x0000000761d00000, 0x0000000761d00000, 0x0000000761e00000|  0%| F|  |TAMS 0x0000000761d00000, 0x0000000761d00000| Untracked 
|   6|0x0000000761e00000, 0x0000000761e00000, 0x0000000761f00000|  0%| F|  |TAMS 0x0000000761e00000, 0x0000000761e00000| Untracked 
|   7|0x0000000761f00000, 0x0000000761f00000, 0x0000000762000000|  0%| F|  |TAMS 0x0000000761f00000, 0x0000000761f00000| Untracked 
|   8|0x0000000762000000, 0x0000000762000000, 0x0000000762100000|  0%| F|  |TAMS 0x0000000762000000, 0x0000000762000000| Untracked 
|   9|0x0000000762100000, 0x0000000762100000, 0x0000000762200000|  0%| F|  |TAMS 0x0000000762100000, 0x0000000762100000| Untracked 
|  10|0x0000000762200000, 0x0000000762200000, 0x0000000762300000|  0%| F|  |TAMS 0x0000000762200000, 0x0000000762200000| Untracked 
|  11|0x0000000762300000, 0x0000000762300000, 0x0000000762400000|  0%| F|  |TAMS 0x0000000762300000, 0x0000000762300000| Untracked 
|  12|0x0000000762400000, 0x0000000762400000, 0x0000000762500000|  0%| F|  |TAMS 0x0000000762400000, 0x0000000762400000| Untracked 
|  13|0x0000000762500000, 0x0000000762500000, 0x0000000762600000|  0%| F|  |TAMS 0x0000000762500000, 0x0000000762500000| Untracked 
|  14|0x0000000762600000, 0x0000000762600000, 0x0000000762700000|  0%| F|  |TAMS 0x0000000762600000, 0x0000000762600000| Untracked 
|  15|0x0000000762700000, 0x0000000762700000, 0x0000000762800000|  0%| F|  |TAMS 0x0000000762700000, 0x0000000762700000| Untracked 
|  16|0x0000000762800000, 0x0000000762800000, 0x0000000762900000|  0%| F|  |TAMS 0x0000000762800000, 0x0000000762800000| Untracked 
|  17|0x0000000762900000, 0x0000000762900000, 0x0000000762a00000|  0%| F|  |TAMS 0x0000000762900000, 0x0000000762900000| Untracked 
|  18|0x0000000762a00000, 0x0000000762a00000, 0x0000000762b00000|  0%| F|  |TAMS 0x0000000762a00000, 0x0000000762a00000| Untracked 
|  19|0x0000000762b00000, 0x0000000762b00000, 0x0000000762c00000|  0%| F|  |TAMS 0x0000000762b00000, 0x0000000762b00000| Untracked 
|  20|0x0000000762c00000, 0x0000000762c00000, 0x0000000762d00000|  0%| F|  |TAMS 0x0000000762c00000, 0x0000000762c00000| Untracked 
|  21|0x0000000762d00000, 0x0000000762d00000, 0x0000000762e00000|  0%| F|  |TAMS 0x0000000762d00000, 0x0000000762d00000| Untracked 
|  22|0x0000000762e00000, 0x0000000762e00000, 0x0000000762f00000|  0%| F|  |TAMS 0x0000000762e00000, 0x0000000762e00000| Untracked 
|  23|0x0000000762f00000, 0x0000000762f00000, 0x0000000763000000|  0%| F|  |TAMS 0x0000000762f00000, 0x0000000762f00000| Untracked 
|  24|0x0000000763000000, 0x0000000763000000, 0x0000000763100000|  0%| F|  |TAMS 0x0000000763000000, 0x0000000763000000| Untracked 
|  25|0x0000000763100000, 0x0000000763100000, 0x0000000763200000|  0%| F|  |TAMS 0x0000000763100000, 0x0000000763100000| Untracked 
|  26|0x0000000763200000, 0x0000000763200000, 0x0000000763300000|  0%| F|  |TAMS 0x0000000763200000, 0x0000000763200000| Untracked 
|  27|0x0000000763300000, 0x0000000763300000, 0x0000000763400000|  0%| F|  |TAMS 0x0000000763300000, 0x0000000763300000| Untracked 
|  28|0x0000000763400000, 0x0000000763400000, 0x0000000763500000|  0%| F|  |TAMS 0x0000000763400000, 0x0000000763400000| Untracked 
|  29|0x0000000763500000, 0x0000000763500000, 0x0000000763600000|  0%| F|  |TAMS 0x0000000763500000, 0x0000000763500000| Untracked 
|  30|0x0000000763600000, 0x0000000763600000, 0x0000000763700000|  0%| F|  |TAMS 0x0000000763600000, 0x0000000763600000| Untracked 
|  31|0x0000000763700000, 0x0000000763700000, 0x0000000763800000|  0%| F|  |TAMS 0x0000000763700000, 0x0000000763700000| Untracked 
|  32|0x0000000763800000, 0x0000000763800000, 0x0000000763900000|  0%| F|  |TAMS 0x0000000763800000, 0x0000000763800000| Untracked 
|  33|0x0000000763900000, 0x0000000763900000, 0x0000000763a00000|  0%| F|  |TAMS 0x0000000763900000, 0x0000000763900000| Untracked 
|  34|0x0000000763a00000, 0x0000000763a00000, 0x0000000763b00000|  0%| F|  |TAMS 0x0000000763a00000, 0x0000000763a00000| Untracked 
|  35|0x0000000763b00000, 0x0000000763b00000, 0x0000000763c00000|  0%| F|  |TAMS 0x0000000763b00000, 0x0000000763b00000| Untracked 
|  36|0x0000000763c00000, 0x0000000763c00000, 0x0000000763d00000|  0%| F|  |TAMS 0x0000000763c00000, 0x0000000763c00000| Untracked 
|  37|0x0000000763d00000, 0x0000000763d00000, 0x0000000763e00000|  0%| F|  |TAMS 0x0000000763d00000, 0x0000000763d00000| Untracked 
|  38|0x0000000763e00000, 0x0000000763e00000, 0x0000000763f00000|  0%| F|  |TAMS 0x0000000763e00000, 0x0000000763e00000| Untracked 
|  39|0x0000000763f00000, 0x0000000763f00000, 0x0000000764000000|  0%| F|  |TAMS 0x0000000763f00000, 0x0000000763f00000| Untracked 
|  40|0x0000000764000000, 0x0000000764000000, 0x0000000764100000|  0%| F|  |TAMS 0x0000000764000000, 0x0000000764000000| Untracked 
|  41|0x0000000764100000, 0x0000000764100000, 0x0000000764200000|  0%| F|  |TAMS 0x0000000764100000, 0x0000000764100000| Untracked 
|  42|0x0000000764200000, 0x0000000764200000, 0x0000000764300000|  0%| F|  |TAMS 0x0000000764200000, 0x0000000764200000| Untracked 
|  43|0x0000000764300000, 0x0000000764300000, 0x0000000764400000|  0%| F|  |TAMS 0x0000000764300000, 0x0000000764300000| Untracked 
|  44|0x0000000764400000, 0x0000000764400000, 0x0000000764500000|  0%| F|  |TAMS 0x0000000764400000, 0x0000000764400000| Untracked 
|  45|0x0000000764500000, 0x0000000764500000, 0x0000000764600000|  0%| F|  |TAMS 0x0000000764500000, 0x0000000764500000| Untracked 
|  46|0x0000000764600000, 0x0000000764600000, 0x0000000764700000|  0%| F|  |TAMS 0x0000000764600000, 0x0000000764600000| Untracked 
|  47|0x0000000764700000, 0x0000000764700000, 0x0000000764800000|  0%| F|  |TAMS 0x0000000764700000, 0x0000000764700000| Untracked 
|  48|0x0000000764800000, 0x0000000764800000, 0x0000000764900000|  0%| F|  |TAMS 0x0000000764800000, 0x0000000764800000| Untracked 
|  49|0x0000000764900000, 0x0000000764900000, 0x0000000764a00000|  0%| F|  |TAMS 0x0000000764900000, 0x0000000764900000| Untracked 
|  50|0x0000000764a00000, 0x0000000764a00000, 0x0000000764b00000|  0%| F|  |TAMS 0x0000000764a00000, 0x0000000764a00000| Untracked 
|  51|0x0000000764b00000, 0x0000000764b00000, 0x0000000764c00000|  0%| F|  |TAMS 0x0000000764b00000, 0x0000000764b00000| Untracked 
|  52|0x0000000764c00000, 0x0000000764c00000, 0x0000000764d00000|  0%| F|  |TAMS 0x0000000764c00000, 0x0000000764c00000| Untracked 
|  53|0x0000000764d00000, 0x0000000764d00000, 0x0000000764e00000|  0%| F|  |TAMS 0x0000000764d00000, 0x0000000764d00000| Untracked 
|  54|0x0000000764e00000, 0x0000000764e00000, 0x0000000764f00000|  0%| F|  |TAMS 0x0000000764e00000, 0x0000000764e00000| Untracked 
|  55|0x0000000764f00000, 0x0000000764f00000, 0x0000000765000000|  0%| F|  |TAMS 0x0000000764f00000, 0x0000000764f00000| Untracked 
|  56|0x0000000765000000, 0x0000000765000000, 0x0000000765100000|  0%| F|  |TAMS 0x0000000765000000, 0x0000000765000000| Untracked 
|  57|0x0000000765100000, 0x0000000765100000, 0x0000000765200000|  0%| F|  |TAMS 0x0000000765100000, 0x0000000765100000| Untracked 
|  58|0x0000000765200000, 0x0000000765200000, 0x0000000765300000|  0%| F|  |TAMS 0x0000000765200000, 0x0000000765200000| Untracked 
|  59|0x0000000765300000, 0x0000000765300000, 0x0000000765400000|  0%| F|  |TAMS 0x0000000765300000, 0x0000000765300000| Untracked 
|  60|0x0000000765400000, 0x0000000765400000, 0x0000000765500000|  0%| F|  |TAMS 0x0000000765400000, 0x0000000765400000| Untracked 
|  61|0x0000000765500000, 0x0000000765500000, 0x0000000765600000|  0%| F|  |TAMS 0x0000000765500000, 0x0000000765500000| Untracked 
|  62|0x0000000765600000, 0x0000000765600000, 0x0000000765700000|  0%| F|  |TAMS 0x0000000765600000, 0x0000000765600000| Untracked 
|  63|0x0000000765700000, 0x0000000765700000, 0x0000000765800000|  0%| F|  |TAMS 0x0000000765700000, 0x0000000765700000| Untracked 
|  64|0x0000000765800000, 0x0000000765800000, 0x0000000765900000|  0%| F|  |TAMS 0x0000000765800000, 0x0000000765800000| Untracked 
|  65|0x0000000765900000, 0x0000000765900000, 0x0000000765a00000|  0%| F|  |TAMS 0x0000000765900000, 0x0000000765900000| Untracked 
|  66|0x0000000765a00000, 0x0000000765a00000, 0x0000000765b00000|  0%| F|  |TAMS 0x0000000765a00000, 0x0000000765a00000| Untracked 
|  67|0x0000000765b00000, 0x0000000765b00000, 0x0000000765c00000|  0%| F|  |TAMS 0x0000000765b00000, 0x0000000765b00000| Untracked 
|  68|0x0000000765c00000, 0x0000000765c00000, 0x0000000765d00000|  0%| F|  |TAMS 0x0000000765c00000, 0x0000000765c00000| Untracked 
|  69|0x0000000765d00000, 0x0000000765d00000, 0x0000000765e00000|  0%| F|  |TAMS 0x0000000765d00000, 0x0000000765d00000| Untracked 
|  70|0x0000000765e00000, 0x0000000765e00000, 0x0000000765f00000|  0%| F|  |TAMS 0x0000000765e00000, 0x0000000765e00000| Untracked 
|  71|0x0000000765f00000, 0x0000000765f00000, 0x0000000766000000|  0%| F|  |TAMS 0x0000000765f00000, 0x0000000765f00000| Untracked 
|  72|0x0000000766000000, 0x0000000766000000, 0x0000000766100000|  0%| F|  |TAMS 0x0000000766000000, 0x0000000766000000| Untracked 
|  73|0x0000000766100000, 0x0000000766100000, 0x0000000766200000|  0%| F|  |TAMS 0x0000000766100000, 0x0000000766100000| Untracked 
|  74|0x0000000766200000, 0x0000000766200000, 0x0000000766300000|  0%| F|  |TAMS 0x0000000766200000, 0x0000000766200000| Untracked 
|  75|0x0000000766300000, 0x0000000766300000, 0x0000000766400000|  0%| F|  |TAMS 0x0000000766300000, 0x0000000766300000| Untracked 
|  76|0x0000000766400000, 0x0000000766400000, 0x0000000766500000|  0%| F|  |TAMS 0x0000000766400000, 0x0000000766400000| Untracked 
|  77|0x0000000766500000, 0x0000000766500000, 0x0000000766600000|  0%| F|  |TAMS 0x0000000766500000, 0x0000000766500000| Untracked 
|  78|0x0000000766600000, 0x0000000766600000, 0x0000000766700000|  0%| F|  |TAMS 0x0000000766600000, 0x0000000766600000| Untracked 
|  79|0x0000000766700000, 0x0000000766700000, 0x0000000766800000|  0%| F|  |TAMS 0x0000000766700000, 0x0000000766700000| Untracked 
|  80|0x0000000766800000, 0x0000000766800000, 0x0000000766900000|  0%| F|  |TAMS 0x0000000766800000, 0x0000000766800000| Untracked 
|  81|0x0000000766900000, 0x0000000766900000, 0x0000000766a00000|  0%| F|  |TAMS 0x0000000766900000, 0x0000000766900000| Untracked 
|  82|0x0000000766a00000, 0x0000000766a00000, 0x0000000766b00000|  0%| F|  |TAMS 0x0000000766a00000, 0x0000000766a00000| Untracked 
|  83|0x0000000766b00000, 0x0000000766b00000, 0x0000000766c00000|  0%| F|  |TAMS 0x0000000766b00000, 0x0000000766b00000| Untracked 
|  84|0x0000000766c00000, 0x0000000766c00000, 0x0000000766d00000|  0%| F|  |TAMS 0x0000000766c00000, 0x0000000766c00000| Untracked 
|  85|0x0000000766d00000, 0x0000000766d00000, 0x0000000766e00000|  0%| F|  |TAMS 0x0000000766d00000, 0x0000000766d00000| Untracked 
|  86|0x0000000766e00000, 0x0000000766e00000, 0x0000000766f00000|  0%| F|  |TAMS 0x0000000766e00000, 0x0000000766e00000| Untracked 
|  87|0x0000000766f00000, 0x0000000766f00000, 0x0000000767000000|  0%| F|  |TAMS 0x0000000766f00000, 0x0000000766f00000| Untracked 
|  88|0x0000000767000000, 0x0000000767000000, 0x0000000767100000|  0%| F|  |TAMS 0x0000000767000000, 0x0000000767000000| Untracked 
|  89|0x0000000767100000, 0x0000000767100000, 0x0000000767200000|  0%| F|  |TAMS 0x0000000767100000, 0x0000000767100000| Untracked 
|  90|0x0000000767200000, 0x0000000767200000, 0x0000000767300000|  0%| F|  |TAMS 0x0000000767200000, 0x0000000767200000| Untracked 
|  91|0x0000000767300000, 0x0000000767300000, 0x0000000767400000|  0%| F|  |TAMS 0x0000000767300000, 0x0000000767300000| Untracked 
|  92|0x0000000767400000, 0x0000000767400000, 0x0000000767500000|  0%| F|  |TAMS 0x0000000767400000, 0x0000000767400000| Untracked 
|  93|0x0000000767500000, 0x0000000767500000, 0x0000000767600000|  0%| F|  |TAMS 0x0000000767500000, 0x0000000767500000| Untracked 
|  94|0x0000000767600000, 0x0000000767600000, 0x0000000767700000|  0%| F|  |TAMS 0x0000000767600000, 0x0000000767600000| Untracked 
|  95|0x0000000767700000, 0x0000000767700000, 0x0000000767800000|  0%| F|  |TAMS 0x0000000767700000, 0x0000000767700000| Untracked 
|  96|0x0000000767800000, 0x0000000767800000, 0x0000000767900000|  0%| F|  |TAMS 0x0000000767800000, 0x0000000767800000| Untracked 
|  97|0x0000000767900000, 0x0000000767900000, 0x0000000767a00000|  0%| F|  |TAMS 0x0000000767900000, 0x0000000767900000| Untracked 
|  98|0x0000000767a00000, 0x0000000767a00000, 0x0000000767b00000|  0%| F|  |TAMS 0x0000000767a00000, 0x0000000767a00000| Untracked 
|  99|0x0000000767b00000, 0x0000000767b00000, 0x0000000767c00000|  0%| F|  |TAMS 0x0000000767b00000, 0x0000000767b00000| Untracked 
| 100|0x0000000767c00000, 0x0000000767c00000, 0x0000000767d00000|  0%| F|  |TAMS 0x0000000767c00000, 0x0000000767c00000| Untracked 
| 101|0x0000000767d00000, 0x0000000767d00000, 0x0000000767e00000|  0%| F|  |TAMS 0x0000000767d00000, 0x0000000767d00000| Untracked 
| 102|0x0000000767e00000, 0x0000000767e00000, 0x0000000767f00000|  0%| F|  |TAMS 0x0000000767e00000, 0x0000000767e00000| Untracked 
| 103|0x0000000767f00000, 0x0000000767f00000, 0x0000000768000000|  0%| F|  |TAMS 0x0000000767f00000, 0x0000000767f00000| Untracked 
| 104|0x0000000768000000, 0x0000000768000000, 0x0000000768100000|  0%| F|  |TAMS 0x0000000768000000, 0x0000000768000000| Untracked 
| 105|0x0000000768100000, 0x0000000768100000, 0x0000000768200000|  0%| F|  |TAMS 0x0000000768100000, 0x0000000768100000| Untracked 
| 106|0x0000000768200000, 0x0000000768200000, 0x0000000768300000|  0%| F|  |TAMS 0x0000000768200000, 0x0000000768200000| Untracked 
| 107|0x0000000768300000, 0x0000000768300000, 0x0000000768400000|  0%| F|  |TAMS 0x0000000768300000, 0x0000000768300000| Untracked 
| 108|0x0000000768400000, 0x0000000768400000, 0x0000000768500000|  0%| F|  |TAMS 0x0000000768400000, 0x0000000768400000| Untracked 
| 109|0x0000000768500000, 0x0000000768500000, 0x0000000768600000|  0%| F|  |TAMS 0x0000000768500000, 0x0000000768500000| Untracked 
| 110|0x0000000768600000, 0x0000000768600000, 0x0000000768700000|  0%| F|  |TAMS 0x0000000768600000, 0x0000000768600000| Untracked 
| 111|0x0000000768700000, 0x0000000768700000, 0x0000000768800000|  0%| F|  |TAMS 0x0000000768700000, 0x0000000768700000| Untracked 
| 112|0x0000000768800000, 0x0000000768800000, 0x0000000768900000|  0%| F|  |TAMS 0x0000000768800000, 0x0000000768800000| Untracked 
| 113|0x0000000768900000, 0x0000000768900000, 0x0000000768a00000|  0%| F|  |TAMS 0x0000000768900000, 0x0000000768900000| Untracked 
| 114|0x0000000768a00000, 0x0000000768a00000, 0x0000000768b00000|  0%| F|  |TAMS 0x0000000768a00000, 0x0000000768a00000| Untracked 
| 115|0x0000000768b00000, 0x0000000768b00000, 0x0000000768c00000|  0%| F|  |TAMS 0x0000000768b00000, 0x0000000768b00000| Untracked 
| 116|0x0000000768c00000, 0x0000000768c00000, 0x0000000768d00000|  0%| F|  |TAMS 0x0000000768c00000, 0x0000000768c00000| Untracked 
| 117|0x0000000768d00000, 0x0000000768d00000, 0x0000000768e00000|  0%| F|  |TAMS 0x0000000768d00000, 0x0000000768d00000| Untracked 
| 118|0x0000000768e00000, 0x0000000768e00000, 0x0000000768f00000|  0%| F|  |TAMS 0x0000000768e00000, 0x0000000768e00000| Untracked 
| 119|0x0000000768f00000, 0x0000000768f00000, 0x0000000769000000|  0%| F|  |TAMS 0x0000000768f00000, 0x0000000768f00000| Untracked 
| 120|0x0000000769000000, 0x0000000769000000, 0x0000000769100000|  0%| F|  |TAMS 0x0000000769000000, 0x0000000769000000| Untracked 
| 121|0x0000000769100000, 0x0000000769100000, 0x0000000769200000|  0%| F|  |TAMS 0x0000000769100000, 0x0000000769100000| Untracked 
| 122|0x0000000769200000, 0x0000000769200000, 0x0000000769300000|  0%| F|  |TAMS 0x0000000769200000, 0x0000000769200000| Untracked 
| 123|0x0000000769300000, 0x0000000769300000, 0x0000000769400000|  0%| F|  |TAMS 0x0000000769300000, 0x0000000769300000| Untracked 
| 124|0x0000000769400000, 0x0000000769400000, 0x0000000769500000|  0%| F|  |TAMS 0x0000000769400000, 0x0000000769400000| Untracked 
| 125|0x0000000769500000, 0x0000000769500000, 0x0000000769600000|  0%| F|  |TAMS 0x0000000769500000, 0x0000000769500000| Untracked 
| 126|0x0000000769600000, 0x0000000769600000, 0x0000000769700000|  0%| F|  |TAMS 0x0000000769600000, 0x0000000769600000| Untracked 
| 127|0x0000000769700000, 0x0000000769700000, 0x0000000769800000|  0%| F|  |TAMS 0x0000000769700000, 0x0000000769700000| Untracked 
| 128|0x0000000769800000, 0x0000000769800000, 0x0000000769900000|  0%| F|  |TAMS 0x0000000769800000, 0x0000000769800000| Untracked 
| 129|0x0000000769900000, 0x0000000769900000, 0x0000000769a00000|  0%| F|  |TAMS 0x0000000769900000, 0x0000000769900000| Untracked 
| 130|0x0000000769a00000, 0x0000000769a00000, 0x0000000769b00000|  0%| F|  |TAMS 0x0000000769a00000, 0x0000000769a00000| Untracked 
| 131|0x0000000769b00000, 0x0000000769b00000, 0x0000000769c00000|  0%| F|  |TAMS 0x0000000769b00000, 0x0000000769b00000| Untracked 
| 132|0x0000000769c00000, 0x0000000769c00000, 0x0000000769d00000|  0%| F|  |TAMS 0x0000000769c00000, 0x0000000769c00000| Untracked 
| 133|0x0000000769d00000, 0x0000000769d00000, 0x0000000769e00000|  0%| F|  |TAMS 0x0000000769d00000, 0x0000000769d00000| Untracked 
| 134|0x0000000769e00000, 0x0000000769e00000, 0x0000000769f00000|  0%| F|  |TAMS 0x0000000769e00000, 0x0000000769e00000| Untracked 
| 135|0x0000000769f00000, 0x0000000769f00000, 0x000000076a000000|  0%| F|  |TAMS 0x0000000769f00000, 0x0000000769f00000| Untracked 
| 136|0x000000076a000000, 0x000000076a000000, 0x000000076a100000|  0%| F|  |TAMS 0x000000076a000000, 0x000000076a000000| Untracked 
| 137|0x000000076a100000, 0x000000076a100000, 0x000000076a200000|  0%| F|  |TAMS 0x000000076a100000, 0x000000076a100000| Untracked 
| 138|0x000000076a200000, 0x000000076a200000, 0x000000076a300000|  0%| F|  |TAMS 0x000000076a200000, 0x000000076a200000| Untracked 
| 139|0x000000076a300000, 0x000000076a300000, 0x000000076a400000|  0%| F|  |TAMS 0x000000076a300000, 0x000000076a300000| Untracked 
| 140|0x000000076a400000, 0x000000076a400000, 0x000000076a500000|  0%| F|  |TAMS 0x000000076a400000, 0x000000076a400000| Untracked 
| 141|0x000000076a500000, 0x000000076a500000, 0x000000076a600000|  0%| F|  |TAMS 0x000000076a500000, 0x000000076a500000| Untracked 
| 142|0x000000076a600000, 0x000000076a600000, 0x000000076a700000|  0%| F|  |TAMS 0x000000076a600000, 0x000000076a600000| Untracked 
| 143|0x000000076a700000, 0x000000076a700000, 0x000000076a800000|  0%| F|  |TAMS 0x000000076a700000, 0x000000076a700000| Untracked 
| 144|0x000000076a800000, 0x000000076a800000, 0x000000076a900000|  0%| F|  |TAMS 0x000000076a800000, 0x000000076a800000| Untracked 
| 145|0x000000076a900000, 0x000000076a900000, 0x000000076aa00000|  0%| F|  |TAMS 0x000000076a900000, 0x000000076a900000| Untracked 
| 146|0x000000076aa00000, 0x000000076aa00000, 0x000000076ab00000|  0%| F|  |TAMS 0x000000076aa00000, 0x000000076aa00000| Untracked 
| 147|0x000000076ab00000, 0x000000076ab00000, 0x000000076ac00000|  0%| F|  |TAMS 0x000000076ab00000, 0x000000076ab00000| Untracked 
| 148|0x000000076ac00000, 0x000000076ac00000, 0x000000076ad00000|  0%| F|  |TAMS 0x000000076ac00000, 0x000000076ac00000| Untracked 
| 149|0x000000076ad00000, 0x000000076ad00000, 0x000000076ae00000|  0%| F|  |TAMS 0x000000076ad00000, 0x000000076ad00000| Untracked 
| 150|0x000000076ae00000, 0x000000076ae00000, 0x000000076af00000|  0%| F|  |TAMS 0x000000076ae00000, 0x000000076ae00000| Untracked 
| 151|0x000000076af00000, 0x000000076af00000, 0x000000076b000000|  0%| F|  |TAMS 0x000000076af00000, 0x000000076af00000| Untracked 
| 152|0x000000076b000000, 0x000000076b000000, 0x000000076b100000|  0%| F|  |TAMS 0x000000076b000000, 0x000000076b000000| Untracked 
| 153|0x000000076b100000, 0x000000076b100000, 0x000000076b200000|  0%| F|  |TAMS 0x000000076b100000, 0x000000076b100000| Untracked 
| 154|0x000000076b200000, 0x000000076b200000, 0x000000076b300000|  0%| F|  |TAMS 0x000000076b200000, 0x000000076b200000| Untracked 
| 155|0x000000076b300000, 0x000000076b300000, 0x000000076b400000|  0%| F|  |TAMS 0x000000076b300000, 0x000000076b300000| Untracked 
| 156|0x000000076b400000, 0x000000076b400000, 0x000000076b500000|  0%| F|  |TAMS 0x000000076b400000, 0x000000076b400000| Untracked 
| 157|0x000000076b500000, 0x000000076b5be2e8, 0x000000076b600000| 74%| S|CS|TAMS 0x000000076b500000, 0x000000076b500000| Complete 
| 158|0x000000076b600000, 0x000000076b600000, 0x000000076b700000|  0%| F|  |TAMS 0x000000076b600000, 0x000000076b600000| Untracked 
| 159|0x000000076b700000, 0x000000076b700000, 0x000000076b800000|  0%| F|  |TAMS 0x000000076b700000, 0x000000076b700000| Untracked 

Card table byte_map: [0x000001cf93550000,0x000001cf93a50000] _byte_map_base: 0x000001cf8fa44000

Marking Bits (Prev, Next): (CMBitMap*) 0x000001cffe654918, (CMBitMap*) 0x000001cffe654950
 Prev Bits: [0x000001cf93f50000, 0x000001cf966f0000)
 Next Bits: [0x000001cf966f0000, 0x000001cf98e90000)

Polling page: 0x000001cffe460000

Metaspace:

Usage:
  Non-class:      5.24 MB capacity,     5.23 MB (>99%) used,     6.49 KB ( <1%) free+waste,     3.00 KB ( <1%) overhead. 
      Class:    537.00 KB capacity,   504.42 KB ( 94%) used,    31.08 KB (  6%) free+waste,     1.50 KB ( <1%) overhead. 
       Both:      5.76 MB capacity,     5.72 MB (>99%) used,    37.57 KB ( <1%) free+waste,     4.50 KB ( <1%) overhead. 

Virtual space:
  Non-class space:       16.00 MB reserved,       5.25 MB ( 33%) committed 
      Class space:        1.00 GB reserved,     640.00 KB ( <1%) committed 
             Both:        1.02 GB reserved,       5.88 MB ( <1%) committed 

Chunk freelists:
   Non-Class:  15.00 KB
       Class:  7.00 KB
        Both:  22.00 KB

MaxMetaspaceSize: 17179869184.00 GB
CompressedClassSpaceSize: 1.00 GB
Initial GC threshold: 20.80 MB
Current GC threshold: 21.12 MB
CDS: off

CodeHeap 'non-profiled nmethods': size=120064Kb used=62Kb max_used=62Kb free=120001Kb
 bounds [0x000001cf8b4f0000, 0x000001cf8b760000, 0x000001cf92a30000]
CodeHeap 'profiled nmethods': size=120000Kb used=255Kb max_used=255Kb free=119744Kb
 bounds [0x000001cf83fc0000, 0x000001cf84230000, 0x000001cf8b4f0000]
CodeHeap 'non-nmethods': size=5696Kb used=1103Kb max_used=1103Kb free=4592Kb
 bounds [0x000001cf83a30000, 0x000001cf83ca0000, 0x000001cf83fc0000]
 total_blobs=548 nmethods=207 adapters=254
 compilation: enabled
              stopped_count=0, restarted_count=0
 full_count=0

Compilation events (20 events):
Event: 0.252 Thread 0x000001cf9bd2d000 nmethod 192 0x000001cf83ff9410 code [0x000001cf83ff95c0, 0x000001cf83ff9758]
Event: 0.252 Thread 0x000001cf9bd2d000  190       3       java.lang.invoke.MethodType$ConcurrentWeakInternSet::get (54 bytes)
Event: 0.252 Thread 0x000001cf9bd2d000 nmethod 190 0x000001cf83ff9810 code [0x000001cf83ff9a80, 0x000001cf83ffa7d8]
Event: 0.252 Thread 0x000001cf9bd2d000  188       3       jdk.internal.org.objectweb.asm.ByteVector::putShort (52 bytes)
Event: 0.253 Thread 0x000001cf9bd2d000 nmethod 188 0x000001cf83ffac10 code [0x000001cf83ffade0, 0x000001cf83ffafe8]
Event: 0.253 Thread 0x000001cf9bd2d000  195       3       java.lang.invoke.MemberName::isConstructor (7 bytes)
Event: 0.253 Thread 0x000001cf9bd2d000 nmethod 195 0x000001cf83ffb110 code [0x000001cf83ffb2c0, 0x000001cf83ffb4f8]
Event: 0.253 Thread 0x000001cf9bd2d000  196       3       sun.invoke.util.Wrapper::forPrimitiveType (49 bytes)
Event: 0.254 Thread 0x000001cf9bd2d000 nmethod 196 0x000001cf83ffb610 code [0x000001cf83ffb9a0, 0x000001cf83ffcf28]
Event: 0.255 Thread 0x000001cf9bd2d000  203       3       java.lang.invoke.LambdaForm$Name::useCount (42 bytes)
Event: 0.255 Thread 0x000001cf9bd2d000 nmethod 203 0x000001cf83ffd710 code [0x000001cf83ffd8e0, 0x000001cf83ffdbd8]
Event: 0.255 Thread 0x000001cf9bd2d000  199       3       java.lang.invoke.MethodType::checkPtypes (61 bytes)
Event: 0.256 Thread 0x000001cf9bd2d000 nmethod 199 0x000001cf83ffdd10 code [0x000001cf83ffdfa0, 0x000001cf83ffe988]
Event: 0.256 Thread 0x000001cf9bd2d000  207       3       java.util.Arrays::equals (57 bytes)
Event: 0.256 Thread 0x000001cf9bd2d000 nmethod 207 0x000001cf83ffed90 code [0x000001cf83ffef80, 0x000001cf83fff4e8]
Event: 0.256 Thread 0x000001cf9bd2d000  200       3       java.util.ImmutableCollections$ListN::get (7 bytes)
Event: 0.256 Thread 0x000001cf9bd2d000 nmethod 200 0x000001cf83fff690 code [0x000001cf83fff840, 0x000001cf83fff978]
Event: 0.256 Thread 0x000001cf9bd2d000  205       3       java.util.ImmutableCollections$ListN::size (6 bytes)
Event: 0.256 Thread 0x000001cf9bd2d000 nmethod 205 0x000001cf83fffa10 code [0x000001cf83fffbc0, 0x000001cf83fffcd8]
Event: 0.256 Thread 0x000001cf9bd2d000  197       3       jdk.internal.org.objectweb.asm.Frame::execute (2264 bytes)

GC Heap History (2 events):
Event: 0.277 GC heap before
{Heap before GC invocations=0 (full 0):
 garbage-first heap   total 163840K, used 1024K [0x0000000761800000, 0x0000000800000000)
  region size 1024K, 2 young (2048K), 0 survivors (0K)
 Metaspace       used 5855K, capacity 5898K, committed 6016K, reserved 1062912K
  class space    used 504K, capacity 537K, committed 640K, reserved 1048576K
}
Event: 0.285 GC heap after
{Heap after GC invocations=1 (full 0):
 garbage-first heap   total 163840K, used 760K [0x0000000761800000, 0x0000000800000000)
  region size 1024K, 1 young (1024K), 1 survivors (1024K)
 Metaspace       used 5855K, capacity 5898K, committed 6016K, reserved 1062912K
  class space    used 504K, capacity 537K, committed 640K, reserved 1048576K
}

Deoptimization events (4 events):
Event: 0.155 Thread 0x000001cffe60b000 Uncommon trap: trap_request=0xffffff4d fr.pc=0x000001cf8b4f3f8c relative=0x00000000000001ec
Event: 0.155 Thread 0x000001cffe60b000 Uncommon trap: reason=unstable_if action=reinterpret pc=0x000001cf8b4f3f8c method=java.lang.String.hashCode()I @ 14 c2
Event: 0.155 Thread 0x000001cffe60b000 DEOPT PACKING pc=0x000001cf8b4f3f8c sp=0x00000055014fd810
Event: 0.155 Thread 0x000001cffe60b000 DEOPT UNPACKING pc=0x000001cf83a7a1af sp=0x00000055014fd7a8 mode 2

Classes redefined (0 events):
No events

Internal exceptions (0 events):
No events

Events (20 events):
Event: 0.260 loading class java/util/Spliterators$EmptySpliterator$OfInt done
Event: 0.260 loading class java/util/Spliterators$EmptySpliterator$OfLong
Event: 0.260 loading class java/util/Spliterator$OfLong
Event: 0.260 loading class java/util/Spliterator$OfLong done
Event: 0.260 loading class java/util/Spliterators$EmptySpliterator$OfLong done
Event: 0.260 loading class java/util/Spliterators$EmptySpliterator$OfDouble
Event: 0.260 loading class java/util/Spliterator$OfDouble
Event: 0.260 loading class java/util/Spliterator$OfDouble done
Event: 0.260 loading class java/util/Spliterators$EmptySpliterator$OfDouble done
Event: 0.260 loading class java/util/Spliterators$ArraySpliterator
Event: 0.260 loading class java/util/Spliterators$ArraySpliterator done
Event: 0.260 loading class java/util/stream/StreamSupport
Event: 0.261 loading class java/util/stream/StreamSupport done
Event: 0.261 loading class java/util/stream/ReferencePipeline$Head
Event: 0.261 loading class java/util/stream/ReferencePipeline
Event: 0.261 loading class java/util/stream/Stream
Event: 0.261 loading class java/util/stream/BaseStream
Event: 0.261 loading class java/util/stream/BaseStream done
Event: 0.261 loading class java/util/stream/Stream done
Event: 0.277 Executing VM operation: CollectForMetadataAllocation


Dynamic libraries:
0x00007ff75fd60000 - 0x00007ff75fd6a000 	C:\Program Files\Android\Android Studio\jre\bin\java.exe
0x00007ffacc8b0000 - 0x00007ffaccaa8000 	C:\WINDOWS\SYSTEM32\ntdll.dll
0x00007ffacad50000 - 0x00007ffacae0d000 	C:\WINDOWS\System32\KERNEL32.DLL
0x00007ffaca5c0000 - 0x00007ffaca88e000 	C:\WINDOWS\System32\KERNELBASE.dll
0x00007ffaca360000 - 0x00007ffaca460000 	C:\WINDOWS\System32\ucrtbase.dll
0x00007ffaba170000 - 0x00007ffaba187000 	C:\Program Files\Android\Android Studio\jre\bin\VCRUNTIME140.dll
0x00007ffa9ac80000 - 0x00007ffa9ac99000 	C:\Program Files\Android\Android Studio\jre\bin\jli.dll
0x00007ffacae20000 - 0x00007ffacafc0000 	C:\WINDOWS\System32\USER32.dll
0x00007ffaba870000 - 0x00007ffabab0a000 	C:\WINDOWS\WinSxS\amd64_microsoft.windows.common-controls_6595b64144ccf1df_6.0.19041.1110_none_60b5254171f9507e\COMCTL32.dll
0x00007ffaca890000 - 0x00007ffaca8b2000 	C:\WINDOWS\System32\win32u.dll
0x00007ffacb720000 - 0x00007ffacb74a000 	C:\WINDOWS\System32\GDI32.dll
0x00007ffacb090000 - 0x00007ffacb12e000 	C:\WINDOWS\System32\msvcrt.dll
0x00007ffaca220000 - 0x00007ffaca32b000 	C:\WINDOWS\System32\gdi32full.dll
0x00007ffaca180000 - 0x00007ffaca21d000 	C:\WINDOWS\System32\msvcp_win.dll
0x00007ffacb420000 - 0x00007ffacb450000 	C:\WINDOWS\System32\IMM32.DLL
0x00007ffa8ebe0000 - 0x00007ffa8ec7d000 	C:\Program Files\Android\Android Studio\jre\bin\msvcp140.dll
0x00007ffa56af0000 - 0x00007ffa575d5000 	C:\Program Files\Android\Android Studio\jre\bin\server\jvm.dll
0x00007ffacbec0000 - 0x00007ffacbf6e000 	C:\WINDOWS\System32\ADVAPI32.dll
0x00007ffacb130000 - 0x00007ffacb1cc000 	C:\WINDOWS\System32\sechost.dll
0x00007ffacb580000 - 0x00007ffacb6a5000 	C:\WINDOWS\System32\RPCRT4.dll
0x00007ffacae10000 - 0x00007ffacae18000 	C:\WINDOWS\System32\PSAPI.DLL
0x00007ffac31c0000 - 0x00007ffac31ca000 	C:\WINDOWS\SYSTEM32\VERSION.dll
0x00007ffabcd30000 - 0x00007ffabcd57000 	C:\WINDOWS\SYSTEM32\WINMM.dll
0x00007ffac7e50000 - 0x00007ffac7e59000 	C:\WINDOWS\SYSTEM32\WSOCK32.dll
0x00007ffacb3b0000 - 0x00007ffacb41b000 	C:\WINDOWS\System32\WS2_32.dll
0x00007ffac7f60000 - 0x00007ffac7f72000 	C:\WINDOWS\SYSTEM32\kernel.appcore.dll
0x00007ffac5670000 - 0x00007ffac5681000 	C:\Program Files\Android\Android Studio\jre\bin\verify.dll
0x00007ffac7c40000 - 0x00007ffac7e24000 	C:\WINDOWS\SYSTEM32\DBGHELP.DLL
0x00007ffaad340000 - 0x00007ffaad36c000 	C:\WINDOWS\SYSTEM32\dbgcore.DLL
0x00007ffaca0f0000 - 0x00007ffaca172000 	C:\WINDOWS\System32\bcryptPrimitives.dll
0x00007ffabbcf0000 - 0x00007ffabbd19000 	C:\Program Files\Android\Android Studio\jre\bin\java.dll
0x00007ffac5090000 - 0x00007ffac509b000 	C:\Program Files\Android\Android Studio\jre\bin\jimage.dll
0x00007ffabbc80000 - 0x00007ffabbc98000 	C:\Program Files\Android\Android Studio\jre\bin\zip.dll
0x00007ffacbf70000 - 0x00007ffacc6b4000 	C:\WINDOWS\System32\SHELL32.dll
0x00007ffac80d0000 - 0x00007ffac8864000 	C:\WINDOWS\SYSTEM32\windows.storage.dll
0x00007ffaca910000 - 0x00007ffacac64000 	C:\WINDOWS\System32\combase.dll
0x00007ffac99c0000 - 0x00007ffac99f0000 	C:\WINDOWS\SYSTEM32\Wldp.dll
0x00007ffacb1f0000 - 0x00007ffacb29d000 	C:\WINDOWS\System32\SHCORE.dll
0x00007ffacb6c0000 - 0x00007ffacb715000 	C:\WINDOWS\System32\shlwapi.dll
0x00007ffac9f10000 - 0x00007ffac9f2f000 	C:\WINDOWS\SYSTEM32\profapi.dll
0x00007ffab7ee0000 - 0x00007ffab7efa000 	C:\Program Files\Android\Android Studio\jre\bin\net.dll
0x00007ffabe7d0000 - 0x00007ffabe8da000 	C:\WINDOWS\SYSTEM32\WINHTTP.dll
0x00007ffac96c0000 - 0x00007ffac972a000 	C:\WINDOWS\system32\mswsock.dll
0x00007ffa9db90000 - 0x00007ffa9dba4000 	C:\Program Files\Android\Android Studio\jre\bin\nio.dll

dbghelp: loaded successfully - version: 4.0.5 - missing functions: none
symbol engine: initialized successfully - sym options: 0x614 - pdb path: .;C:\Program Files\Android\Android Studio\jre\bin;C:\WINDOWS\SYSTEM32;C:\WINDOWS\WinSxS\amd64_microsoft.windows.common-controls_6595b64144ccf1df_6.0.19041.1110_none_60b5254171f9507e;C:\Program Files\Android\Android Studio\jre\bin\server

VM Arguments:
java_command: git4idea.http.GitAskPassApp Username for 'https://github.com': 
java_class_path (initial): C:/Program Files/Android/Android Studio/plugins/git4idea/lib/git4idea-rt.jar;C:/Program Files/Android/Android Studio/lib/xmlrpc-2.0.1.jar;C:/Program Files/Android/Android Studio/lib/commons-codec-1.15.jar
Launcher Type: SUN_STANDARD

[Global flags]
     intx CICompilerCount                          = 3                                         {product} {ergonomic}
     uint ConcGCThreads                            = 1                                         {product} {ergonomic}
     uint G1ConcRefinementThreads                  = 4                                         {product} {ergonomic}
   size_t G1HeapRegionSize                         = 1048576                                   {product} {ergonomic}
    uintx GCDrainStackTargetSize                   = 64                                        {product} {ergonomic}
   size_t InitialHeapSize                          = 167772160                                 {product} {ergonomic}
   size_t MarkStackSize                            = 4194304                                   {product} {ergonomic}
   size_t MaxHeapSize                              = 2659188736                                {product} {ergonomic}
   size_t MaxNewSize                               = 1594884096                                {product} {ergonomic}
   size_t MinHeapDeltaBytes                        = 1048576                                   {product} {ergonomic}
    uintx NonNMethodCodeHeapSize                   = 5830732                                {pd product} {ergonomic}
    uintx NonProfiledCodeHeapSize                  = 122913754                              {pd product} {ergonomic}
    uintx ProfiledCodeHeapSize                     = 122913754                              {pd product} {ergonomic}
    uintx ReservedCodeCacheSize                    = 251658240                              {pd product} {ergonomic}
     bool SegmentedCodeCache                       = true                                      {product} {ergonomic}
     bool UseCompressedClassPointers               = true                                 {lp64_product} {ergonomic}
     bool UseCompressedOops                        = true                                 {lp64_product} {ergonomic}
     bool UseG1GC                                  = true                                      {product} {ergonomic}
     bool UseLargePagesIndividualAllocation        = false                                  {pd product} {ergonomic}

Logging:
Log output configuration:
 #0: stdout all=warning uptime,level,tags
 #1: stderr all=off uptime,level,tags

Environment Variables:
JAVA_HOME=C:\Program Files\Java\jdk1.8.0_111
PATH=C:/Program Files/Git/mingw64/libexec/git-core;C:/Program Files/Git/mingw64/libexec/git-core;C:\Program Files\Git\mingw64\bin;C:\Program Files\Git\usr\bin;C:\Users\muham\bin;C:\ProgramData\Oracle\Java\javapath;C:\Windows\system32;C:\Windows;C:\Windows\System32\Wbem;C:\Windows\System32\WindowsPowerShell\v1.0\;C:\Windows\System32\OpenSSH\;C:\Program Files (x86)\NVIDIA Corporation\PhysX\Common;C:\Program Files\NVIDIA Corporation\NVIDIA NvDLISR;C:\Program Files\Java\jdk1.8.0_111;C:\Program Files\Java\jdk1.8.0_111\bin;C:\WINDOWS\system32;C:\WINDOWS;C:\WINDOWS\System32\Wbem;C:\WINDOWS\System32\WindowsPowerShell\v1.0\;C:\WINDOWS\System32\OpenSSH\;C:\Program Files\nodejs\;C:\xampp\php\;C:\Program Files\Git\cmd;C:\composer;C:\Users\muham\AppData\Local\Microsoft\WindowsApps;C:\Users\muham\AppData\Local\Programs\Microsoft VS Code\bin;flutter\bin;C:\Users\muham\AppData\Roaming\npm;C:\Users\muham\AppData\Roaming\Composer\vendor\bin
USERNAME=muham
DISPLAY=:0.0
LC_ALL=en_US.UTF-8
OS=Windows_NT
PROCESSOR_IDENTIFIER=Intel64 Family 6 Model 61 Stepping 4, GenuineIntel



---------------  S Y S T E M  ---------------

OS: Windows 10 , 64 bit Build 19041 (10.0.19041.1806)
OS uptime: 2 days 1:16 hours

CPU:total 4 (initial active 4) (2 cores per cpu, 2 threads per core) family 6 model 61 stepping 4 microcode 0x2d, cmov, cx8, fxsr, mmx, sse, sse2, sse3, ssse3, sse4.1, sse4.2, popcnt, avx, avx2, aes, clmul, erms, 3dnowpref, lzcnt, ht, tsc, tscinvbit, bmi1, bmi2, adx, fma

Memory: 4k page, system-wide physical 10139M (2730M free)
TotalPageFile size 11163M (AvailPageFile size 2M)
current process WorkingSet (physical memory assigned to process): 41M, peak: 41M
current process commit charge ("private bytes"): 231M, peak: 232M

vm_info: OpenJDK 64-Bit Server VM (11.0.12+7-b1504.28-7817840) for windows-amd64 JRE (11.0.12+7-b1504.28-7817840), built on Oct 13 2021 22:12:33 by "builder" with MS VC++ 14.0 (VS2015)

END.
