#
# There is insufficient memory for the Java Runtime Environment to continue.
# Native memory allocation (malloc) failed to allocate 3051856 bytes for Chunk::new
# Possible reasons:
#   The system is out of physical RAM or swap space
#   The process is running with CompressedOops enabled, and the Java Heap may be blocking the growth of the native heap
# Possible solutions:
#   Reduce memory load on the system
#   Increase physical memory or swap space
#   Check if swap backing store is full
#   Decrease Java heap size (-Xmx/-Xms)
#   Decrease number of Java threads
#   Decrease Java thread stack sizes (-Xss)
#   Set larger code cache with -XX:ReservedCodeCacheSize=
#   JVM is running with Unscaled Compressed Oops mode in which the Java heap is
#     placed in the first 4GB address space. The Java Heap base address is the
#     maximum limit for the native heap growth. Please use -XX:HeapBaseMinAddress
#     to set the Java Heap base and to place the Java Heap above 4GB virtual address.
# This output file may be truncated or incomplete.
#
#  Out of Memory Error (./src/hotspot/share/memory/arena.cpp:197), pid=5948, tid=12980
#
# JRE version: OpenJDK Runtime Environment Temurin-11.0.14.1+1 (11.0.14.1+1) (build 11.0.14.1+1)
# Java VM: OpenJDK 64-Bit Server VM Temurin-11.0.14.1+1 (11.0.14.1+1, mixed mode, tiered, compressed oops, g1 gc, windows-amd64)
# No core dump will be written. Minidumps are not enabled by default on client versions of Windows
#

---------------  S U M M A R Y ------------

Command Line: --add-opens=java.base/java.util=ALL-UNNAMED --add-opens=java.base/java.lang=ALL-UNNAMED --add-opens=java.base/java.lang.invoke=ALL-UNNAMED --add-opens=java.base/java.util=ALL-UNNAMED --add-opens=java.prefs/java.util.prefs=ALL-UNNAMED --add-opens=java.prefs/java.util.prefs=ALL-UNNAMED --add-opens=java.base/java.nio.charset=ALL-UNNAMED --add-opens=java.base/java.net=ALL-UNNAMED --add-opens=java.base/java.util.concurrent.atomic=ALL-UNNAMED -Xmx2048m -Dfile.encoding=UTF-8 -Duser.country=ID -Duser.language=en -Duser.variant org.gradle.launcher.daemon.bootstrap.GradleDaemon 7.2

Host: Intel(R) Core(TM) i3-5010U CPU @ 2.10GHz, 4 cores, 9G,  Windows 10 , 64 bit Build 19041 (10.0.19041.1503)
Time: Tue Mar  8 10:55:26 2022 SE Asia Standard Time elapsed time: 36.969058 seconds (0d 0h 0m 36s)

---------------  T H R E A D  ---------------

Current thread (0x0000020efe955800):  JavaThread "C2 CompilerThread1" daemon [_thread_in_native, id=12980, stack(0x0000001e31200000,0x0000001e31300000)]


Current CompileTask:
C2:  36969 7865       4       java.lang.Class::annotationData (44 bytes)

Stack: [0x0000001e31200000,0x0000001e31300000]
Native frames: (J=compiled Java code, j=interpreted, Vv=VM code, C=native code)
V  [jvm.dll+0x61e59a]
V  [jvm.dll+0x7aaca9]
V  [jvm.dll+0x7ac398]
V  [jvm.dll+0x7aca73]
V  [jvm.dll+0x24f9b8]
V  [jvm.dll+0xc260c]
V  [jvm.dll+0xc2bcc]
V  [jvm.dll+0x359a07]
V  [jvm.dll+0x19e841]
V  [jvm.dll+0x208d12]
V  [jvm.dll+0x207ded]
V  [jvm.dll+0x18a2c1]
V  [jvm.dll+0x217734]
V  [jvm.dll+0x21597b]
V  [jvm.dll+0x76d7c0]
V  [jvm.dll+0x766724]
V  [jvm.dll+0x61d3f6]
C  [ucrtbase.dll+0x21bb2]
C  [KERNEL32.DLL+0x17034]
C  [ntdll.dll+0x52651]


---------------  P R O C E S S  ---------------

Threads class SMR info:
_java_thread_list=0x0000020e94e8fe30, length=86, elements={
0x0000020eea60c800, 0x0000020efa5c8800, 0x0000020efa5d5000, 0x0000020efa5e5000,
0x0000020efa5e6000, 0x0000020efa5e8000, 0x0000020efa5eb000, 0x0000020efaf84000,
0x0000020efaf91000, 0x0000020efb093000, 0x0000020efd2fc800, 0x0000020efd2f7800,
0x0000020efcd62000, 0x0000020efcd62800, 0x0000020efbfe4000, 0x0000020efd0e0000,
0x0000020efca58800, 0x0000020efd89b800, 0x0000020efb338000, 0x0000020efb339000,
0x0000020efb337800, 0x0000020efb336000, 0x0000020efb336800, 0x0000020efb33a000,
0x0000020efb33a800, 0x0000020efb335000, 0x0000020efb33b800, 0x0000020efc3db000,
0x0000020efc3de800, 0x0000020efc3df000, 0x0000020efc3e0000, 0x0000020efc3dc000,
0x0000020efc3e1800, 0x0000020efc3dd000, 0x0000020efc3e3800, 0x0000020efc3dd800,
0x0000020efc3e6000, 0x0000020efc3e1000, 0x0000020efc3e8000, 0x0000020efc3e9000,
0x0000020efc3e4000, 0x0000020efc3e7800, 0x0000020efc3e5000, 0x0000020efc3e6800,
0x0000020efeb0b800, 0x0000020efeb0e000, 0x0000020efeb0d000, 0x0000020efeb0f000,
0x0000020efeb0f800, 0x0000020efeb0a000, 0x0000020efeb0c800, 0x0000020efeb10800,
0x0000020efeb0b000, 0x0000020efeb12000, 0x0000020efeb14800, 0x0000020efeb11800,
0x0000020efeb16000, 0x0000020efeb13000, 0x0000020efeb18000, 0x0000020efeb14000,
0x0000020efeb15800, 0x0000020efeb17000, 0x0000020efeb18800, 0x0000020e8f740000,
0x0000020e8f73e000, 0x0000020e8f73f000, 0x0000020e8f740800, 0x0000020e8f741800,
0x0000020e8f742800, 0x0000020e8f743000, 0x0000020e8f73d800, 0x0000020e8f746800,
0x0000020e8f749800, 0x0000020e8f744000, 0x0000020e8f747000, 0x0000020e8f748000,
0x0000020e8f749000, 0x0000020e8f74a800, 0x0000020efe955800, 0x0000020e8f74b800,
0x0000020e8f745800, 0x0000020e8f74c000, 0x0000020e957bb800, 0x0000020e957ba800,
0x0000020e957b8000, 0x0000020e957b9000
}

Java Threads: ( => current thread )
  0x0000020eea60c800 JavaThread "main" [_thread_blocked, id=6440, stack(0x0000001e31400000,0x0000001e31500000)]
  0x0000020efa5c8800 JavaThread "Reference Handler" daemon [_thread_blocked, id=9352, stack(0x0000001e31b00000,0x0000001e31c00000)]
  0x0000020efa5d5000 JavaThread "Finalizer" daemon [_thread_blocked, id=4644, stack(0x0000001e31c00000,0x0000001e31d00000)]
  0x0000020efa5e5000 JavaThread "Signal Dispatcher" daemon [_thread_blocked, id=6204, stack(0x0000001e31d00000,0x0000001e31e00000)]
  0x0000020efa5e6000 JavaThread "Attach Listener" daemon [_thread_blocked, id=5424, stack(0x0000001e31e00000,0x0000001e31f00000)]
  0x0000020efa5e8000 JavaThread "Service Thread" daemon [_thread_blocked, id=14332, stack(0x0000001e31f00000,0x0000001e32000000)]
  0x0000020efa5eb000 JavaThread "C2 CompilerThread0" daemon [_thread_in_native, id=12092, stack(0x0000001e32000000,0x0000001e32100000)]
  0x0000020efaf84000 JavaThread "C1 CompilerThread0" daemon [_thread_in_native, id=3636, stack(0x0000001e32100000,0x0000001e32200000)]
  0x0000020efaf91000 JavaThread "Sweeper thread" daemon [_thread_blocked, id=12816, stack(0x0000001e32200000,0x0000001e32300000)]
  0x0000020efb093000 JavaThread "Common-Cleaner" daemon [_thread_blocked, id=6960, stack(0x0000001e32300000,0x0000001e32400000)]
  0x0000020efd2fc800 JavaThread "Daemon health stats" [_thread_blocked, id=8804, stack(0x0000001e32800000,0x0000001e32900000)]
  0x0000020efd2f7800 JavaThread "Incoming local TCP Connector on port 56356" [_thread_in_native, id=8516, stack(0x0000001e32500000,0x0000001e32600000)]
  0x0000020efcd62000 JavaThread "Daemon periodic checks" [_thread_blocked, id=1524, stack(0x0000001e32900000,0x0000001e32a00000)]
  0x0000020efcd62800 JavaThread "Daemon" [_thread_blocked, id=11044, stack(0x0000001e32a00000,0x0000001e32b00000)]
  0x0000020efbfe4000 JavaThread "Handler for socket connection from /127.0.0.1:56356 to /127.0.0.1:56357" [_thread_in_native, id=5956, stack(0x0000001e32b00000,0x0000001e32c00000)]
  0x0000020efd0e0000 JavaThread "Cancel handler" [_thread_blocked, id=13168, stack(0x0000001e32c00000,0x0000001e32d00000)]
  0x0000020efca58800 JavaThread "Daemon worker" [_thread_blocked, id=2316, stack(0x0000001e32d00000,0x0000001e32e00000)]
  0x0000020efd89b800 JavaThread "Asynchronous log dispatcher for DefaultDaemonConnection: socket connection from /127.0.0.1:56356 to /127.0.0.1:56357" [_thread_blocked, id=9428, stack(0x0000001e32e00000,0x0000001e32f00000)]
  0x0000020efb338000 JavaThread "Stdin handler" [_thread_blocked, id=8852, stack(0x0000001e32f00000,0x0000001e33000000)]
  0x0000020efb339000 JavaThread "Daemon client event forwarder" [_thread_blocked, id=7756, stack(0x0000001e33000000,0x0000001e33100000)]
  0x0000020efb337800 JavaThread "Cache worker for journal cache (C:\Users\muham\.gradle\caches\journal-1)" [_thread_blocked, id=12512, stack(0x0000001e33200000,0x0000001e33300000)]
  0x0000020efb336000 JavaThread "File lock request listener" [_thread_in_native, id=956, stack(0x0000001e33300000,0x0000001e33400000)]
  0x0000020efb336800 JavaThread "Cache worker for file hash cache (C:\Users\muham\.gradle\caches\7.2\fileHashes)" [_thread_blocked, id=6312, stack(0x0000001e33400000,0x0000001e33500000)]
  0x0000020efb33a000 JavaThread "Cache worker for file hash cache (D:\Data Kuliah\Semester 12\App\.gradle\7.2\fileHashes)" [_thread_blocked, id=13424, stack(0x0000001e33500000,0x0000001e33600000)]
  0x0000020efb33a800 JavaThread "File watcher server" daemon [_thread_in_native, id=10832, stack(0x0000001e33700000,0x0000001e33800000)]
  0x0000020efb335000 JavaThread "File watcher consumer" daemon [_thread_blocked, id=4544, stack(0x0000001e33800000,0x0000001e33900000)]
  0x0000020efb33b800 JavaThread "Cache worker for checksums cache (D:\Data Kuliah\Semester 12\App\.gradle\checksums)" [_thread_blocked, id=12252, stack(0x0000001e33600000,0x0000001e33700000)]
  0x0000020efc3db000 JavaThread "Cache worker for cache directory md-supplier (C:\Users\muham\.gradle\caches\7.2\md-supplier)" [_thread_blocked, id=13500, stack(0x0000001e33900000,0x0000001e33a00000)]
  0x0000020efc3de800 JavaThread "Cache worker for cache directory md-rule (C:\Users\muham\.gradle\caches\7.2\md-rule)" [_thread_blocked, id=11576, stack(0x0000001e33b00000,0x0000001e33c00000)]
  0x0000020efc3df000 JavaThread "Cache worker for execution history cache (C:\Users\muham\.gradle\caches\7.2\executionHistory)" [_thread_blocked, id=7364, stack(0x0000001e33c00000,0x0000001e33d00000)]
  0x0000020efc3e0000 JavaThread "jar transforms" [_thread_blocked, id=14168, stack(0x0000001e33d00000,0x0000001e33e00000)]
  0x0000020efc3dc000 JavaThread "Cache worker for file content cache (C:\Users\muham\.gradle\caches\7.2\fileContent)" [_thread_blocked, id=4256, stack(0x0000001e33e00000,0x0000001e33f00000)]
  0x0000020efc3e1800 JavaThread "jar transforms Thread 2" [_thread_blocked, id=7696, stack(0x0000001e33f00000,0x0000001e34000000)]
  0x0000020efc3dd000 JavaThread "Cache worker for dependencies-accessors (D:\Data Kuliah\Semester 12\App\.gradle\7.2\dependencies-accessors)" [_thread_blocked, id=9792, stack(0x0000001e34000000,0x0000001e34100000)]
  0x0000020efc3e3800 JavaThread "jar transforms Thread 3" [_thread_blocked, id=4552, stack(0x0000001e34100000,0x0000001e34200000)]
  0x0000020efc3dd800 JavaThread "Cache worker for Build Output Cleanup Cache (D:\Data Kuliah\Semester 12\App\.gradle\buildOutputCleanup)" [_thread_blocked, id=7720, stack(0x0000001e34200000,0x0000001e34300000)]
  0x0000020efc3e6000 JavaThread "Unconstrained build operations" [_thread_blocked, id=12380, stack(0x0000001e34300000,0x0000001e34400000)]
  0x0000020efc3e1000 JavaThread "Unconstrained build operations Thread 2" [_thread_blocked, id=2172, stack(0x0000001e34400000,0x0000001e34500000)]
  0x0000020efc3e8000 JavaThread "Unconstrained build operations Thread 3" [_thread_blocked, id=4912, stack(0x0000001e34500000,0x0000001e34600000)]
  0x0000020efc3e9000 JavaThread "Unconstrained build operations Thread 4" [_thread_blocked, id=14164, stack(0x0000001e34600000,0x0000001e34700000)]
  0x0000020efc3e4000 JavaThread "Unconstrained build operations Thread 5" [_thread_blocked, id=13280, stack(0x0000001e34700000,0x0000001e34800000)]
  0x0000020efc3e7800 JavaThread "Unconstrained build operations Thread 6" [_thread_blocked, id=9004, stack(0x0000001e34800000,0x0000001e34900000)]
  0x0000020efc3e5000 JavaThread "Unconstrained build operations Thread 7" [_thread_blocked, id=7488, stack(0x0000001e34900000,0x0000001e34a00000)]
  0x0000020efc3e6800 JavaThread "Unconstrained build operations Thread 8" [_thread_blocked, id=12108, stack(0x0000001e34a00000,0x0000001e34b00000)]
  0x0000020efeb0b800 JavaThread "Unconstrained build operations Thread 9" [_thread_blocked, id=11912, stack(0x0000001e34b00000,0x0000001e34c00000)]
  0x0000020efeb0e000 JavaThread "Unconstrained build operations Thread 10" [_thread_blocked, id=10072, stack(0x0000001e34c00000,0x0000001e34d00000)]
  0x0000020efeb0d000 JavaThread "Unconstrained build operations Thread 11" [_thread_blocked, id=3552, stack(0x0000001e34d00000,0x0000001e34e00000)]
  0x0000020efeb0f000 JavaThread "Unconstrained build operations Thread 12" [_thread_blocked, id=9524, stack(0x0000001e34e00000,0x0000001e34f00000)]
  0x0000020efeb0f800 JavaThread "Unconstrained build operations Thread 13" [_thread_blocked, id=13944, stack(0x0000001e34f00000,0x0000001e35000000)]
  0x0000020efeb0a000 JavaThread "Unconstrained build operations Thread 14" [_thread_blocked, id=13772, stack(0x0000001e35000000,0x0000001e35100000)]
  0x0000020efeb0c800 JavaThread "Unconstrained build operations Thread 15" [_thread_blocked, id=7312, stack(0x0000001e35100000,0x0000001e35200000)]
  0x0000020efeb10800 JavaThread "Unconstrained build operations Thread 16" [_thread_blocked, id=11184, stack(0x0000001e35200000,0x0000001e35300000)]
  0x0000020efeb0b000 JavaThread "Unconstrained build operations Thread 17" [_thread_blocked, id=14108, stack(0x0000001e35300000,0x0000001e35400000)]
  0x0000020efeb12000 JavaThread "Unconstrained build operations Thread 18" [_thread_blocked, id=2444, stack(0x0000001e35400000,0x0000001e35500000)]
  0x0000020efeb14800 JavaThread "Unconstrained build operations Thread 19" [_thread_blocked, id=12068, stack(0x0000001e35500000,0x0000001e35600000)]
  0x0000020efeb11800 JavaThread "Unconstrained build operations Thread 20" [_thread_blocked, id=1836, stack(0x0000001e35600000,0x0000001e35700000)]
  0x0000020efeb16000 JavaThread "Unconstrained build operations Thread 21" [_thread_blocked, id=12260, stack(0x0000001e35700000,0x0000001e35800000)]
  0x0000020efeb13000 JavaThread "Unconstrained build operations Thread 22" [_thread_blocked, id=9236, stack(0x0000001e35800000,0x0000001e35900000)]
  0x0000020efeb18000 JavaThread "Unconstrained build operations Thread 23" [_thread_blocked, id=9288, stack(0x0000001e35900000,0x0000001e35a00000)]
  0x0000020efeb14000 JavaThread "Unconstrained build operations Thread 24" [_thread_blocked, id=7792, stack(0x0000001e35a00000,0x0000001e35b00000)]
  0x0000020efeb15800 JavaThread "Unconstrained build operations Thread 25" [_thread_blocked, id=7048, stack(0x0000001e35b00000,0x0000001e35c00000)]
  0x0000020efeb17000 JavaThread "Unconstrained build operations Thread 26" [_thread_blocked, id=8036, stack(0x0000001e35c00000,0x0000001e35d00000)]
  0x0000020efeb18800 JavaThread "Unconstrained build operations Thread 27" [_thread_blocked, id=540, stack(0x0000001e35d00000,0x0000001e35e00000)]
  0x0000020e8f740000 JavaThread "Unconstrained build operations Thread 28" [_thread_blocked, id=9244, stack(0x0000001e35e00000,0x0000001e35f00000)]
  0x0000020e8f73e000 JavaThread "Unconstrained build operations Thread 29" [_thread_blocked, id=372, stack(0x0000001e35f00000,0x0000001e36000000)]
  0x0000020e8f73f000 JavaThread "Unconstrained build operations Thread 30" [_thread_blocked, id=8492, stack(0x0000001e36000000,0x0000001e36100000)]
  0x0000020e8f740800 JavaThread "Unconstrained build operations Thread 31" [_thread_blocked, id=9532, stack(0x0000001e36100000,0x0000001e36200000)]
  0x0000020e8f741800 JavaThread "Unconstrained build operations Thread 32" [_thread_blocked, id=8168, stack(0x0000001e36200000,0x0000001e36300000)]
  0x0000020e8f742800 JavaThread "Unconstrained build operations Thread 33" [_thread_blocked, id=12444, stack(0x0000001e36300000,0x0000001e36400000)]
  0x0000020e8f743000 JavaThread "Unconstrained build operations Thread 34" [_thread_blocked, id=3820, stack(0x0000001e36400000,0x0000001e36500000)]
  0x0000020e8f73d800 JavaThread "Unconstrained build operations Thread 35" [_thread_blocked, id=1276, stack(0x0000001e36500000,0x0000001e36600000)]
  0x0000020e8f746800 JavaThread "Unconstrained build operations Thread 36" [_thread_blocked, id=8596, stack(0x0000001e36600000,0x0000001e36700000)]
  0x0000020e8f749800 JavaThread "Unconstrained build operations Thread 37" [_thread_blocked, id=14304, stack(0x0000001e36700000,0x0000001e36800000)]
  0x0000020e8f744000 JavaThread "Unconstrained build operations Thread 38" [_thread_blocked, id=6480, stack(0x0000001e36800000,0x0000001e36900000)]
  0x0000020e8f747000 JavaThread "Unconstrained build operations Thread 39" [_thread_blocked, id=10720, stack(0x0000001e36900000,0x0000001e36a00000)]
  0x0000020e8f748000 JavaThread "Unconstrained build operations Thread 40" [_thread_blocked, id=14136, stack(0x0000001e36a00000,0x0000001e36b00000)]
  0x0000020e8f749000 JavaThread "jar transforms Thread 4" [_thread_blocked, id=10288, stack(0x0000001e36b00000,0x0000001e36c00000)]
  0x0000020e8f74a800 JavaThread "Memory manager" [_thread_blocked, id=12520, stack(0x0000001e36c00000,0x0000001e36d00000)]
=>0x0000020efe955800 JavaThread "C2 CompilerThread1" daemon [_thread_in_native, id=12980, stack(0x0000001e31200000,0x0000001e31300000)]
  0x0000020e8f74b800 JavaThread "build event listener" [_thread_blocked, id=13876, stack(0x0000001e36e00000,0x0000001e36f00000)]
  0x0000020e8f745800 JavaThread "pool-3-thread-1" [_thread_blocked, id=14052, stack(0x0000001e36f00000,0x0000001e37000000)]
  0x0000020e8f74c000 JavaThread "build event listener" [_thread_blocked, id=10780, stack(0x0000001e37000000,0x0000001e37100000)]
  0x0000020e957bb800 JavaThread "Execution worker for ':'" [_thread_in_vm, id=12872, stack(0x0000001e37100000,0x0000001e37200000)]
  0x0000020e957ba800 JavaThread "Execution worker for ':' Thread 2" [_thread_blocked, id=10940, stack(0x0000001e37200000,0x0000001e37300000)]
  0x0000020e957b8000 JavaThread "Execution worker for ':' Thread 3" [_thread_blocked, id=10004, stack(0x0000001e37300000,0x0000001e37400000)]
  0x0000020e957b9000 JavaThread "Cache worker for execution history cache (D:\Data Kuliah\Semester 12\App\.gradle\7.2\executionHistory)" [_thread_blocked, id=9640, stack(0x0000001e37400000,0x0000001e37500000)]

Other Threads:
  0x0000020efa5c4800 VMThread "VM Thread" [stack: 0x0000001e31a00000,0x0000001e31b00000] [id=11324]
  0x0000020efb0bc000 WatcherThread [stack: 0x0000001e32400000,0x0000001e32500000] [id=8256]
  0x0000020eea625000 GCTaskThread "GC Thread#0" [stack: 0x0000001e31500000,0x0000001e31600000] [id=8624]
  0x0000020efb18b000 GCTaskThread "GC Thread#1" [stack: 0x0000001e32600000,0x0000001e32700000] [id=13516]
  0x0000020efb8bf800 GCTaskThread "GC Thread#2" [stack: 0x0000001e32700000,0x0000001e32800000] [id=3332]
  0x0000020efb264800 GCTaskThread "GC Thread#3" [stack: 0x0000001e33100000,0x0000001e33200000] [id=2280]
  0x0000020eea658800 ConcurrentGCThread "G1 Main Marker" [stack: 0x0000001e31600000,0x0000001e31700000] [id=5712]
  0x0000020eea659800 ConcurrentGCThread "G1 Conc#0" [stack: 0x0000001e31700000,0x0000001e31800000] [id=7480]
  0x0000020eea6ee000 ConcurrentGCThread "G1 Refine#0" [stack: 0x0000001e31800000,0x0000001e31900000] [id=7572]
  0x0000020efa414800 ConcurrentGCThread "G1 Young RemSet Sampling" [stack: 0x0000001e31900000,0x0000001e31a00000] [id=9332]

Threads with active compile tasks:
C2 CompilerThread0  37046 7779       4       org.gradle.internal.instantiation.generator.AbstractClassGenerator::inspectType (560 bytes)
C2 CompilerThread1  37046 7865       4       java.lang.Class::annotationData (44 bytes)

VM state:not at safepoint (normal execution)

VM Mutex/Monitor currently owned by a thread: None

Heap address: 0x0000000080000000, size: 2048 MB, Compressed Oops mode: 32-bit
Narrow klass base: 0x0000000000000000, Narrow klass shift: 3
Compressed class space size: 1073741824 Address: 0x0000000100000000

Heap:
 garbage-first heap   total 196608K, used 73728K [0x0000000080000000, 0x0000000100000000)
  region size 1024K, 21 young (21504K), 11 survivors (11264K)
 Metaspace       used 81238K, capacity 83184K, committed 83368K, reserved 1122304K
  class space    used 10326K, capacity 11031K, committed 11040K, reserved 1048576K
Heap Regions: E=young(eden), S=young(survivor), O=old, HS=humongous(starts), HC=humongous(continues), CS=collection set, F=free, A=archive, TAMS=top-at-mark-start (previous, next)
|   0|0x0000000080000000, 0x0000000080100000, 0x0000000080100000|100%| O|  |TAMS 0x0000000080100000, 0x0000000080000000| Untracked 
|   1|0x0000000080100000, 0x0000000080200000, 0x0000000080200000|100%| O|  |TAMS 0x0000000080200000, 0x0000000080100000| Untracked 
|   2|0x0000000080200000, 0x0000000080300000, 0x0000000080300000|100%| O|  |TAMS 0x0000000080300000, 0x0000000080200000| Untracked 
|   3|0x0000000080300000, 0x0000000080400000, 0x0000000080400000|100%|HS|  |TAMS 0x0000000080400000, 0x0000000080300000| Complete 
|   4|0x0000000080400000, 0x0000000080500000, 0x0000000080500000|100%|HC|  |TAMS 0x0000000080500000, 0x0000000080400000| Complete 
|   5|0x0000000080500000, 0x0000000080600000, 0x0000000080600000|100%|HC|  |TAMS 0x0000000080600000, 0x0000000080500000| Complete 
|   6|0x0000000080600000, 0x0000000080700000, 0x0000000080700000|100%| O|  |TAMS 0x0000000080700000, 0x0000000080600000| Untracked 
|   7|0x0000000080700000, 0x0000000080800000, 0x0000000080800000|100%| O|  |TAMS 0x0000000080800000, 0x0000000080700000| Untracked 
|   8|0x0000000080800000, 0x0000000080900000, 0x0000000080900000|100%| O|  |TAMS 0x0000000080900000, 0x0000000080800000| Untracked 
|   9|0x0000000080900000, 0x0000000080a00000, 0x0000000080a00000|100%| O|  |TAMS 0x0000000080a00000, 0x0000000080900000| Untracked 
|  10|0x0000000080a00000, 0x0000000080b00000, 0x0000000080b00000|100%| O|  |TAMS 0x0000000080b00000, 0x0000000080a00000| Untracked 
|  11|0x0000000080b00000, 0x0000000080c00000, 0x0000000080c00000|100%| O|  |TAMS 0x0000000080c00000, 0x0000000080b00000| Untracked 
|  12|0x0000000080c00000, 0x0000000080d00000, 0x0000000080d00000|100%| O|  |TAMS 0x0000000080d00000, 0x0000000080c00000| Untracked 
|  13|0x0000000080d00000, 0x0000000080e00000, 0x0000000080e00000|100%| O|  |TAMS 0x0000000080e00000, 0x0000000080d00000| Untracked 
|  14|0x0000000080e00000, 0x0000000080f00000, 0x0000000080f00000|100%| O|  |TAMS 0x0000000080f00000, 0x0000000080e00000| Untracked 
|  15|0x0000000080f00000, 0x0000000081000000, 0x0000000081000000|100%| O|  |TAMS 0x0000000081000000, 0x0000000080f00000| Untracked 
|  16|0x0000000081000000, 0x0000000081100000, 0x0000000081100000|100%| O|  |TAMS 0x0000000081100000, 0x0000000081000000| Untracked 
|  17|0x0000000081100000, 0x0000000081200000, 0x0000000081200000|100%| O|  |TAMS 0x0000000081200000, 0x0000000081100000| Untracked 
|  18|0x0000000081200000, 0x0000000081300000, 0x0000000081300000|100%| O|  |TAMS 0x0000000081300000, 0x0000000081200000| Untracked 
|  19|0x0000000081300000, 0x0000000081400000, 0x0000000081400000|100%|HS|  |TAMS 0x0000000081400000, 0x0000000081300000| Complete 
|  20|0x0000000081400000, 0x0000000081500000, 0x0000000081500000|100%| O|  |TAMS 0x0000000081500000, 0x0000000081400000| Untracked 
|  21|0x0000000081500000, 0x0000000081600000, 0x0000000081600000|100%| O|  |TAMS 0x0000000081600000, 0x0000000081500000| Untracked 
|  22|0x0000000081600000, 0x0000000081700000, 0x0000000081700000|100%| O|  |TAMS 0x0000000081700000, 0x0000000081600000| Untracked 
|  23|0x0000000081700000, 0x0000000081800000, 0x0000000081800000|100%| O|  |TAMS 0x0000000081800000, 0x0000000081700000| Untracked 
|  24|0x0000000081800000, 0x0000000081900000, 0x0000000081900000|100%|HS|  |TAMS 0x0000000081900000, 0x0000000081800000| Complete 
|  25|0x0000000081900000, 0x0000000081a00000, 0x0000000081a00000|100%|HS|  |TAMS 0x0000000081a00000, 0x0000000081900000| Complete 
|  26|0x0000000081a00000, 0x0000000081b00000, 0x0000000081b00000|100%|HS|  |TAMS 0x0000000081b00000, 0x0000000081a00000| Complete 
|  27|0x0000000081b00000, 0x0000000081c00000, 0x0000000081c00000|100%|HC|  |TAMS 0x0000000081c00000, 0x0000000081b00000| Complete 
|  28|0x0000000081c00000, 0x0000000081d00000, 0x0000000081d00000|100%| O|  |TAMS 0x0000000081d00000, 0x0000000081c00000| Untracked 
|  29|0x0000000081d00000, 0x0000000081e00000, 0x0000000081e00000|100%| O|  |TAMS 0x0000000081e00000, 0x0000000081d00000| Untracked 
|  30|0x0000000081e00000, 0x0000000081f00000, 0x0000000081f00000|100%| O|  |TAMS 0x0000000081f00000, 0x0000000081e00000| Untracked 
|  31|0x0000000081f00000, 0x0000000082000000, 0x0000000082000000|100%| O|  |TAMS 0x0000000082000000, 0x0000000081f00000| Untracked 
|  32|0x0000000082000000, 0x0000000082100000, 0x0000000082100000|100%| O|  |TAMS 0x0000000082100000, 0x0000000082000000| Untracked 
|  33|0x0000000082100000, 0x0000000082200000, 0x0000000082200000|100%| O|  |TAMS 0x0000000082200000, 0x0000000082100000| Untracked 
|  34|0x0000000082200000, 0x0000000082300000, 0x0000000082300000|100%| O|  |TAMS 0x0000000082300000, 0x0000000082200000| Untracked 
|  35|0x0000000082300000, 0x0000000082400000, 0x0000000082400000|100%| O|  |TAMS 0x0000000082400000, 0x0000000082300000| Untracked 
|  36|0x0000000082400000, 0x0000000082500000, 0x0000000082500000|100%| O|  |TAMS 0x0000000082500000, 0x0000000082400000| Untracked 
|  37|0x0000000082500000, 0x0000000082600000, 0x0000000082600000|100%| O|  |TAMS 0x0000000082600000, 0x0000000082500000| Untracked 
|  38|0x0000000082600000, 0x0000000082700000, 0x0000000082700000|100%| O|  |TAMS 0x0000000082700000, 0x0000000082600000| Untracked 
|  39|0x0000000082700000, 0x0000000082800000, 0x0000000082800000|100%| O|  |TAMS 0x0000000082800000, 0x0000000082700000| Untracked 
|  40|0x0000000082800000, 0x0000000082900000, 0x0000000082900000|100%| O|  |TAMS 0x0000000082900000, 0x0000000082800000| Untracked 
|  41|0x0000000082900000, 0x0000000082a00000, 0x0000000082a00000|100%| O|  |TAMS 0x0000000082a00000, 0x0000000082900000| Untracked 
|  42|0x0000000082a00000, 0x0000000082b00000, 0x0000000082b00000|100%| O|  |TAMS 0x0000000082b00000, 0x0000000082a00000| Untracked 
|  43|0x0000000082b00000, 0x0000000082c00000, 0x0000000082c00000|100%| O|  |TAMS 0x0000000082c00000, 0x0000000082b00000| Untracked 
|  44|0x0000000082c00000, 0x0000000082d00000, 0x0000000082d00000|100%| O|  |TAMS 0x0000000082c00000, 0x0000000082c00000| Untracked 
|  45|0x0000000082d00000, 0x0000000082e00000, 0x0000000082e00000|100%| O|  |TAMS 0x0000000082d00000, 0x0000000082d00000| Untracked 
|  46|0x0000000082e00000, 0x0000000082f00000, 0x0000000082f00000|100%| O|  |TAMS 0x0000000082e00000, 0x0000000082e00000| Untracked 
|  47|0x0000000082f00000, 0x0000000083000000, 0x0000000083000000|100%| O|  |TAMS 0x0000000082f00000, 0x0000000082f00000| Untracked 
|  48|0x0000000083000000, 0x0000000083100000, 0x0000000083100000|100%| O|  |TAMS 0x0000000083000000, 0x0000000083000000| Untracked 
|  49|0x0000000083100000, 0x0000000083200000, 0x0000000083200000|100%| O|  |TAMS 0x0000000083100000, 0x0000000083100000| Untracked 
|  50|0x0000000083200000, 0x0000000083300000, 0x0000000083300000|100%| O|  |TAMS 0x0000000083200000, 0x0000000083200000| Untracked 
|  51|0x0000000083300000, 0x0000000083400000, 0x0000000083400000|100%| O|  |TAMS 0x0000000083300000, 0x0000000083300000| Untracked 
|  52|0x0000000083400000, 0x0000000083400000, 0x0000000083500000|  0%| F|  |TAMS 0x0000000083400000, 0x0000000083400000| Untracked 
|  53|0x0000000083500000, 0x0000000083500000, 0x0000000083600000|  0%| F|  |TAMS 0x0000000083500000, 0x0000000083500000| Untracked 
|  54|0x0000000083600000, 0x0000000083600000, 0x0000000083700000|  0%| F|  |TAMS 0x0000000083600000, 0x0000000083600000| Untracked 
|  55|0x0000000083700000, 0x0000000083700000, 0x0000000083800000|  0%| F|  |TAMS 0x0000000083700000, 0x0000000083700000| Untracked 
|  56|0x0000000083800000, 0x0000000083800000, 0x0000000083900000|  0%| F|  |TAMS 0x0000000083800000, 0x0000000083800000| Untracked 
|  57|0x0000000083900000, 0x0000000083900000, 0x0000000083a00000|  0%| F|  |TAMS 0x0000000083900000, 0x0000000083900000| Untracked 
|  58|0x0000000083a00000, 0x0000000083a00000, 0x0000000083b00000|  0%| F|  |TAMS 0x0000000083a00000, 0x0000000083a00000| Untracked 
|  59|0x0000000083b00000, 0x0000000083b00000, 0x0000000083c00000|  0%| F|  |TAMS 0x0000000083b00000, 0x0000000083b00000| Untracked 
|  60|0x0000000083c00000, 0x0000000083c00000, 0x0000000083d00000|  0%| F|  |TAMS 0x0000000083c00000, 0x0000000083c00000| Untracked 
|  61|0x0000000083d00000, 0x0000000083d00000, 0x0000000083e00000|  0%| F|  |TAMS 0x0000000083d00000, 0x0000000083d00000| Untracked 
|  62|0x0000000083e00000, 0x0000000083e00000, 0x0000000083f00000|  0%| F|  |TAMS 0x0000000083e00000, 0x0000000083e00000| Untracked 
|  63|0x0000000083f00000, 0x0000000083f00000, 0x0000000084000000|  0%| F|  |TAMS 0x0000000083f00000, 0x0000000083f00000| Untracked 
|  64|0x0000000084000000, 0x0000000084000000, 0x0000000084100000|  0%| F|  |TAMS 0x0000000084000000, 0x0000000084000000| Untracked 
|  65|0x0000000084100000, 0x0000000084100000, 0x0000000084200000|  0%| F|  |TAMS 0x0000000084100000, 0x0000000084100000| Untracked 
|  66|0x0000000084200000, 0x0000000084200000, 0x0000000084300000|  0%| F|  |TAMS 0x0000000084200000, 0x0000000084200000| Untracked 
|  67|0x0000000084300000, 0x0000000084300000, 0x0000000084400000|  0%| F|  |TAMS 0x0000000084300000, 0x0000000084300000| Untracked 
|  68|0x0000000084400000, 0x0000000084400000, 0x0000000084500000|  0%| F|  |TAMS 0x0000000084400000, 0x0000000084400000| Untracked 
|  69|0x0000000084500000, 0x0000000084500000, 0x0000000084600000|  0%| F|  |TAMS 0x0000000084500000, 0x0000000084500000| Untracked 
|  70|0x0000000084600000, 0x0000000084600000, 0x0000000084700000|  0%| F|  |TAMS 0x0000000084600000, 0x0000000084600000| Untracked 
|  71|0x0000000084700000, 0x0000000084700000, 0x0000000084800000|  0%| F|  |TAMS 0x0000000084700000, 0x0000000084700000| Untracked 
|  72|0x0000000084800000, 0x0000000084800000, 0x0000000084900000|  0%| F|  |TAMS 0x0000000084800000, 0x0000000084800000| Untracked 
|  73|0x0000000084900000, 0x0000000084900000, 0x0000000084a00000|  0%| F|  |TAMS 0x0000000084900000, 0x0000000084900000| Untracked 
|  74|0x0000000084a00000, 0x0000000084a00000, 0x0000000084b00000|  0%| F|  |TAMS 0x0000000084a00000, 0x0000000084a00000| Untracked 
|  75|0x0000000084b00000, 0x0000000084b00000, 0x0000000084c00000|  0%| F|  |TAMS 0x0000000084b00000, 0x0000000084b00000| Untracked 
|  76|0x0000000084c00000, 0x0000000084c00000, 0x0000000084d00000|  0%| F|  |TAMS 0x0000000084c00000, 0x0000000084c00000| Untracked 
|  77|0x0000000084d00000, 0x0000000084d00000, 0x0000000084e00000|  0%| F|  |TAMS 0x0000000084d00000, 0x0000000084d00000| Untracked 
|  78|0x0000000084e00000, 0x0000000084e00000, 0x0000000084f00000|  0%| F|  |TAMS 0x0000000084e00000, 0x0000000084e00000| Untracked 
|  79|0x0000000084f00000, 0x0000000084f00000, 0x0000000085000000|  0%| F|  |TAMS 0x0000000084f00000, 0x0000000084f00000| Untracked 
|  80|0x0000000085000000, 0x0000000085000000, 0x0000000085100000|  0%| F|  |TAMS 0x0000000085000000, 0x0000000085000000| Untracked 
|  81|0x0000000085100000, 0x0000000085100000, 0x0000000085200000|  0%| F|  |TAMS 0x0000000085100000, 0x0000000085100000| Untracked 
|  82|0x0000000085200000, 0x0000000085200000, 0x0000000085300000|  0%| F|  |TAMS 0x0000000085200000, 0x0000000085200000| Untracked 
|  83|0x0000000085300000, 0x0000000085300000, 0x0000000085400000|  0%| F|  |TAMS 0x0000000085300000, 0x0000000085300000| Untracked 
|  84|0x0000000085400000, 0x0000000085400000, 0x0000000085500000|  0%| F|  |TAMS 0x0000000085400000, 0x0000000085400000| Untracked 
|  85|0x0000000085500000, 0x0000000085500000, 0x0000000085600000|  0%| F|  |TAMS 0x0000000085500000, 0x0000000085500000| Untracked 
|  86|0x0000000085600000, 0x0000000085600000, 0x0000000085700000|  0%| F|  |TAMS 0x0000000085600000, 0x0000000085600000| Untracked 
|  87|0x0000000085700000, 0x0000000085700000, 0x0000000085800000|  0%| F|  |TAMS 0x0000000085700000, 0x0000000085700000| Untracked 
|  88|0x0000000085800000, 0x0000000085800000, 0x0000000085900000|  0%| F|  |TAMS 0x0000000085800000, 0x0000000085800000| Untracked 
|  89|0x0000000085900000, 0x0000000085900000, 0x0000000085a00000|  0%| F|  |TAMS 0x0000000085900000, 0x0000000085900000| Untracked 
|  90|0x0000000085a00000, 0x0000000085a00000, 0x0000000085b00000|  0%| F|  |TAMS 0x0000000085a00000, 0x0000000085a00000| Untracked 
|  91|0x0000000085b00000, 0x0000000085b00000, 0x0000000085c00000|  0%| F|  |TAMS 0x0000000085b00000, 0x0000000085b00000| Untracked 
|  92|0x0000000085c00000, 0x0000000085c00000, 0x0000000085d00000|  0%| F|  |TAMS 0x0000000085c00000, 0x0000000085c00000| Untracked 
|  93|0x0000000085d00000, 0x0000000085d00000, 0x0000000085e00000|  0%| F|  |TAMS 0x0000000085d00000, 0x0000000085d00000| Untracked 
|  94|0x0000000085e00000, 0x0000000085e00000, 0x0000000085f00000|  0%| F|  |TAMS 0x0000000085e00000, 0x0000000085e00000| Untracked 
|  95|0x0000000085f00000, 0x0000000086000000, 0x0000000086000000|100%| S|CS|TAMS 0x0000000085f00000, 0x0000000085f00000| Complete 
|  96|0x0000000086000000, 0x0000000086100000, 0x0000000086100000|100%| S|CS|TAMS 0x0000000086000000, 0x0000000086000000| Complete 
|  97|0x0000000086100000, 0x0000000086200000, 0x0000000086200000|100%| S|CS|TAMS 0x0000000086100000, 0x0000000086100000| Complete 
|  98|0x0000000086200000, 0x0000000086300000, 0x0000000086300000|100%| S|CS|TAMS 0x0000000086200000, 0x0000000086200000| Complete 
|  99|0x0000000086300000, 0x0000000086400000, 0x0000000086400000|100%| S|CS|TAMS 0x0000000086300000, 0x0000000086300000| Complete 
| 100|0x0000000086400000, 0x0000000086500000, 0x0000000086500000|100%| S|CS|TAMS 0x0000000086400000, 0x0000000086400000| Complete 
| 101|0x0000000086500000, 0x0000000086600000, 0x0000000086600000|100%| S|CS|TAMS 0x0000000086500000, 0x0000000086500000| Complete 
| 102|0x0000000086600000, 0x0000000086700000, 0x0000000086700000|100%| S|CS|TAMS 0x0000000086600000, 0x0000000086600000| Complete 
| 103|0x0000000086700000, 0x0000000086800000, 0x0000000086800000|100%| S|CS|TAMS 0x0000000086700000, 0x0000000086700000| Complete 
| 104|0x0000000086800000, 0x0000000086900000, 0x0000000086900000|100%| S|CS|TAMS 0x0000000086800000, 0x0000000086800000| Complete 
| 105|0x0000000086900000, 0x0000000086a00000, 0x0000000086a00000|100%| S|CS|TAMS 0x0000000086900000, 0x0000000086900000| Complete 
| 106|0x0000000086a00000, 0x0000000086a00000, 0x0000000086b00000|  0%| F|  |TAMS 0x0000000086a00000, 0x0000000086a00000| Untracked 
| 107|0x0000000086b00000, 0x0000000086b00000, 0x0000000086c00000|  0%| F|  |TAMS 0x0000000086b00000, 0x0000000086b00000| Untracked 
| 108|0x0000000086c00000, 0x0000000086c00000, 0x0000000086d00000|  0%| F|  |TAMS 0x0000000086c00000, 0x0000000086c00000| Untracked 
| 109|0x0000000086d00000, 0x0000000086d00000, 0x0000000086e00000|  0%| F|  |TAMS 0x0000000086d00000, 0x0000000086d00000| Untracked 
| 110|0x0000000086e00000, 0x0000000086e00000, 0x0000000086f00000|  0%| F|  |TAMS 0x0000000086e00000, 0x0000000086e00000| Untracked 
| 111|0x0000000086f00000, 0x0000000086f00000, 0x0000000087000000|  0%| F|  |TAMS 0x0000000086f00000, 0x0000000086f00000| Untracked 
| 112|0x0000000087000000, 0x0000000087000000, 0x0000000087100000|  0%| F|  |TAMS 0x0000000087000000, 0x0000000087000000| Untracked 
| 113|0x0000000087100000, 0x0000000087100000, 0x0000000087200000|  0%| F|  |TAMS 0x0000000087100000, 0x0000000087100000| Untracked 
| 114|0x0000000087200000, 0x0000000087200000, 0x0000000087300000|  0%| F|  |TAMS 0x0000000087200000, 0x0000000087200000| Untracked 
| 115|0x0000000087300000, 0x0000000087300000, 0x0000000087400000|  0%| F|  |TAMS 0x0000000087300000, 0x0000000087300000| Untracked 
| 116|0x0000000087400000, 0x0000000087400000, 0x0000000087500000|  0%| F|  |TAMS 0x0000000087400000, 0x0000000087400000| Untracked 
| 117|0x0000000087500000, 0x0000000087500000, 0x0000000087600000|  0%| F|  |TAMS 0x0000000087500000, 0x0000000087500000| Untracked 
| 118|0x0000000087600000, 0x0000000087600000, 0x0000000087700000|  0%| F|  |TAMS 0x0000000087600000, 0x0000000087600000| Untracked 
| 119|0x0000000087700000, 0x0000000087700000, 0x0000000087800000|  0%| F|  |TAMS 0x0000000087700000, 0x0000000087700000| Untracked 
| 120|0x0000000087800000, 0x0000000087800000, 0x0000000087900000|  0%| F|  |TAMS 0x0000000087800000, 0x0000000087800000| Untracked 
| 121|0x0000000087900000, 0x0000000087900000, 0x0000000087a00000|  0%| F|  |TAMS 0x0000000087900000, 0x0000000087900000| Untracked 
| 122|0x0000000087a00000, 0x0000000087a00000, 0x0000000087b00000|  0%| F|  |TAMS 0x0000000087a00000, 0x0000000087a00000| Untracked 
| 123|0x0000000087b00000, 0x0000000087b00000, 0x0000000087c00000|  0%| F|  |TAMS 0x0000000087b00000, 0x0000000087b00000| Untracked 
| 124|0x0000000087c00000, 0x0000000087c00000, 0x0000000087d00000|  0%| F|  |TAMS 0x0000000087c00000, 0x0000000087c00000| Untracked 
| 125|0x0000000087d00000, 0x0000000087d00000, 0x0000000087e00000|  0%| F|  |TAMS 0x0000000087d00000, 0x0000000087d00000| Untracked 
| 126|0x0000000087e00000, 0x0000000087e00000, 0x0000000087f00000|  0%| F|  |TAMS 0x0000000087e00000, 0x0000000087e00000| Untracked 
| 127|0x0000000087f00000, 0x0000000087f00000, 0x0000000088000000|  0%| F|  |TAMS 0x0000000087f00000, 0x0000000087f00000| Untracked 
| 128|0x0000000088000000, 0x0000000088000000, 0x0000000088100000|  0%| F|  |TAMS 0x0000000088000000, 0x0000000088000000| Untracked 
| 129|0x0000000088100000, 0x0000000088100000, 0x0000000088200000|  0%| F|  |TAMS 0x0000000088100000, 0x0000000088100000| Untracked 
| 130|0x0000000088200000, 0x0000000088200000, 0x0000000088300000|  0%| F|  |TAMS 0x0000000088200000, 0x0000000088200000| Untracked 
| 131|0x0000000088300000, 0x0000000088300000, 0x0000000088400000|  0%| F|  |TAMS 0x0000000088300000, 0x0000000088300000| Untracked 
| 132|0x0000000088400000, 0x0000000088400000, 0x0000000088500000|  0%| F|  |TAMS 0x0000000088400000, 0x0000000088400000| Untracked 
| 133|0x0000000088500000, 0x0000000088500000, 0x0000000088600000|  0%| F|  |TAMS 0x0000000088500000, 0x0000000088500000| Untracked 
| 134|0x0000000088600000, 0x0000000088600000, 0x0000000088700000|  0%| F|  |TAMS 0x0000000088600000, 0x0000000088600000| Untracked 
| 135|0x0000000088700000, 0x0000000088700000, 0x0000000088800000|  0%| F|  |TAMS 0x0000000088700000, 0x0000000088700000| Untracked 
| 136|0x0000000088800000, 0x0000000088800000, 0x0000000088900000|  0%| F|  |TAMS 0x0000000088800000, 0x0000000088800000| Untracked 
| 137|0x0000000088900000, 0x0000000088900000, 0x0000000088a00000|  0%| F|  |TAMS 0x0000000088900000, 0x0000000088900000| Untracked 
| 138|0x0000000088a00000, 0x0000000088a00000, 0x0000000088b00000|  0%| F|  |TAMS 0x0000000088a00000, 0x0000000088a00000| Untracked 
| 139|0x0000000088b00000, 0x0000000088b00000, 0x0000000088c00000|  0%| F|  |TAMS 0x0000000088b00000, 0x0000000088b00000| Untracked 
| 140|0x0000000088c00000, 0x0000000088c00000, 0x0000000088d00000|  0%| F|  |TAMS 0x0000000088c00000, 0x0000000088c00000| Untracked 
| 141|0x0000000088d00000, 0x0000000088d00000, 0x0000000088e00000|  0%| F|  |TAMS 0x0000000088d00000, 0x0000000088d00000| Untracked 
| 142|0x0000000088e00000, 0x0000000088e00000, 0x0000000088f00000|  0%| F|  |TAMS 0x0000000088e00000, 0x0000000088e00000| Untracked 
| 143|0x0000000088f00000, 0x0000000088f00000, 0x0000000089000000|  0%| F|  |TAMS 0x0000000088f00000, 0x0000000088f00000| Untracked 
| 144|0x0000000089000000, 0x0000000089000000, 0x0000000089100000|  0%| F|  |TAMS 0x0000000089000000, 0x0000000089000000| Untracked 
| 145|0x0000000089100000, 0x0000000089100000, 0x0000000089200000|  0%| F|  |TAMS 0x0000000089100000, 0x0000000089100000| Untracked 
| 146|0x0000000089200000, 0x0000000089200000, 0x0000000089300000|  0%| F|  |TAMS 0x0000000089200000, 0x0000000089200000| Untracked 
| 147|0x0000000089300000, 0x0000000089300000, 0x0000000089400000|  0%| F|  |TAMS 0x0000000089300000, 0x0000000089300000| Untracked 
| 148|0x0000000089400000, 0x0000000089400000, 0x0000000089500000|  0%| F|  |TAMS 0x0000000089400000, 0x0000000089400000| Untracked 
| 149|0x0000000089500000, 0x0000000089500000, 0x0000000089600000|  0%| F|  |TAMS 0x0000000089500000, 0x0000000089500000| Untracked 
| 150|0x0000000089600000, 0x0000000089600000, 0x0000000089700000|  0%| F|  |TAMS 0x0000000089600000, 0x0000000089600000| Untracked 
| 151|0x0000000089700000, 0x0000000089700000, 0x0000000089800000|  0%| F|  |TAMS 0x0000000089700000, 0x0000000089700000| Untracked 
| 152|0x0000000089800000, 0x0000000089800000, 0x0000000089900000|  0%| F|  |TAMS 0x0000000089800000, 0x0000000089800000| Untracked 
| 153|0x0000000089900000, 0x0000000089900000, 0x0000000089a00000|  0%| F|  |TAMS 0x0000000089900000, 0x0000000089900000| Untracked 
| 154|0x0000000089a00000, 0x0000000089a00000, 0x0000000089b00000|  0%| F|  |TAMS 0x0000000089a00000, 0x0000000089a00000| Untracked 
| 155|0x0000000089b00000, 0x0000000089b00000, 0x0000000089c00000|  0%| F|  |TAMS 0x0000000089b00000, 0x0000000089b00000| Untracked 
| 156|0x0000000089c00000, 0x0000000089c00000, 0x0000000089d00000|  0%| F|  |TAMS 0x0000000089c00000, 0x0000000089c00000| Untracked 
| 157|0x0000000089d00000, 0x0000000089d00000, 0x0000000089e00000|  0%| F|  |TAMS 0x0000000089d00000, 0x0000000089d00000| Untracked 
| 158|0x0000000089e00000, 0x0000000089e00000, 0x0000000089f00000|  0%| F|  |TAMS 0x0000000089e00000, 0x0000000089e00000| Untracked 
| 159|0x0000000089f00000, 0x0000000089f00000, 0x000000008a000000|  0%| F|  |TAMS 0x0000000089f00000, 0x0000000089f00000| Untracked 
| 160|0x000000008a000000, 0x000000008a000000, 0x000000008a100000|  0%| F|  |TAMS 0x000000008a000000, 0x000000008a000000| Untracked 
| 161|0x000000008a100000, 0x000000008a100000, 0x000000008a200000|  0%| F|  |TAMS 0x000000008a100000, 0x000000008a100000| Untracked 
| 162|0x000000008a200000, 0x000000008a200000, 0x000000008a300000|  0%| F|  |TAMS 0x000000008a200000, 0x000000008a200000| Untracked 
| 163|0x000000008a300000, 0x000000008a300000, 0x000000008a400000|  0%| F|  |TAMS 0x000000008a300000, 0x000000008a300000| Untracked 
| 164|0x000000008a400000, 0x000000008a400000, 0x000000008a500000|  0%| F|  |TAMS 0x000000008a400000, 0x000000008a400000| Untracked 
| 165|0x000000008a500000, 0x000000008a500000, 0x000000008a600000|  0%| F|  |TAMS 0x000000008a500000, 0x000000008a500000| Untracked 
| 166|0x000000008a600000, 0x000000008a600000, 0x000000008a700000|  0%| F|  |TAMS 0x000000008a600000, 0x000000008a600000| Untracked 
| 167|0x000000008a700000, 0x000000008a700000, 0x000000008a800000|  0%| F|  |TAMS 0x000000008a700000, 0x000000008a700000| Untracked 
| 168|0x000000008a800000, 0x000000008a800000, 0x000000008a900000|  0%| F|  |TAMS 0x000000008a800000, 0x000000008a800000| Untracked 
| 169|0x000000008a900000, 0x000000008a900000, 0x000000008aa00000|  0%| F|  |TAMS 0x000000008a900000, 0x000000008a900000| Untracked 
| 170|0x000000008aa00000, 0x000000008aa00000, 0x000000008ab00000|  0%| F|  |TAMS 0x000000008aa00000, 0x000000008aa00000| Untracked 
| 171|0x000000008ab00000, 0x000000008ab00000, 0x000000008ac00000|  0%| F|  |TAMS 0x000000008ab00000, 0x000000008ab00000| Untracked 
| 172|0x000000008ac00000, 0x000000008ac00000, 0x000000008ad00000|  0%| F|  |TAMS 0x000000008ac00000, 0x000000008ac00000| Untracked 
| 173|0x000000008ad00000, 0x000000008ad00000, 0x000000008ae00000|  0%| F|  |TAMS 0x000000008ad00000, 0x000000008ad00000| Untracked 
| 174|0x000000008ae00000, 0x000000008ae00000, 0x000000008af00000|  0%| F|  |TAMS 0x000000008ae00000, 0x000000008ae00000| Untracked 
| 175|0x000000008af00000, 0x000000008af00000, 0x000000008b000000|  0%| F|  |TAMS 0x000000008af00000, 0x000000008af00000| Untracked 
| 176|0x000000008b000000, 0x000000008b000000, 0x000000008b100000|  0%| F|  |TAMS 0x000000008b000000, 0x000000008b000000| Untracked 
| 177|0x000000008b100000, 0x000000008b100000, 0x000000008b200000|  0%| F|  |TAMS 0x000000008b100000, 0x000000008b100000| Untracked 
| 178|0x000000008b200000, 0x000000008b200000, 0x000000008b300000|  0%| F|  |TAMS 0x000000008b200000, 0x000000008b200000| Untracked 
| 179|0x000000008b300000, 0x000000008b300000, 0x000000008b400000|  0%| F|  |TAMS 0x000000008b300000, 0x000000008b300000| Untracked 
| 180|0x000000008b400000, 0x000000008b400000, 0x000000008b500000|  0%| F|  |TAMS 0x000000008b400000, 0x000000008b400000| Untracked 
| 181|0x000000008b500000, 0x000000008b500000, 0x000000008b600000|  0%| F|  |TAMS 0x000000008b500000, 0x000000008b500000| Untracked 
| 182|0x000000008b600000, 0x000000008b65e768, 0x000000008b700000| 36%| E|  |TAMS 0x000000008b600000, 0x000000008b600000| Complete 
| 183|0x000000008b700000, 0x000000008b800000, 0x000000008b800000|100%| E|CS|TAMS 0x000000008b700000, 0x000000008b700000| Complete 
| 184|0x000000008b800000, 0x000000008b900000, 0x000000008b900000|100%| E|CS|TAMS 0x000000008b800000, 0x000000008b800000| Complete 
| 185|0x000000008b900000, 0x000000008ba00000, 0x000000008ba00000|100%| E|CS|TAMS 0x000000008b900000, 0x000000008b900000| Complete 
| 186|0x000000008ba00000, 0x000000008bb00000, 0x000000008bb00000|100%| E|CS|TAMS 0x000000008ba00000, 0x000000008ba00000| Complete 
| 187|0x000000008bb00000, 0x000000008bc00000, 0x000000008bc00000|100%| E|CS|TAMS 0x000000008bb00000, 0x000000008bb00000| Complete 
| 188|0x000000008bc00000, 0x000000008bd00000, 0x000000008bd00000|100%| E|CS|TAMS 0x000000008bc00000, 0x000000008bc00000| Complete 
| 189|0x000000008bd00000, 0x000000008be00000, 0x000000008be00000|100%| E|CS|TAMS 0x000000008bd00000, 0x000000008bd00000| Complete 
| 190|0x000000008be00000, 0x000000008bf00000, 0x000000008bf00000|100%| E|CS|TAMS 0x000000008be00000, 0x000000008be00000| Complete 
| 191|0x000000008bf00000, 0x000000008c000000, 0x000000008c000000|100%| E|CS|TAMS 0x000000008bf00000, 0x000000008bf00000| Complete 

Card table byte_map: [0x0000020ef3770000,0x0000020ef3b70000] _byte_map_base: 0x0000020ef3370000

Marking Bits (Prev, Next): (CMBitMap*) 0x0000020eea64f940, (CMBitMap*) 0x0000020eea64f908
 Prev Bits: [0x0000020ef5f70000, 0x0000020ef7f70000)
 Next Bits: [0x0000020ef3f70000, 0x0000020ef5f70000)

Polling page: 0x0000020ee8f80000

Metaspace:

Usage:
  Non-class:     70.46 MB capacity,    69.27 MB ( 98%) used,  1012.70 KB (  1%) free+waste,   206.63 KB ( <1%) overhead. 
      Class:     10.77 MB capacity,    10.09 MB ( 94%) used,   604.95 KB (  5%) free+waste,    94.69 KB ( <1%) overhead. 
       Both:     81.23 MB capacity,    79.36 MB ( 98%) used,     1.58 MB (  2%) free+waste,   301.31 KB ( <1%) overhead. 

Virtual space:
  Non-class space:       72.00 MB reserved,      70.63 MB ( 98%) committed 
      Class space:        1.00 GB reserved,      10.78 MB (  1%) committed 
             Both:        1.07 GB reserved,      81.41 MB (  7%) committed 

Chunk freelists:
   Non-Class:  47.00 KB
       Class:  9.00 KB
        Both:  56.00 KB

MaxMetaspaceSize: 17179869184.00 GB
CompressedClassSpaceSize: 1.00 GB
Initial GC threshold: 20.80 MB
Current GC threshold: 99.02 MB
CDS: off

CodeHeap 'non-profiled nmethods': size=120064Kb used=4900Kb max_used=4900Kb free=115163Kb
 bounds [0x0000020e87ac0000, 0x0000020e87f90000, 0x0000020e8f000000]
CodeHeap 'profiled nmethods': size=120000Kb used=17303Kb max_used=17303Kb free=102696Kb
 bounds [0x0000020e80590000, 0x0000020e81680000, 0x0000020e87ac0000]
CodeHeap 'non-nmethods': size=5696Kb used=2354Kb max_used=2397Kb free=3341Kb
 bounds [0x0000020e80000000, 0x0000020e80270000, 0x0000020e80590000]
 total_blobs=8878 nmethods=8009 adapters=781
 compilation: enabled
              stopped_count=0, restarted_count=0
 full_count=0

Compilation events (20 events):
Event: 36.743 Thread 0x0000020efaf84000 8094       2       org.gradle.internal.instantiation.generator.DefaultInstantiatorFactory$ClassGeneratorBackedManagedFactory::fromState (30 bytes)
Event: 36.743 Thread 0x0000020efaf84000 nmethod 8094 0x0000020e8166d590 code [0x0000020e8166d760, 0x0000020e8166d968]
Event: 36.743 Thread 0x0000020efaf84000 8095   !   2       org.gradle.internal.instantiation.ManagedTypeFactory::<init> (62 bytes)
Event: 36.745 Thread 0x0000020efaf84000 nmethod 8095 0x0000020e8166db10 code [0x0000020e8166ddc0, 0x0000020e8166e738]
Event: 36.745 Thread 0x0000020efaf84000 8096   !   2       org.gradle.internal.instantiation.ManagedTypeFactory::fromState (61 bytes)
Event: 36.746 Thread 0x0000020efaf84000 nmethod 8096 0x0000020e8166ed90 code [0x0000020e8166f020, 0x0000020e8166f7d8]
Event: 36.746 Thread 0x0000020efaf84000 8097       2       org.gradle.api.internal.provider.DefaultValueSourceProviderFactory::access$400 (6 bytes)
Event: 36.747 Thread 0x0000020efaf84000 nmethod 8097 0x0000020e8166fe90 code [0x0000020e81670080, 0x0000020e81670368]
Event: 36.818 Thread 0x0000020efaf84000 8098   !   2       org.gradle.internal.dispatch.ReflectionDispatch::dispatch (42 bytes)
Event: 36.819 Thread 0x0000020efaf84000 nmethod 8098 0x0000020e81670590 code [0x0000020e816707c0, 0x0000020e81670b78]
Event: 36.914 Thread 0x0000020efaf84000 8099       2       java.util.stream.FindOps::makeRef (14 bytes)
Event: 36.914 Thread 0x0000020efaf84000 nmethod 8099 0x0000020e81671010 code [0x0000020e816711c0, 0x0000020e816712b8]
Event: 36.914 Thread 0x0000020efaf84000 8100       2       java.util.stream.FindOps$FindOp::evaluateSequential (39 bytes)
Event: 36.915 Thread 0x0000020efaf84000 nmethod 8100 0x0000020e81671390 code [0x0000020e81671560, 0x0000020e81671788]
Event: 36.915 Thread 0x0000020efaf84000 8101       2       java.util.stream.FindOps$FindSink$OfRef::<init> (5 bytes)
Event: 36.915 Thread 0x0000020efaf84000 nmethod 8101 0x0000020e81671890 code [0x0000020e81671a40, 0x0000020e81671b38]
Event: 36.915 Thread 0x0000020efaf84000 8102       2       java.util.stream.FindOps$FindSink$OfRef::get (5 bytes)
Event: 36.915 Thread 0x0000020efaf84000 nmethod 8102 0x0000020e81671c10 code [0x0000020e81671de0, 0x0000020e81672068]
Event: 36.915 Thread 0x0000020efaf84000 8103       2       java.util.stream.FindOps$FindSink$OfRef::get (19 bytes)
Event: 36.916 Thread 0x0000020efaf84000 nmethod 8103 0x0000020e81672190 code [0x0000020e81672360, 0x0000020e816725e8]

GC Heap History (20 events):
Event: 10.567 GC heap before
{Heap before GC invocations=6 (full 0):
 garbage-first heap   total 163840K, used 64687K [0x0000000080000000, 0x0000000100000000)
  region size 1024K, 51 young (52224K), 5 survivors (5120K)
 Metaspace       used 25546K, capacity 26081K, committed 26236K, reserved 1073152K
  class space    used 3267K, capacity 3468K, committed 3532K, reserved 1048576K
}
Event: 10.578 GC heap after
{Heap after GC invocations=7 (full 0):
 garbage-first heap   total 163840K, used 19397K [0x0000000080000000, 0x0000000100000000)
  region size 1024K, 3 young (3072K), 3 survivors (3072K)
 Metaspace       used 25546K, capacity 26081K, committed 26236K, reserved 1073152K
  class space    used 3267K, capacity 3468K, committed 3532K, reserved 1048576K
}
Event: 14.214 GC heap before
{Heap before GC invocations=7 (full 0):
 garbage-first heap   total 163840K, used 83909K [0x0000000080000000, 0x0000000100000000)
  region size 1024K, 66 young (67584K), 3 survivors (3072K)
 Metaspace       used 35096K, capacity 35866K, committed 35964K, reserved 1081344K
  class space    used 4487K, capacity 4799K, committed 4812K, reserved 1048576K
}
Event: 14.228 GC heap after
{Heap after GC invocations=8 (full 0):
 garbage-first heap   total 163840K, used 23143K [0x0000000080000000, 0x0000000100000000)
  region size 1024K, 7 young (7168K), 7 survivors (7168K)
 Metaspace       used 35096K, capacity 35866K, committed 35964K, reserved 1081344K
  class space    used 4487K, capacity 4799K, committed 4812K, reserved 1048576K
}
Event: 14.256 GC heap before
{Heap before GC invocations=8 (full 0):
 garbage-first heap   total 163840K, used 23143K [0x0000000080000000, 0x0000000100000000)
  region size 1024K, 8 young (8192K), 7 survivors (7168K)
 Metaspace       used 35200K, capacity 35962K, committed 36048K, reserved 1081344K
  class space    used 4500K, capacity 4831K, committed 4896K, reserved 1048576K
}
Event: 14.273 GC heap after
{Heap after GC invocations=9 (full 0):
 garbage-first heap   total 163840K, used 23268K [0x0000000080000000, 0x0000000100000000)
  region size 1024K, 4 young (4096K), 4 survivors (4096K)
 Metaspace       used 35200K, capacity 35962K, committed 36048K, reserved 1081344K
  class space    used 4500K, capacity 4831K, committed 4896K, reserved 1048576K
}
Event: 16.937 GC heap before
{Heap before GC invocations=10 (full 0):
 garbage-first heap   total 163840K, used 96996K [0x0000000080000000, 0x0000000100000000)
  region size 1024K, 74 young (75776K), 4 survivors (4096K)
 Metaspace       used 40237K, capacity 41230K, committed 41552K, reserved 1085440K
  class space    used 5057K, capacity 5410K, committed 5536K, reserved 1048576K
}
Event: 16.962 GC heap after
{Heap after GC invocations=11 (full 0):
 garbage-first heap   total 163840K, used 28859K [0x0000000080000000, 0x0000000100000000)
  region size 1024K, 10 young (10240K), 10 survivors (10240K)
 Metaspace       used 40237K, capacity 41230K, committed 41552K, reserved 1085440K
  class space    used 5057K, capacity 5410K, committed 5536K, reserved 1048576K
}
Event: 19.277 GC heap before
{Heap before GC invocations=11 (full 0):
 garbage-first heap   total 163840K, used 104635K [0x0000000080000000, 0x0000000100000000)
  region size 1024K, 83 young (84992K), 10 survivors (10240K)
 Metaspace       used 46812K, capacity 48012K, committed 48336K, reserved 1091584K
  class space    used 5920K, capacity 6342K, committed 6432K, reserved 1048576K
}
Event: 19.306 GC heap after
{Heap after GC invocations=12 (full 0):
 garbage-first heap   total 163840K, used 30976K [0x0000000080000000, 0x0000000100000000)
  region size 1024K, 8 young (8192K), 8 survivors (8192K)
 Metaspace       used 46812K, capacity 48012K, committed 48336K, reserved 1091584K
  class space    used 5920K, capacity 6342K, committed 6432K, reserved 1048576K
}
Event: 23.044 GC heap before
{Heap before GC invocations=12 (full 0):
 garbage-first heap   total 163840K, used 123136K [0x0000000080000000, 0x0000000100000000)
  region size 1024K, 93 young (95232K), 8 survivors (8192K)
 Metaspace       used 53549K, capacity 54924K, committed 55120K, reserved 1097728K
  class space    used 6717K, capacity 7217K, committed 7328K, reserved 1048576K
}
Event: 23.076 GC heap after
{Heap after GC invocations=13 (full 0):
 garbage-first heap   total 163840K, used 45474K [0x0000000080000000, 0x0000000100000000)
  region size 1024K, 12 young (12288K), 12 survivors (12288K)
 Metaspace       used 53549K, capacity 54924K, committed 55120K, reserved 1097728K
  class space    used 6717K, capacity 7217K, committed 7328K, reserved 1048576K
}
Event: 24.595 GC heap before
{Heap before GC invocations=13 (full 0):
 garbage-first heap   total 163840K, used 80290K [0x0000000080000000, 0x0000000100000000)
  region size 1024K, 47 young (48128K), 12 survivors (12288K)
 Metaspace       used 58854K, capacity 60276K, committed 60496K, reserved 1101824K
  class space    used 7309K, capacity 7823K, committed 7840K, reserved 1048576K
}
Event: 24.628 GC heap after
{Heap after GC invocations=14 (full 0):
 garbage-first heap   total 163840K, used 47017K [0x0000000080000000, 0x0000000100000000)
  region size 1024K, 2 young (2048K), 2 survivors (2048K)
 Metaspace       used 58854K, capacity 60276K, committed 60496K, reserved 1101824K
  class space    used 7309K, capacity 7823K, committed 7840K, reserved 1048576K
}
Event: 28.098 GC heap before
{Heap before GC invocations=15 (full 0):
 garbage-first heap   total 163840K, used 115625K [0x0000000080000000, 0x0000000100000000)
  region size 1024K, 69 young (70656K), 2 survivors (2048K)
 Metaspace       used 65698K, capacity 67253K, committed 67496K, reserved 1107968K
  class space    used 8182K, capacity 8729K, committed 8736K, reserved 1048576K
}
Event: 28.116 GC heap after
{Heap after GC invocations=16 (full 0):
 garbage-first heap   total 196608K, used 52224K [0x0000000080000000, 0x0000000100000000)
  region size 1024K, 7 young (7168K), 7 survivors (7168K)
 Metaspace       used 65698K, capacity 67253K, committed 67496K, reserved 1107968K
  class space    used 8182K, capacity 8729K, committed 8736K, reserved 1048576K
}
Event: 32.051 GC heap before
{Heap before GC invocations=16 (full 0):
 garbage-first heap   total 196608K, used 134144K [0x0000000080000000, 0x0000000100000000)
  region size 1024K, 87 young (89088K), 7 survivors (7168K)
 Metaspace       used 71931K, capacity 73585K, committed 73640K, reserved 1114112K
  class space    used 9149K, capacity 9744K, committed 9760K, reserved 1048576K
}
Event: 32.082 GC heap after
{Heap after GC invocations=17 (full 0):
 garbage-first heap   total 196608K, used 58085K [0x0000000080000000, 0x0000000100000000)
  region size 1024K, 6 young (6144K), 6 survivors (6144K)
 Metaspace       used 71931K, capacity 73585K, committed 73640K, reserved 1114112K
  class space    used 9149K, capacity 9744K, committed 9760K, reserved 1048576K
}
Event: 36.377 GC heap before
{Heap before GC invocations=17 (full 0):
 garbage-first heap   total 196608K, used 140005K [0x0000000080000000, 0x0000000100000000)
  region size 1024K, 86 young (88064K), 6 survivors (6144K)
 Metaspace       used 79891K, capacity 81835K, committed 82088K, reserved 1120256K
  class space    used 10208K, capacity 10927K, committed 11040K, reserved 1048576K
}
Event: 36.403 GC heap after
{Heap after GC invocations=18 (full 0):
 garbage-first heap   total 196608K, used 64512K [0x0000000080000000, 0x0000000100000000)
  region size 1024K, 11 young (11264K), 11 survivors (11264K)
 Metaspace       used 79891K, capacity 81835K, committed 82088K, reserved 1120256K
  class space    used 10208K, capacity 10927K, committed 11040K, reserved 1048576K
}

Deoptimization events (20 events):
Event: 36.041 Thread 0x0000020efca58800 DEOPT PACKING pc=0x0000020e87d5499c sp=0x0000001e32dfb790
Event: 36.041 Thread 0x0000020efca58800 DEOPT UNPACKING pc=0x0000020e8004a1af sp=0x0000001e32dfb728 mode 2
Event: 36.115 Thread 0x0000020efca58800 DEOPT PACKING pc=0x0000020e81489eb8 sp=0x0000001e32df8120
Event: 36.115 Thread 0x0000020efca58800 DEOPT UNPACKING pc=0x0000020e8004a95e sp=0x0000001e32df7628 mode 0
Event: 36.914 Thread 0x0000020e957bb800 Uncommon trap: trap_request=0xffffffc6 fr.pc=0x0000020e87c20898 relative=0x0000000000000498
Event: 36.914 Thread 0x0000020e957bb800 Uncommon trap: reason=bimorphic_or_optimized_type_check action=maybe_recompile pc=0x0000020e87c20898 method=java.util.Spliterators$IteratorSpliterator.tryAdvance(Ljava/util/function/Consumer;)Z @ 50 c2
Event: 36.914 Thread 0x0000020e957bb800 DEOPT PACKING pc=0x0000020e87c20898 sp=0x0000001e371fe0d0
Event: 36.914 Thread 0x0000020e957bb800 DEOPT UNPACKING pc=0x0000020e8004a1af sp=0x0000001e371fe070 mode 2
Event: 36.914 Thread 0x0000020e957bb800 Uncommon trap: trap_request=0xffffffc6 fr.pc=0x0000020e87c20898 relative=0x0000000000000498
Event: 36.914 Thread 0x0000020e957bb800 Uncommon trap: reason=bimorphic_or_optimized_type_check action=maybe_recompile pc=0x0000020e87c20898 method=java.util.Spliterators$IteratorSpliterator.tryAdvance(Ljava/util/function/Consumer;)Z @ 50 c2
Event: 36.914 Thread 0x0000020e957bb800 DEOPT PACKING pc=0x0000020e87c20898 sp=0x0000001e371fe0d0
Event: 36.914 Thread 0x0000020e957bb800 DEOPT UNPACKING pc=0x0000020e8004a1af sp=0x0000001e371fe070 mode 2
Event: 36.914 Thread 0x0000020e957bb800 Uncommon trap: trap_request=0xffffffc6 fr.pc=0x0000020e87c20898 relative=0x0000000000000498
Event: 36.915 Thread 0x0000020e957bb800 Uncommon trap: reason=bimorphic_or_optimized_type_check action=maybe_recompile pc=0x0000020e87c20898 method=java.util.Spliterators$IteratorSpliterator.tryAdvance(Ljava/util/function/Consumer;)Z @ 50 c2
Event: 36.915 Thread 0x0000020e957bb800 DEOPT PACKING pc=0x0000020e87c20898 sp=0x0000001e371fe0d0
Event: 36.915 Thread 0x0000020e957bb800 DEOPT UNPACKING pc=0x0000020e8004a1af sp=0x0000001e371fe070 mode 2
Event: 36.915 Thread 0x0000020e957bb800 Uncommon trap: trap_request=0xffffffc6 fr.pc=0x0000020e87c20898 relative=0x0000000000000498
Event: 36.915 Thread 0x0000020e957bb800 Uncommon trap: reason=bimorphic_or_optimized_type_check action=maybe_recompile pc=0x0000020e87c20898 method=java.util.Spliterators$IteratorSpliterator.tryAdvance(Ljava/util/function/Consumer;)Z @ 50 c2
Event: 36.915 Thread 0x0000020e957bb800 DEOPT PACKING pc=0x0000020e87c20898 sp=0x0000001e371fe0d0
Event: 36.915 Thread 0x0000020e957bb800 DEOPT UNPACKING pc=0x0000020e8004a1af sp=0x0000001e371fe070 mode 2

Classes redefined (0 events):
No events

Internal exceptions (20 events):
Event: 31.691 Thread 0x0000020efca58800 Exception <a 'java/lang/ClassNotFoundException'{0x00000000876da348}: com/android/build/gradle/internal/api/ApkVariantOutputImplCustomizer> (0x00000000876da348) thrown at [./src/hotspot/share/classfile/systemDictionary.cpp, line 230]
Event: 31.693 Thread 0x0000020efca58800 Exception <a 'java/lang/ClassNotFoundException'{0x0000000087504508}: com/android/build/gradle/internal/api/ApkVariantOutputImpl_DecoratedCustomizer> (0x0000000087504508) thrown at [./src/hotspot/share/classfile/systemDictionary.cpp, line 230]
Event: 31.726 Thread 0x0000020efca58800 Exception <a 'java/lang/NoClassDefFoundError'{0x0000000087471be0}: org/jetbrains/kotlin/gradle/plugin/KotlinBasePluginWrapper> (0x0000000087471be0) thrown at [./src/hotspot/share/classfile/systemDictionary.cpp, line 219]
Event: 32.867 Thread 0x0000020efca58800 Implicit null exception at 0x0000020e87efa371 to 0x0000020e87efc3f0
Event: 32.971 Thread 0x0000020efca58800 Exception <a 'java/lang/NoSuchMethodError'{0x000000008aabafc0}: 'java.lang.Object java.lang.invoke.Invokers$Holder.linkToTargetMethod(java.lang.Object, int, java.lang.Object)'> (0x000000008aabafc0) thrown at [./src/hotspot/share/interpreter/linkResolver.cpp, line 773]
Event: 33.536 Thread 0x0000020efca58800 Exception <a 'sun/nio/fs/WindowsException'{0x000000008a090900}> (0x000000008a090900) thrown at [./src/hotspot/share/prims/jni.cpp, line 616]
Event: 33.537 Thread 0x0000020efca58800 Exception <a 'sun/nio/fs/WindowsException'{0x000000008a090e10}> (0x000000008a090e10) thrown at [./src/hotspot/share/prims/jni.cpp, line 616]
Event: 34.108 Thread 0x0000020efca58800 Exception <a 'java/lang/NullPointerException'{0x0000000089642820}> (0x0000000089642820) thrown at [./src/hotspot/share/interpreter/linkResolver.cpp, line 1440]
Event: 34.496 Thread 0x0000020efca58800 Implicit null exception at 0x0000020e87e29847 to 0x0000020e87e2b73c
Event: 34.966 Thread 0x0000020efca58800 Exception <a 'java/lang/NoSuchMethodError'{0x0000000088653248}: 'int java.lang.invoke.DirectMethodHandle$Holder.invokeStatic(java.lang.Object, java.lang.Object, int, java.lang.Object)'> (0x0000000088653248) thrown at [./src/hotspot/share/interpreter/linkResolver.cpp, line 773]
Event: 35.285 Thread 0x0000020efca58800 Exception <a 'sun/nio/fs/WindowsException'{0x00000000885889b8}> (0x00000000885889b8) thrown at [./src/hotspot/share/prims/jni.cpp, line 616]
Event: 35.285 Thread 0x0000020efca58800 Exception <a 'sun/nio/fs/WindowsException'{0x0000000088589d48}> (0x0000000088589d48) thrown at [./src/hotspot/share/prims/jni.cpp, line 616]
Event: 35.286 Thread 0x0000020efca58800 Exception <a 'sun/nio/fs/WindowsException'{0x000000008858b110}> (0x000000008858b110) thrown at [./src/hotspot/share/prims/jni.cpp, line 616]
Event: 35.286 Thread 0x0000020efca58800 Exception <a 'sun/nio/fs/WindowsException'{0x000000008858c4d8}> (0x000000008858c4d8) thrown at [./src/hotspot/share/prims/jni.cpp, line 616]
Event: 35.692 Thread 0x0000020efca58800 Exception <a 'java/lang/NoSuchMethodError'{0x0000000087ecab60}: 'java.lang.Object java.lang.invoke.Invokers$Holder.linkToTargetMethod(java.lang.Object, int, int, java.lang.Object)'> (0x0000000087ecab60) thrown at [./src/hotspot/share/interpreter/linkResolver.cpp, line 773]
Event: 36.081 Thread 0x0000020efca58800 Exception <a 'java/lang/NoSuchMethodError'{0x0000000087680fd0}: 'java.lang.Object java.lang.invoke.Invokers$Holder.linkToTargetMethod(java.lang.Object, java.lang.Object, java.lang.Object, int, java.lang.Object, java.lang.Object)'> (0x0000000087680fd0) thrown at [./src/hotspot/share/interpreter/linkResolver.cpp, line 773]
Event: 36.549 Thread 0x0000020efca58800 Exception <a 'java/lang/NoSuchMethodError'{0x000000008bc0a1d8}: <clinit>> (0x000000008bc0a1d8) thrown at [./src/hotspot/share/prims/jni.cpp, line 1366]
Event: 36.577 Thread 0x0000020efca58800 Exception <a 'java/lang/NoSuchMethodError'{0x000000008bc51eb8}: <clinit>> (0x000000008bc51eb8) thrown at [./src/hotspot/share/prims/jni.cpp, line 1366]
Event: 36.594 Thread 0x0000020efca58800 Exception <a 'java/lang/NoSuchMethodError'{0x000000008bc82980}: 'void java.lang.invoke.DirectMethodHandle$Holder.invokeSpecial(java.lang.Object, java.lang.Object, java.lang.Object, int)'> (0x000000008bc82980) thrown at [./src/hotspot/share/interpreter/linkResolver.cpp, line 773]
Event: 36.789 Thread 0x0000020efca58800 Exception <a 'sun/nio/fs/WindowsException'{0x000000008ba9ccf8}> (0x000000008ba9ccf8) thrown at [./src/hotspot/share/prims/jni.cpp, line 616]

Events (20 events):
Event: 36.933 loading class org/gradle/internal/file/ReservedFileSystemLocationRegistry done
Event: 36.934 loading class org/gradle/api/execution/TaskActionListener
Event: 36.934 loading class org/gradle/api/execution/TaskActionListener done
Event: 36.935 loading class org/gradle/execution/plan/ExecutionNodeAccessHierarchies$InputNodeAccessHierarchy
Event: 36.935 loading class org/gradle/execution/plan/ExecutionNodeAccessHierarchies$InputNodeAccessHierarchy done
Event: 36.936 loading class org/gradle/api/internal/tasks/execution/DefaultTaskExecutionContext
Event: 36.936 loading class org/gradle/api/internal/tasks/execution/DefaultTaskExecutionContext done
Event: 36.938 loading class org/gradle/internal/reflect/validation/TypeValidationContext
Event: 36.938 loading class org/gradle/internal/reflect/validation/TypeValidationContext done
Event: 36.938 loading class org/gradle/execution/plan/LocalTaskNode
Event: 36.938 loading class org/gradle/execution/plan/LocalTaskNode done
Event: 36.938 loading class org/gradle/execution/plan/LocalTaskNodeExecutor
Event: 36.938 loading class org/gradle/execution/plan/LocalTaskNodeExecutor done
Event: 36.938 loading class org/gradle/api/internal/tasks/TaskExecutionContext$ValidationAction
Event: 36.938 loading class org/gradle/api/internal/tasks/TaskExecutionContext$ValidationAction done
Event: 36.941 Thread 0x0000020e957b9000 Thread added: 0x0000020e957b9000
Event: 36.941 Executing VM operation: RevokeBias
Event: 36.945 Executing VM operation: RevokeBias done
Event: 36.946 Executing VM operation: RevokeBias
Event: 36.946 Executing VM operation: RevokeBias done


Dynamic libraries:
0x00007ff79a430000 - 0x00007ff79a43d000 	C:\Users\muham\.jdks\temurin-11.0.14.1\bin\java.exe
0x00007ffba8430000 - 0x00007ffba8625000 	C:\WINDOWS\SYSTEM32\ntdll.dll
0x00007ffba8330000 - 0x00007ffba83ee000 	C:\WINDOWS\System32\KERNEL32.DLL
0x00007ffba5e00000 - 0x00007ffba60c8000 	C:\WINDOWS\System32\KERNELBASE.dll
0x00007ffba6380000 - 0x00007ffba6480000 	C:\WINDOWS\System32\ucrtbase.dll
0x00007ffb968c0000 - 0x00007ffb968d5000 	C:\Users\muham\.jdks\temurin-11.0.14.1\bin\VCRUNTIME140.dll
0x00007ffb94b10000 - 0x00007ffb94b27000 	C:\Users\muham\.jdks\temurin-11.0.14.1\bin\jli.dll
0x00007ffba6c20000 - 0x00007ffba6dc0000 	C:\WINDOWS\System32\USER32.dll
0x00007ffb94870000 - 0x00007ffb94b0a000 	C:\WINDOWS\WinSxS\amd64_microsoft.windows.common-controls_6595b64144ccf1df_6.0.19041.1110_none_60b5254171f9507e\COMCTL32.dll
0x00007ffba6120000 - 0x00007ffba6142000 	C:\WINDOWS\System32\win32u.dll
0x00007ffba7ac0000 - 0x00007ffba7aeb000 	C:\WINDOWS\System32\GDI32.dll
0x00007ffba7a20000 - 0x00007ffba7abe000 	C:\WINDOWS\System32\msvcrt.dll
0x00007ffba5bb0000 - 0x00007ffba5cbd000 	C:\WINDOWS\System32\gdi32full.dll
0x00007ffba6150000 - 0x00007ffba61ed000 	C:\WINDOWS\System32\msvcp_win.dll
0x00007ffba7c30000 - 0x00007ffba7c60000 	C:\WINDOWS\System32\IMM32.DLL
0x00007ffb65200000 - 0x00007ffb6529b000 	C:\Users\muham\.jdks\temurin-11.0.14.1\bin\msvcp140.dll
0x00007ffb60e60000 - 0x00007ffb619e1000 	C:\Users\muham\.jdks\temurin-11.0.14.1\bin\server\jvm.dll
0x00007ffba6530000 - 0x00007ffba65de000 	C:\WINDOWS\System32\ADVAPI32.dll
0x00007ffba6b20000 - 0x00007ffba6bbc000 	C:\WINDOWS\System32\sechost.dll
0x00007ffba71a0000 - 0x00007ffba72c5000 	C:\WINDOWS\System32\RPCRT4.dll
0x00007ffba7af0000 - 0x00007ffba7af8000 	C:\WINDOWS\System32\PSAPI.DLL
0x00007ffba3b00000 - 0x00007ffba3b09000 	C:\WINDOWS\SYSTEM32\WSOCK32.dll
0x00007ffb98ba0000 - 0x00007ffb98bc7000 	C:\WINDOWS\SYSTEM32\WINMM.dll
0x00007ffba70c0000 - 0x00007ffba712b000 	C:\WINDOWS\System32\WS2_32.dll
0x00007ffb9d620000 - 0x00007ffb9d62a000 	C:\WINDOWS\SYSTEM32\VERSION.dll
0x00007ffba3c10000 - 0x00007ffba3c22000 	C:\WINDOWS\SYSTEM32\kernel.appcore.dll
0x00007ffb984f0000 - 0x00007ffb98500000 	C:\Users\muham\.jdks\temurin-11.0.14.1\bin\verify.dll
0x00007ffba38f0000 - 0x00007ffba3ad4000 	C:\WINDOWS\SYSTEM32\DBGHELP.DLL
0x00007ffb88110000 - 0x00007ffb8813c000 	C:\WINDOWS\SYSTEM32\dbgcore.DLL
0x00007ffba5d70000 - 0x00007ffba5df2000 	C:\WINDOWS\System32\bcryptPrimitives.dll
0x00007ffb7a850000 - 0x00007ffb7a878000 	C:\Users\muham\.jdks\temurin-11.0.14.1\bin\java.dll
0x00007ffb98390000 - 0x00007ffb9839a000 	C:\Users\muham\.jdks\temurin-11.0.14.1\bin\jimage.dll
0x00007ffb80430000 - 0x00007ffb80448000 	C:\Users\muham\.jdks\temurin-11.0.14.1\bin\zip.dll
0x00007ffba72d0000 - 0x00007ffba7a14000 	C:\WINDOWS\System32\SHELL32.dll
0x00007ffba3c30000 - 0x00007ffba43c4000 	C:\WINDOWS\SYSTEM32\windows.storage.dll
0x00007ffba6740000 - 0x00007ffba6a95000 	C:\WINDOWS\System32\combase.dll
0x00007ffba5590000 - 0x00007ffba55be000 	C:\WINDOWS\SYSTEM32\Wldp.dll
0x00007ffba6480000 - 0x00007ffba652d000 	C:\WINDOWS\System32\SHCORE.dll
0x00007ffba80e0000 - 0x00007ffba8135000 	C:\WINDOWS\System32\shlwapi.dll
0x00007ffba5a80000 - 0x00007ffba5a9f000 	C:\WINDOWS\SYSTEM32\profapi.dll
0x00007ffb7c150000 - 0x00007ffb7c169000 	C:\Users\muham\.jdks\temurin-11.0.14.1\bin\net.dll
0x00007ffb981c0000 - 0x00007ffb982cc000 	C:\WINDOWS\SYSTEM32\WINHTTP.dll
0x00007ffba52f0000 - 0x00007ffba535a000 	C:\WINDOWS\system32\mswsock.dll
0x00007ffb799a0000 - 0x00007ffb799b3000 	C:\Users\muham\.jdks\temurin-11.0.14.1\bin\nio.dll
0x00007ffb799c0000 - 0x00007ffb799e7000 	C:\Users\muham\.gradle\native\e1d6ef7f7dcc3fd88c89a11ec53ec762bb8ba0a96d01ffa2cd45eb1d1d8dd5c5\windows-amd64\native-platform.dll
0x00007ffb60d10000 - 0x00007ffb60e54000 	C:\Users\muham\.gradle\native\5664cfc778a61ccfe75a443a1ab52a65af34e5dc3c78e0209fed803814484fcb\windows-amd64\native-platform-file-events.dll
0x00007ffb97340000 - 0x00007ffb97349000 	C:\Users\muham\.jdks\temurin-11.0.14.1\bin\management.dll
0x00007ffb972a0000 - 0x00007ffb972ab000 	C:\Users\muham\.jdks\temurin-11.0.14.1\bin\management_ext.dll
0x00007ffba54e0000 - 0x00007ffba54f8000 	C:\WINDOWS\SYSTEM32\CRYPTSP.dll
0x00007ffba4c00000 - 0x00007ffba4c34000 	C:\WINDOWS\system32\rsaenh.dll
0x00007ffba6350000 - 0x00007ffba6377000 	C:\WINDOWS\System32\bcrypt.dll
0x00007ffba5a00000 - 0x00007ffba5a2e000 	C:\WINDOWS\SYSTEM32\USERENV.dll
0x00007ffba5500000 - 0x00007ffba550c000 	C:\WINDOWS\SYSTEM32\CRYPTBASE.dll
0x00007ffba4f90000 - 0x00007ffba4fcb000 	C:\WINDOWS\SYSTEM32\IPHLPAPI.DLL
0x00007ffba7190000 - 0x00007ffba7198000 	C:\WINDOWS\System32\NSI.dll
0x00007ffb9a910000 - 0x00007ffb9a927000 	C:\WINDOWS\SYSTEM32\dhcpcsvc6.DLL
0x00007ffb9aa20000 - 0x00007ffb9aa3d000 	C:\WINDOWS\SYSTEM32\dhcpcsvc.DLL
0x00007ffba4fe0000 - 0x00007ffba50ab000 	C:\WINDOWS\SYSTEM32\DNSAPI.dll

dbghelp: loaded successfully - version: 4.0.5 - missing functions: none
symbol engine: initialized successfully - sym options: 0x614 - pdb path: .;C:\Users\muham\.jdks\temurin-11.0.14.1\bin;C:\WINDOWS\SYSTEM32;C:\WINDOWS\WinSxS\amd64_microsoft.windows.common-controls_6595b64144ccf1df_6.0.19041.1110_none_60b5254171f9507e;C:\Users\muham\.jdks\temurin-11.0.14.1\bin\server;C:\Users\muham\.gradle\native\e1d6ef7f7dcc3fd88c89a11ec53ec762bb8ba0a96d01ffa2cd45eb1d1d8dd5c5\windows-amd64;C:\Users\muham\.gradle\native\5664cfc778a61ccfe75a443a1ab52a65af34e5dc3c78e0209fed803814484fcb\windows-amd64

VM Arguments:
jvm_args: --add-opens=java.base/java.util=ALL-UNNAMED --add-opens=java.base/java.lang=ALL-UNNAMED --add-opens=java.base/java.lang.invoke=ALL-UNNAMED --add-opens=java.base/java.util=ALL-UNNAMED --add-opens=java.prefs/java.util.prefs=ALL-UNNAMED --add-opens=java.prefs/java.util.prefs=ALL-UNNAMED --add-opens=java.base/java.nio.charset=ALL-UNNAMED --add-opens=java.base/java.net=ALL-UNNAMED --add-opens=java.base/java.util.concurrent.atomic=ALL-UNNAMED -Xmx2048m -Dfile.encoding=UTF-8 -Duser.country=ID -Duser.language=en -Duser.variant 
java_command: org.gradle.launcher.daemon.bootstrap.GradleDaemon 7.2
java_class_path (initial): C:\Users\muham\.gradle\wrapper\dists\gradle-7.2-bin\2dnblmf4td7x66yl1d74lt32g\gradle-7.2\lib\gradle-launcher-7.2.jar
Launcher Type: SUN_STANDARD

[Global flags]
     intx CICompilerCount                          = 3                                         {product} {ergonomic}
     uint ConcGCThreads                            = 1                                         {product} {ergonomic}
     uint G1ConcRefinementThreads                  = 4                                         {product} {ergonomic}
   size_t G1HeapRegionSize                         = 1048576                                   {product} {ergonomic}
    uintx GCDrainStackTargetSize                   = 64                                        {product} {ergonomic}
   size_t InitialHeapSize                          = 167772160                                 {product} {ergonomic}
   size_t MarkStackSize                            = 4194304                                   {product} {ergonomic}
   size_t MaxHeapSize                              = 2147483648                                {product} {command line}
   size_t MaxNewSize                               = 1287651328                                {product} {ergonomic}
   size_t MinHeapDeltaBytes                        = 1048576                                   {product} {ergonomic}
    uintx NonNMethodCodeHeapSize                   = 5830732                                {pd product} {ergonomic}
    uintx NonProfiledCodeHeapSize                  = 122913754                              {pd product} {ergonomic}
    uintx ProfiledCodeHeapSize                     = 122913754                              {pd product} {ergonomic}
    uintx ReservedCodeCacheSize                    = 251658240                              {pd product} {ergonomic}
     bool SegmentedCodeCache                       = true                                      {product} {ergonomic}
     bool UseCompressedClassPointers               = true                                 {lp64_product} {ergonomic}
     bool UseCompressedOops                        = true                                 {lp64_product} {ergonomic}
     bool UseG1GC                                  = true                                      {product} {ergonomic}
     bool UseLargePagesIndividualAllocation        = false                                  {pd product} {ergonomic}

Logging:
Log output configuration:
 #0: stdout all=warning uptime,level,tags
 #1: stderr all=off uptime,level,tags

Environment Variables:
JAVA_HOME=C:\Program Files\Java\jdk1.8.0_111
PATH=C:\ProgramData\Oracle\Java\javapath;C:\Windows\system32;C:\Windows;C:\Windows\System32\Wbem;C:\Windows\System32\WindowsPowerShell\v1.0\;C:\Windows\System32\OpenSSH\;C:\Program Files (x86)\NVIDIA Corporation\PhysX\Common;C:\Program Files\NVIDIA Corporation\NVIDIA NvDLISR;C:\Program Files\Java\jdk1.8.0_111;C:\Program Files\Java\jdk1.8.0_111\bin;C:\WINDOWS\system32;C:\WINDOWS;C:\WINDOWS\System32\Wbem;C:\WINDOWS\System32\WindowsPowerShell\v1.0\;C:\WINDOWS\System32\OpenSSH\;C:\Program Files\nodejs\;C:\xampp\php\;C:\Program Files\Git\cmd;C:\Users\muham\AppData\Local\Microsoft\WindowsApps;C:\Users\muham\AppData\Local\Programs\Microsoft VS Code\bin;flutter\bin;C:\Users\muham\AppData\Roaming\npm;
USERNAME=muham
OS=Windows_NT
PROCESSOR_IDENTIFIER=Intel64 Family 6 Model 61 Stepping 4, GenuineIntel



---------------  S Y S T E M  ---------------

OS: Windows 10 , 64 bit Build 19041 (10.0.19041.1503)
OS uptime: 2 days 23:30 hours

CPU:total 4 (initial active 4) (2 cores per cpu, 2 threads per core) family 6 model 61 stepping 4 microcode 0x2d, cmov, cx8, fxsr, mmx, sse, sse2, sse3, ssse3, sse4.1, sse4.2, popcnt, avx, avx2, aes, clmul, erms, 3dnowpref, lzcnt, ht, tsc, tscinvbit, bmi1, bmi2, adx, fma

Memory: 4k page, system-wide physical 10139M (3155M free)
TotalPageFile size 11163M (AvailPageFile size 5M)
current process WorkingSet (physical memory assigned to process): 431M, peak: 434M
current process commit charge ("private bytes"): 476M, peak: 479M

vm_info: OpenJDK 64-Bit Server VM (11.0.14.1+1) for windows-amd64 JRE (11.0.14.1+1), built on Feb  9 2022 01:48:27 by "" with unknown MS VC++:1916

END.
